   System Information:
   ----------------------------------------------------
     Number of correlated electrons = 14
     Number of correlated orbitals = 58
     Number of frozen orbitals = 2
     Number of alpha occupied orbitals = 7
     Number of alpha unoccupied orbitals = 51
     Number of beta occupied orbitals = 7
     Number of beta unoccupied orbitals = 51
     Charge = 0
     Point group = D2H
     Symmetry of reference = AG
     Spin multiplicity of reference = 1

      MO #        Energy (a.u.)      Symmetry    Occupation
-----------------------------------------------------------
         1           -26.448889            AG           2.0
         2           -26.448889           B1U           2.0
         3            -1.607399            AG           2.0
         4            -1.599199           B1U           2.0
         5            -0.741100           B2U           2.0
         6            -0.741100           B3U           2.0
         7            -0.737400           B3G           2.0
         8            -0.737400           B2G           2.0
         9            -0.492100            AG           2.0
        10            -0.259900           B1U           0.0
        11             0.802400            AG           0.0
        12             0.862700           B2U           0.0
        13             0.862700           B3U           0.0
        14             0.927800           B3G           0.0
        15             0.927800           B2G           0.0
        16             1.009200           B1U           0.0
        17             1.111700            AG           0.0
        18             1.281299           B1U           0.0
        19             2.186299            AG           0.0
        20             2.192999           B2U           0.0
        21             2.192999           B3U           0.0
        22             2.197899           B3G           0.0
        23             2.197899           B2G           0.0
        24             2.208799            AG           0.0
        25             2.208799           B1G           0.0
        26             2.208899           B1U           0.0
        27             2.208899            AU           0.0
        28             2.211699           B1U           0.0
        29             4.913998            AG           0.0
        30             4.949598           B2U           0.0
        31             4.949598           B3U           0.0
        32             4.994298           B3G           0.0
        33             4.994298           B2G           0.0
        34             5.094198           B1U           0.0
        35             7.262597            AG           0.0
        36             7.263797           B1U           0.0
        37             7.269997           B3U           0.0
        38             7.269997           B2U           0.0
        39             7.270297           B2G           0.0
        40             7.270297           B3G           0.0
        41             7.292497            AG           0.0
        42             7.292497           B1G           0.0
        43             7.292497            AU           0.0
        44             7.292497           B1U           0.0
        45             7.330097           B3U           0.0
        46             7.330097           B2U           0.0
        47             7.330097           B2G           0.0
        48             7.330097           B3G           0.0
        49             8.710096            AG           0.0
        50             8.716996           B1U           0.0
        51             8.721996           B2U           0.0
        52             8.721996           B3U           0.0
        53             8.723196           B2G           0.0
        54             8.723196           B3G           0.0
        55             8.757296            AG           0.0
        56             8.757296           B1G           0.0
        57             8.757296            AU           0.0
        58             8.757296           B1U           0.0
        59             9.381596            AG           0.0
        60             9.613296           B1U           0.0

   Nuclear Repulsion Energy = 15.178999760134326
   Reference Energy = -198.48327031053628

   Using P space file:  /scratch/gururang/test_ccpq_2ba/f2-2Re-pvtz/civecs-10000.dat
   Number of triples in P space =  1550
   Number of aaa =  2
   Number of aab =  773
   Number of abb =  773
   Number of bbb =  2
   --------------------------------------------------
   Calculation type =  CCSDT_P
   Maximum iterations = 500
   Convergence tolerance = 1e-08
   Energy shift = 0.0
   DIIS size =  6
   RHF symmetry = False
   --------------------------------------------------

   CC calculation started at 2022-05-09 08:40:00 

   Energy of initial guess =         0.0000000000

      Iter.     Residuum             δE                ΔE           Wall time
    ----------------------------------------------------------------------------
       0      0.7875480454     -0.6777118606     -0.6777118606     (7.0m 7.0s)
       1      0.2907479314     -0.0477072769     -0.7254191375     (8.0m 1.7s)
       2      0.0786860329     -0.0115088684     -0.7369280059     (8.0m 0.7s)
       3      0.0251825377     -0.0037261273     -0.7406541332    (8.0m 35.2s)
       4      0.0102811651     -0.0020266115     -0.7426807447    (8.0m 54.3s)
       5      0.0035709262     -0.0004136192     -0.7430943639     (9.0m 4.1s)
       6      0.0018630942     -0.0004153053     -0.7435096691    (9.0m 11.5s)
       7      0.0006106833     -0.0000144933     -0.7435241624    (9.0m 19.6s)
       8      0.0004135590     -0.0001001275     -0.7436242900    (9.0m 18.5s)
       9      0.0001662945      0.0000151894     -0.7436091006   (10.0m 38.6s)
      10      0.0000478844     -0.0000270844     -0.7436361850    (10.0m 6.4s)
      11      0.0000151152      0.0000007328     -0.7436354522    (10.0m 3.5s)
      12      0.0000029378      0.0000003485     -0.7436351037   (10.0m 31.6s)
      13      0.0000005554      0.0000000942     -0.7436350095   (10.0m 23.8s)
      14      0.0000001745      0.0000000064     -0.7436350031   (10.0m 14.0s)
      15      0.0000000452     -0.0000000111     -0.7436350143   (10.0m 18.4s)
      16      0.0000000134      0.0000000058     -0.7436350084    (10.0m 8.7s)
      17      0.0000000049     -0.0000000002     -0.7436350086    (8.0m 25.1s)
   CC calculation successfully converged! (168.00m  22.72s)

   CC Calculation Summary
  --------------------------------------------------
   Reference energy                   -198.48327031
   CC correlation energy                -0.74363501
   Total CC energy                    -199.22690532

   CC calculation ended at 2022-05-09 11:29:23

HBar CCSD construction finished in 0.00m 4.91s
   --------------------------------------------------
   Calculation type =  LEFT_CCSD
   Maximum iterations = 500
   Convergence tolerance = 1e-08
   Energy shift = 0.0
   DIIS size =  6
   RHF symmetry = False
   --------------------------------------------------

   CC calculation started at 2022-05-09 11:29:00 

   Energy of initial guess =         0.0000000000

      Iter.     Residuum              ω                δω           Wall time
    ----------------------------------------------------------------------------
       0      1.5504386203      0.0000000000      1.9412486691     (0.0m 1.3s)
       1      0.4993728396      0.0000000000     -1.2326287602     (0.0m 1.5s)
       2      0.1889140784      0.0000000000     -0.4142386602     (0.0m 1.2s)
       3      0.1612233528      0.0000000000     -0.0258200507     (0.0m 1.1s)
       4      0.1069310619      0.0000000000     -0.0817490471     (0.0m 1.1s)
       5      0.0773680561      0.0000000000     -0.0470755590     (0.0m 1.1s)
       6      0.0542867741      0.0000000000     -0.0393781808     (0.0m 1.1s)
       7      0.0010954556      0.0000000000     -0.0982194641     (0.0m 1.1s)
       8      0.0003631595      0.0000000000     -0.0014298985     (0.0m 1.1s)
       9      0.0002405589      0.0000000000     -0.0002394020     (0.0m 1.1s)
      10      0.0002013425      0.0000000000     -0.0000765738     (0.0m 1.1s)
      11      0.0001402516      0.0000000000     -0.0001192615     (0.0m 1.1s)
      12      0.0000434497      0.0000000000     -0.0001889874     (0.0m 1.0s)
      13      0.0000130521      0.0000000000     -0.0000593429     (0.0m 1.1s)
      14      0.0000050139      0.0000000000     -0.0000156924     (0.0m 1.1s)
      15      0.0000024450      0.0000000000     -0.0000050151     (0.0m 1.1s)
      16      0.0000008659      0.0000000000     -0.0000030829     (0.0m 1.0s)
      17      0.0000002272      0.0000000000     -0.0000012468     (0.0m 1.1s)
      18      0.0000001166      0.0000000000     -0.0000002159     (0.0m 1.0s)
      19      0.0000000715      0.0000000000     -0.0000000880     (0.0m 1.1s)
      20      0.0000000464      0.0000000000     -0.0000000490     (0.0m 1.1s)
      21      0.0000000271      0.0000000000     -0.0000000376     (0.0m 1.1s)
      22      0.0000000136      0.0000000000     -0.0000000264     (0.0m 1.0s)
      23      0.0000000057      0.0000000000     -0.0000000155     (0.0m 1.0s)
      24      0.0000000022      0.0000000000     -0.0000000068     (0.0m 1.0s)
   Left CC calculation successfully converged! (0.00m  27.60s)

   Left-CC Calculation Summary
  --------------------------------------------------
   Converged        ω = 0.00000000       LR = 0.00000000

   Left CC calculation ended at 2022-05-09 11:30:09

   CC(P;3) Calculation Summary
   -------------------------------------
   Completed in  (0.00m  16.32s)

   CC(P) = -199.2269053192
   CC(P;3)_A = -199.2370461955     ΔE_A = -0.7537758849     δ_A = -0.0101408763
   CC(P;3)_B = -199.2364271107     ΔE_B = -0.7531568001     δ_B = -0.0095217915
   CC(P;3)_C = -199.2379581857     ΔE_C = -0.7546878751     δ_C = -0.0110528665
   CC(P;3)_D = -199.2377949089     ΔE_D = -0.7545245984     δ_D = -0.0108895897

