   System Information:
   ----------------------------------------------------
     Number of correlated electrons = 14
     Number of correlated orbitals = 58
     Number of frozen orbitals = 2
     Number of alpha occupied orbitals = 7
     Number of alpha unoccupied orbitals = 51
     Number of beta occupied orbitals = 7
     Number of beta unoccupied orbitals = 51
     Charge = 0
     Point group = D2H
     Symmetry of reference = AG
     Spin multiplicity of reference = 1

      MO #        Energy (a.u.)      Symmetry    Occupation
-----------------------------------------------------------
         1           -26.448889            AG           2.0
         2           -26.448889           B1U           2.0
         3            -1.607399            AG           2.0
         4            -1.599199           B1U           2.0
         5            -0.741100           B2U           2.0
         6            -0.741100           B3U           2.0
         7            -0.737400           B3G           2.0
         8            -0.737400           B2G           2.0
         9            -0.492100            AG           2.0
        10            -0.259900           B1U           0.0
        11             0.802400            AG           0.0
        12             0.862700           B2U           0.0
        13             0.862700           B3U           0.0
        14             0.927800           B3G           0.0
        15             0.927800           B2G           0.0
        16             1.009200           B1U           0.0
        17             1.111700            AG           0.0
        18             1.281299           B1U           0.0
        19             2.186299            AG           0.0
        20             2.192999           B2U           0.0
        21             2.192999           B3U           0.0
        22             2.197899           B3G           0.0
        23             2.197899           B2G           0.0
        24             2.208799            AG           0.0
        25             2.208799           B1G           0.0
        26             2.208899           B1U           0.0
        27             2.208899            AU           0.0
        28             2.211699           B1U           0.0
        29             4.913998            AG           0.0
        30             4.949598           B2U           0.0
        31             4.949598           B3U           0.0
        32             4.994298           B3G           0.0
        33             4.994298           B2G           0.0
        34             5.094198           B1U           0.0
        35             7.262597            AG           0.0
        36             7.263797           B1U           0.0
        37             7.269997           B3U           0.0
        38             7.269997           B2U           0.0
        39             7.270297           B2G           0.0
        40             7.270297           B3G           0.0
        41             7.292497            AG           0.0
        42             7.292497           B1G           0.0
        43             7.292497            AU           0.0
        44             7.292497           B1U           0.0
        45             7.330097           B3U           0.0
        46             7.330097           B2U           0.0
        47             7.330097           B2G           0.0
        48             7.330097           B3G           0.0
        49             8.710096            AG           0.0
        50             8.716996           B1U           0.0
        51             8.721996           B2U           0.0
        52             8.721996           B3U           0.0
        53             8.723196           B2G           0.0
        54             8.723196           B3G           0.0
        55             8.757296            AG           0.0
        56             8.757296           B1G           0.0
        57             8.757296            AU           0.0
        58             8.757296           B1U           0.0
        59             9.381596            AG           0.0
        60             9.613296           B1U           0.0

   Nuclear Repulsion Energy = 15.178999760134326
   Reference Energy = -198.48327031053628

   Using P space file:  /scratch/gururang/test_ccpq_2ba/f2-2Re-pvtz/civecs-100000.dat
   Number of triples in P space =  40564
   Number of aaa =  1479
   Number of aab =  18803
   Number of abb =  18803
   Number of bbb =  1479
   --------------------------------------------------
   Calculation type =  CCSDT_P
   Maximum iterations = 500
   Convergence tolerance = 1e-08
   Energy shift = 0.0
   DIIS size =  6
   RHF symmetry = False
   --------------------------------------------------

   CC calculation started at 2022-05-09 14:33:00 

   Energy of initial guess =         0.0000000000

      Iter.     Residuum             δE                ΔE           Wall time
    ----------------------------------------------------------------------------
       0      0.7902516573     -0.6777118606     -0.6777118606     (7.0m 7.3s)
       1      0.2951071893     -0.0543955426     -0.7321074031     (8.0m 0.8s)
       2      0.0837194413     -0.0106300219     -0.7427374250     (8.0m 3.4s)
       3      0.0296311745     -0.0051027941     -0.7478402191    (8.0m 34.9s)
       4      0.0108688407     -0.0017175063     -0.7495577254    (8.0m 53.9s)
       5      0.0046818145     -0.0008357037     -0.7503934291     (9.0m 3.9s)
       6      0.0018643159     -0.0002831527     -0.7506765818    (9.0m 14.9s)
       7      0.0008633452     -0.0001489057     -0.7508254875    (9.0m 15.2s)
       8      0.0003709022     -0.0000462028     -0.7508716902     (9.0m 4.8s)
       9      0.0002016583     -0.0000289932     -0.7509006835   (10.0m 29.1s)
      10      0.0000508659     -0.0000164066     -0.7509170901    (9.0m 52.6s)
      11      0.0000194418     -0.0000002983     -0.7509173884    (9.0m 59.9s)
      12      0.0000034311      0.0000006362     -0.7509167522   (10.0m 12.7s)
      13      0.0000009626     -0.0000000119     -0.7509167641   (10.0m 10.5s)
      14      0.0000002834     -0.0000000062     -0.7509167703   (10.0m 18.4s)
      15      0.0000001013      0.0000000196     -0.7509167507    (10.0m 6.8s)
      16      0.0000000174     -0.0000000040     -0.7509167546    (10.0m 9.2s)
      17      0.0000000108      0.0000000001     -0.7509167546   (10.0m 23.9s)
      18      0.0000000077      0.0000000002     -0.7509167544    (8.0m 24.8s)
   CC calculation successfully converged! (177.00m  27.27s)

   CC Calculation Summary
  --------------------------------------------------
   Reference energy                   -198.48327031
   CC correlation energy                -0.75091675
   Total CC energy                    -199.23418706

   CC calculation ended at 2022-05-09 17:31:24

HBar CCSD construction finished in 0.00m 4.44s
   --------------------------------------------------
   Calculation type =  LEFT_CCSD
   Maximum iterations = 500
   Convergence tolerance = 1e-08
   Energy shift = 0.0
   DIIS size =  6
   RHF symmetry = False
   --------------------------------------------------

   CC calculation started at 2022-05-09 17:31:00 

   Energy of initial guess =         0.0000000000

      Iter.     Residuum              ω                δω           Wall time
    ----------------------------------------------------------------------------
       0      1.6161199515      0.0000000000      1.9998704057     (0.0m 1.4s)
       1      0.5270564837      0.0000000000     -1.2556110391     (0.0m 1.0s)
       2      0.2008596965      0.0000000000     -0.4313535827     (0.0m 1.0s)
       3      0.1705346168      0.0000000000     -0.0279346646     (0.0m 1.1s)
       4      0.1130213526      0.0000000000     -0.0864339984     (0.0m 1.1s)
       5      0.0815137647      0.0000000000     -0.0502787471     (0.0m 1.1s)
       6      0.0570698723      0.0000000000     -0.0419104232     (0.0m 1.3s)
       7      0.0010702556      0.0000000000     -0.1042379973     (0.0m 1.1s)
       8      0.0002611088      0.0000000000     -0.0015952248     (0.0m 1.2s)
       9      0.0000730498      0.0000000000     -0.0003707338     (0.0m 1.3s)
      10      0.0000284281      0.0000000000     -0.0000879590     (0.0m 1.1s)
      11      0.0000186949      0.0000000000     -0.0000191855     (0.0m 1.2s)
      12      0.0000146132      0.0000000000     -0.0000080456     (0.0m 1.1s)
      13      0.0000113777      0.0000000000     -0.0000063776     (0.0m 1.1s)
      14      0.0000049714      0.0000000000     -0.0000126277     (0.0m 1.2s)
      15      0.0000018433      0.0000000000     -0.0000061659     (0.0m 1.1s)
      16      0.0000007513      0.0000000000     -0.0000021525     (0.0m 1.0s)
      17      0.0000001879      0.0000000000     -0.0000011105     (0.0m 1.1s)
      18      0.0000000734      0.0000000000     -0.0000002257     (0.0m 1.1s)
      19      0.0000000207      0.0000000000     -0.0000001038     (0.0m 1.1s)
      20      0.0000000085      0.0000000000     -0.0000000242     (0.0m 1.0s)
      21      0.0000000055      0.0000000000     -0.0000000059     (0.0m 1.0s)
   Left CC calculation successfully converged! (0.00m  24.59s)

   Left-CC Calculation Summary
  --------------------------------------------------
   Converged        ω = 0.00000001       LR = 0.00000000

   Left CC calculation ended at 2022-05-09 17:32:04

   CC(P;3) Calculation Summary
   -------------------------------------
   Completed in  (0.00m  16.86s)

   CC(P) = -199.2341870649
   CC(P;3)_A = -199.2384857784     ΔE_A = -0.7552154679     δ_A = -0.0042987135
   CC(P;3)_B = -199.2383320770     ΔE_B = -0.7550617665     δ_B = -0.0041450121
   CC(P;3)_C = -199.2388437850     ΔE_C = -0.7555734744     δ_C = -0.0046567201
   CC(P;3)_D = -199.2388216713     ΔE_D = -0.7555513608     δ_D = -0.0046346065

