   System Information:
   ----------------------------------------------------
     Number of correlated electrons = 14
     Number of correlated orbitals = 58
     Number of frozen orbitals = 2
     Number of alpha occupied orbitals = 7
     Number of alpha unoccupied orbitals = 51
     Number of beta occupied orbitals = 7
     Number of beta unoccupied orbitals = 51
     Charge = 0
     Point group = D2H
     Symmetry of reference = AG
     Spin multiplicity of reference = 1

      MO #        Energy (a.u.)      Symmetry    Occupation
-----------------------------------------------------------
         1           -26.448889            AG           2.0
         2           -26.448889           B1U           2.0
         3            -1.607399            AG           2.0
         4            -1.599199           B1U           2.0
         5            -0.741100           B2U           2.0
         6            -0.741100           B3U           2.0
         7            -0.737400           B3G           2.0
         8            -0.737400           B2G           2.0
         9            -0.492100            AG           2.0
        10            -0.259900           B1U           0.0
        11             0.802400            AG           0.0
        12             0.862700           B2U           0.0
        13             0.862700           B3U           0.0
        14             0.927800           B3G           0.0
        15             0.927800           B2G           0.0
        16             1.009200           B1U           0.0
        17             1.111700            AG           0.0
        18             1.281299           B1U           0.0
        19             2.186299            AG           0.0
        20             2.192999           B2U           0.0
        21             2.192999           B3U           0.0
        22             2.197899           B3G           0.0
        23             2.197899           B2G           0.0
        24             2.208799            AG           0.0
        25             2.208799           B1G           0.0
        26             2.208899           B1U           0.0
        27             2.208899            AU           0.0
        28             2.211699           B1U           0.0
        29             4.913998            AG           0.0
        30             4.949598           B2U           0.0
        31             4.949598           B3U           0.0
        32             4.994298           B3G           0.0
        33             4.994298           B2G           0.0
        34             5.094198           B1U           0.0
        35             7.262597            AG           0.0
        36             7.263797           B1U           0.0
        37             7.269997           B3U           0.0
        38             7.269997           B2U           0.0
        39             7.270297           B2G           0.0
        40             7.270297           B3G           0.0
        41             7.292497            AG           0.0
        42             7.292497           B1G           0.0
        43             7.292497            AU           0.0
        44             7.292497           B1U           0.0
        45             7.330097           B3U           0.0
        46             7.330097           B2U           0.0
        47             7.330097           B2G           0.0
        48             7.330097           B3G           0.0
        49             8.710096            AG           0.0
        50             8.716996           B1U           0.0
        51             8.721996           B2U           0.0
        52             8.721996           B3U           0.0
        53             8.723196           B2G           0.0
        54             8.723196           B3G           0.0
        55             8.757296            AG           0.0
        56             8.757296           B1G           0.0
        57             8.757296            AU           0.0
        58             8.757296           B1U           0.0
        59             9.381596            AG           0.0
        60             9.613296           B1U           0.0

   Nuclear Repulsion Energy = 15.178999760134326
   Reference Energy = -198.48327031053628

   Using P space file:  /scratch/gururang/test_ccpq_2ba/f2-2Re-pvtz/civecs-1000.dat
   Number of triples in P space =  188
   Number of aaa =  0
   Number of aab =  94
   Number of abb =  94
   Number of bbb =  0
   --------------------------------------------------
   Calculation type =  CCSDT_P
   Maximum iterations = 500
   Convergence tolerance = 1e-08
   Energy shift = 0.0
   DIIS size =  6
   RHF symmetry = False
   --------------------------------------------------

   CC calculation started at 2022-05-09 02:38:00 

   Energy of initial guess =         0.0000000000

      Iter.     Residuum             δE                ΔE           Wall time
    ----------------------------------------------------------------------------
       0      0.7775033852     -0.6777118606     -0.6777118606     (7.0m 4.2s)
       1      0.2447803043     -0.0153116195     -0.6930234801    (7.0m 59.6s)
       2      0.0707810138     -0.0182393326     -0.7112628127     (8.0m 0.2s)
       3      0.0188984679      0.0028585115     -0.7084043011    (8.0m 35.7s)
       4      0.0146717535     -0.0045536773     -0.7129579784    (8.0m 52.1s)
       5      0.0049638869      0.0015107354     -0.7114472430    (9.0m 24.5s)
       6      0.0040774351     -0.0013486736     -0.7127959166    (9.0m 25.1s)
       7      0.0017822236      0.0005948994     -0.7122010173    (9.0m 52.3s)
       8      0.0012779943     -0.0004274815     -0.7126284987    (9.0m 41.2s)
       9      0.0006668739      0.0002151244     -0.7124133743   (10.0m 50.4s)
      10      0.0000536664     -0.0000976339     -0.7125110082   (10.0m 37.1s)
      11      0.0000168969      0.0000011031     -0.7125099051   (10.0m 16.4s)
      12      0.0000029875      0.0000005223     -0.7125093828    (9.0m 55.5s)
      13      0.0000005488      0.0000000807     -0.7125093021    (9.0m 56.3s)
      14      0.0000002089      0.0000000109     -0.7125092912   (10.0m 16.8s)
      15      0.0000000550     -0.0000000050     -0.7125092962    (10.0m 4.4s)
      16      0.0000000337      0.0000000026     -0.7125092935    (10.0m 0.3s)
      17      0.0000000228      0.0000000003     -0.7125092933   (10.0m 15.0s)
      18      0.0000000157      0.0000000007     -0.7125092925    (10.0m 4.6s)
      19      0.0000000095      0.0000000000     -0.7125092925    (8.0m 31.9s)
   CC calculation successfully converged! (189.00m  43.63s)

   CC Calculation Summary
  --------------------------------------------------
   Reference energy                   -198.48327031
   CC correlation energy                -0.71250929
   Total CC energy                    -199.19577960

   CC calculation ended at 2022-05-09 05:48:33

HBar CCSD construction finished in 0.00m 4.66s
   --------------------------------------------------
   Calculation type =  LEFT_CCSD
   Maximum iterations = 500
   Convergence tolerance = 1e-08
   Energy shift = 0.0
   DIIS size =  6
   RHF symmetry = False
   --------------------------------------------------

   CC calculation started at 2022-05-09 05:48:00 

   Energy of initial guess =         0.0000000000

      Iter.     Residuum              ω                δω           Wall time
    ----------------------------------------------------------------------------
       0      1.1779772136      0.0000000000      1.5960640757     (0.0m 1.3s)
       1      0.3384035400      0.0000000000     -1.0985287950     (0.0m 1.0s)
       2      0.1172177263      0.0000000000     -0.3138139805     (0.0m 1.1s)
       3      0.1034839052      0.0000000000     -0.0141639440     (0.0m 1.0s)
       4      0.0683576575      0.0000000000     -0.0538839306     (0.0m 1.0s)
       5      0.0504200228      0.0000000000     -0.0283852723     (0.0m 1.1s)
       6      0.0357560637      0.0000000000     -0.0243710012     (0.0m 1.1s)
       7      0.0008686771      0.0000000000     -0.0613254230     (0.0m 1.0s)
       8      0.0002514183      0.0000000000     -0.0011310317     (0.0m 1.0s)
       9      0.0001304715      0.0000000000     -0.0002216366     (0.0m 1.0s)
      10      0.0001077661      0.0000000000     -0.0000416069     (0.0m 1.1s)
      11      0.0000898029      0.0000000000     -0.0000329121     (0.0m 1.1s)
      12      0.0000396933      0.0000000000     -0.0000918143     (0.0m 1.1s)
      13      0.0000131547      0.0000000000     -0.0000486248     (0.0m 1.0s)
      14      0.0000044661      0.0000000000     -0.0000159197     (0.0m 1.0s)
      15      0.0000018533      0.0000000000     -0.0000047874     (0.0m 1.0s)
      16      0.0000007635      0.0000000000     -0.0000019967     (0.0m 1.0s)
      17      0.0000002061      0.0000000000     -0.0000010213     (0.0m 1.1s)
      18      0.0000000949      0.0000000000     -0.0000002037     (0.0m 1.1s)
      19      0.0000000443      0.0000000000     -0.0000000928     (0.0m 1.0s)
      20      0.0000000312      0.0000000000     -0.0000000240     (0.0m 1.1s)
      21      0.0000000260      0.0000000000     -0.0000000095     (0.0m 1.0s)
      22      0.0000000211      0.0000000000     -0.0000000091     (0.0m 1.0s)
      23      0.0000000094      0.0000000000     -0.0000000214     (0.0m 1.0s)
      24      0.0000000032      0.0000000000     -0.0000000114     (0.0m 1.0s)
      25      0.0000000012      0.0000000000     -0.0000000036     (0.0m 1.0s)
   Left CC calculation successfully converged! (0.00m  27.71s)

   Left-CC Calculation Summary
  --------------------------------------------------
   Converged        ω = 0.00000000       LR = 0.00000000

   Left CC calculation ended at 2022-05-09 05:49:16

   CC(P;3) Calculation Summary
   -------------------------------------
   Completed in  (0.00m  16.09s)

   CC(P) = -199.1957796030
   CC(P;3)_A = -199.2322855544     ΔE_A = -0.7490152438     δ_A = -0.0365059513
   CC(P;3)_B = -199.2286006993     ΔE_B = -0.7453303888     δ_B = -0.0328210963
   CC(P;3)_C = -199.2364062329     ΔE_C = -0.7531359224     δ_C = -0.0406266299
   CC(P;3)_D = -199.2350876432     ΔE_D = -0.7518173327     δ_D = -0.0393080402

