   System Information:
   ----------------------------------------------------
     Number of correlated electrons = 14
     Number of correlated orbitals = 58
     Number of frozen orbitals = 2
     Number of alpha occupied orbitals = 7
     Number of alpha unoccupied orbitals = 51
     Number of beta occupied orbitals = 7
     Number of beta unoccupied orbitals = 51
     Charge = 0
     Point group = D2H
     Symmetry of reference = AG
     Spin multiplicity of reference = 1

      MO #        Energy (a.u.)      Symmetry    Occupation
-----------------------------------------------------------
         1           -26.448889            AG           2.0
         2           -26.448889           B1U           2.0
         3            -1.607399            AG           2.0
         4            -1.599199           B1U           2.0
         5            -0.741100           B2U           2.0
         6            -0.741100           B3U           2.0
         7            -0.737400           B3G           2.0
         8            -0.737400           B2G           2.0
         9            -0.492100            AG           2.0
        10            -0.259900           B1U           0.0
        11             0.802400            AG           0.0
        12             0.862700           B2U           0.0
        13             0.862700           B3U           0.0
        14             0.927800           B3G           0.0
        15             0.927800           B2G           0.0
        16             1.009200           B1U           0.0
        17             1.111700            AG           0.0
        18             1.281299           B1U           0.0
        19             2.186299            AG           0.0
        20             2.192999           B2U           0.0
        21             2.192999           B3U           0.0
        22             2.197899           B3G           0.0
        23             2.197899           B2G           0.0
        24             2.208799            AG           0.0
        25             2.208799           B1G           0.0
        26             2.208899           B1U           0.0
        27             2.208899            AU           0.0
        28             2.211699           B1U           0.0
        29             4.913998            AG           0.0
        30             4.949598           B2U           0.0
        31             4.949598           B3U           0.0
        32             4.994298           B3G           0.0
        33             4.994298           B2G           0.0
        34             5.094198           B1U           0.0
        35             7.262597            AG           0.0
        36             7.263797           B1U           0.0
        37             7.269997           B3U           0.0
        38             7.269997           B2U           0.0
        39             7.270297           B2G           0.0
        40             7.270297           B3G           0.0
        41             7.292497            AG           0.0
        42             7.292497           B1G           0.0
        43             7.292497            AU           0.0
        44             7.292497           B1U           0.0
        45             7.330097           B3U           0.0
        46             7.330097           B2U           0.0
        47             7.330097           B2G           0.0
        48             7.330097           B3G           0.0
        49             8.710096            AG           0.0
        50             8.716996           B1U           0.0
        51             8.721996           B2U           0.0
        52             8.721996           B3U           0.0
        53             8.723196           B2G           0.0
        54             8.723196           B3G           0.0
        55             8.757296            AG           0.0
        56             8.757296           B1G           0.0
        57             8.757296            AU           0.0
        58             8.757296           B1U           0.0
        59             9.381596            AG           0.0
        60             9.613296           B1U           0.0

   Nuclear Repulsion Energy = 15.178999760134326
   Reference Energy = -198.48327031053628

   Using P space file:  /scratch/gururang/test_ccpq_2ba/f2-2Re-pvtz/civecs-50000.dat
   Number of triples in P space =  21692
   Number of aaa =  700
   Number of aab =  10146
   Number of abb =  10146
   Number of bbb =  700
   --------------------------------------------------
   Calculation type =  CCSDT_P
   Maximum iterations = 500
   Convergence tolerance = 1e-08
   Energy shift = 0.0
   DIIS size =  6
   RHF symmetry = False
   --------------------------------------------------

   CC calculation started at 2022-05-09 11:31:00 

   Energy of initial guess =         0.0000000000

      Iter.     Residuum             δE                ΔE           Wall time
    ----------------------------------------------------------------------------
       0      0.7898562167     -0.6777118606     -0.6777118606     (7.0m 1.8s)
       1      0.2963325563     -0.0535126130     -0.7312244735    (7.0m 56.4s)
       2      0.0835871589     -0.0109736179     -0.7421980914    (7.0m 58.7s)
       3      0.0289634715     -0.0048866912     -0.7470847826    (8.0m 37.3s)
       4      0.0107863319     -0.0018148535     -0.7488996362    (8.0m 55.6s)
       5      0.0044198919     -0.0007469780     -0.7496466141    (9.0m 29.7s)
       6      0.0018484970     -0.0003165282     -0.7499631423    (9.0m 28.1s)
       7      0.0007855360     -0.0001171445     -0.7500802868    (9.0m 21.4s)
       8      0.0003738908     -0.0000588811     -0.7501391679    (9.0m 31.4s)
       9      0.0001880785     -0.0000181784     -0.7501573463   (10.0m 39.9s)
      10      0.0000511225     -0.0000195546     -0.7501769008    (9.0m 56.8s)
      11      0.0000164179      0.0000010765     -0.7501758243   (10.0m 16.9s)
      12      0.0000034754      0.0000002132     -0.7501756111   (10.0m 11.2s)
      13      0.0000006813      0.0000001308     -0.7501754803   (10.0m 41.4s)
      14      0.0000002232      0.0000000125     -0.7501754678   (10.0m 16.2s)
      15      0.0000000813     -0.0000000161     -0.7501754839   (10.0m 31.6s)
      16      0.0000000208      0.0000000066     -0.7501754774   (10.0m 12.8s)
      17      0.0000000100     -0.0000000003     -0.7501754776    (10.0m 8.7s)
      18      0.0000000071      0.0000000003     -0.7501754773    (8.0m 25.4s)
   CC calculation successfully converged! (179.00m  41.38s)

   CC Calculation Summary
  --------------------------------------------------
   Reference energy                   -198.48327031
   CC correlation energy                -0.75017548
   Total CC energy                    -199.23344579

   CC calculation ended at 2022-05-09 14:31:29

HBar CCSD construction finished in 0.00m 4.29s
   --------------------------------------------------
   Calculation type =  LEFT_CCSD
   Maximum iterations = 500
   Convergence tolerance = 1e-08
   Energy shift = 0.0
   DIIS size =  6
   RHF symmetry = False
   --------------------------------------------------

   CC calculation started at 2022-05-09 14:31:00 

   Energy of initial guess =         0.0000000000

      Iter.     Residuum              ω                δω           Wall time
    ----------------------------------------------------------------------------
       0      1.6143028282      0.0000000000      1.9961789058     (0.0m 1.4s)
       1      0.5268175670      0.0000000000     -1.2527567414     (0.0m 1.0s)
       2      0.2010855262      0.0000000000     -0.4303587352     (0.0m 1.0s)
       3      0.1707303924      0.0000000000     -0.0279225822     (0.0m 1.0s)
       4      0.1131832553      0.0000000000     -0.0864172959     (0.0m 1.0s)
       5      0.0816407608      0.0000000000     -0.0503000271     (0.0m 1.0s)
       6      0.0571675251      0.0000000000     -0.0419366895     (0.0m 1.1s)
       7      0.0010714323      0.0000000000     -0.1043751647     (0.0m 1.1s)
       8      0.0002618849      0.0000000000     -0.0015955595     (0.0m 1.0s)
       9      0.0000756635      0.0000000000     -0.0003670061     (0.0m 1.0s)
      10      0.0000337317      0.0000000000     -0.0000826333     (0.0m 1.1s)
      11      0.0000245494      0.0000000000     -0.0000180943     (0.0m 1.1s)
      12      0.0000192560      0.0000000000     -0.0000104312     (0.0m 1.1s)
      13      0.0000136870      0.0000000000     -0.0000109740     (0.0m 1.0s)
      14      0.0000048511      0.0000000000     -0.0000174118     (0.0m 1.1s)
      15      0.0000015935      0.0000000000     -0.0000064194     (0.0m 1.0s)
      16      0.0000007039      0.0000000000     -0.0000017530     (0.0m 1.0s)
      17      0.0000002119      0.0000000000     -0.0000009694     (0.0m 1.1s)
      18      0.0000000848      0.0000000000     -0.0000002505     (0.0m 1.1s)
      19      0.0000000233      0.0000000000     -0.0000001212     (0.0m 1.0s)
      20      0.0000000099      0.0000000000     -0.0000000264     (0.0m 1.1s)
      21      0.0000000069      0.0000000000     -0.0000000059     (0.0m 1.0s)
   Left CC calculation successfully converged! (0.00m  23.52s)

   Left-CC Calculation Summary
  --------------------------------------------------
   Converged        ω = 0.00000001       LR = 0.00000000

   Left CC calculation ended at 2022-05-09 14:32:07

   CC(P;3) Calculation Summary
   -------------------------------------
   Completed in  (0.00m  16.37s)

   CC(P) = -199.2334457879
   CC(P;3)_A = -199.2384195778     ΔE_A = -0.7551492673     δ_A = -0.0049737899
   CC(P;3)_B = -199.2382323699     ΔE_B = -0.7549620594     δ_B = -0.0047865821
   CC(P;3)_C = -199.2388348067     ΔE_C = -0.7555644962     δ_C = -0.0053890189
   CC(P;3)_D = -199.2388045240     ΔE_D = -0.7555342135     δ_D = -0.0053587361

