   System Information:
   ----------------------------------------------------
     Number of correlated electrons = 14
     Number of correlated orbitals = 58
     Number of frozen orbitals = 2
     Number of alpha occupied orbitals = 7
     Number of alpha unoccupied orbitals = 51
     Number of beta occupied orbitals = 7
     Number of beta unoccupied orbitals = 51
     Charge = 0
     Point group = D2H
     Symmetry of reference = AG
     Spin multiplicity of reference = 1

      MO #        Energy (a.u.)      Symmetry    Occupation
-----------------------------------------------------------
         1           -26.448889            AG           2.0
         2           -26.448889           B1U           2.0
         3            -1.607399            AG           2.0
         4            -1.599199           B1U           2.0
         5            -0.741100           B2U           2.0
         6            -0.741100           B3U           2.0
         7            -0.737400           B3G           2.0
         8            -0.737400           B2G           2.0
         9            -0.492100            AG           2.0
        10            -0.259900           B1U           0.0
        11             0.802400            AG           0.0
        12             0.862700           B2U           0.0
        13             0.862700           B3U           0.0
        14             0.927800           B3G           0.0
        15             0.927800           B2G           0.0
        16             1.009200           B1U           0.0
        17             1.111700            AG           0.0
        18             1.281299           B1U           0.0
        19             2.186299            AG           0.0
        20             2.192999           B2U           0.0
        21             2.192999           B3U           0.0
        22             2.197899           B3G           0.0
        23             2.197899           B2G           0.0
        24             2.208799            AG           0.0
        25             2.208799           B1G           0.0
        26             2.208899           B1U           0.0
        27             2.208899            AU           0.0
        28             2.211699           B1U           0.0
        29             4.913998            AG           0.0
        30             4.949598           B2U           0.0
        31             4.949598           B3U           0.0
        32             4.994298           B3G           0.0
        33             4.994298           B2G           0.0
        34             5.094198           B1U           0.0
        35             7.262597            AG           0.0
        36             7.263797           B1U           0.0
        37             7.269997           B3U           0.0
        38             7.269997           B2U           0.0
        39             7.270297           B2G           0.0
        40             7.270297           B3G           0.0
        41             7.292497            AG           0.0
        42             7.292497           B1G           0.0
        43             7.292497            AU           0.0
        44             7.292497           B1U           0.0
        45             7.330097           B3U           0.0
        46             7.330097           B2U           0.0
        47             7.330097           B2G           0.0
        48             7.330097           B3G           0.0
        49             8.710096            AG           0.0
        50             8.716996           B1U           0.0
        51             8.721996           B2U           0.0
        52             8.721996           B3U           0.0
        53             8.723196           B2G           0.0
        54             8.723196           B3G           0.0
        55             8.757296            AG           0.0
        56             8.757296           B1G           0.0
        57             8.757296            AU           0.0
        58             8.757296           B1U           0.0
        59             9.381596            AG           0.0
        60             9.613296           B1U           0.0

   Nuclear Repulsion Energy = 15.178999760134326
   Reference Energy = -198.48327031053628

   Using P space file:  /scratch/gururang/test_ccpq_2ba/f2-2Re-pvtz/civecs-5000.dat
   Number of triples in P space =  858
   Number of aaa =  0
   Number of aab =  429
   Number of abb =  429
   Number of bbb =  0
   --------------------------------------------------
   Calculation type =  CCSDT_P
   Maximum iterations = 500
   Convergence tolerance = 1e-08
   Energy shift = 0.0
   DIIS size =  6
   RHF symmetry = False
   --------------------------------------------------

   CC calculation started at 2022-05-09 05:50:00 

   Energy of initial guess =         0.0000000000

      Iter.     Residuum             δE                ΔE           Wall time
    ----------------------------------------------------------------------------
       0      0.7858464658     -0.6777118606     -0.6777118606     (7.0m 5.8s)
       1      0.2791792522     -0.0415599699     -0.7192718305     (8.0m 0.9s)
       2      0.0747790721     -0.0121268593     -0.7313986898    (7.0m 59.5s)
       3      0.0224780766     -0.0026041282     -0.7340028180    (8.0m 35.0s)
       4      0.0104219368     -0.0023302103     -0.7363330283    (8.0m 44.6s)
       5      0.0031610087     -0.0001036443     -0.7364366726     (9.0m 4.3s)
       6      0.0020950536     -0.0005438237     -0.7369804963    (9.0m 12.9s)
       7      0.0006525459      0.0000809197     -0.7368995766    (9.0m 17.2s)
       8      0.0005429026     -0.0001479497     -0.7370475263    (9.0m 14.7s)
       9      0.0002524763      0.0000461843     -0.7370013421   (10.0m 29.4s)
      10      0.0000517836     -0.0000378978     -0.7370392399    (10.0m 5.3s)
      11      0.0000146792      0.0000010908     -0.7370381492    (10.0m 5.6s)
      12      0.0000027190      0.0000003911     -0.7370377581   (10.0m 27.7s)
      13      0.0000005157      0.0000000741     -0.7370376840   (10.0m 35.4s)
      14      0.0000001951      0.0000000063     -0.7370376777   (10.0m 30.3s)
      15      0.0000000436     -0.0000000108     -0.7370376886   (10.0m 14.3s)
      16      0.0000000214      0.0000000059     -0.7370376826    (10.0m 7.8s)
      17      0.0000000096     -0.0000000002     -0.7370376829    (8.0m 13.2s)
   CC calculation successfully converged! (168.00m  4.03s)

   CC Calculation Summary
  --------------------------------------------------
   Reference energy                   -198.48327031
   CC correlation energy                -0.73703768
   Total CC energy                    -199.22030799

   CC calculation ended at 2022-05-09 08:38:50

HBar CCSD construction finished in 0.00m 4.60s
   --------------------------------------------------
   Calculation type =  LEFT_CCSD
   Maximum iterations = 500
   Convergence tolerance = 1e-08
   Energy shift = 0.0
   DIIS size =  6
   RHF symmetry = False
   --------------------------------------------------

   CC calculation started at 2022-05-09 08:38:00 

   Energy of initial guess =         0.0000000000

      Iter.     Residuum              ω                δω           Wall time
    ----------------------------------------------------------------------------
       0      1.4680528001      0.0000000000      1.8701778629     (0.0m 1.3s)
       1      0.4640315319      0.0000000000     -1.2063699828     (0.0m 1.0s)
       2      0.1727815492      0.0000000000     -0.3940851924     (0.0m 1.1s)
       3      0.1484946234      0.0000000000     -0.0231078028     (0.0m 1.0s)
       4      0.0984559667      0.0000000000     -0.0756870716     (0.0m 1.0s)
       5      0.0715041972      0.0000000000     -0.0428735958     (0.0m 1.0s)
       6      0.0502857716      0.0000000000     -0.0360114677     (0.0m 1.1s)
       7      0.0010202285      0.0000000000     -0.0900758003     (0.0m 1.0s)
       8      0.0002605700      0.0000000000     -0.0014646055     (0.0m 1.1s)
       9      0.0001014032      0.0000000000     -0.0003068650     (0.0m 1.1s)
      10      0.0000734076      0.0000000000     -0.0000539715     (0.0m 1.1s)
      11      0.0000614730      0.0000000000     -0.0000230057     (0.0m 1.0s)
      12      0.0000365725      0.0000000000     -0.0000480013     (0.0m 1.1s)
      13      0.0000148425      0.0000000000     -0.0000418886     (0.0m 1.0s)
      14      0.0000043788      0.0000000000     -0.0000201708     (0.0m 1.0s)
      15      0.0000014395      0.0000000000     -0.0000056661     (0.0m 1.1s)
      16      0.0000006474      0.0000000000     -0.0000015269     (0.0m 1.1s)
      17      0.0000002151      0.0000000000     -0.0000008335     (0.0m 1.0s)
      18      0.0000000908      0.0000000000     -0.0000002395     (0.0m 1.1s)
      19      0.0000000300      0.0000000000     -0.0000001172     (0.0m 1.1s)
      20      0.0000000186      0.0000000000     -0.0000000219     (0.0m 1.0s)
      21      0.0000000154      0.0000000000     -0.0000000063     (0.0m 1.0s)
      22      0.0000000128      0.0000000000     -0.0000000049     (0.0m 1.1s)
      23      0.0000000054      0.0000000000     -0.0000000143     (0.0m 1.0s)
      24      0.0000000019      0.0000000000     -0.0000000067     (0.0m 1.0s)
   Left CC calculation successfully converged! (0.00m  26.48s)

   Left-CC Calculation Summary
  --------------------------------------------------
   Converged        ω = 0.00000000       LR = 0.00000000

   Left CC calculation ended at 2022-05-09 08:39:31

   CC(P;3) Calculation Summary
   -------------------------------------
   Completed in  (0.00m  16.31s)

   CC(P) = -199.2203079934
   CC(P;3)_A = -199.2357064672     ΔE_A = -0.7524361566     δ_A = -0.0153984738
   CC(P;3)_B = -199.2345339983     ΔE_B = -0.7512636877     δ_B = -0.0142260048
   CC(P;3)_C = -199.2371876737     ΔE_C = -0.7539173632     δ_C = -0.0168796803
   CC(P;3)_D = -199.2368162782     ΔE_D = -0.7535459676     δ_D = -0.0165082847

