   System Information:
   ----------------------------------------------------
     Number of correlated electrons = 14
     Number of correlated orbitals = 58
     Number of frozen orbitals = 2
     Number of alpha occupied orbitals = 7
     Number of alpha unoccupied orbitals = 51
     Number of beta occupied orbitals = 7
     Number of beta unoccupied orbitals = 51
     Charge = 0
     Point group = D2H
     Symmetry of reference = AG
     Spin multiplicity of reference = 1

      MO #        Energy (a.u.)      Symmetry    Occupation
-----------------------------------------------------------
         1           -26.448889            AG           2.0
         2           -26.448889           B1U           2.0
         3            -1.607399            AG           2.0
         4            -1.599199           B1U           2.0
         5            -0.741100           B2U           2.0
         6            -0.741100           B3U           2.0
         7            -0.737400           B3G           2.0
         8            -0.737400           B2G           2.0
         9            -0.492100            AG           2.0
        10            -0.259900           B1U           0.0
        11             0.802400            AG           0.0
        12             0.862700           B2U           0.0
        13             0.862700           B3U           0.0
        14             0.927800           B3G           0.0
        15             0.927800           B2G           0.0
        16             1.009200           B1U           0.0
        17             1.111700            AG           0.0
        18             1.281299           B1U           0.0
        19             2.186299            AG           0.0
        20             2.192999           B2U           0.0
        21             2.192999           B3U           0.0
        22             2.197899           B3G           0.0
        23             2.197899           B2G           0.0
        24             2.208799            AG           0.0
        25             2.208799           B1G           0.0
        26             2.208899           B1U           0.0
        27             2.208899            AU           0.0
        28             2.211699           B1U           0.0
        29             4.913998            AG           0.0
        30             4.949598           B2U           0.0
        31             4.949598           B3U           0.0
        32             4.994298           B3G           0.0
        33             4.994298           B2G           0.0
        34             5.094198           B1U           0.0
        35             7.262597            AG           0.0
        36             7.263797           B1U           0.0
        37             7.269997           B3U           0.0
        38             7.269997           B2U           0.0
        39             7.270297           B2G           0.0
        40             7.270297           B3G           0.0
        41             7.292497            AG           0.0
        42             7.292497           B1G           0.0
        43             7.292497            AU           0.0
        44             7.292497           B1U           0.0
        45             7.330097           B3U           0.0
        46             7.330097           B2U           0.0
        47             7.330097           B2G           0.0
        48             7.330097           B3G           0.0
        49             8.710096            AG           0.0
        50             8.716996           B1U           0.0
        51             8.721996           B2U           0.0
        52             8.721996           B3U           0.0
        53             8.723196           B2G           0.0
        54             8.723196           B3G           0.0
        55             8.757296            AG           0.0
        56             8.757296           B1G           0.0
        57             8.757296            AU           0.0
        58             8.757296           B1U           0.0
        59             9.381596            AG           0.0
        60             9.613296           B1U           0.0

   Nuclear Repulsion Energy = 15.178999760134326
   Reference Energy = -198.48327031053628

   Using P space file:  /scratch/gururang/test_ccpq_2ba/f2-2Re-pvtz/civecs-500000.dat
   Number of triples in P space =  96580
   Number of aaa =  3750
   Number of aab =  44540
   Number of abb =  44540
   Number of bbb =  3750
   --------------------------------------------------
   Calculation type =  CCSDT_P
   Maximum iterations = 500
   Convergence tolerance = 1e-08
   Energy shift = 0.0
   DIIS size =  6
   RHF symmetry = False
   --------------------------------------------------

   CC calculation started at 2022-05-09 17:34:00 

   Energy of initial guess =         0.0000000000

      Iter.     Residuum             δE                ΔE           Wall time
    ----------------------------------------------------------------------------
       0      0.7909276073     -0.6777118606     -0.6777118606    (7.0m 10.8s)
       1      0.2931279643     -0.0557201537     -0.7334320142     (8.0m 4.2s)
       2      0.0839036321     -0.0100354956     -0.7434675098     (8.0m 2.1s)
       3      0.0307651791     -0.0054494286     -0.7489169384    (8.0m 36.4s)
       4      0.0110375352     -0.0015407937     -0.7504577321    (8.0m 56.7s)
       5      0.0051569396     -0.0009898019     -0.7514475340     (9.0m 5.7s)
       6      0.0019208092     -0.0002249984     -0.7516725324    (9.0m 11.9s)
       7      0.0010298433     -0.0002049120     -0.7518774444    (9.0m 10.2s)
       8      0.0004072873     -0.0000244355     -0.7519018799     (9.0m 3.1s)
       9      0.0002699273     -0.0000480739     -0.7519499538   (10.0m 32.0s)
      10      0.0000642965     -0.0000139427     -0.7519638965    (10.0m 2.2s)
      11      0.0000234660      0.0000002753     -0.7519636212    (10.0m 7.3s)
      12      0.0000046141      0.0000005681     -0.7519630531   (10.0m 29.9s)
      13      0.0000011610      0.0000000994     -0.7519629538   (10.0m 35.0s)
      14      0.0000002576     -0.0000000063     -0.7519629601   (10.0m 20.7s)
      15      0.0000000977      0.0000000109     -0.7519629492    (10.0m 5.1s)
      16      0.0000000349     -0.0000000005     -0.7519629497   (10.0m 11.7s)
      17      0.0000000247     -0.0000000006     -0.7519629503   (10.0m 26.5s)
      18      0.0000000194      0.0000000011     -0.7519629492    (9.0m 50.0s)
      19      0.0000000100     -0.0000000002     -0.7519629494    (8.0m 17.4s)
   CC calculation successfully converged! (188.00m  19.04s)

   CC Calculation Summary
  --------------------------------------------------
   Reference energy                   -198.48327031
   CC correlation energy                -0.75196295
   Total CC energy                    -199.23523326

   CC calculation ended at 2022-05-09 20:43:05

HBar CCSD construction finished in 0.00m 4.69s
   --------------------------------------------------
   Calculation type =  LEFT_CCSD
   Maximum iterations = 500
   Convergence tolerance = 1e-08
   Energy shift = 0.0
   DIIS size =  6
   RHF symmetry = False
   --------------------------------------------------

   CC calculation started at 2022-05-09 20:43:00 

   Energy of initial guess =         0.0000000000

      Iter.     Residuum              ω                δω           Wall time
    ----------------------------------------------------------------------------
       0      1.6169305621      0.0000000000      2.0027903786     (0.0m 1.3s)
       1      0.5269495088      0.0000000000     -1.2580470478     (0.0m 1.0s)
       2      0.2004931854      0.0000000000     -0.4321748807     (0.0m 1.1s)
       3      0.1702179734      0.0000000000     -0.0279486717     (0.0m 1.0s)
       4      0.1127645888      0.0000000000     -0.0864301826     (0.0m 1.0s)
       5      0.0813121804      0.0000000000     -0.0502328248     (0.0m 1.1s)
       6      0.0569155207      0.0000000000     -0.0418565212     (0.0m 1.1s)
       7      0.0010694547      0.0000000000     -0.1039914696     (0.0m 1.1s)
       8      0.0002652372      0.0000000000     -0.0015858108     (0.0m 1.0s)
       9      0.0000855623      0.0000000000     -0.0003542768     (0.0m 1.1s)
      10      0.0000486077      0.0000000000     -0.0000728609     (0.0m 1.1s)
      11      0.0000388388      0.0000000000     -0.0000192596     (0.0m 1.1s)
      12      0.0000285841      0.0000000000     -0.0000202177     (0.0m 1.0s)
      13      0.0000159735      0.0000000000     -0.0000248620     (0.0m 1.0s)
      14      0.0000045707      0.0000000000     -0.0000224810     (0.0m 1.0s)
      15      0.0000013600      0.0000000000     -0.0000063301     (0.0m 1.1s)
      16      0.0000006221      0.0000000000     -0.0000014549     (0.0m 1.1s)
      17      0.0000002264      0.0000000000     -0.0000007800     (0.0m 1.0s)
      18      0.0000000940      0.0000000000     -0.0000002612     (0.0m 1.1s)
      19      0.0000000249      0.0000000000     -0.0000001361     (0.0m 1.0s)
      20      0.0000000127      0.0000000000     -0.0000000242     (0.0m 1.0s)
      21      0.0000000099      0.0000000000     -0.0000000054     (0.0m 1.0s)
   Left CC calculation successfully converged! (0.00m  23.54s)

   Left-CC Calculation Summary
  --------------------------------------------------
   Converged        ω = 0.00000002       LR = 0.00000000

   Left CC calculation ended at 2022-05-09 20:43:44

   CC(P;3) Calculation Summary
   -------------------------------------
   Completed in  (0.00m  17.22s)

   CC(P) = -199.2352332599
   CC(P;3)_A = -199.2385266351     ΔE_A = -0.7552563245     δ_A = -0.0032933752
   CC(P;3)_B = -199.2384106479     ΔE_B = -0.7551403374     δ_B = -0.0031773880
   CC(P;3)_C = -199.2387998082     ΔE_C = -0.7555294977     δ_C = -0.0035665483
   CC(P;3)_D = -199.2387784677     ΔE_D = -0.7555081572     δ_D = -0.0035452078

