   --------------------------------------------------
   Calculation type =  CCSD
   Maximum iterations = 60
   Convergence tolerance = 1e-08
   Energy shift = 0.0
   DIIS size =  6
   RHF symmetry = False
   --------------------------------------------------

   CC calculation started at 2022-03-27 18:53:00 

   Energy of initial guess =         0.0000000000

      Iter.     Residuum             δE                ΔE           Wall time
    ----------------------------------------------------------------------------
       0      0.1757187951     -0.0830850389     -0.0830850389     (0.0m 0.1s)
       1      0.0628722106     -0.0194032694     -0.1024883082     (0.0m 0.1s)
       2      0.0324773968     -0.0064661794     -0.1089544876     (0.0m 0.1s)
       3      0.0188875337     -0.0027629370     -0.1117174246     (0.0m 0.1s)
       4      0.0115696667     -0.0013684509     -0.1130858755     (0.0m 0.1s)
       5      0.0073746400     -0.0007364818     -0.1138223573     (0.0m 0.1s)
   DIIS Cycle - 1
       6      0.0048601473     -0.0004173480     -0.1142397053     (0.0m 0.1s)
       7      0.0000530080     -0.0006620941     -0.1149017994     (0.0m 0.1s)
       8      0.0000231785     -0.0000001491     -0.1149019485     (0.0m 0.1s)
       9      0.0000119146      0.0000000531     -0.1149018954     (0.0m 0.1s)
      10      0.0000068755      0.0000000314     -0.1149018639     (0.0m 0.1s)
      11      0.0000043421      0.0000000082     -0.1149018558     (0.0m 0.1s)
   DIIS Cycle - 2
      12      0.0000029056     -0.0000000080     -0.1149018638     (0.0m 0.1s)
      13      0.0000001718     -0.0000000879     -0.1149019516     (0.0m 0.1s)
      14      0.0000000996     -0.0000000115     -0.1149019632     (0.0m 0.1s)
      15      0.0000000610     -0.0000000064     -0.1149019696     (0.0m 0.1s)
      16      0.0000000390     -0.0000000036     -0.1149019732     (0.0m 0.1s)
      17      0.0000000258     -0.0000000021     -0.1149019753     (0.0m 0.1s)
   DIIS Cycle - 3
      18      0.0000000175     -0.0000000012     -0.1149019766     (0.0m 0.1s)
      19      0.0000000003     -0.0000000022     -0.1149019787     (0.0m 0.1s)
   CC calculation successfully converged! (0.00m  1.46s)

   CC Calculation Summary
  --------------------------------------------------
   Reference energy                    -37.90276819
   CC correlation energy                -0.11490198
   Total CC energy                     -38.01767016

   CC calculation ended at 2022-03-27 18:53:15

   --------------------------------------------------
   Calculation type =  LEFT_CCSD
   Maximum iterations = 200
   Convergence tolerance = 1e-08
   Energy shift = 0.0
   DIIS size =  6
   RHF symmetry = False
   --------------------------------------------------

   CC calculation started at 2022-03-27 18:53:00 

   Energy of initial guess =         0.0000000000

      Iter.     Residuum              ω                δω           Wall time
    ----------------------------------------------------------------------------
       0      0.1258053054      0.0356822149      0.1258053054     (0.0m 0.0s)
       1     -0.0994861901      0.0073810129      0.0263191153     (0.0m 0.0s)
       2     -0.0143990655      0.0033239976      0.0119200497     (0.0m 0.0s)
       3     -0.0049241678      0.0019444812      0.0069958819     (0.0m 0.0s)
       4     -0.0026191973      0.0012140277      0.0043766846     (0.0m 0.0s)
       5     -0.0015332572      0.0007877034      0.0028434274     (0.0m 0.0s)
   DIIS Cycle - 1
       6     -0.0009291820      0.0005298443      0.0019142454     (0.0m 0.0s)
       7     -0.0018399368      0.0000205292      0.0000743086     (0.0m 0.0s)
       8     -0.0000304332      0.0000121214      0.0000438754     (0.0m 0.0s)
       9     -0.0000153368      0.0000078843      0.0000285386     (0.0m 0.1s)
      10     -0.0000088900      0.0000054283      0.0000196486     (0.0m 0.1s)
      11     -0.0000056572      0.0000038653      0.0000139914     (0.0m 0.0s)
   DIIS Cycle - 2
      12     -0.0000038393      0.0000028047      0.0000101521     (0.0m 0.0s)
      13     -0.0000100425      0.0000000303      0.0000001096     (0.0m 0.0s)
      14     -0.0000000498      0.0000000165      0.0000000598     (0.0m 0.0s)
      15     -0.0000000240      0.0000000099      0.0000000358     (0.0m 0.0s)
      16     -0.0000000132      0.0000000062      0.0000000225     (0.0m 0.0s)
      17     -0.0000000077      0.0000000041      0.0000000148     (0.0m 0.0s)
   Left CC calculation successfully converged! (0.00m  0.64s)

   Left-CC Calculation Summary
  --------------------------------------------------
   Converged        ω = 0.00000001       LR = 0.00000000

   Left CC calculation ended at 2022-03-27 18:53:15

   CR-CC(2,3) Calculation Summary
   -------------------------------------
   Completed in  (0.00m  0.17s)

   CCSD = -38.0176701644
   CR-CC(2,3)_A = -38.0190500065     ΔE_A = -0.1162818209     δ_A = -0.0013798422
   CR-CC(2,3)_B = -38.0190013354     ΔE_B = -0.1162331498     δ_B = -0.0013311711
   CR-CC(2,3)_C = -38.0194631198     ΔE_C = -0.1166949342     δ_C = -0.0017929555
   CR-CC(2,3)_D = -38.0194527253     ΔE_D = -0.1166845397     δ_D = -0.0017825609

   --------------------------------------------------
   Calculation type =  EOMCCSD
   Maximum iterations = 60
   Convergence tolerance = 1e-08
   State target multiplicity = 1
   RHF symmetry = False
   --------------------------------------------------

   EOMCC calculation started at 2022-03-27 18:53:00 

=======================================
Solving for root -  1
Energy of initial guess = 0.1744168777
     Largest Singly Excited Amplitudes:
      [1]     3B  ->  5B     -0.688140
      [2]     3A  ->  5A     -0.688140
      [3]     3B  ->  14B     0.115594
      [4]     3A  ->  14A     0.115594
     Largest Doubly Excited Amplitudes:
=======================================

      Iter.     Residuum              ω                δω           Wall time
    ----------------------------------------------------------------------------
       1      0.4102888271      0.1744168777      0.0000000000     (0.0m 0.0s)
       2      0.0704044194      0.1221924103     -0.0522244674     (0.0m 0.0s)
       3      0.0224231305      0.1201166243     -0.0020757860     (0.0m 0.0s)
       4      0.0067718120      0.1198643369     -0.0002522874     (0.0m 0.0s)
       5      0.0030336717      0.1198136722     -0.0000506647     (0.0m 0.0s)
       6      0.0010735316      0.1198197401      0.0000060680     (0.0m 0.0s)
       7      0.0002363447      0.1198278531      0.0000081129     (0.0m 0.0s)
       8      0.0000489280      0.1198288949      0.0000010418     (0.0m 0.0s)
       9      0.0000133505      0.1198288926     -0.0000000023     (0.0m 0.0s)
      10      0.0000031232      0.1198288758     -0.0000000168     (0.0m 0.0s)
      11      0.0000047035      0.1198288736     -0.0000000021     (0.0m 0.0s)
      12      0.0000010000      0.1198288718     -0.0000000019     (0.0m 0.0s)
      13      0.0000013180      0.1198288716     -0.0000000002     (0.0m 0.0s)
      14      0.0000003716      0.1198288703     -0.0000000013     (0.0m 0.0s)
      15      0.0000003548      0.1198288703      0.0000000000     (0.0m 0.0s)
      16      0.0000001732      0.1198288696     -0.0000000007     (0.0m 0.0s)
      17      0.0000000905      0.1198288696     -0.0000000000     (0.0m 0.0s)
      18      0.0000000258      0.1198288694     -0.0000000002     (0.0m 0.0s)
      19      0.0000000188      0.1198288694     -0.0000000000     (0.0m 0.0s)
      20      0.0000000144      0.1198288694     -0.0000000000     (0.0m 0.0s)
      21      0.0000000058      0.1198288694     -0.0000000000     (0.0m 0.0s)
Converged root 1
Total time: 0.00m 0.92s

=======================================
Solving for root -  2
Energy of initial guess = 0.1744168777
     Largest Singly Excited Amplitudes:
      [1]     3A  ->  4A     -0.687062
      [2]     3B  ->  4B     -0.687062
      [3]     3A  ->  13A     0.115413
      [4]     3B  ->  13B     0.115413
     Largest Doubly Excited Amplitudes:
=======================================

      Iter.     Residuum              ω                δω           Wall time
    ----------------------------------------------------------------------------
       1      0.4102888271      0.1744168777     -0.0000000000     (0.0m 0.0s)
       2      0.0704044194      0.1221924103     -0.0522244674     (0.0m 0.0s)
       3      0.0224231305      0.1201166243     -0.0020757860     (0.0m 0.0s)
       4      0.0067718120      0.1198643369     -0.0002522874     (0.0m 0.0s)
       5      0.0030336717      0.1198136722     -0.0000506647     (0.0m 0.0s)
       6      0.0010735316      0.1198197401      0.0000060680     (0.0m 0.0s)
       7      0.0002363447      0.1198278531      0.0000081129     (0.0m 0.0s)
       8      0.0000489280      0.1198288949      0.0000010418     (0.0m 0.0s)
       9      0.0000133505      0.1198288926     -0.0000000023     (0.0m 0.0s)
      10      0.0000031188      0.1198288758     -0.0000000168     (0.0m 0.0s)
      11      0.0000041478      0.1198288728     -0.0000000029     (0.0m 0.0s)
      12      0.0000009895      0.1198288718     -0.0000000011     (0.0m 0.0s)
      13      0.0000014414      0.1198288710     -0.0000000008     (0.0m 0.0s)
      14      0.0000003443      0.1198288703     -0.0000000007     (0.0m 0.0s)
      15      0.0000003852      0.1198288703     -0.0000000000     (0.0m 0.0s)
      16      0.0000000934      0.1198288696     -0.0000000007     (0.0m 0.0s)
      17      0.0000000921      0.1198288696      0.0000000000     (0.0m 0.0s)
      18      0.0000000233      0.1198288694     -0.0000000002     (0.0m 0.0s)
      19      0.0000000189      0.1198288694     -0.0000000000     (0.0m 0.0s)
      20      0.0000000166      0.1198288694      0.0000000000     (0.0m 0.0s)
      21      0.0000000066      0.1198288694     -0.0000000000     (0.0m 0.0s)
Converged root 2
Total time: 0.00m 0.71s

=======================================
Solving for root -  3
Energy of initial guess = 0.5621330431
     Largest Singly Excited Amplitudes:
      [1]     3A  ->  6A     -0.648649
      [2]     3B  ->  6B     -0.648649
      [3]     3A  ->  10A     -0.202201
      [4]     3B  ->  10B     -0.202201
      [5]     3A  ->  11A     -0.146941
     Largest Doubly Excited Amplitudes:
=======================================

      Iter.     Residuum              ω                δω           Wall time
    ----------------------------------------------------------------------------
       1      0.3833906108      0.5621330431      0.0000000000     (0.0m 0.0s)
       2      0.0906904836      0.5056718106     -0.0564612325     (0.0m 0.0s)
       3      0.0555329128      0.5013207295     -0.0043510811     (0.0m 0.0s)
       4      0.0334066427      0.4988734629     -0.0024472666     (0.0m 0.0s)
       5      0.0775126491      0.4968679878     -0.0020054751     (0.0m 0.0s)
       6      0.0638199586      0.5004232850      0.0035552972     (0.0m 0.0s)
       7      0.0178086590      0.4993430266     -0.0010802584     (0.0m 0.0s)
       8      0.0058196726      0.4991353679     -0.0002076587     (0.0m 0.0s)
       9      0.0027269424      0.4990614016     -0.0000739664     (0.0m 0.0s)
      10      0.0010480057      0.4990589008     -0.0000025007     (0.0m 0.0s)
      11      0.0003888535      0.4990662402      0.0000073394     (0.0m 0.0s)
      12      0.0004792823      0.4990663043      0.0000000641     (0.0m 0.0s)
      13      0.0001496472      0.4990686095      0.0000023052     (0.0m 0.0s)
      14      0.0001663988      0.4990686099      0.0000000004     (0.0m 0.0s)
      15      0.0001510515      0.4990688242      0.0000002143     (0.0m 0.0s)
      16      0.0000859301      0.4990688424      0.0000000182     (0.0m 0.0s)
      17      0.0000882377      0.4990688421     -0.0000000003     (0.0m 0.0s)
      18      0.0001237568      0.4990688730      0.0000000309     (0.0m 0.0s)
      19      0.0001340854      0.4990688710     -0.0000000020     (0.0m 0.0s)
      20      0.0000294551      0.4990687505     -0.0000001205     (0.0m 0.0s)
      21      0.0000257725      0.4990687507      0.0000000002     (0.0m 0.0s)
      22      0.0000337857      0.4990687311     -0.0000000196     (0.0m 0.0s)
      23      0.0000175087      0.4990687132     -0.0000000179     (0.0m 0.0s)
      24      0.0000106650      0.4990687124     -0.0000000008     (0.0m 0.0s)
      25      0.0000153404      0.4990687125      0.0000000000     (0.0m 0.0s)
      26      0.0000228155      0.4990687122     -0.0000000002     (0.0m 0.0s)
      27      0.0000048904      0.4990687131      0.0000000009     (0.0m 0.0s)
      28      0.0000047547      0.4990687136      0.0000000005     (0.0m 0.0s)
      29      0.0000050240      0.4990687126     -0.0000000010     (0.0m 0.0s)
      30      0.0000019313      0.4990687178      0.0000000052     (0.0m 0.0s)
      31      0.0000018204      0.4990687178      0.0000000000     (0.0m 0.0s)
      32      0.0000010007      0.4990687150     -0.0000000028     (0.0m 0.0s)
      33      0.0000005446      0.4990687149     -0.0000000001     (0.0m 0.0s)
      34      0.0000005570      0.4990687147     -0.0000000002     (0.0m 0.0s)
      35      0.0000004228      0.4990687136     -0.0000000011     (0.0m 0.0s)
      36      0.0000001982      0.4990687136     -0.0000000001     (0.0m 0.0s)
      37      0.0000001878      0.4990687134     -0.0000000002     (0.0m 0.0s)
      38      0.0000000845      0.4990687131     -0.0000000002     (0.0m 0.0s)
      39      0.0000000840      0.4990687131     -0.0000000000     (0.0m 0.0s)
      40      0.0000000969      0.4990687131     -0.0000000000     (0.0m 0.0s)
      41      0.0000000277      0.4990687130     -0.0000000001     (0.0m 0.0s)
      42      0.0000000277      0.4990687130      0.0000000000     (0.0m 0.0s)
      43      0.0000000256      0.4990687130      0.0000000000     (0.0m 0.0s)
      44      0.0000000146      0.4990687130     -0.0000000000     (0.0m 0.0s)
      45      0.0000000094      0.4990687130     -0.0000000000     (0.0m 0.0s)
Converged root 3
Total time: 0.00m 1.85s


   EOMCC Calculation Summary
  --------------------------------------------------------
  State 1          ω = 0.11982887       r0 = 0.00000000     
  State 2          ω = 0.11982887       r0 = -0.00000000     
  State 3          ω = 0.49906871       r0 = 0.04902838     

   EOMCC calculation ended at 2022-03-27 18:53:19

   --------------------------------------------------
   Calculation type =  LEFT_CCSD
   Maximum iterations = 200
   Convergence tolerance = 1e-08
   Energy shift = 0.0
   DIIS size =  6
   RHF symmetry = False
   --------------------------------------------------

   CC calculation started at 2022-03-27 18:53:00 

   Energy of initial guess =         0.0000000000

      Iter.     Residuum              ω                δω           Wall time
    ----------------------------------------------------------------------------
       0      0.1712387282      0.0514810609      0.1712387282     (0.0m 0.0s)
       1     -0.0346450920      0.0167770717      0.1365936362     (0.0m 0.0s)
       2     -0.0102043663      0.0065636714      0.1263892699     (0.0m 0.0s)
       3     -0.0034204510      0.0031412886      0.1229688189     (0.0m 0.0s)
       4     -0.0013711770      0.0017694965      0.1215976418     (0.0m 0.0s)
       5     -0.0006763206      0.0010928996      0.1209213212     (0.0m 0.0s)
   DIIS Cycle - 1
       6     -0.0003864131      0.0007063321      0.1205349081     (0.0m 0.0s)
       7     -0.0006978232      0.0000082191      0.1198370849     (0.0m 0.0s)
       8     -0.0000037556      0.0000044619      0.1198333293     (0.0m 0.0s)
       9     -0.0000019285      0.0000025325      0.1198314007     (0.0m 0.0s)
      10     -0.0000010610      0.0000014711      0.1198303398     (0.0m 0.0s)
      11     -0.0000006020      0.0000008687      0.1198297377     (0.0m 0.0s)
   DIIS Cycle - 2
      12     -0.0000003483      0.0000005203      0.1198293894     (0.0m 0.0s)
      13     -0.0000005098      0.0000000103      0.1198288796     (0.0m 0.0s)
      14     -0.0000000039      0.0000000063      0.1198288757     (0.0m 0.0s)
   Left CC calculation successfully converged! (0.00m  0.48s)

   Left-CC Calculation Summary
  --------------------------------------------------
   Converged        ω = 0.11982888       LR = 0.99118637

   Left CC calculation ended at 2022-03-27 18:53:19

   --------------------------------------------------
   Calculation type =  LEFT_CCSD
   Maximum iterations = 200
   Convergence tolerance = 1e-08
   Energy shift = 0.0
   DIIS size =  6
   RHF symmetry = False
   --------------------------------------------------

   CC calculation started at 2022-03-27 18:53:00 

   Energy of initial guess =         0.0000000000

      Iter.     Residuum              ω                δω           Wall time
    ----------------------------------------------------------------------------
       0      0.1712387282      0.0514810609      0.1712387282     (0.0m 0.0s)
       1     -0.0346450920      0.0167770717      0.1365936362     (0.0m 0.0s)
       2     -0.0102043663      0.0065636714      0.1263892699     (0.0m 0.0s)
       3     -0.0034204510      0.0031412886      0.1229688189     (0.0m 0.0s)
       4     -0.0013711770      0.0017694965      0.1215976418     (0.0m 0.0s)
       5     -0.0006763206      0.0010928996      0.1209213212     (0.0m 0.0s)
   DIIS Cycle - 1
       6     -0.0003864131      0.0007063321      0.1205349081     (0.0m 0.0s)
       7     -0.0006978232      0.0000082191      0.1198370849     (0.0m 0.0s)
       8     -0.0000037556      0.0000044619      0.1198333293     (0.0m 0.0s)
       9     -0.0000019285      0.0000025325      0.1198314008     (0.0m 0.0s)
      10     -0.0000010610      0.0000014711      0.1198303398     (0.0m 0.0s)
      11     -0.0000006020      0.0000008688      0.1198297377     (0.0m 0.0s)
   DIIS Cycle - 2
      12     -0.0000003483      0.0000005203      0.1198293894     (0.0m 0.0s)
      13     -0.0000005092      0.0000000109      0.1198288803     (0.0m 0.0s)
      14     -0.0000000036      0.0000000073      0.1198288767     (0.0m 0.0s)
   Left CC calculation successfully converged! (0.00m  0.48s)

   Left-CC Calculation Summary
  --------------------------------------------------
   Converged        ω = 0.11982888       LR = 0.99118637

   Left CC calculation ended at 2022-03-27 18:53:20

   --------------------------------------------------
   Calculation type =  LEFT_CCSD
   Maximum iterations = 200
   Convergence tolerance = 1e-08
   Energy shift = 0.0
   DIIS size =  6
   RHF symmetry = False
   --------------------------------------------------

   CC calculation started at 2022-03-27 18:53:00 

   Energy of initial guess =         0.0000000000

      Iter.     Residuum              ω                δω           Wall time
    ----------------------------------------------------------------------------
       0      0.5563721559      0.0573509733      0.5563721559     (0.0m 0.0s)
       1     -0.0392207177      0.0181283406      0.5171514383     (0.0m 0.0s)
       2     -0.0086182746      0.0094831658      0.5085331637     (0.0m 0.0s)
       3     -0.0033029730      0.0061714728      0.5052301907     (0.0m 0.0s)
       4     -0.0013348689      0.0048334214      0.5038953219     (0.0m 0.0s)
       5     -0.0002353610      0.0045971445      0.5036599608     (0.0m 0.0s)
   DIIS Cycle - 1
       6      0.0004247357      0.0050220872      0.5040846965     (0.0m 0.0s)
       7     -0.0038511477      0.0011661270      0.5002335488     (0.0m 0.0s)
       8     -0.0002097028      0.0009561567      0.5000238460     (0.0m 0.0s)
       9     -0.0001193250      0.0008366803      0.4999045210     (0.0m 0.0s)
      10     -0.0000448056      0.0007918085      0.4998597154     (0.0m 0.0s)
      11      0.0000312045      0.0008230273      0.4998909200     (0.0m 0.0s)
   DIIS Cycle - 2
      12      0.0002088933      0.0010321099      0.5000998132     (0.0m 0.0s)
      13     -0.0008358997      0.0001953897      0.4992639135     (0.0m 0.0s)
      14      0.0000587136      0.0002541590      0.4993226271     (0.0m 0.0s)
      15      0.0005609962      0.0008156941      0.4998836233     (0.0m 0.0s)
      16      0.0024081942      0.0032262644      0.5022918175     (0.0m 0.0s)
      17      0.0099029407      0.0131435734      0.5121947581     (0.0m 0.0s)
   DIIS Cycle - 3
      18      0.0409027999      0.0544294928      0.5530975580     (0.0m 0.0s)
      19     -0.0539243366      0.0001046087      0.4991732214     (0.0m 0.0s)
      20      0.0000050418      0.0001096552      0.4991782632     (0.0m 0.0s)
      21      0.0000202789      0.0001299533      0.4991985421     (0.0m 0.0s)
      22      0.0000998625      0.0002299110      0.4992984047     (0.0m 0.0s)
      23      0.0005515159      0.0007819528      0.4998499206     (0.0m 0.0s)
   DIIS Cycle - 4
      24      0.0025000078      0.0032844093      0.5023499284     (0.0m 0.0s)
      25     -0.0032350872      0.0000461725      0.4991148412     (0.0m 0.0s)
      26      0.0000199644      0.0000661560      0.4991348055     (0.0m 0.0s)
      27      0.0001462242      0.0002125204      0.4992810298     (0.0m 0.0s)
      28      0.0006261826      0.0008393040      0.4999072124     (0.0m 0.0s)
      29      0.0025764814      0.0034183373      0.5024836938     (0.0m 0.0s)
   DIIS Cycle - 5
      30      0.0107188068      0.0141534987      0.5132025005     (0.0m 0.0s)
      31     -0.0141018826      0.0000319354      0.4991006179     (0.0m 0.0s)
      32      0.0000020531      0.0000339905      0.4991026710     (0.0m 0.0s)
      33      0.0000065821      0.0000405789      0.4991092531     (0.0m 0.0s)
      34      0.0000311038      0.0000717123      0.4991403568     (0.0m 0.0s)
      35      0.0001713221      0.0002431982      0.4993116790     (0.0m 0.0s)
   DIIS Cycle - 6
      36      0.0007770881      0.0010210306      0.5000887671     (0.0m 0.0s)
      37     -0.0010062396      0.0000138277      0.4990825275     (0.0m 0.0s)
      38      0.0000054822      0.0000193152      0.4990880097     (0.0m 0.0s)
      39      0.0000419341      0.0000612894      0.4991299438     (0.0m 0.0s)
      40      0.0001803348      0.0002417969      0.4993102786     (0.0m 0.0s)
      41      0.0007421946      0.0009847040      0.5000524731     (0.0m 0.0s)
   DIIS Cycle - 7
      42      0.0030891769      0.0040769832      0.5031416500     (0.0m 0.0s)
      43     -0.0040631386      0.0000098078      0.4990785114     (0.0m 0.0s)
      44      0.0000006980      0.0000105064      0.4990792094     (0.0m 0.0s)
      45      0.0000021010      0.0000126094      0.4990813103     (0.0m 0.0s)
      46      0.0000098868      0.0000225056      0.4990911972     (0.0m 0.0s)
      47      0.0000542026      0.0000767601      0.4991453997     (0.0m 0.0s)
   DIIS Cycle - 8
      48      0.0002454972      0.0003224922      0.4993908969     (0.0m 0.0s)
      49     -0.0003181521      0.0000040356      0.4990727448     (0.0m 0.0s)
      50      0.0000014307      0.0000054677      0.4990741755     (0.0m 0.0s)
      51      0.0000116167      0.0000170955      0.4990857921     (0.0m 0.0s)
      52      0.0000502138      0.0000673574      0.4991360060     (0.0m 0.0s)
      53      0.0002067225      0.0002742778      0.4993427285     (0.0m 0.0s)
   DIIS Cycle - 9
      54      0.0008604468      0.0011355514      0.5002031753     (0.0m 0.0s)
      55     -0.0011315616      0.0000029034      0.4990716137     (0.0m 0.0s)
      56      0.0000002233      0.0000031270      0.4990718370     (0.0m 0.0s)
      57      0.0000006453      0.0000037729      0.4990724823     (0.0m 0.0s)
      58      0.0000030473      0.0000068231      0.4990755296     (0.0m 0.0s)
      59      0.0000166167      0.0000234557      0.4990921463     (0.0m 0.0s)
   DIIS Cycle - 10
      60      0.0000751142      0.0000986418      0.4991672605     (0.0m 0.0s)
      61     -0.0000974162      0.0000011324      0.4990698444     (0.0m 0.0s)
      62      0.0000003554      0.0000014881      0.4990701998     (0.0m 0.0s)
      63      0.0000030892      0.0000045803      0.4990732889     (0.0m 0.0s)
      64      0.0000134276      0.0000180207      0.4990867165     (0.0m 0.0s)
      65      0.0000552972      0.0000733708      0.4991420137     (0.0m 0.0s)
   DIIS Cycle - 11
      66      0.0002301624      0.0003037537      0.4993721761     (0.0m 0.0s)
      67     -0.0003026416      0.0000008223      0.4990695346     (0.0m 0.0s)
      68      0.0000000674      0.0000008898      0.4990696020     (0.0m 0.0s)
      69      0.0000001892      0.0000010791      0.4990697911     (0.0m 0.0s)
      70      0.0000008992      0.0000019792      0.4990706904     (0.0m 0.0s)
      71      0.0000048766      0.0000068605      0.4990755670     (0.0m 0.0s)
   DIIS Cycle - 12
      72      0.0000219997      0.0000288813      0.4990975667     (0.0m 0.0s)
      73     -0.0000285499      0.0000003041      0.4990690168     (0.0m 0.0s)
      74      0.0000000839      0.0000003880      0.4990691007     (0.0m 0.0s)
      75      0.0000007864      0.0000011752      0.4990698871     (0.0m 0.0s)
      76      0.0000034383      0.0000046168      0.4990733255     (0.0m 0.0s)
      77      0.0000141645      0.0000187948      0.4990874899     (0.0m 0.0s)
   DIIS Cycle - 13
      78      0.0000589557      0.0000778070      0.4991464456     (0.0m 0.0s)
      79     -0.0000775107      0.0000002221      0.4990689349     (0.0m 0.0s)
      80      0.0000000192      0.0000002413      0.4990689541     (0.0m 0.0s)
      81      0.0000000528      0.0000002941      0.4990690068     (0.0m 0.0s)
      82      0.0000002527      0.0000005470      0.4990692595     (0.0m 0.0s)
      83      0.0000013629      0.0000019112      0.4990706224     (0.0m 0.0s)
   DIIS Cycle - 14
      84      0.0000061365      0.0000080536      0.4990767589     (0.0m 0.0s)
      85     -0.0000079680      0.0000000780      0.4990687909     (0.0m 0.0s)
      86      0.0000000187      0.0000000967      0.4990688096     (0.0m 0.0s)
      87      0.0000001911      0.0000002880      0.4990690007     (0.0m 0.0s)
      88      0.0000008407      0.0000011295      0.4990698415     (0.0m 0.0s)
      89      0.0000034647      0.0000045975      0.4990733061     (0.0m 0.0s)
   DIIS Cycle - 15
      90      0.0000144206      0.0000190320      0.4990877268     (0.0m 0.0s)
      91     -0.0000189566      0.0000000572      0.4990687701     (0.0m 0.0s)
      92      0.0000000051      0.0000000623      0.4990687753     (0.0m 0.0s)
      93      0.0000000139      0.0000000763      0.4990687892     (0.0m 0.0s)
      94      0.0000000673      0.0000001437      0.4990688565     (0.0m 0.0s)
      95      0.0000003616      0.0000005056      0.4990692181     (0.0m 0.0s)
   DIIS Cycle - 16
      96      0.0000016252      0.0000021323      0.4990708433     (0.0m 0.0s)
      97     -0.0000021109      0.0000000194      0.4990687324     (0.0m 0.0s)
      98      0.0000000039      0.0000000233      0.4990687363     (0.0m 0.0s)
      99      0.0000000440      0.0000000673      0.4990687802     (0.0m 0.0s)
     100      0.0000001955      0.0000002629      0.4990689757     (0.0m 0.0s)
     101      0.0000008063      0.0000010700      0.4990697820     (0.0m 0.0s)
   DIIS Cycle - 17
     102      0.0000033559      0.0000044291      0.4990731379     (0.0m 0.0s)
     103     -0.0000044103      0.0000000145      0.4990687275     (0.0m 0.0s)
     104      0.0000000013      0.0000000158      0.4990687288     (0.0m 0.0s)
     105      0.0000000034      0.0000000192      0.4990687322     (0.0m 0.0s)
     106      0.0000000168      0.0000000360      0.4990687489     (0.0m 0.0s)
     107      0.0000000906      0.0000001267      0.4990688396     (0.0m 0.0s)
   DIIS Cycle - 18
     108      0.0000004073      0.0000005344      0.4990692469     (0.0m 0.0s)
     109     -0.0000005278      0.0000000060      0.4990687191     (0.0m 0.0s)
     110      0.0000000006      0.0000000066      0.4990687196     (0.0m 0.0s)
   Left CC calculation successfully converged! (0.00m  3.39s)

   Left-CC Calculation Summary
  --------------------------------------------------
   Converged        ω = 0.49906872       LR = 0.98320944

   Left CC calculation ended at 2022-03-27 18:53:23

   CR-EOMCC(2,3) Calculation Summary
   -------------------------------------
   Completed in  (0.00m  0.30s)

   State 1
   ---------
   EOMCCSD = -37.8978412950    ω = 0.1198288694
   CR-EOMCC(2,3)_A = -37.8994709033     ΔE_A = 0.0032972824     δ_A = -0.0016296083
   CR-EOMCC(2,3)_B = -37.8993939061     ΔE_B = 0.0033742795     δ_B = -0.0015526111
   CR-EOMCC(2,3)_C = -37.9001682127     ΔE_C = 0.0025999729     δ_C = -0.0023269177
   CR-EOMCC(2,3)_D = -37.9001290830     ΔE_D = 0.0026391027     δ_D = -0.0022877880

   State 2
   ---------
   EOMCCSD = -37.8978412950    ω = 0.1198288694
   CR-EOMCC(2,3)_A = -37.8994709033     ΔE_A = 0.0032972824     δ_A = -0.0016296083
   CR-EOMCC(2,3)_B = -37.8993939061     ΔE_B = 0.0033742796     δ_B = -0.0015526111
   CR-EOMCC(2,3)_C = -37.9001682127     ΔE_C = 0.0025999729     δ_C = -0.0023269177
   CR-EOMCC(2,3)_D = -37.9001290829     ΔE_D = 0.0026391027     δ_D = -0.0022877880

   State 3
   ---------
   EOMCCSD = -37.5186014513    ω = 0.4990687130
   CR-EOMCC(2,3)_A = -37.5207712103     ΔE_A = 0.3819969754     δ_A = -0.0021697590
   CR-EOMCC(2,3)_B = -37.5206558966     ΔE_B = 0.3821122891     δ_B = -0.0020544453
   CR-EOMCC(2,3)_C = -37.5217087877     ΔE_C = 0.3810593979     δ_C = -0.0031073364
   CR-EOMCC(2,3)_D = -37.5216701049     ΔE_D = 0.3810980807     δ_D = -0.0030686536

