   System Information:
   ----------------------------------------------------
     Number of correlated electrons = 10
     Number of correlated orbitals = 24
     Number of frozen orbitals = 0
     Number of alpha occupied orbitals = 5
     Number of alpha unoccupied orbitals = 19
     Number of beta occupied orbitals = 5
     Number of beta unoccupied orbitals = 19
     Charge = 0
     Point group = C2V
     Symmetry of reference = A1
     Spin multiplicity of reference = 1

      MO #        Energy (a.u.)      Symmetry    Occupation
-----------------------------------------------------------
         1           -20.549991            A1           2.0
         2            -1.322999            A1           2.0
         3            -0.700200            B2           2.0
         4            -0.551000            A1           2.0
         5            -0.489500            B1           2.0
         6             0.183200            A1           0.0
         7             0.253000            B2           0.0
         8             0.798300            B2           0.0
         9             0.809800            A1           0.0
        10             1.162600            A1           0.0
        11             1.201799            B1           0.0
        12             1.247899            B2           0.0
        13             1.453899            A2           0.0
        14             1.498099            A1           0.0
        15             1.702199            B1           0.0
        16             1.882599            B2           0.0
        17             1.885199            A1           0.0
        18             2.429799            B2           0.0
        19             2.436699            A1           0.0
        20             3.238099            B1           0.0
        21             3.343799            A2           0.0
        22             3.442899            A1           0.0
        23             3.904598            A1           0.0
        24             4.089498            B2           0.0

   Nuclear Repulsion Energy = 9.009354229662662
   Reference Energy = -76.02403850028135

Parsing external CI file up through quadruples
Hartree-Fock coefficient =  0.972489128487

Excitation Content
-------------------
Number of singles =  40
Number of doubles =  2692
Number of triples =  2668
Number of quadruples =  5036

External correction energy =  -0.2112348587144876
Performing Cluster Analysis
---------------------------
T1... done
T2... done
T3... done
T4... done
T vector energy =  -0.21123483896140688
   --------------------------------------------------
   Calculation type =  ECCC2_SLOW
   Maximum iterations = 80
   Convergence tolerance = 1e-07
   Energy shift = 0.0
   DIIS size =  6
   RHF symmetry = False
   --------------------------------------------------

   CC calculation started at 2022-10-11 18:48:00 

   Energy of initial guess =         0.0000000000

      Iter.     Residuum             δE                ΔE           Wall time
    ----------------------------------------------------------------------------
       0      0.2741415902     -0.1928420863     -0.1928420863     (0.0m 1.7s)
       1      0.0421175809     -0.0197602026     -0.2126022889     (0.0m 1.8s)
       2      0.0135739630     -0.0025585622     -0.2151608511     (0.0m 1.9s)
       3      0.0045935792     -0.0005112386     -0.2156720897     (0.0m 1.9s)
       4      0.0017243229     -0.0001599831     -0.2158320728     (0.0m 1.9s)
       5      0.0007232959     -0.0000601897     -0.2158922625     (0.0m 1.9s)
       6      0.0003272353     -0.0000243597     -0.2159166222     (0.0m 1.8s)
       7      0.0001552663     -0.0000101163     -0.2159267385     (0.0m 1.8s)
       8      0.0000759571     -0.0000042777     -0.2159310162     (0.0m 1.8s)
       9      0.0000379213     -0.0000018345     -0.2159328507     (0.0m 1.9s)
      10      0.0000002140     -0.0000014332     -0.2159342839     (0.0m 1.8s)
      11      0.0000000821     -0.0000000001     -0.2159342840     (0.0m 1.8s)
   ec-CC calculation successfully converged! (0.00m  22.09s)

   CC Calculation Summary
  --------------------------------------------------
   Reference energy                    -76.02403850
   CC correlation energy                -0.21593428
   Total CC energy                     -76.23997278

   CC calculation ended at 2022-10-11 18:48:22

   HBar CCSD construction finished in 0.00m 0.05s
   --------------------------------------------------
   Calculation type =  LEFT_CCSD
   Maximum iterations = 80
   Convergence tolerance = 1e-07
   Energy shift = 0.0
   DIIS size =  6
   RHF symmetry = False
   --------------------------------------------------

   CC calculation started at 2022-10-11 18:48:00 

   Energy of initial guess =         0.0000000000

      Iter.     Residuum              ω                δω           Wall time
    ----------------------------------------------------------------------------
       0      0.0372034040      0.1276158027      0.1276158027     (0.0m 0.0s)
       1      0.0052620868      0.0180875351     -0.1095282676     (0.0m 0.0s)
       2      0.0017516036      0.0060247025     -0.0120628326     (0.0m 0.0s)
       3      0.0007373581      0.0025367051     -0.0034879974     (0.0m 0.0s)
       4      0.0003555246      0.0012232048     -0.0013135002     (0.0m 0.0s)
       5      0.0001860048      0.0006399868     -0.0005832180     (0.0m 0.0s)
       6      0.0001036450      0.0003566183     -0.0002833686     (0.0m 0.0s)
       7      0.0000027142      0.0000093391     -0.0003472791     (0.0m 0.0s)
       8      0.0000006394      0.0000022001     -0.0000071391     (0.0m 0.0s)
       9      0.0000001328      0.0000004570     -0.0000017431     (0.0m 0.0s)
      10      0.0000000319      0.0000001097     -0.0000003473     (0.0m 0.0s)
      11      0.0000000081      0.0000000000     -0.0000000818     (0.0m 0.0s)
   Left CC calculation successfully converged! (0.00m  0.33s)

   Left-CC Calculation Summary
  --------------------------------------------------
   Converged        ω = 0.00000003       LR = 0.00000000

   Left CC calculation ended at 2022-10-11 18:48:22

   CC(P;3) Calculation Summary
   -------------------------------------
   Completed in  (0.00m  0.15s)

   CC(P) = -76.2399727843
   CC(P;3)_A = -76.2415109936     ΔE_A = -0.2174724933     δ_A = -0.0015382093
   CC(P;3)_B = -76.2414675820     ΔE_B = -0.2174290817     δ_B = -0.0014947977
   CC(P;3)_C = -76.2417990874     ΔE_C = -0.2177605871     δ_C = -0.0018263030
   CC(P;3)_D = -76.2417964921     ΔE_D = -0.2177579918     δ_D = -0.0018237078

