 +++ Keywords +++
 ------------------------------------------------------
 [uhf m1=100 m2=100 ]
 ------------------------------------------------------
 
 Number of Frozen Occ Orbitals:                     2
 Number of Alpha Electrons:                     9
 Number of Beta Electrons:                     9
 Number of All Orbitals:                    30
 Number of Act Occ orbitals:                   100
 Number of Act Vir orbitals:                   100
 conver=                     8
 shift=  0.000000000000000E+000
 shift1=  0.000000000000000E+000
 Full triples are treated
 active orbitals:                     3  to                    30
 OCC pairs :                     3  to                     9
 VIR pairs :                    10  to                    30
 onebody read success
 twobody read success
 Nuclear Repulsion Energy        15.178999760
 E(Ref)=  -198.420096282384     
 sucessful to read integrals
 sucessful to read integrals
 +++ ENTER UCCSDt0 PROGRAM +++
 UCCSDt0 calculation begin from: Sun May  8 12:29:01 2022
 err to restart
 All t3              12706091
 Start of iteration
  Cyc    E (Corr)          CPU Time
t2C    0 min  0.6 s
t2A    0 min  0.3 s
t2B    0 min  0.4 s
t1A    0 min  0.1 s
t1B    0 min  0.1 s
t3A    0 min  4.8 s
t3B    0 min  4.9 s
t3C    0 min  4.4 s
t3D    0 min  4.4 s
 ECornew= -0.575319562745035      dE=  0.575319562745035     
 E1A=     2.760334486834631E-008
 E1B=     2.296380292185296E-008
 E2A=    -2.557544566103283E-002
 E2B=    -2.557544566103283E-002
 E2C=    -0.524316983521262     
 E1A1A=  -1.079870723552954E-004
 E1A1B=   3.933546158578757E-004
 E1B1B=  -1.371060123571404E-004
   1  -198.99541585    0 min 20.1 s
 Unique  t3               1389640
 Unique nonzero t3                  1824
 Unique nonzero t3a                    43
 Unique nonzero t3b                    43
 Unique nonzero t3c                   869
 Unique nonzero t3d                   869
t2C    0 min  0.6 s
t2A    0 min  0.3 s
t2B    0 min  0.4 s
t1A    0 min  0.1 s
t1B    0 min  0.1 s
t3A    0 min  4.9 s
t3B    0 min  4.9 s
t3C    0 min  4.4 s
t3D    0 min  4.4 s
 ECornew= -0.615250805157143      dE=  3.993124241210788E-002
 E1A=     2.498655459928390E-008
 E1B=     2.480679789478034E-008
 E2A=    -3.208045173660933E-002
 E2B=    -3.194707700925067E-002
 E2C=    -0.551122637180449     
 E1A1A=  -2.025398612384199E-004
 E1A1B=   3.014911220156188E-004
 E1B1B=  -1.996402849631311E-004
   2  -199.03534709    0 min 20.1 s
 Unique  t3               1389640
 Unique nonzero t3                  1824
 Unique nonzero t3a                    43
 Unique nonzero t3b                    43
 Unique nonzero t3c                   869
 Unique nonzero t3d                   869
t2C    0 min  0.6 s
t2A    0 min  0.3 s
t2B    0 min  0.4 s
t1A    0 min  0.1 s
t1B    0 min  0.1 s
t3A    0 min  4.9 s
t3B    0 min  4.9 s
t3C    0 min  4.4 s
t3D    0 min  4.4 s
 ECornew= -0.632232040637969      dE=  1.698123548082631E-002
 E1A=     2.565629971376258E-008
 E1B=     2.561863860292220E-008
 E2A=    -3.319593587966271E-002
 E2B=    -3.316505683079427E-002
 E2C=    -0.565733584129316     
 E1A1A=  -2.290135862528335E-004
 E1A1B=   3.177469628521416E-004
 E1B1B=  -2.262484497339971E-004
   3  -199.05232832    0 min 20.1 s
 Unique  t3               1389640
 Unique nonzero t3                  1824
 Unique nonzero t3a                    43
 Unique nonzero t3b                    43
 Unique nonzero t3c                   869
 Unique nonzero t3d                   869
t2C    0 min  0.6 s
t2A    0 min  0.3 s
t2B    0 min  0.4 s
t1A    0 min  0.1 s
t1B    0 min  0.1 s
t3A    0 min  4.9 s
t3B    0 min  4.9 s
t3C    0 min  4.4 s
t3D    0 min  4.4 s
 ECornew= -0.632813423669118      dE=  5.813830311491852E-004
 E1A=     2.552083538620473E-008
 E1B=     2.558413370415531E-008
 E2A=    -3.388945175622441E-002
 E2B=    -3.387796106780410E-002
 E2C=    -0.564892400598611     
 E1A1A=  -2.350978091154428E-004
 E1A1B=   3.147290080993859E-004
 E1B1B=  -2.332925504315724E-004
   4  -199.05290971    0 min 20.0 s
 Unique  t3               1389640
 Unique nonzero t3                  1824
 Unique nonzero t3a                    43
 Unique nonzero t3b                    43
 Unique nonzero t3c                   869
 Unique nonzero t3d                   869
t2C    0 min  0.6 s
t2A    0 min  0.3 s
t2B    0 min  0.4 s
t1A    0 min  0.1 s
t1B    0 min  0.1 s
t3A    0 min  4.9 s
t3B    0 min  4.9 s
t3C    0 min  4.4 s
t3D    0 min  4.4 s
 ECornew= -0.636277997373269      dE=  3.464573704150986E-003
 E1A=     2.573081309992097E-008
 E1B=     2.571560586687442E-008
 E2A=    -3.391791230286075E-002
 E2B=    -3.391515624118853E-002
 E2C=    -0.568289050623228     
 E1A1A=  -2.388334650780964E-004
 E1A1B=   3.211376051732797E-004
 E1B1B=  -2.382337925057198E-004
   5  -199.05637428    0 min 20.0 s
 Unique  t3               1389640
 Unique nonzero t3                  1824
 Unique nonzero t3a                    43
 Unique nonzero t3b                    43
 Unique nonzero t3c                   869
 Unique nonzero t3d                   869
 initial DIIS
 ECornew= -0.636277997373269      dE=  0.000000000000000E+000
 E1A=     2.573081309992097E-008
 E1B=     2.571560586687442E-008
 E2A=    -3.391791230286075E-002
 E2B=    -3.391515624118853E-002
 E2C=    -0.568289050623228     
 E1A1A=  -2.388334650780964E-004
 E1A1B=   3.211376051732797E-004
 E1B1B=  -2.382337925057198E-004
   6  -199.05637428    0 min  0.1 s
 Unique  t3               1389640
 Unique nonzero t3                  1824
 Unique nonzero t3a                    43
 Unique nonzero t3b                    43
 Unique nonzero t3c                   869
 Unique nonzero t3d                   869
 err between DIIS -0.636277997373269     
t2C    0 min  0.6 s
t2A    0 min  0.3 s
t2B    0 min  0.4 s
t1A    0 min  0.1 s
t1B    0 min  0.1 s
t3A    0 min  4.9 s
t3B    0 min  4.9 s
t3C    0 min  4.4 s
t3D    0 min  4.4 s
 ECornew= -0.635564313864567      dE= -7.136835087024895E-004
 E1A=     2.564486593366068E-008
 E1B=     2.566469021522335E-008
 E2A=    -3.406315182593886E-002
 E2B=    -3.406102165702346E-002
 E2C=    -0.567281151731539     
 E1A1A=  -2.392688951822955E-004
 E1A1B=   3.191188639581304E-004
 E1B1B=  -2.388899283973041E-004
   7  -199.05566060    0 min 20.0 s
 Unique  t3               1389640
 Unique nonzero t3                  1824
 Unique nonzero t3a                    43
 Unique nonzero t3b                    43
 Unique nonzero t3c                   869
 Unique nonzero t3d                   869
t2C    0 min  0.6 s
t2A    0 min  0.3 s
t2B    0 min  0.4 s
t1A    0 min  0.1 s
t1B    0 min  0.1 s
t3A    0 min  4.9 s
t3B    0 min  4.9 s
t3C    0 min  4.4 s
t3D    0 min  4.4 s
 ECornew= -0.636537684166431      dE=  9.733703018641737E-004
 E1A=     2.571242144549052E-008
 E1B=     2.570476848309381E-008
 E2A=    -3.403313607992783E-002
 E2B=    -3.403287761909154E-002
 E2C=    -0.568312826201695     
 E1A1A=  -2.400513902195765E-004
 E1A1B=   3.211294474140221E-004
 E1B1B=  -2.399737401012224E-004
   8  -199.05663397    0 min 20.1 s
 Unique  t3               1389640
 Unique nonzero t3                  1824
 Unique nonzero t3a                    43
 Unique nonzero t3b                    43
 Unique nonzero t3c                   869
 Unique nonzero t3d                   869
t2C    0 min  0.6 s
t2A    0 min  0.3 s
t2B    0 min  0.4 s
t1A    0 min  0.1 s
t1B    0 min  0.1 s
t3A    0 min  4.9 s
t3B    0 min  5.1 s
t3C    0 min  4.4 s
t3D    0 min  4.4 s
 ECornew= -0.636149512673766      dE= -3.881714926647906E-004
 E1A=     2.567705158632415E-008
 E1B=     2.568366827354081E-008
 E2A=    -3.407346694448128E-002
 E2B=    -3.407298424370854E-002
 E2C=    -0.567843427480165     
 E1A1A=  -2.399866719548180E-004
 E1A1B=   3.202094645926267E-004
 E1B1B=  -2.399081587688883E-004
   9  -199.05624580    0 min 20.3 s
 Unique  t3               1389640
 Unique nonzero t3                  1824
 Unique nonzero t3a                    43
 Unique nonzero t3b                    43
 Unique nonzero t3c                   869
 Unique nonzero t3d                   869
t2C    0 min  0.5 s
t2A    0 min  0.3 s
t2B    0 min  0.4 s
t1A    0 min  0.1 s
t1B    0 min  0.1 s
t3A    0 min  4.9 s
t3B    0 min  4.9 s
t3C    0 min  4.4 s
t3D    0 min  4.4 s
 ECornew= -0.636466938460121      dE=  3.174257863554075E-004
 E1A=     2.570128435824666E-008
 E1B=     2.569808052129830E-008
 E2A=    -3.405716652774211E-002
 E2B=    -3.405720208045289E-002
 E2C=    -0.568193135210407     
 E1A1A=  -2.401921507775930E-004
 E1A1B=   3.208955065810225E-004
 E1B1B=  -2.401893966878839E-004
  10  -199.05656322    0 min 20.0 s
 Unique  t3               1389640
 Unique nonzero t3                  1824
 Unique nonzero t3a                    43
 Unique nonzero t3b                    43
 Unique nonzero t3c                   869
 Unique nonzero t3d                   869
 DIIS begin from: Sun May  8 12:32:08 2022
 DIIS calculation over on: Sun May  8 12:32:24 2022
CPU time:   0 days  0 hours  0 minutes  7.4 seconds.
Wall time:  0 days  0 hours  0 minutes   16 seconds.
DIIS    0 min  7.4 s
 ECornew= -0.636360297367677      dE= -1.066410924449590E-004
 E1A=     2.570147805836308E-008
 E1B=     2.569856363253346E-008
 E2A=    -3.406525324762756E-002
 E2B=    -3.406731732411242E-002
 E2C=    -0.568068107096220     
 E1A1A=  -2.402371167464126E-004
 E1A1B=   3.207324748327838E-004
 E1B1B=  -2.401664578447485E-004
  11  -199.05645658    0 min  7.5 s
 Unique  t3               1389640
 Unique nonzero t3                  1824
 Unique nonzero t3a                    43
 Unique nonzero t3b                    43
 Unique nonzero t3c                   869
 Unique nonzero t3d                   869
 err between DIIS -8.229999440734215E-005
t2C    0 min  0.6 s
t2A    0 min  0.3 s
t2B    0 min  0.4 s
t1A    0 min  0.1 s
t1B    0 min  0.1 s
t3A    0 min  4.9 s
t3B    0 min  4.9 s
t3C    0 min  4.4 s
t3D    0 min  4.4 s
 ECornew= -0.636384069817190      dE=  2.377244951368152E-005
 E1A=     2.569633380119457E-008
 E1B=     2.569567821344165E-008
 E2A=    -3.406663692056802E-002
 E2B=    -3.406668453216409E-002
 E2C=    -0.568091119737033     
 E1A1A=  -2.401985502843749E-004
 E1A1B=   3.207029340731445E-004
 E1B1B=  -2.401844032254939E-004
  12  -199.05648035    0 min 20.0 s
 Unique  t3               1389640
 Unique nonzero t3                  1824
 Unique nonzero t3a                    43
 Unique nonzero t3b                    43
 Unique nonzero t3c                   869
 Unique nonzero t3d                   869
t2C    0 min  0.6 s
t2A    0 min  0.3 s
t2B    0 min  0.4 s
t1A    0 min  0.1 s
t1B    0 min  0.1 s
t3A    0 min  4.9 s
t3B    0 min  4.9 s
t3C    0 min  4.4 s
t3D    0 min  4.4 s
 ECornew= -0.636376745277251      dE= -7.324539938791119E-006
 E1A=     2.569467945987629E-008
 E1B=     2.569471759347222E-008
 E2A=    -3.406704601965224E-002
 E2B=    -3.406702267813393E-002
 E2C=    -0.568083040150346     
 E1A1A=  -2.401855970151536E-004
 E1A1B=   3.206790814165700E-004
 E1B1B=  -2.401813029176058E-004
  13  -199.05647303    0 min 20.0 s
 Unique  t3               1389640
 Unique nonzero t3                  1824
 Unique nonzero t3a                    43
 Unique nonzero t3b                    43
 Unique nonzero t3c                   869
 Unique nonzero t3d                   869
t2C    0 min  0.6 s
t2A    0 min  0.3 s
t2B    0 min  0.4 s
t1A    0 min  0.1 s
t1B    0 min  0.1 s
t3A    0 min  4.9 s
t3B    0 min  4.9 s
t3C    0 min  4.4 s
t3D    0 min  4.4 s
 ECornew= -0.636381115504596      dE=  4.370227344230315E-006
 E1A=     2.569495636102304E-008
 E1B=     2.569489336774315E-008
 E2A=    -3.406665093781173E-002
 E2B=    -3.406664641469043E-002
 E2C=    -0.568088187985471     
 E1A1A=  -2.401859247344949E-004
 E1A1B=   3.206894850020490E-004
 E1B1B=  -2.401851167398800E-004
  14  -199.05647740    0 min 20.1 s
 Unique  t3               1389640
 Unique nonzero t3                  1824
 Unique nonzero t3a                    43
 Unique nonzero t3b                    43
 Unique nonzero t3c                   869
 Unique nonzero t3d                   869
t2C    0 min  0.5 s
t2A    0 min  0.3 s
t2B    0 min  0.4 s
t1A    0 min  0.1 s
t1B    0 min  0.1 s
t3A    0 min  4.9 s
t3B    0 min  4.9 s
t3C    0 min  4.4 s
t3D    0 min  4.4 s
 ECornew= -0.636378513414180      dE= -2.602090415915193E-006
 E1A=     2.569477572473908E-008
 E1B=     2.569481146176674E-008
 E2A=    -3.406679523425544E-002
 E2B=    -3.406679184249795E-002
 E2C=    -0.568085293462585     
 E1A1A=  -2.401840643785061E-004
 E1A1B=   3.206833848980643E-004
 E1B1B=  -2.401835849485262E-004
  15  -199.05647480    0 min 20.0 s
 Unique  t3               1389640
 Unique nonzero t3                  1824
 Unique nonzero t3a                    43
 Unique nonzero t3b                    43
 Unique nonzero t3c                   869
 Unique nonzero t3d                   869
 DIIS begin from: Sun May  8 12:33:48 2022
 DIIS calculation over on: Sun May  8 12:34:04 2022
CPU time:   0 days  0 hours  0 minutes  7.4 seconds.
Wall time:  0 days  0 hours  0 minutes   16 seconds.
DIIS    0 min  7.4 s
 ECornew= -0.636378773752661      dE=  2.603384811061815E-007
 E1A=     2.569517518023550E-008
 E1B=     2.569518371554895E-008
 E2A=    -3.406626041175197E-002
 E2B=    -3.406637488336550E-002
 E2C=    -0.568086510228850     
 E1A1A=  -2.401818776758113E-004
 E1A1B=   3.206890759138238E-004
 E1B1B=  -2.401868172907384E-004
  16  -199.05647506    0 min  7.5 s
 Unique  t3               1389640
 Unique nonzero t3                  1824
 Unique nonzero t3a                    43
 Unique nonzero t3b                    43
 Unique nonzero t3c                   869
 Unique nonzero t3d                   869
 err between DIIS -1.847638498431170E-005
t2C    0 min  0.6 s
t2A    0 min  0.3 s
t2B    0 min  0.4 s
t1A    0 min  0.1 s
t1B    0 min  0.1 s
t3A    0 min  4.9 s
t3B    0 min  4.9 s
t3C    0 min  4.4 s
t3D    0 min  4.4 s
 ECornew= -0.636379177847417      dE=  4.040947566563702E-007
 E1A=     2.569531276565521E-008
 E1B=     2.569532602853759E-008
 E2A=    -3.406663611863344E-002
 E2B=    -3.406664969769647E-002
 E2C=    -0.568086259832236     
 E1A1A=  -2.401835326554103E-004
 E1A1B=   3.206847720699692E-004
 E1B1B=  -2.401848289049417E-004
  17  -199.05647546    0 min 20.0 s
 Unique  t3               1389640
 Unique nonzero t3                  1824
 Unique nonzero t3a                    43
 Unique nonzero t3b                    43
 Unique nonzero t3c                   869
 Unique nonzero t3d                   869
t2C    0 min  0.6 s
t2A    0 min  0.3 s
t2B    0 min  0.4 s
t1A    0 min  0.1 s
t1B    0 min  0.1 s
t3A    0 min  4.9 s
t3B    0 min  4.9 s
t3C    0 min  4.4 s
t3D    0 min  4.4 s
 ECornew= -0.636379694067973      dE=  5.162205556352717E-007
 E1A=     2.569538515220130E-008
 E1B=     2.569537995994861E-008
 E2A=    -3.406667982517884E-002
 E2B=    -3.406668305624044E-002
 E2C=    -0.568086699299285     
 E1A1A=  -2.401839346708273E-004
 E1A1B=   3.206849909148051E-004
 E1B1B=  -2.401843342773843E-004
  18  -199.05647598    0 min 20.0 s
 Unique  t3               1389640
 Unique nonzero t3                  1824
 Unique nonzero t3a                    43
 Unique nonzero t3b                    43
 Unique nonzero t3c                   869
 Unique nonzero t3d                   869
t2C    0 min  0.6 s
t2A    0 min  0.3 s
t2B    0 min  0.4 s
t1A    0 min  0.1 s
t1B    0 min  0.1 s
t3A    0 min  4.9 s
t3B    0 min  4.9 s
t3C    0 min  4.4 s
t3D    0 min  4.4 s
 ECornew= -0.636379485336855      dE= -2.087311180565266E-007
 E1A=     2.569538031051357E-008
 E1B=     2.569538152754992E-008
 E2A=    -3.406671557222624E-002
 E2B=    -3.406671629055522E-002
 E2C=    -0.568086421516795     
 E1A1A=  -2.401838373836929E-004
 E1A1B=   3.206844266549086E-004
 E1B1B=  -2.401839373119578E-004
  19  -199.05647577    0 min 20.0 s
 Unique  t3               1389640
 Unique nonzero t3                  1824
 Unique nonzero t3a                    43
 Unique nonzero t3b                    43
 Unique nonzero t3c                   869
 Unique nonzero t3d                   869
t2C    0 min  0.6 s
t2A    0 min  0.3 s
t2B    0 min  0.4 s
t1A    0 min  0.1 s
t1B    0 min  0.1 s
t3A    0 min  4.9 s
t3B    0 min  4.9 s
t3C    0 min  4.4 s
t3D    0 min  4.5 s
 ECornew= -0.636379603866962      dE=  1.185301070627531E-007
 E1A=     2.569539294834639E-008
 E1B=     2.569539055985606E-008
 E2A=    -3.406671280324065E-002
 E2B=    -3.406671309781208E-002
 E2C=    -0.568086546219900     
 E1A1A=  -2.401838884913789E-004
 E1A1B=   3.206846828058083E-004
 E1B1B=  -2.401839311077472E-004
  20  -199.05647589    0 min 20.1 s
 Unique  t3               1389640
 Unique nonzero t3                  1824
 Unique nonzero t3a                    43
 Unique nonzero t3b                    43
 Unique nonzero t3c                   869
 Unique nonzero t3d                   869
 DIIS begin from: Sun May  8 12:35:27 2022
 DIIS calculation over on: Sun May  8 12:35:43 2022
CPU time:   0 days  0 hours  0 minutes  6.9 seconds.
Wall time:  0 days  0 hours  0 minutes   16 seconds.
DIIS    0 min  6.9 s
 ECornew= -0.636379568929105      dE= -3.493785694086426E-008
 E1A=     2.569539992601825E-008
 E1B=     2.569539780435450E-008
 E2A=    -3.406671781222505E-002
 E2B=    -3.406671782880197E-002
 E2C=    -0.568086501421262     
 E1A1A=  -2.401838781423595E-004
 E1A1B=   3.206845158019520E-004
 E1B1B=  -2.401838952736159E-004
  21  -199.05647585    0 min  7.0 s
 Unique  t3               1389640
 Unique nonzero t3                  1824
 Unique nonzero t3a                    43
 Unique nonzero t3b                    43
 Unique nonzero t3c                   869
 Unique nonzero t3d                   869
 err between DIIS -7.951764443570042E-007
t2C    0 min  0.6 s
t2A    0 min  0.3 s
t2B    0 min  0.4 s
t1A    0 min  0.1 s
t1B    0 min  0.1 s
t3A    0 min  4.9 s
t3B    0 min  4.9 s
t3C    0 min  4.4 s
t3D    0 min  4.4 s
 ECornew= -0.636379565715710      dE= -3.213395549650500E-009
 E1A=     2.569539881299186E-008
 E1B=     2.569539765824961E-008
 E2A=    -3.406671769490022E-002
 E2B=    -3.406671773080455E-002
 E2C=    -0.568086498521366     
 E1A1A=  -2.401838577143010E-004
 E1A1B=   3.206845671298740E-004
 E1B1B=  -2.401838688504831E-004
  22  -199.05647585    0 min 20.0 s
 Unique  t3               1389640
 Unique nonzero t3                  1824
 Unique nonzero t3a                    43
 Unique nonzero t3b                    43
 Unique nonzero t3c                   869
 Unique nonzero t3d                   869
t2C    0 min  0.6 s
t2A    0 min  0.3 s
t2B    0 min  0.4 s
t1A    0 min  0.1 s
t1B    0 min  0.1 s
t3A    0 min  4.9 s
