   System Information:
   ----------------------------------------------------
     Number of correlated electrons = 14
     Number of correlated orbitals = 58
     Number of frozen orbitals = 2
     Number of alpha occupied orbitals = 7
     Number of alpha unoccupied orbitals = 51
     Number of beta occupied orbitals = 7
     Number of beta unoccupied orbitals = 51
     Charge = 0
     Point group = D2H
     Symmetry of reference = AG
     Spin multiplicity of reference = 1

      MO #        Energy (a.u.)      Symmetry    Occupation
-----------------------------------------------------------
         1           -26.448889            AG           2.0
         2           -26.448889           B1U           2.0
         3            -1.607399            AG           2.0
         4            -1.599199           B1U           2.0
         5            -0.741100           B2U           2.0
         6            -0.741100           B3U           2.0
         7            -0.737400           B3G           2.0
         8            -0.737400           B2G           2.0
         9            -0.492100            AG           2.0
        10            -0.259900           B1U           0.0
        11             0.802400            AG           0.0
        12             0.862700           B2U           0.0
        13             0.862700           B3U           0.0
        14             0.927800           B3G           0.0
        15             0.927800           B2G           0.0
        16             1.009200           B1U           0.0
        17             1.111700            AG           0.0
        18             1.281299           B1U           0.0
        19             2.186299            AG           0.0
        20             2.192999           B2U           0.0
        21             2.192999           B3U           0.0
        22             2.197899           B3G           0.0
        23             2.197899           B2G           0.0
        24             2.208799            AG           0.0
        25             2.208799           B1G           0.0
        26             2.208899           B1U           0.0
        27             2.208899            AU           0.0
        28             2.211699           B1U           0.0
        29             4.913998            AG           0.0
        30             4.949598           B2U           0.0
        31             4.949598           B3U           0.0
        32             4.994298           B3G           0.0
        33             4.994298           B2G           0.0
        34             5.094198           B1U           0.0
        35             7.262597            AG           0.0
        36             7.263797           B1U           0.0
        37             7.269997           B3U           0.0
        38             7.269997           B2U           0.0
        39             7.270297           B2G           0.0
        40             7.270297           B3G           0.0
        41             7.292497            AG           0.0
        42             7.292497           B1G           0.0
        43             7.292497            AU           0.0
        44             7.292497           B1U           0.0
        45             7.330097           B3U           0.0
        46             7.330097           B2U           0.0
        47             7.330097           B2G           0.0
        48             7.330097           B3G           0.0
        49             8.710096            AG           0.0
        50             8.716996           B1U           0.0
        51             8.721996           B2U           0.0
        52             8.721996           B3U           0.0
        53             8.723196           B2G           0.0
        54             8.723196           B3G           0.0
        55             8.757296            AG           0.0
        56             8.757296           B1G           0.0
        57             8.757296            AU           0.0
        58             8.757296           B1U           0.0
        59             9.381596            AG           0.0
        60             9.613296           B1U           0.0

   Nuclear Repulsion Energy = 15.178999760134326
   Reference Energy = -198.48327031053628

   Using P space file:  /scratch/gururang/test_ccpq_2ba/f2-2Re-pvtz/civecs-1000000.dat
   Number of triples in P space =  143530
   Number of aaa =  5739
   Number of aab =  66026
   Number of abb =  66026
   Number of bbb =  5739
   --------------------------------------------------
   Calculation type =  CCSDT_P
   Maximum iterations = 500
   Convergence tolerance = 1e-08
   Energy shift = 0.0
   DIIS size =  6
   RHF symmetry = False
   --------------------------------------------------

   CC calculation started at 2022-05-09 20:47:00 

   Energy of initial guess =         0.0000000000

      Iter.     Residuum             δE                ΔE           Wall time
    ----------------------------------------------------------------------------
       0      0.7913754451     -0.6777118606     -0.6777118606     (7.0m 4.1s)
       1      0.2918976075     -0.0565019730     -0.7342138336    (7.0m 58.4s)
       2      0.0839164048     -0.0094188811     -0.7436327147     (8.0m 0.9s)
       3      0.0315806120     -0.0057103560     -0.7493430707    (8.0m 34.9s)
       4      0.0111235125     -0.0013829475     -0.7507260182    (8.0m 57.3s)
       5      0.0055275969     -0.0011080060     -0.7518340242     (9.0m 1.9s)
       6      0.0019630820     -0.0001733426     -0.7520073668    (9.0m 11.8s)
       7      0.0011535182     -0.0002483620     -0.7522557288    (9.0m 15.9s)
       8      0.0004143226     -0.0000060683     -0.7522617972    (9.0m 26.1s)
       9      0.0002927598     -0.0000630511     -0.7523248483   (10.0m 32.1s)
      10      0.0000633153     -0.0000110152     -0.7523358635    (10.0m 3.4s)
      11      0.0000258964      0.0000001363     -0.7523357272    (10.0m 4.0s)
      12      0.0000054494      0.0000005481     -0.7523351791   (10.0m 28.2s)
      13      0.0000018891      0.0000001027     -0.7523350763   (10.0m 47.7s)
      14      0.0000010998      0.0000000035     -0.7523350728   (10.0m 21.5s)
      15      0.0000008283      0.0000000094     -0.7523350634    (10.0m 5.0s)
      16      0.0000004857     -0.0000000024     -0.7523350658   (10.0m 32.9s)
      17      0.0000002018      0.0000000012     -0.7523350647    (10.0m 6.2s)
      18      0.0000000993     -0.0000000009     -0.7523350656    (10.0m 4.1s)
      19      0.0000000727     -0.0000000022     -0.7523350678   (10.0m 15.1s)
      20      0.0000000391      0.0000000028     -0.7523350650   (10.0m 35.1s)
      21      0.0000000184     -0.0000000018     -0.7523350667   (10.0m 27.6s)
      22      0.0000000057      0.0000000011     -0.7523350656    (8.0m 22.5s)
   CC calculation successfully converged! (220.00m  16.77s)

   CC Calculation Summary
  --------------------------------------------------
   Reference energy                   -198.48327031
   CC correlation energy                -0.75233507
   Total CC energy                    -199.23560538

   CC calculation ended at 2022-05-10 00:27:47

HBar CCSD construction finished in 0.00m 4.21s
   --------------------------------------------------
   Calculation type =  LEFT_CCSD
   Maximum iterations = 500
   Convergence tolerance = 1e-08
   Energy shift = 0.0
   DIIS size =  6
   RHF symmetry = False
   --------------------------------------------------

   CC calculation started at 2022-05-10 00:27:00 

   Energy of initial guess =         0.0000000000

      Iter.     Residuum              ω                δω           Wall time
    ----------------------------------------------------------------------------
       0      1.6166728293      0.0000000000      2.0035809139     (0.0m 1.2s)
       1      0.5267583670      0.0000000000     -1.2587678322     (0.0m 1.0s)
       2      0.2002324806      0.0000000000     -0.4325348063     (0.0m 1.0s)
       3      0.1699971655      0.0000000000     -0.0279458948     (0.0m 1.0s)
       4      0.1125957791      0.0000000000     -0.0863956795     (0.0m 1.0s)
       5      0.0811838276      0.0000000000     -0.0501883365     (0.0m 1.1s)
       6      0.0568202861      0.0000000000     -0.0418116040     (0.0m 1.1s)
       7      0.0010680419      0.0000000000     -0.1038306969     (0.0m 1.0s)
       8      0.0002633585      0.0000000000     -0.0015867805     (0.0m 1.1s)
       9      0.0000814286      0.0000000000     -0.0003587352     (0.0m 1.1s)
      10      0.0000426982      0.0000000000     -0.0000763643     (0.0m 1.1s)
      11      0.0000333289      0.0000000000     -0.0000184724     (0.0m 1.1s)
      12      0.0000253006      0.0000000000     -0.0000158289     (0.0m 1.0s)
      13      0.0000154667      0.0000000000     -0.0000193883     (0.0m 1.0s)
      14      0.0000046379      0.0000000000     -0.0000213502     (0.0m 1.1s)
      15      0.0000014088      0.0000000000     -0.0000063665     (0.0m 1.1s)
      16      0.0000006410      0.0000000000     -0.0000015138     (0.0m 1.0s)
      17      0.0000002237      0.0000000000     -0.0000008226     (0.0m 1.1s)
      18      0.0000000922      0.0000000000     -0.0000002592     (0.0m 1.1s)
      19      0.0000000244      0.0000000000     -0.0000001337     (0.0m 1.0s)
      20      0.0000000116      0.0000000000     -0.0000000253     (0.0m 1.0s)
      21      0.0000000088      0.0000000000     -0.0000000055     (0.0m 1.0s)
   Left CC calculation successfully converged! (0.00m  23.23s)

   Left-CC Calculation Summary
  --------------------------------------------------
   Converged        ω = 0.00000002       LR = 0.00000000

   Left CC calculation ended at 2022-05-10 00:28:25

   CC(P;3) Calculation Summary
   -------------------------------------
   Completed in  (0.00m  17.55s)

   CC(P) = -199.2356053762
   CC(P;3)_A = -199.2384576745     ΔE_A = -0.7551873639     δ_A = -0.0028522983
   CC(P;3)_B = -199.2383668528     ΔE_B = -0.7550965422     δ_B = -0.0027614766
   CC(P;3)_C = -199.2386852046     ΔE_C = -0.7554148940     δ_C = -0.0030798284
   CC(P;3)_D = -199.2386776600     ΔE_D = -0.7554073494     δ_D = -0.0030722838

