   System Information:
   ----------------------------------------------------
     Number of correlated electrons = 10
     Number of correlated orbitals = 24
     Number of frozen orbitals = 0
     Number of alpha occupied orbitals = 5
     Number of alpha unoccupied orbitals = 19
     Number of beta occupied orbitals = 5
     Number of beta unoccupied orbitals = 19
     Charge = 0
     Point group = C2V
     Symmetry of reference = A1
     Spin multiplicity of reference = 1

      MO #        Energy (a.u.)      Symmetry    Occupation
-----------------------------------------------------------
         1           -20.549991            A1           2.0
         2            -1.322999            A1           2.0
         3            -0.700200            B2           2.0
         4            -0.551000            A1           2.0
         5            -0.489500            B1           2.0
         6             0.183200            A1           0.0
         7             0.253000            B2           0.0
         8             0.798300            B2           0.0
         9             0.809800            A1           0.0
        10             1.162600            A1           0.0
        11             1.201799            B1           0.0
        12             1.247899            B2           0.0
        13             1.453899            A2           0.0
        14             1.498099            A1           0.0
        15             1.702199            B1           0.0
        16             1.882599            B2           0.0
        17             1.885199            A1           0.0
        18             2.429799            B2           0.0
        19             2.436699            A1           0.0
        20             3.238099            B1           0.0
        21             3.343799            A2           0.0
        22             3.442899            A1           0.0
        23             3.904598            A1           0.0
        24             4.089498            B2           0.0

   Nuclear Repulsion Energy = 9.009354229662662
   Reference Energy = -76.02403850028135

Parsing external CI file up through quadruples
Hartree-Fock coefficient =  -0.970235293424

Excitation Content
-------------------
Number of singles =  66
Number of doubles =  3338
Number of triples =  59972
Number of quadruples =  382827

External correction energy =  -0.2173860353736093
Performing Cluster Analysis
---------------------------
T1... done
T2... done
T3... done
T4... done
T vector energy =  -0.21738603596645487
   --------------------------------------------------
   Calculation type =  ECCC2_SLOW
   Maximum iterations = 80
   Convergence tolerance = 1e-07
   Energy shift = 0.0
   DIIS size =  6
   RHF symmetry = False
   --------------------------------------------------

   CC calculation started at 2022-10-11 18:50:00 

   Energy of initial guess =         0.0000000000

      Iter.     Residuum             δE                ΔE           Wall time
    ----------------------------------------------------------------------------
       0      0.2769795748     -0.1944304919     -0.1944304919     (0.0m 1.7s)
       1      0.0426411170     -0.0199162107     -0.2143467026     (0.0m 1.7s)
       2      0.0137709735     -0.0025761237     -0.2169228264     (0.0m 1.8s)
       3      0.0046823975     -0.0005147741     -0.2174376005     (0.0m 1.7s)
       4      0.0017697174     -0.0001611480     -0.2175987485     (0.0m 1.7s)
       5      0.0007472675     -0.0000606251     -0.2176593736     (0.0m 1.7s)
       6      0.0003398192     -0.0000245309     -0.2176839045     (0.0m 1.7s)
       7      0.0001618085     -0.0000101846     -0.2176940890     (0.0m 1.7s)
       8      0.0000793246     -0.0000043055     -0.2176983946     (0.0m 1.7s)
       9      0.0000396392     -0.0000018461     -0.2177002407     (0.0m 1.7s)
      10      0.0000002203     -0.0000014418     -0.2177016825     (0.0m 1.7s)
      11      0.0000000840     -0.0000000002     -0.2177016827     (0.0m 1.7s)
   ec-CC calculation successfully converged! (0.00m  20.53s)

   CC Calculation Summary
  --------------------------------------------------
   Reference energy                    -76.02403850
   CC correlation energy                -0.21770168
   Total CC energy                     -76.24174018

   CC calculation ended at 2022-10-11 18:51:06

   HBar CCSD construction finished in 0.00m 0.05s
   --------------------------------------------------
   Calculation type =  LEFT_CCSD
   Maximum iterations = 80
   Convergence tolerance = 1e-07
   Energy shift = 0.0
   DIIS size =  6
   RHF symmetry = False
   --------------------------------------------------

   CC calculation started at 2022-10-11 18:51:00 

   Energy of initial guess =         0.0000000000

      Iter.     Residuum              ω                δω           Wall time
    ----------------------------------------------------------------------------
       0      0.0484935279      0.1662592086      0.1662592086     (0.0m 0.0s)
       1      0.0070088339      0.0240912834     -0.1421679253     (0.0m 0.0s)
       2      0.0023669308      0.0081429698     -0.0159483136     (0.0m 0.0s)
       3      0.0010394457      0.0035770864     -0.0045658834     (0.0m 0.0s)
       4      0.0005227542      0.0017992074     -0.0017778790     (0.0m 0.0s)
       5      0.0002833207      0.0009751878     -0.0008240196     (0.0m 0.0s)
       6      0.0001620715      0.0005578660     -0.0004173218     (0.0m 0.0s)
       7      0.0000037719      0.0000129837     -0.0005448823     (0.0m 0.0s)
       8      0.0000008012      0.0000027579     -0.0000102259     (0.0m 0.0s)
       9      0.0000001779      0.0000006124     -0.0000021455     (0.0m 0.0s)
      10      0.0000000399      0.0000001373     -0.0000004751     (0.0m 0.0s)
      11      0.0000000105      0.0000000362     -0.0000001011     (0.0m 0.0s)
      12      0.0000000022      0.0000000000     -0.0000000287     (0.0m 0.0s)
   Left CC calculation successfully converged! (0.00m  0.35s)

   Left-CC Calculation Summary
  --------------------------------------------------
   Converged        ω = 0.00000001       LR = 0.00000000

   Left CC calculation ended at 2022-10-11 18:51:06

   CC(P;3) Calculation Summary
   -------------------------------------
   Completed in  (0.00m  0.14s)

   CC(P) = -76.2417401830
   CC(P;3)_A = -76.2417529625     ΔE_A = -0.2177144622     δ_A = -0.0000127795
   CC(P;3)_B = -76.2417527484     ΔE_B = -0.2177142481     δ_B = -0.0000125654
   CC(P;3)_C = -76.2417545357     ΔE_C = -0.2177160354     δ_C = -0.0000143527
   CC(P;3)_D = -76.2417545281     ΔE_D = -0.2177160278     δ_D = -0.0000143451

