   System Information:
   ----------------------------------------------------
     Number of correlated electrons = 14
     Number of correlated orbitals = 28
     Number of frozen orbitals = 2
     Number of alpha occupied orbitals = 7
     Number of alpha unoccupied orbitals = 21
     Number of beta occupied orbitals = 7
     Number of beta unoccupied orbitals = 21
     Charge = 0
     Point group = D2H
     Symmetry of reference = AG
     Spin multiplicity of reference = 1

      MO #        Energy (a.u.)      Symmetry    Occupation
-----------------------------------------------------------
         1           -26.443089            AG           2.0
         2           -26.442989           B1U           2.0
         3            -1.597199            AG           2.0
         4            -1.589099           B1U           2.0
         5            -0.725600           B2U           2.0
         6            -0.725600           B3U           2.0
         7            -0.722400           B3G           2.0
         8            -0.722400           B2G           2.0
         9            -0.479000            AG           2.0
        10            -0.250900           B1U           0.0
        11             1.296299            AG           0.0
        12             1.356299           B3U           0.0
        13             1.356299           B2U           0.0
        14             1.389499           B2G           0.0
        15             1.389499           B3G           0.0
        16             1.483199           B1U           0.0
        17             1.541899            AG           0.0
        18             1.637199           B1U           0.0
        19             3.890298            AG           0.0
        20             3.893598           B1U           0.0
        21             3.896698           B3U           0.0
        22             3.896698           B2U           0.0
        23             3.897898           B2G           0.0
        24             3.897898           B3G           0.0
        25             3.913598            AG           0.0
        26             3.913598           B1G           0.0
        27             3.913598            AU           0.0
        28             3.913598           B1U           0.0
        29             7.541697            AG           0.0
        30             7.601697           B1U           0.0

   Nuclear Repulsion Energy = 15.178999760134326
   Reference Energy = -198.42009628238407

   Using P space file:  /scratch/gururang/test_ccpq_2ba/civecs-100.dat
   Number of triples in P space =  24
   Number of aaa =  0
   Number of aab =  12
   Number of abb =  12
   Number of bbb =  0
   --------------------------------------------------
   Calculation type =  CCSDT_P
   Maximum iterations = 500
   Convergence tolerance = 1e-08
   Energy shift = 0.0
   DIIS size =  6
   RHF symmetry = False
   --------------------------------------------------

   CC calculation started at 2022-05-08 14:06:00 

   Energy of initial guess =         0.0000000000

      Iter.     Residuum             δE                ΔE           Wall time
    ----------------------------------------------------------------------------
       0      0.7786017428     -0.5760306831     -0.5760306831    (0.0m 12.5s)
       1      0.2102451435     -0.0058128019     -0.5818434850    (0.0m 14.2s)
       2      0.0639866294     -0.0185585262     -0.6004020113    (0.0m 14.1s)
       3      0.0169521623      0.0046633333     -0.5957386779    (0.0m 16.2s)
       4      0.0149429539     -0.0050657227     -0.6008044006    (0.0m 15.3s)
       5      0.0060334346      0.0021569541     -0.5986474465    (0.0m 15.4s)
       6      0.0045764805     -0.0016192295     -0.6002666761    (0.0m 15.5s)
       7      0.0023317310      0.0008368827     -0.5994297934    (0.0m 15.4s)
       8      0.0015584811     -0.0005497052     -0.5999794985    (0.0m 15.5s)
       9      0.0008985061      0.0003074665     -0.5996720320    (0.0m 20.3s)
      10      0.0000504330     -0.0001264704     -0.5997985024    (0.0m 19.8s)
      11      0.0000132463      0.0000015757     -0.5997969268    (0.0m 19.8s)
      12      0.0000016912      0.0000005793     -0.5997963475    (0.0m 21.2s)
      13      0.0000003644      0.0000000564     -0.5997962911    (0.0m 18.8s)
      14      0.0000001508      0.0000000060     -0.5997962851    (0.0m 18.2s)
      15      0.0000000446     -0.0000000045     -0.5997962896    (0.0m 18.0s)
      16      0.0000000136      0.0000000015     -0.5997962881    (0.0m 17.9s)
      17      0.0000000048     -0.0000000004     -0.5997962885    (0.0m 12.9s)
   CC calculation successfully converged! (5.00m  1.09s)

   CC Calculation Summary
  --------------------------------------------------
   Reference energy                   -198.42009628
   CC correlation energy                -0.59979629
   Total CC energy                    -199.01989257

   CC calculation ended at 2022-05-08 14:11:48

HBar CCSD construction finished in 0.00m 0.15s
   --------------------------------------------------
   Calculation type =  LEFT_CCSD
   Maximum iterations = 500
   Convergence tolerance = 1e-08
   Energy shift = 0.0
   DIIS size =  6
   RHF symmetry = False
   --------------------------------------------------

   CC calculation started at 2022-05-08 14:11:00 

   Energy of initial guess =         0.0000000000

      Iter.     Residuum              ω                δω           Wall time
    ----------------------------------------------------------------------------
       0      0.9818310237      0.0000000000      1.3460424265     (0.0m 0.1s)
       1      0.2477662426      0.0000000000     -0.9801882042     (0.0m 0.1s)
       2      0.1043161360      0.0000000000     -0.2024951268     (0.0m 0.1s)
       3      0.0868863196      0.0000000000     -0.0215615153     (0.0m 0.1s)
       4      0.0597533642      0.0000000000     -0.0413202438     (0.0m 0.1s)
       5      0.0430774833      0.0000000000     -0.0264799580     (0.0m 0.1s)
       6      0.0306043765      0.0000000000     -0.0206188918     (0.0m 0.1s)
       7      0.0006490631      0.0000000000     -0.0522025361     (0.0m 0.1s)
       8      0.0002007285      0.0000000000     -0.0008123068     (0.0m 0.1s)
       9      0.0001578390      0.0000000000     -0.0000777099     (0.0m 0.1s)
      10      0.0001416807      0.0000000000     -0.0000292803     (0.0m 0.1s)
      11      0.0001107107      0.0000000000     -0.0000560995     (0.0m 0.1s)
      12      0.0000454097      0.0000000000     -0.0001182944     (0.0m 0.1s)
      13      0.0000124165      0.0000000000     -0.0000597667     (0.0m 0.1s)
      14      0.0000041880      0.0000000000     -0.0000149062     (0.0m 0.1s)
      15      0.0000014371      0.0000000000     -0.0000049833     (0.0m 0.1s)
      16      0.0000004125      0.0000000000     -0.0000018561     (0.0m 0.1s)
      17      0.0000001149      0.0000000000     -0.0000005390     (0.0m 0.1s)
      18      0.0000000529      0.0000000000     -0.0000001123     (0.0m 0.1s)
      19      0.0000000337      0.0000000000     -0.0000000347     (0.0m 0.1s)
      20      0.0000000270      0.0000000000     -0.0000000121     (0.0m 0.1s)
      21      0.0000000225      0.0000000000     -0.0000000083     (0.0m 0.1s)
      22      0.0000000176      0.0000000000     -0.0000000088     (0.0m 0.1s)
      23      0.0000000110      0.0000000000     -0.0000000120     (0.0m 0.1s)
      24      0.0000000045      0.0000000000     -0.0000000118     (0.0m 0.1s)
      25      0.0000000013      0.0000000000     -0.0000000057     (0.0m 0.1s)
   Left CC calculation successfully converged! (0.00m  2.75s)

   Left-CC Calculation Summary
  --------------------------------------------------
   Converged        ω = 0.00000000       LR = 0.00000000

   Left CC calculation ended at 2022-05-08 14:11:51

   CC(P;3) Calculation Summary
   -------------------------------------
   Completed in  (0.00m  0.74s)

   CC(P) = -199.0198925709
   CC(P;3)_A = -199.0525983309     ΔE_A = -0.6325020485     δ_A = -0.0327057600
   CC(P;3)_B = -199.0480827632     ΔE_B = -0.6279864808     δ_B = -0.0281901923
   CC(P;3)_C = -199.0582860684     ΔE_C = -0.6381897860     δ_C = -0.0383934975
   CC(P;3)_D = -199.0560977656     ΔE_D = -0.6360014833     δ_D = -0.0362051947

