   System Information:
   ----------------------------------------------------
     Number of correlated electrons = 14
     Number of correlated orbitals = 28
     Number of frozen orbitals = 2
     Number of alpha occupied orbitals = 7
     Number of alpha unoccupied orbitals = 21
     Number of beta occupied orbitals = 7
     Number of beta unoccupied orbitals = 21
     Charge = 0
     Point group = D2H
     Symmetry of reference = AG
     Spin multiplicity of reference = 1

      MO #        Energy (a.u.)      Symmetry    Occupation
-----------------------------------------------------------
         1           -26.443089            AG           2.0
         2           -26.442989           B1U           2.0
         3            -1.597199            AG           2.0
         4            -1.589099           B1U           2.0
         5            -0.725600           B2U           2.0
         6            -0.725600           B3U           2.0
         7            -0.722400           B3G           2.0
         8            -0.722400           B2G           2.0
         9            -0.479000            AG           2.0
        10            -0.250900           B1U           0.0
        11             1.296299            AG           0.0
        12             1.356299           B3U           0.0
        13             1.356299           B2U           0.0
        14             1.389499           B2G           0.0
        15             1.389499           B3G           0.0
        16             1.483199           B1U           0.0
        17             1.541899            AG           0.0
        18             1.637199           B1U           0.0
        19             3.890298            AG           0.0
        20             3.893598           B1U           0.0
        21             3.896698           B3U           0.0
        22             3.896698           B2U           0.0
        23             3.897898           B2G           0.0
        24             3.897898           B3G           0.0
        25             3.913598            AG           0.0
        26             3.913598           B1G           0.0
        27             3.913598            AU           0.0
        28             3.913598           B1U           0.0
        29             7.541697            AG           0.0
        30             7.601697           B1U           0.0

   Nuclear Repulsion Energy = 15.178999760134326
   Reference Energy = -198.42009628238407

   Using P space file:  /scratch/gururang/test_ccpq_2ba/civecs-1000.dat
   Number of triples in P space =  124
   Number of aaa =  0
   Number of aab =  62
   Number of abb =  62
   Number of bbb =  0
   --------------------------------------------------
   Calculation type =  CCSDT_P
   Maximum iterations = 500
   Convergence tolerance = 1e-08
   Energy shift = 0.0
   DIIS size =  6
   RHF symmetry = False
   --------------------------------------------------

   CC calculation started at 2022-05-08 14:12:00 

   Energy of initial guess =         0.0000000000

      Iter.     Residuum             δE                ΔE           Wall time
    ----------------------------------------------------------------------------
       0      0.7864866105     -0.5760306831     -0.5760306831    (0.0m 12.4s)
       1      0.2304892977     -0.0233282031     -0.5993588862    (0.0m 14.2s)
       2      0.0637537638     -0.0145665277     -0.6139254139    (0.0m 14.2s)
       3      0.0146865819      0.0008329957     -0.6130924182    (0.0m 16.2s)
       4      0.0114042245     -0.0034920912     -0.6165845094    (0.0m 15.4s)
       5      0.0033773767      0.0010281319     -0.6155563775    (0.0m 15.5s)
       6      0.0031203271     -0.0010542325     -0.6166106100    (0.0m 15.5s)
       7      0.0013999538      0.0004812652     -0.6161293449    (0.0m 15.5s)
       8      0.0010516852     -0.0003576546     -0.6164869995    (0.0m 15.5s)
       9      0.0005982378      0.0001931305     -0.6162938690    (0.0m 20.4s)
      10      0.0000513641     -0.0000863238     -0.6163801928    (0.0m 19.9s)
      11      0.0000130547      0.0000015999     -0.6163785929    (0.0m 19.9s)
      12      0.0000016570      0.0000005318     -0.6163780611    (0.0m 19.6s)
      13      0.0000003349      0.0000000557     -0.6163780054    (0.0m 20.0s)
      14      0.0000001477      0.0000000054     -0.6163780000    (0.0m 19.8s)
      15      0.0000000380     -0.0000000056     -0.6163780056    (0.0m 19.8s)
      16      0.0000000147      0.0000000017     -0.6163780039    (0.0m 19.9s)
      17      0.0000000058     -0.0000000003     -0.6163780042    (0.0m 13.4s)
   CC calculation successfully converged! (5.00m  7.08s)

   CC Calculation Summary
  --------------------------------------------------
   Reference energy                   -198.42009628
   CC correlation energy                -0.61637800
   Total CC energy                    -199.03647429

   CC calculation ended at 2022-05-08 14:17:07

HBar CCSD construction finished in 0.00m 0.15s
   --------------------------------------------------
   Calculation type =  LEFT_CCSD
   Maximum iterations = 500
   Convergence tolerance = 1e-08
   Energy shift = 0.0
   DIIS size =  6
   RHF symmetry = False
   --------------------------------------------------

   CC calculation started at 2022-05-08 14:17:00 

   Energy of initial guess =         0.0000000000

      Iter.     Residuum              ω                δω           Wall time
    ----------------------------------------------------------------------------
       0      1.1382230121      0.0000000000      1.4990927104     (0.0m 0.1s)
       1      0.3141556777      0.0000000000     -1.0429746472     (0.0m 0.1s)
       2      0.1414212504      0.0000000000     -0.2347779248     (0.0m 0.1s)
       3      0.1149461233      0.0000000000     -0.0315626831     (0.0m 0.1s)
       4      0.0790568590      0.0000000000     -0.0541330984     (0.0m 0.1s)
       5      0.0565033690      0.0000000000     -0.0360145065     (0.0m 0.1s)
       6      0.0399003355      0.0000000000     -0.0279007199     (0.0m 0.1s)
       7      0.0007112929      0.0000000000     -0.0703888860     (0.0m 0.1s)
       8      0.0001918128      0.0000000000     -0.0009788708     (0.0m 0.1s)
       9      0.0001381169      0.0000000000     -0.0001011728     (0.0m 0.1s)
      10      0.0001209349      0.0000000000     -0.0000323774     (0.0m 0.1s)
      11      0.0000959038      0.0000000000     -0.0000471535     (0.0m 0.1s)
      12      0.0000430718      0.0000000000     -0.0000995290     (0.0m 0.1s)
      13      0.0000118717      0.0000000000     -0.0000587762     (0.0m 0.1s)
      14      0.0000038506      0.0000000000     -0.0000151108     (0.0m 0.1s)
      15      0.0000012932      0.0000000000     -0.0000048177     (0.0m 0.1s)
      16      0.0000003649      0.0000000000     -0.0000017489     (0.0m 0.1s)
      17      0.0000001013      0.0000000000     -0.0000004965     (0.0m 0.1s)
      18      0.0000000465      0.0000000000     -0.0000001033     (0.0m 0.1s)
      19      0.0000000272      0.0000000000     -0.0000000363     (0.0m 0.1s)
      20      0.0000000209      0.0000000000     -0.0000000119     (0.0m 0.1s)
      21      0.0000000174      0.0000000000     -0.0000000066     (0.0m 0.1s)
      22      0.0000000122      0.0000000000     -0.0000000098     (0.0m 0.1s)
      23      0.0000000051      0.0000000000     -0.0000000132     (0.0m 0.1s)
      24      0.0000000018      0.0000000000     -0.0000000063     (0.0m 0.1s)
   Left CC calculation successfully converged! (0.00m  2.64s)

   Left-CC Calculation Summary
  --------------------------------------------------
   Converged        ω = 0.00000000       LR = 0.00000000

   Left CC calculation ended at 2022-05-08 14:17:10

   CC(P;3) Calculation Summary
   -------------------------------------
   Completed in  (0.00m  0.74s)

   CC(P) = -199.0364742866
   CC(P;3)_A = -199.0550081084     ΔE_A = -0.6349118260     δ_A = -0.0185338219
   CC(P;3)_B = -199.0527935998     ΔE_B = -0.6326973174     δ_B = -0.0163193133
   CC(P;3)_C = -199.0576338476     ΔE_C = -0.6375375653     δ_C = -0.0211595611
   CC(P;3)_D = -199.0567313790     ΔE_D = -0.6366350966     δ_D = -0.0202570924

