   System Information:
   ----------------------------------------------------
     Number of correlated electrons = 14
     Number of correlated orbitals = 28
     Number of frozen orbitals = 2
     Number of alpha occupied orbitals = 7
     Number of alpha unoccupied orbitals = 21
     Number of beta occupied orbitals = 7
     Number of beta unoccupied orbitals = 21
     Charge = 0
     Point group = D2H
     Symmetry of reference = AG
     Spin multiplicity of reference = 1

      MO #        Energy (a.u.)      Symmetry    Occupation
-----------------------------------------------------------
         1           -26.443089            AG           2.0
         2           -26.442989           B1U           2.0
         3            -1.597199            AG           2.0
         4            -1.589099           B1U           2.0
         5            -0.725600           B2U           2.0
         6            -0.725600           B3U           2.0
         7            -0.722400           B3G           2.0
         8            -0.722400           B2G           2.0
         9            -0.479000            AG           2.0
        10            -0.250900           B1U           0.0
        11             1.296299            AG           0.0
        12             1.356299           B3U           0.0
        13             1.356299           B2U           0.0
        14             1.389499           B2G           0.0
        15             1.389499           B3G           0.0
        16             1.483199           B1U           0.0
        17             1.541899            AG           0.0
        18             1.637199           B1U           0.0
        19             3.890298            AG           0.0
        20             3.893598           B1U           0.0
        21             3.896698           B3U           0.0
        22             3.896698           B2U           0.0
        23             3.897898           B2G           0.0
        24             3.897898           B3G           0.0
        25             3.913598            AG           0.0
        26             3.913598           B1G           0.0
        27             3.913598            AU           0.0
        28             3.913598           B1U           0.0
        29             7.541697            AG           0.0
        30             7.601697           B1U           0.0

   Nuclear Repulsion Energy = 15.178999760134326
   Reference Energy = -198.42009628238407

   Using P space file:  /scratch/gururang/test_ccpq_2ba/civecs-10000.dat
   Number of triples in P space =  3678
   Number of aaa =  111
   Number of aab =  1728
   Number of abb =  1728
   Number of bbb =  111
   --------------------------------------------------
   Calculation type =  CCSDT_P
   Maximum iterations = 500
   Convergence tolerance = 1e-08
   Energy shift = 0.0
   DIIS size =  6
   RHF symmetry = False
   --------------------------------------------------

   CC calculation started at 2022-05-08 14:22:00 

   Energy of initial guess =         0.0000000000

      Iter.     Residuum             δE                ΔE           Wall time
    ----------------------------------------------------------------------------
       0      0.7937431884     -0.5760306831     -0.5760306831    (0.0m 12.5s)
       1      0.2646708678     -0.0446488471     -0.6206795302    (0.0m 14.2s)
       2      0.0679328028     -0.0098170752     -0.6304966054    (0.0m 14.1s)
       3      0.0220292833     -0.0039050328     -0.6344016382    (0.0m 16.2s)
       4      0.0079086417     -0.0014925184     -0.6358941566    (0.0m 15.4s)
       5      0.0029561046     -0.0005043079     -0.6363984644    (0.0m 15.4s)
       6      0.0012549358     -0.0002475627     -0.6366460271    (0.0m 15.4s)
       7      0.0004917457     -0.0000574828     -0.6367035100    (0.0m 15.4s)
       8      0.0002927966     -0.0000479922     -0.6367515022    (0.0m 15.4s)
       9      0.0001866328     -0.0000026701     -0.6367541723    (0.0m 20.5s)
      10      0.0000509964     -0.0000145761     -0.6367687484    (0.0m 19.7s)
      11      0.0000130304      0.0000014202     -0.6367673282    (0.0m 19.7s)
      12      0.0000016269      0.0000004701     -0.6367668582    (0.0m 19.6s)
      13      0.0000002857      0.0000000595     -0.6367667987    (0.0m 21.0s)
      14      0.0000001027      0.0000000026     -0.6367667961    (0.0m 19.1s)
      15      0.0000000352     -0.0000000085     -0.6367668045    (0.0m 18.3s)
      16      0.0000000090      0.0000000042     -0.6367668004    (0.0m 12.9s)
   CC calculation successfully converged! (4.00m  44.84s)

   CC Calculation Summary
  --------------------------------------------------
   Reference energy                   -198.42009628
   CC correlation energy                -0.63676680
   Total CC energy                    -199.05686308

   CC calculation ended at 2022-05-08 14:26:54

HBar CCSD construction finished in 0.00m 0.16s
   --------------------------------------------------
   Calculation type =  LEFT_CCSD
   Maximum iterations = 500
   Convergence tolerance = 1e-08
   Energy shift = 0.0
   DIIS size =  6
   RHF symmetry = False
   --------------------------------------------------

   CC calculation started at 2022-05-08 14:26:00 

   Energy of initial guess =         0.0000000000

      Iter.     Residuum              ω                δω           Wall time
    ----------------------------------------------------------------------------
       0      1.3500665053      0.0000000000      1.6948645387     (0.0m 0.1s)
       1      0.3994435993      0.0000000000     -1.1268706866     (0.0m 0.1s)
       2      0.1890220256      0.0000000000     -0.2726354321     (0.0m 0.1s)
       3      0.1499189941      0.0000000000     -0.0446520727     (0.0m 0.1s)
       4      0.1027795253      0.0000000000     -0.0702775765     (0.0m 0.1s)
       5      0.0727424837      0.0000000000     -0.0482873872     (0.0m 0.1s)
       6      0.0509791306      0.0000000000     -0.0372842342     (0.0m 0.1s)
       7      0.0007862911      0.0000000000     -0.0933091358     (0.0m 0.1s)
       8      0.0001638139      0.0000000000     -0.0012255652     (0.0m 0.1s)
       9      0.0000842218      0.0000000000     -0.0001566744     (0.0m 0.1s)
      10      0.0000642157      0.0000000000     -0.0000393824     (0.0m 0.1s)
      11      0.0000540067      0.0000000000     -0.0000200931     (0.0m 0.1s)
      12      0.0000365373      0.0000000000     -0.0000343843     (0.0m 0.1s)
      13      0.0000127500      0.0000000000     -0.0000468190     (0.0m 0.1s)
      14      0.0000039304      0.0000000000     -0.0000173590     (0.0m 0.1s)
      15      0.0000013647      0.0000000000     -0.0000050501     (0.0m 0.1s)
      16      0.0000003898      0.0000000000     -0.0000019189     (0.0m 0.1s)
      17      0.0000001152      0.0000000000     -0.0000005405     (0.0m 0.1s)
      18      0.0000000484      0.0000000000     -0.0000001315     (0.0m 0.1s)
      19      0.0000000209      0.0000000000     -0.0000000540     (0.0m 0.1s)
      20      0.0000000129      0.0000000000     -0.0000000158     (0.0m 0.1s)
      21      0.0000000106      0.0000000000     -0.0000000045     (0.0m 0.1s)
      22      0.0000000088      0.0000000000     -0.0000000037     (0.0m 0.1s)
   Left CC calculation successfully converged! (0.00m  2.43s)

   Left-CC Calculation Summary
  --------------------------------------------------
   Converged        ω = 0.00000002       LR = 0.00000000

   Left CC calculation ended at 2022-05-08 14:26:57

   CC(P;3) Calculation Summary
   -------------------------------------
   Completed in  (0.00m  0.76s)

   CC(P) = -199.0568630828
   CC(P;3)_A = -199.0581069426     ΔE_A = -0.6380106602     δ_A = -0.0012438599
   CC(P;3)_B = -199.0580567839     ΔE_B = -0.6379605015     δ_B = -0.0011937011
   CC(P;3)_C = -199.0582492732     ΔE_C = -0.6381529908     δ_C = -0.0013861905
   CC(P;3)_D = -199.0582474332     ΔE_D = -0.6381511508     δ_D = -0.0013843505

