   System Information:
   ----------------------------------------------------
     Number of correlated electrons = 14
     Number of correlated orbitals = 28
     Number of frozen orbitals = 2
     Number of alpha occupied orbitals = 7
     Number of alpha unoccupied orbitals = 21
     Number of beta occupied orbitals = 7
     Number of beta unoccupied orbitals = 21
     Charge = 0
     Point group = D2H
     Symmetry of reference = AG
     Spin multiplicity of reference = 1

      MO #        Energy (a.u.)      Symmetry    Occupation
-----------------------------------------------------------
         1           -26.443089            AG           2.0
         2           -26.442989           B1U           2.0
         3            -1.597199            AG           2.0
         4            -1.589099           B1U           2.0
         5            -0.725600           B2U           2.0
         6            -0.725600           B3U           2.0
         7            -0.722400           B3G           2.0
         8            -0.722400           B2G           2.0
         9            -0.479000            AG           2.0
        10            -0.250900           B1U           0.0
        11             1.296299            AG           0.0
        12             1.356299           B3U           0.0
        13             1.356299           B2U           0.0
        14             1.389499           B2G           0.0
        15             1.389499           B3G           0.0
        16             1.483199           B1U           0.0
        17             1.541899            AG           0.0
        18             1.637199           B1U           0.0
        19             3.890298            AG           0.0
        20             3.893598           B1U           0.0
        21             3.896698           B3U           0.0
        22             3.896698           B2U           0.0
        23             3.897898           B2G           0.0
        24             3.897898           B3G           0.0
        25             3.913598            AG           0.0
        26             3.913598           B1G           0.0
        27             3.913598            AU           0.0
        28             3.913598           B1U           0.0
        29             7.541697            AG           0.0
        30             7.601697           B1U           0.0

   Nuclear Repulsion Energy = 15.178999760134326
   Reference Energy = -198.42009628238407

   Using P space file:  /scratch/gururang/test_ccpq_2ba/civecs-50000.dat
   Number of triples in P space =  9046
   Number of aaa =  314
   Number of aab =  4209
   Number of abb =  4209
   Number of bbb =  314
   --------------------------------------------------
   Calculation type =  CCSDT_P
   Maximum iterations = 500
   Convergence tolerance = 1e-08
   Energy shift = 0.0
   DIIS size =  6
   RHF symmetry = False
   --------------------------------------------------

   CC calculation started at 2022-05-08 14:27:00 

   Energy of initial guess =         0.0000000000

      Iter.     Residuum             δE                ΔE           Wall time
    ----------------------------------------------------------------------------
       0      0.7940504415     -0.5760306831     -0.5760306831    (0.0m 12.5s)
       1      0.2637671368     -0.0451396118     -0.6211702949    (0.0m 14.1s)
       2      0.0680342226     -0.0094562236     -0.6306265185    (0.0m 14.1s)
       3      0.0228695078     -0.0042017635     -0.6348282820    (0.0m 16.2s)
       4      0.0079174014     -0.0013895304     -0.6362178124    (0.0m 15.5s)
       5      0.0032129472     -0.0006138698     -0.6368316822    (0.0m 15.4s)
       6      0.0012157544     -0.0002020718     -0.6370337540    (0.0m 15.4s)
       7      0.0005560268     -0.0000962901     -0.6371300441    (0.0m 15.4s)
       8      0.0002756228     -0.0000284532     -0.6371584972    (0.0m 15.4s)
       9      0.0001942653     -0.0000168659     -0.6371753631    (0.0m 20.6s)
      10      0.0000477442     -0.0000089009     -0.6371842640    (0.0m 19.8s)
      11      0.0000149190      0.0000000567     -0.6371842073    (0.0m 19.8s)
      12      0.0000015334      0.0000007994     -0.6371834079    (0.0m 20.3s)
      13      0.0000003653     -0.0000000927     -0.6371835006    (0.0m 19.1s)
      14      0.0000001437     -0.0000000025     -0.6371835031    (0.0m 18.3s)
      15      0.0000000368      0.0000000097     -0.6371834934    (0.0m 17.9s)
      16      0.0000000106     -0.0000000016     -0.6371834950    (0.0m 18.0s)
      17      0.0000000084      0.0000000002     -0.6371834949    (0.0m 12.9s)
   CC calculation successfully converged! (5.00m  0.96s)

   CC Calculation Summary
  --------------------------------------------------
   Reference energy                   -198.42009628
   CC correlation energy                -0.63718349
   Total CC energy                    -199.05727978

   CC calculation ended at 2022-05-08 14:32:14

HBar CCSD construction finished in 0.00m 0.15s
   --------------------------------------------------
   Calculation type =  LEFT_CCSD
   Maximum iterations = 500
   Convergence tolerance = 1e-08
   Energy shift = 0.0
   DIIS size =  6
   RHF symmetry = False
   --------------------------------------------------

   CC calculation started at 2022-05-08 14:32:00 

   Energy of initial guess =         0.0000000000

      Iter.     Residuum              ω                δω           Wall time
    ----------------------------------------------------------------------------
       0      1.3512414840      0.0000000000      1.6966549518     (0.0m 0.1s)
       1      0.3999686008      0.0000000000     -1.1277921118     (0.0m 0.1s)
       2      0.1890499822      0.0000000000     -0.2733920766     (0.0m 0.1s)
       3      0.1499357085      0.0000000000     -0.0446777950     (0.0m 0.1s)
       4      0.1027708377      0.0000000000     -0.0703379079     (0.0m 0.1s)
       5      0.0727287778      0.0000000000     -0.0483090610     (0.0m 0.1s)
       6      0.0509643778      0.0000000000     -0.0372958233     (0.0m 0.1s)
       7      0.0007853809      0.0000000000     -0.0933036784     (0.0m 0.1s)
       8      0.0001642827      0.0000000000     -0.0012230682     (0.0m 0.1s)
       9      0.0000840342      0.0000000000     -0.0001579951     (0.0m 0.1s)
      10      0.0000637857      0.0000000000     -0.0000398666     (0.0m 0.1s)
      11      0.0000536489      0.0000000000     -0.0000199546     (0.0m 0.1s)
      12      0.0000364757      0.0000000000     -0.0000338074     (0.0m 0.1s)
      13      0.0000127738      0.0000000000     -0.0000466593     (0.0m 0.1s)
      14      0.0000039505      0.0000000000     -0.0000173696     (0.0m 0.1s)
      15      0.0000013742      0.0000000000     -0.0000050717     (0.0m 0.1s)
      16      0.0000003919      0.0000000000     -0.0000019336     (0.0m 0.1s)
      17      0.0000001164      0.0000000000     -0.0000005425     (0.0m 0.1s)
      18      0.0000000490      0.0000000000     -0.0000001326     (0.0m 0.1s)
      19      0.0000000214      0.0000000000     -0.0000000543     (0.0m 0.1s)
      20      0.0000000133      0.0000000000     -0.0000000159     (0.0m 0.1s)
      21      0.0000000110      0.0000000000     -0.0000000046     (0.0m 0.1s)
      22      0.0000000090      0.0000000000     -0.0000000038     (0.0m 0.1s)
   Left CC calculation successfully converged! (0.00m  2.44s)

   Left-CC Calculation Summary
  --------------------------------------------------
   Converged        ω = 0.00000002       LR = 0.00000000

   Left CC calculation ended at 2022-05-08 14:32:17

   CC(P;3) Calculation Summary
   -------------------------------------
   Completed in  (0.00m  0.77s)

   CC(P) = -199.0572797772
   CC(P;3)_A = -199.0581928805     ΔE_A = -0.6380965981     δ_A = -0.0009131032
   CC(P;3)_B = -199.0581579308     ΔE_B = -0.6380616484     δ_B = -0.0008781535
   CC(P;3)_C = -199.0582956819     ΔE_C = -0.6381993995     δ_C = -0.0010159046
   CC(P;3)_D = -199.0582947436     ΔE_D = -0.6381984613     δ_D = -0.0010149664

