   System Information:
   ----------------------------------------------------
     Number of correlated electrons = 14
     Number of correlated orbitals = 28
     Number of frozen orbitals = 2
     Number of alpha occupied orbitals = 7
     Number of alpha unoccupied orbitals = 21
     Number of beta occupied orbitals = 7
     Number of beta unoccupied orbitals = 21
     Charge = 0
     Point group = D2H
     Symmetry of reference = AG
     Spin multiplicity of reference = 1

      MO #        Energy (a.u.)      Symmetry    Occupation
-----------------------------------------------------------
         1           -26.426989            AG           2.0
         2           -26.426989           B1U           2.0
         3            -1.584299            AG           2.0
         4            -1.583999           B1U           2.0
         5            -0.714300           B2U           2.0
         6            -0.714300           B3U           2.0
         7            -0.714300           B3G           2.0
         8            -0.714300           B2G           2.0
         9            -0.398200            AG           2.0
        10            -0.322600           B1U           0.0
        11             1.379999           B2U           0.0
        12             1.379999           B3U           0.0
        13             1.379999           B3G           0.0
        14             1.379999           B2G           0.0
        15             1.412799            AG           0.0
        16             1.412799           B1U           0.0
        17             1.562599            AG           0.0
        18             1.562699           B1U           0.0
        19             3.900398            AG           0.0
        20             3.900498           B1U           0.0
        21             3.905898           B2U           0.0
        22             3.905898           B3U           0.0
        23             3.905998           B3G           0.0
        24             3.905998           B2G           0.0
        25             3.922198            AG           0.0
        26             3.922198           B1G           0.0
        27             3.922198           B1U           0.0
        28             3.922198            AU           0.0
        29             7.578497            AG           0.0
        30             7.578497           B1U           0.0

   Nuclear Repulsion Energy = 6.07159990405373
   Reference Energy = -198.32940264392445

   Using P space file:  /scratch/gururang/test_ccpq_2ba/f2-5Re/civecs-1000.dat
   Number of triples in P space =  296
   Number of aaa =  0
   Number of aab =  148
   Number of abb =  148
   Number of bbb =  0
   --------------------------------------------------
   Calculation type =  CCSDT_P
   Maximum iterations = 500
   Convergence tolerance = 1e-08
   Energy shift = 0.8
   DIIS size =  6
   RHF symmetry = False
   --------------------------------------------------

   CC calculation started at 2022-05-08 15:50:00 

   Energy of initial guess =         0.0000000000

      Iter.     Residuum             δE                ΔE           Wall time
    ----------------------------------------------------------------------------
       0      0.5133892851     -0.4728354507     -0.4728354507     (0.0m 7.3s)
       1      0.3055703532     -0.1469311709     -0.6197666216     (0.0m 8.7s)
       2      0.1812576581     -0.0567460083     -0.6765126299     (0.0m 8.6s)
       3      0.0939813681     -0.0248254836     -0.7013381135    (0.0m 10.2s)
       4      0.0460177857     -0.0116617741     -0.7129998876    (0.0m 10.3s)
       5      0.0221739037     -0.0056249902     -0.7186248778    (0.0m 10.2s)
       6      0.0107104102     -0.0027395675     -0.7213644453     (0.0m 9.4s)
       7      0.0052252499     -0.0013425118     -0.7227069570     (0.0m 9.9s)
       8      0.0025809749     -0.0006618871     -0.7233688442    (0.0m 10.1s)
       9      0.0012908135     -0.0003284230     -0.7236972672    (0.0m 12.4s)
      10      0.0000023983     -0.0003318783     -0.7240291455    (0.0m 11.0s)
      11      0.0000014414     -0.0000000521     -0.7240291976    (0.0m 11.3s)
      12      0.0000012420      0.0000000568     -0.7240291407    (0.0m 11.4s)
      13      0.0000010583     -0.0000000173     -0.7240291581    (0.0m 10.6s)
      14      0.0000005026      0.0000000043     -0.7240291538    (0.0m 10.3s)
      15      0.0000001249     -0.0000000041     -0.7240291579    (0.0m 10.4s)
      16      0.0000000166      0.0000000006     -0.7240291572    (0.0m 11.2s)
      17      0.0000000047      0.0000000010     -0.7240291562     (0.0m 7.7s)
   CC calculation successfully converged! (3.00m  1.13s)

   CC Calculation Summary
  --------------------------------------------------
   Reference energy                   -198.32940264
   CC correlation energy                -0.72402916
   Total CC energy                    -199.05343180

   CC calculation ended at 2022-05-08 15:53:56

HBar CCSD construction finished in 0.00m 0.12s
   --------------------------------------------------
   Calculation type =  LEFT_CCSD
   Maximum iterations = 500
   Convergence tolerance = 1e-08
   Energy shift = 0.8
   DIIS size =  6
   RHF symmetry = False
   --------------------------------------------------

   CC calculation started at 2022-05-08 15:53:00 

   Energy of initial guess =         0.0000000000

      Iter.     Residuum              ω                δω           Wall time
    ----------------------------------------------------------------------------
       0      1.6113505332      0.0000000000      1.8164874886     (0.0m 0.1s)
       1      0.3333178668      0.0000000000     -1.3951764356     (0.0m 0.1s)
       2      0.2783514657      0.0000000000     -0.0342087555     (0.0m 0.1s)
       3      0.2195559813      0.0000000000     -0.0574839475     (0.0m 0.1s)
       4      0.1678251425      0.0000000000     -0.0621618688     (0.0m 0.1s)
       5      0.1268753532      0.0000000000     -0.0557758775     (0.0m 0.1s)
       6      0.0955428317      0.0000000000     -0.0466233169     (0.0m 0.1s)
       7      0.0008820324      0.0000000000     -0.1633634746     (0.0m 0.1s)
       8      0.0002443443      0.0000000000     -0.0012245120     (0.0m 0.1s)
       9      0.0001005283      0.0000000000     -0.0002762161     (0.0m 0.1s)
      10      0.0000337374      0.0000000000     -0.0001282847     (0.0m 0.1s)
      11      0.0000080026      0.0000000000     -0.0000494288     (0.0m 0.1s)
      12      0.0000029118      0.0000000000     -0.0000097779     (0.0m 0.1s)
      13      0.0000015234      0.0000000000     -0.0000026669     (0.0m 0.1s)
      14      0.0000012454      0.0000000000     -0.0000005339     (0.0m 0.1s)
      15      0.0000010449      0.0000000000     -0.0000003850     (0.0m 0.1s)
      16      0.0000008638      0.0000000000     -0.0000003479     (0.0m 0.1s)
      17      0.0000005888      0.0000000000     -0.0000005282     (0.0m 0.1s)
      18      0.0000003782      0.0000000000     -0.0000004044     (0.0m 0.1s)
      19      0.0000002340      0.0000000000     -0.0000002770     (0.0m 0.1s)
      20      0.0000000860      0.0000000000     -0.0000002844     (0.0m 0.1s)
      21      0.0000000300      0.0000000000     -0.0000001075     (0.0m 0.1s)
      22      0.0000000161      0.0000000000     -0.0000000267     (0.0m 0.1s)
      23      0.0000000089      0.0000000000     -0.0000000138     (0.0m 0.1s)
      24      0.0000000049      0.0000000000     -0.0000000077     (0.0m 0.1s)
   Left CC calculation successfully converged! (0.00m  2.10s)

   Left-CC Calculation Summary
  --------------------------------------------------
   Converged        ω = 0.00000001       LR = 0.00000000

   Left CC calculation ended at 2022-05-08 15:53:59

   CC(P;3) Calculation Summary
   -------------------------------------
   Completed in  (0.00m  0.60s)

   CC(P) = -199.0534318002
   CC(P;3)_A = -199.0575398213     ΔE_A = -0.7281371774     δ_A = -0.0041080212
   CC(P;3)_B = -199.0569866773     ΔE_B = -0.7275840333     δ_B = -0.0035548771
   CC(P;3)_C = -199.0580232732     ΔE_C = -0.7286206293     δ_C = -0.0045914730
   CC(P;3)_D = -199.0578040743     ΔE_D = -0.7284014303     δ_D = -0.0043722741

