   System Information:
   ----------------------------------------------------
     Number of correlated electrons = 14
     Number of correlated orbitals = 28
     Number of frozen orbitals = 2
     Number of alpha occupied orbitals = 7
     Number of alpha unoccupied orbitals = 21
     Number of beta occupied orbitals = 7
     Number of beta unoccupied orbitals = 21
     Charge = 0
     Point group = D2H
     Symmetry of reference = AG
     Spin multiplicity of reference = 1

      MO #        Energy (a.u.)      Symmetry    Occupation
-----------------------------------------------------------
         1           -26.426989            AG           2.0
         2           -26.426989           B1U           2.0
         3            -1.584299            AG           2.0
         4            -1.583999           B1U           2.0
         5            -0.714300           B2U           2.0
         6            -0.714300           B3U           2.0
         7            -0.714300           B3G           2.0
         8            -0.714300           B2G           2.0
         9            -0.398200            AG           2.0
        10            -0.322600           B1U           0.0
        11             1.379999           B2U           0.0
        12             1.379999           B3U           0.0
        13             1.379999           B3G           0.0
        14             1.379999           B2G           0.0
        15             1.412799            AG           0.0
        16             1.412799           B1U           0.0
        17             1.562599            AG           0.0
        18             1.562699           B1U           0.0
        19             3.900398            AG           0.0
        20             3.900498           B1U           0.0
        21             3.905898           B2U           0.0
        22             3.905898           B3U           0.0
        23             3.905998           B3G           0.0
        24             3.905998           B2G           0.0
        25             3.922198            AG           0.0
        26             3.922198           B1G           0.0
        27             3.922198           B1U           0.0
        28             3.922198            AU           0.0
        29             7.578497            AG           0.0
        30             7.578497           B1U           0.0

   Nuclear Repulsion Energy = 6.07159990405373
   Reference Energy = -198.32940264392445

   Using P space file:  /scratch/gururang/test_ccpq_2ba/f2-5Re/civecs-100.dat
   Number of triples in P space =  36
   Number of aaa =  0
   Number of aab =  18
   Number of abb =  18
   Number of bbb =  0
   --------------------------------------------------
   Calculation type =  CCSDT_P
   Maximum iterations = 500
   Convergence tolerance = 1e-08
   Energy shift = 0.8
   DIIS size =  6
   RHF symmetry = False
   --------------------------------------------------

   CC calculation started at 2022-05-08 15:47:00 

   Energy of initial guess =         0.0000000000

      Iter.     Residuum             δE                ΔE           Wall time
    ----------------------------------------------------------------------------
       0      0.5075300295     -0.4728354507     -0.4728354507     (0.0m 7.3s)
       1      0.2754237735     -0.1356299641     -0.6084654148     (0.0m 8.7s)
       2      0.1510744228     -0.0462674301     -0.6547328449     (0.0m 8.8s)
       3      0.0753762735     -0.0193043518     -0.6740371966    (0.0m 10.8s)
       4      0.0364383572     -0.0090153614     -0.6830525580    (0.0m 10.5s)
       5      0.0175455317     -0.0043569590     -0.6874095170    (0.0m 11.3s)
       6      0.0085222446     -0.0021353531     -0.6895448701    (0.0m 10.6s)
       7      0.0041940484     -0.0010550549     -0.6905999251    (0.0m 10.3s)
       8      0.0020932851     -0.0005249875     -0.6911249126    (0.0m 10.1s)
       9      0.0010589735     -0.0002630325     -0.6913879451    (0.0m 12.3s)
      10      0.0000056188     -0.0002712998     -0.6916592449    (0.0m 11.4s)
      11      0.0000049449     -0.0000001057     -0.6916593505    (0.0m 11.0s)
      12      0.0000043354      0.0000001362     -0.6916592144    (0.0m 11.4s)
      13      0.0000026657     -0.0000000769     -0.6916592913    (0.0m 11.2s)
      14      0.0000005917     -0.0000000184     -0.6916593097    (0.0m 11.2s)
      15      0.0000001899      0.0000000255     -0.6916592841    (0.0m 10.4s)
      16      0.0000000689      0.0000000022     -0.6916592819    (0.0m 10.9s)
      17      0.0000000089     -0.0000000070     -0.6916592889     (0.0m 7.8s)
   CC calculation successfully converged! (3.00m  5.75s)

   CC Calculation Summary
  --------------------------------------------------
   Reference energy                   -198.32940264
   CC correlation energy                -0.69165929
   Total CC energy                    -199.02106193

   CC calculation ended at 2022-05-08 15:50:43

HBar CCSD construction finished in 0.00m 0.12s
   --------------------------------------------------
   Calculation type =  LEFT_CCSD
   Maximum iterations = 500
   Convergence tolerance = 1e-08
   Energy shift = 0.8
   DIIS size =  6
   RHF symmetry = False
   --------------------------------------------------

   CC calculation started at 2022-05-08 15:50:00 

   Energy of initial guess =         0.0000000000

      Iter.     Residuum              ω                δω           Wall time
    ----------------------------------------------------------------------------
       0      1.3061724180      0.0000000000      1.5627376420     (0.0m 0.1s)
       1      0.2439039938      0.0000000000     -1.2438277675     (0.0m 0.1s)
       2      0.1969542776      0.0000000000     -0.0421265301     (0.0m 0.1s)
       3      0.1573123306      0.0000000000     -0.0426608606     (0.0m 0.1s)
       4      0.1218738930      0.0000000000     -0.0444298625     (0.0m 0.1s)
       5      0.0933151581      0.0000000000     -0.0393312405     (0.0m 0.1s)
       6      0.0711426765      0.0000000000     -0.0326357371     (0.0m 0.1s)
       7      0.0008045779      0.0000000000     -0.1162756832     (0.0m 0.1s)
       8      0.0002204875      0.0000000000     -0.0010525305     (0.0m 0.1s)
       9      0.0000902173      0.0000000000     -0.0002348075     (0.0m 0.1s)
      10      0.0000315173      0.0000000000     -0.0001058103     (0.0m 0.1s)
      11      0.0000118047      0.0000000000     -0.0000355335     (0.0m 0.1s)
      12      0.0000091725      0.0000000000     -0.0000047446     (0.0m 0.1s)
      13      0.0000081709      0.0000000000     -0.0000018055     (0.0m 0.1s)
      14      0.0000073184      0.0000000000     -0.0000015367     (0.0m 0.1s)
      15      0.0000046500      0.0000000000     -0.0000048100     (0.0m 0.1s)
      16      0.0000019228      0.0000000000     -0.0000049161     (0.0m 0.1s)
      17      0.0000005615      0.0000000000     -0.0000024538     (0.0m 0.1s)
      18      0.0000002849      0.0000000000     -0.0000004987     (0.0m 0.1s)
      19      0.0000001346      0.0000000000     -0.0000002708     (0.0m 0.1s)
      20      0.0000000592      0.0000000000     -0.0000001359     (0.0m 0.1s)
      21      0.0000000283      0.0000000000     -0.0000000557     (0.0m 0.1s)
      22      0.0000000180      0.0000000000     -0.0000000186     (0.0m 0.1s)
      23      0.0000000147      0.0000000000     -0.0000000059     (0.0m 0.1s)
      24      0.0000000132      0.0000000000     -0.0000000027     (0.0m 0.1s)
      25      0.0000000118      0.0000000000     -0.0000000026     (0.0m 0.1s)
      26      0.0000000099      0.0000000000     -0.0000000034     (0.0m 0.1s)
   Left CC calculation successfully converged! (0.00m  2.22s)

   Left-CC Calculation Summary
  --------------------------------------------------
   Converged        ω = 0.00000002       LR = 0.00000000

   Left CC calculation ended at 2022-05-08 15:50:46

   CC(P;3) Calculation Summary
   -------------------------------------
   Completed in  (0.00m  0.56s)

   CC(P) = -199.0210619329
   CC(P;3)_A = -199.0550697654     ΔE_A = -0.7256671214     δ_A = -0.0340078325
   CC(P;3)_B = -199.0494720788     ΔE_B = -0.7200694349     δ_B = -0.0284101460
   CC(P;3)_C = -199.0591287805     ΔE_C = -0.7297261366     δ_C = -0.0380668477
   CC(P;3)_D = -199.0567484729     ΔE_D = -0.7273458290     δ_D = -0.0356865401

