   System Information:
   ----------------------------------------------------
     Number of correlated electrons = 14
     Number of correlated orbitals = 28
     Number of frozen orbitals = 2
     Number of alpha occupied orbitals = 7
     Number of alpha unoccupied orbitals = 21
     Number of beta occupied orbitals = 7
     Number of beta unoccupied orbitals = 21
     Charge = 0
     Point group = D2H
     Symmetry of reference = AG
     Spin multiplicity of reference = 1

      MO #        Energy (a.u.)      Symmetry    Occupation
-----------------------------------------------------------
         1           -26.426989            AG           2.0
         2           -26.426989           B1U           2.0
         3            -1.584299            AG           2.0
         4            -1.583999           B1U           2.0
         5            -0.714300           B2U           2.0
         6            -0.714300           B3U           2.0
         7            -0.714300           B3G           2.0
         8            -0.714300           B2G           2.0
         9            -0.398200            AG           2.0
        10            -0.322600           B1U           0.0
        11             1.379999           B2U           0.0
        12             1.379999           B3U           0.0
        13             1.379999           B3G           0.0
        14             1.379999           B2G           0.0
        15             1.412799            AG           0.0
        16             1.412799           B1U           0.0
        17             1.562599            AG           0.0
        18             1.562699           B1U           0.0
        19             3.900398            AG           0.0
        20             3.900498           B1U           0.0
        21             3.905898           B2U           0.0
        22             3.905898           B3U           0.0
        23             3.905998           B3G           0.0
        24             3.905998           B2G           0.0
        25             3.922198            AG           0.0
        26             3.922198           B1G           0.0
        27             3.922198           B1U           0.0
        28             3.922198            AU           0.0
        29             7.578497            AG           0.0
        30             7.578497           B1U           0.0

   Nuclear Repulsion Energy = 6.07159990405373
   Reference Energy = -198.32940264392445

   Using P space file:  /scratch/gururang/test_ccpq_2ba/f2-5Re/civecs-5000.dat
   Number of triples in P space =  2078
   Number of aaa =  64
   Number of aab =  975
   Number of abb =  975
   Number of bbb =  64
   --------------------------------------------------
   Calculation type =  CCSDT_P
   Maximum iterations = 500
   Convergence tolerance = 1e-08
   Energy shift = 0.8
   DIIS size =  6
   RHF symmetry = False
   --------------------------------------------------

   CC calculation started at 2022-05-08 15:54:00 

   Energy of initial guess =         0.0000000000

      Iter.     Residuum             δE                ΔE           Wall time
    ----------------------------------------------------------------------------
       0      0.5142359105     -0.4728354507     -0.4728354507     (0.0m 7.2s)
       1      0.3076352597     -0.1481697864     -0.6210052370     (0.0m 8.6s)
       2      0.1842165117     -0.0574646188     -0.6784698558     (0.0m 8.6s)
       3      0.0968938128     -0.0253631576     -0.7038330134    (0.0m 10.2s)
       4      0.0482231678     -0.0120984193     -0.7159314327     (0.0m 9.7s)
       5      0.0235962935     -0.0059258690     -0.7218573018     (0.0m 9.6s)
       6      0.0115526450     -0.0029263103     -0.7247836121     (0.0m 9.5s)
       7      0.0057021389     -0.0014517765     -0.7262353886     (0.0m 9.4s)
       8      0.0028448257     -0.0007236493     -0.7269590379     (0.0m 9.5s)
       9      0.0014351558     -0.0003626336     -0.7273216714    (0.0m 12.0s)
      10      0.0000024453     -0.0003727408     -0.7276944122    (0.0m 11.0s)
      11      0.0000018212     -0.0000000356     -0.7276944478    (0.0m 11.0s)
      12      0.0000015899      0.0000000145     -0.7276944333    (0.0m 10.8s)
      13      0.0000011794     -0.0000000031     -0.7276944363    (0.0m 10.6s)
      14      0.0000003966     -0.0000000052     -0.7276944416    (0.0m 10.4s)
      15      0.0000001054      0.0000000034     -0.7276944381    (0.0m 11.9s)
      16      0.0000000317      0.0000000050     -0.7276944332    (0.0m 11.2s)
      17      0.0000000132     -0.0000000028     -0.7276944359    (0.0m 11.3s)
      18      0.0000000015     -0.0000000027     -0.7276944386     (0.0m 7.3s)
   CC calculation successfully converged! (3.00m  9.60s)

   CC Calculation Summary
  --------------------------------------------------
   Reference energy                   -198.32940264
   CC correlation energy                -0.72769444
   Total CC energy                    -199.05709708

   CC calculation ended at 2022-05-08 15:57:17

HBar CCSD construction finished in 0.00m 0.12s
   --------------------------------------------------
   Calculation type =  LEFT_CCSD
   Maximum iterations = 500
   Convergence tolerance = 1e-08
   Energy shift = 0.8
   DIIS size =  6
   RHF symmetry = False
   --------------------------------------------------

   CC calculation started at 2022-05-08 15:57:00 

   Energy of initial guess =         0.0000000000

      Iter.     Residuum              ω                δω           Wall time
    ----------------------------------------------------------------------------
       0      1.6463157504      0.0000000000      1.8426321010     (0.0m 0.1s)
       1      0.3449035037      0.0000000000     -1.4085896397     (0.0m 0.1s)
       2      0.2883490816      0.0000000000     -0.0337449626     (0.0m 0.1s)
       3      0.2270532112      0.0000000000     -0.0592817269     (0.0m 0.1s)
       4      0.1732863721      0.0000000000     -0.0642702632     (0.0m 0.1s)
       5      0.1308163053      0.0000000000     -0.0577482055     (0.0m 0.1s)
       6      0.0983750669      0.0000000000     -0.0483116665     (0.0m 0.1s)
       7      0.0008921416      0.0000000000     -0.1689612905     (0.0m 0.1s)
       8      0.0002515791      0.0000000000     -0.0012380150     (0.0m 0.1s)
       9      0.0001036936      0.0000000000     -0.0002858751     (0.0m 0.1s)
      10      0.0000347050      0.0000000000     -0.0001333655     (0.0m 0.1s)
      11      0.0000084640      0.0000000000     -0.0000507281     (0.0m 0.1s)
      12      0.0000036749      0.0000000000     -0.0000092580     (0.0m 0.1s)
      13      0.0000024999      0.0000000000     -0.0000022716     (0.0m 0.1s)
      14      0.0000022110      0.0000000000     -0.0000005584     (0.0m 0.1s)
      15      0.0000018251      0.0000000000     -0.0000007459     (0.0m 0.1s)
      16      0.0000013151      0.0000000000     -0.0000009859     (0.0m 0.1s)
      17      0.0000006674      0.0000000000     -0.0000012523     (0.0m 0.1s)
      18      0.0000003829      0.0000000000     -0.0000005500     (0.0m 0.1s)
      19      0.0000002295      0.0000000000     -0.0000002966     (0.0m 0.1s)
      20      0.0000000840      0.0000000000     -0.0000002812     (0.0m 0.1s)
      21      0.0000000312      0.0000000000     -0.0000001021     (0.0m 0.1s)
      22      0.0000000173      0.0000000000     -0.0000000268     (0.0m 0.1s)
      23      0.0000000106      0.0000000000     -0.0000000130     (0.0m 0.1s)
      24      0.0000000072      0.0000000000     -0.0000000065     (0.0m 0.1s)
   Left CC calculation successfully converged! (0.00m  2.06s)

   Left-CC Calculation Summary
  --------------------------------------------------
   Converged        ω = 0.00000001       LR = 0.00000000

   Left CC calculation ended at 2022-05-08 15:57:19

   CC(P;3) Calculation Summary
   -------------------------------------
   Completed in  (0.00m  0.60s)

   CC(P) = -199.0570970826
   CC(P;3)_A = -199.0583752788     ΔE_A = -0.7289726348     δ_A = -0.0012781962
   CC(P;3)_B = -199.0583233430     ΔE_B = -0.7289206990     δ_B = -0.0012262604
   CC(P;3)_C = -199.0584934909     ΔE_C = -0.7290908470     δ_C = -0.0013964083
   CC(P;3)_D = -199.0584920464     ΔE_D = -0.7290894025     δ_D = -0.0013949638

