   System Information:
   ----------------------------------------------------
     Number of correlated electrons = 14
     Number of correlated orbitals = 28
     Number of frozen orbitals = 2
     Number of alpha occupied orbitals = 7
     Number of alpha unoccupied orbitals = 21
     Number of beta occupied orbitals = 7
     Number of beta unoccupied orbitals = 21
     Charge = 0
     Point group = D2H
     Symmetry of reference = AG
     Spin multiplicity of reference = 1

      MO #        Energy (a.u.)      Symmetry    Occupation
-----------------------------------------------------------
         1           -26.426989            AG           2.0
         2           -26.426989           B1U           2.0
         3            -1.584299            AG           2.0
         4            -1.583999           B1U           2.0
         5            -0.714300           B2U           2.0
         6            -0.714300           B3U           2.0
         7            -0.714300           B3G           2.0
         8            -0.714300           B2G           2.0
         9            -0.398200            AG           2.0
        10            -0.322600           B1U           0.0
        11             1.379999           B2U           0.0
        12             1.379999           B3U           0.0
        13             1.379999           B3G           0.0
        14             1.379999           B2G           0.0
        15             1.412799            AG           0.0
        16             1.412799           B1U           0.0
        17             1.562599            AG           0.0
        18             1.562699           B1U           0.0
        19             3.900398            AG           0.0
        20             3.900498           B1U           0.0
        21             3.905898           B2U           0.0
        22             3.905898           B3U           0.0
        23             3.905998           B3G           0.0
        24             3.905998           B2G           0.0
        25             3.922198            AG           0.0
        26             3.922198           B1G           0.0
        27             3.922198           B1U           0.0
        28             3.922198            AU           0.0
        29             7.578497            AG           0.0
        30             7.578497           B1U           0.0

   Nuclear Repulsion Energy = 6.07159990405373
   Reference Energy = -198.32940264392445

   Using P space file:  /scratch/gururang/test_ccpq_2ba/f2-5Re/civecs-50000.dat
   Number of triples in P space =  7996
   Number of aaa =  287
   Number of aab =  3711
   Number of abb =  3711
   Number of bbb =  287
   --------------------------------------------------
   Calculation type =  CCSDT_P
   Maximum iterations = 500
   Convergence tolerance = 1e-08
   Energy shift = 0.8
   DIIS size =  6
   RHF symmetry = False
   --------------------------------------------------

   CC calculation started at 2022-05-08 16:01:00 

   Energy of initial guess =         0.0000000000

      Iter.     Residuum             δE                ΔE           Wall time
    ----------------------------------------------------------------------------
       0      0.5144987807     -0.4728354507     -0.4728354507     (0.0m 7.2s)
       1      0.3075485714     -0.1485681544     -0.6214036051     (0.0m 8.8s)
       2      0.1841986559     -0.0575361575     -0.6789397626     (0.0m 8.7s)
       3      0.0971607422     -0.0253965624     -0.7043363250    (0.0m 10.5s)
       4      0.0485717865     -0.0121547880     -0.7164911131    (0.0m 10.8s)
       5      0.0238818104     -0.0059797373     -0.7224708504    (0.0m 10.9s)
       6      0.0117488309     -0.0029670400     -0.7254378904    (0.0m 10.1s)
       7      0.0058269597     -0.0014792282     -0.7269171186    (0.0m 10.0s)
       8      0.0029215514     -0.0007409940     -0.7276581125    (0.0m 10.8s)
       9      0.0014816225     -0.0003731879     -0.7280313005    (0.0m 12.7s)
      10      0.0000052528     -0.0003877784     -0.7284190789    (0.0m 10.7s)
      11      0.0000040958     -0.0000000469     -0.7284191257    (0.0m 11.1s)
      12      0.0000036529      0.0000000463     -0.7284190794    (0.0m 11.5s)
      13      0.0000027982      0.0000000330     -0.7284190464    (0.0m 10.7s)
      14      0.0000008688     -0.0000000736     -0.7284191201    (0.0m 11.0s)
      15      0.0000002741      0.0000000502     -0.7284190699    (0.0m 11.4s)
      16      0.0000000992     -0.0000000103     -0.7284190802    (0.0m 11.4s)
      17      0.0000000401     -0.0000000025     -0.7284190826    (0.0m 11.4s)
      18      0.0000000102     -0.0000000036     -0.7284190863    (0.0m 12.8s)
      19      0.0000000070      0.0000000004     -0.7284190858     (0.0m 9.3s)
   CC calculation successfully converged! (3.00m  31.84s)

   CC Calculation Summary
  --------------------------------------------------
   Reference energy                   -198.32940264
   CC correlation energy                -0.72841909
   Total CC energy                    -199.05782173

   CC calculation ended at 2022-05-08 16:05:13

HBar CCSD construction finished in 0.00m 0.13s
   --------------------------------------------------
   Calculation type =  LEFT_CCSD
   Maximum iterations = 500
   Convergence tolerance = 1e-08
   Energy shift = 0.8
   DIIS size =  6
   RHF symmetry = False
   --------------------------------------------------

   CC calculation started at 2022-05-08 16:05:00 

   Energy of initial guess =         0.0000000000

      Iter.     Residuum              ω                δω           Wall time
    ----------------------------------------------------------------------------
       0      1.6491095054      0.0000000000      1.8449556150     (0.0m 0.1s)
       1      0.3456885346      0.0000000000     -1.4100256955     (0.0m 0.1s)
       2      0.2891385886      0.0000000000     -0.0335568589     (0.0m 0.1s)
       3      0.2275996199      0.0000000000     -0.0595069762     (0.0m 0.1s)
       4      0.1736529867      0.0000000000     -0.0644833078     (0.0m 0.1s)
       5      0.1310618116      0.0000000000     -0.0579182257     (0.0m 0.1s)
       6      0.0985394508      0.0000000000     -0.0484418222     (0.0m 0.1s)
       7      0.0008966257      0.0000000000     -0.1692890787     (0.0m 0.1s)
       8      0.0002523860      0.0000000000     -0.0012455765     (0.0m 0.1s)
       9      0.0001039239      0.0000000000     -0.0002870969     (0.0m 0.1s)
      10      0.0000350386      0.0000000000     -0.0001332158     (0.0m 0.1s)
      11      0.0000090775      0.0000000000     -0.0000502058     (0.0m 0.1s)
      12      0.0000046861      0.0000000000     -0.0000084924     (0.0m 0.1s)
      13      0.0000036156      0.0000000000     -0.0000020703     (0.0m 0.1s)
      14      0.0000032497      0.0000000000     -0.0000007076     (0.0m 0.1s)
      15      0.0000025104      0.0000000000     -0.0000014298     (0.0m 0.1s)
      16      0.0000015128      0.0000000000     -0.0000019291     (0.0m 0.1s)
      17      0.0000006249      0.0000000000     -0.0000017172     (0.0m 0.1s)
      18      0.0000003532      0.0000000000     -0.0000005254     (0.0m 0.1s)
      19      0.0000002084      0.0000000000     -0.0000002800     (0.0m 0.1s)
      20      0.0000000793      0.0000000000     -0.0000002497     (0.0m 0.1s)
      21      0.0000000310      0.0000000000     -0.0000000934     (0.0m 0.1s)
      22      0.0000000179      0.0000000000     -0.0000000253     (0.0m 0.1s)
      23      0.0000000122      0.0000000000     -0.0000000111     (0.0m 0.1s)
      24      0.0000000094      0.0000000000     -0.0000000054     (0.0m 0.1s)
   Left CC calculation successfully converged! (0.00m  2.09s)

   Left-CC Calculation Summary
  --------------------------------------------------
   Converged        ω = 0.00000002       LR = 0.00000000

   Left CC calculation ended at 2022-05-08 16:05:16

   CC(P;3) Calculation Summary
   -------------------------------------
   Completed in  (0.00m  0.59s)

   CC(P) = -199.0578217297
   CC(P;3)_A = -199.0585968589     ΔE_A = -0.7291942150     δ_A = -0.0007751292
   CC(P;3)_B = -199.0585679807     ΔE_B = -0.7291653368     δ_B = -0.0007462510
   CC(P;3)_C = -199.0586643985     ΔE_C = -0.7292617545     δ_C = -0.0008426687
   CC(P;3)_D = -199.0586638674     ΔE_D = -0.7292612234     δ_D = -0.0008421376

