converged SCF energy = -231.548642299536
   System Information:
   ----------------------------------------------------
     Number of correlated electrons = 32
     Number of correlated orbitals = 64
     Number of frozen orbitals = 6
     Number of alpha occupied orbitals = 16
     Number of alpha unoccupied orbitals = 48
     Number of beta occupied orbitals = 16
     Number of beta unoccupied orbitals = 48
     Charge = 0
     Point group = D2
     Symmetry of reference = A
     Spin multiplicity of reference = 1

      MO #        Energy (a.u.)      Symmetry    Occupation
-----------------------------------------------------------
         1           -11.255858             A           2.0
         2           -11.255183            B1           2.0
         3           -11.239623            B2           2.0
         4           -11.239606            B3           2.0
         5           -11.239557            B1           2.0
         6           -11.239556             A           2.0
         7            -1.128262             A           2.0
         8            -1.034033            B1           2.0
         9            -0.932020            B3           2.0
        10            -0.902206            B2           2.0
        11            -0.804532             A           2.0
        12            -0.701643            B1           2.0
        13            -0.666577             A           2.0
        14            -0.630136            B3           2.0
        15            -0.588885            B1           2.0
        16            -0.588521            B2           2.0
        17            -0.546306            B3           2.0
        18            -0.528168            B2           2.0
        19            -0.492466             A           2.0
        20            -0.441237            B2           2.0
        21            -0.374735            B3           2.0
        22            -0.182433             A           2.0
        23            -0.021778            B1           0.0
        24             0.181394            B2           0.0
        25             0.259677             A           0.0
        26             0.264044            B3           0.0
        27             0.274356            B1           0.0
        28             0.304345            B3           0.0
        29             0.304403            B1           0.0
        30             0.307467             A           0.0
        31             0.337771            B2           0.0
        32             0.347286            B3           0.0
        33             0.376668            B2           0.0
        34             0.439127            B1           0.0
        35             0.446181             A           0.0
        36             0.518014            B3           0.0
        37             0.557490            B2           0.0
        38             0.593600            B1           0.0
        39             0.745605            B3           0.0
        40             0.756030             A           0.0
        41             0.761523            B2           0.0
        42             0.781580            B1           0.0
        43             0.809224             A           0.0
        44             0.822326            B3           0.0
        45             0.879736             A           0.0
        46             0.886567            B1           0.0
        47             0.900905            B1           0.0
        48             0.915353             A           0.0
        49             0.923604            B3           0.0
        50             0.932954            B2           0.0
        51             0.951166            B2           0.0
        52             1.003749            B3           0.0
        53             1.102781            B1           0.0
        54             1.142327             A           0.0
        55             1.146579            B2           0.0
        56             1.151456            B3           0.0
        57             1.224724            B1           0.0
        58             1.252276            B2           0.0
        59             1.253409             A           0.0
        60             1.265499            B2           0.0
        61             1.282055            B3           0.0
        62             1.306530            B1           0.0
        63             1.330316            B3           0.0
        64             1.346540            B2           0.0
        65             1.400349            B1           0.0
        66             1.452459             A           0.0
        67             1.537792            B2           0.0
        68             1.555799            B3           0.0
        69             1.664807             A           0.0
        70             1.734077            B1           0.0

   Nuclear Repulsion Energy = 207.32941328396564
   Reference Energy = -231.54864229953515

   --------------------------------------------------
   Calculation type =  CCSDT
   Maximum iterations = 200
   Convergence tolerance = 1e-07
   Energy shift = 0.0
   DIIS size =  6
   RHF symmetry = True
   --------------------------------------------------

   CC calculation started at 2022-09-16 18:18:00 

   Energy of initial guess =         0.0000000000

      Iter.     Residuum             δE                ΔE           Wall time
    ----------------------------------------------------------------------------
       0      0.7412983193     -0.5676886880     -0.5676886880   (18.0m 32.9s)
       1      0.2428058183     -0.0771372656     -0.6448259536   (22.0m 43.5s)
       2      0.1763663825     -0.0261396178     -0.6709655715   (22.0m 44.1s)
