   System Information:
   ----------------------------------------------------
     Number of correlated electrons = 10
     Number of correlated orbitals = 24
     Number of frozen orbitals = 0
     Number of alpha occupied orbitals = 5
     Number of alpha unoccupied orbitals = 19
     Number of beta occupied orbitals = 5
     Number of beta unoccupied orbitals = 19
     Charge = 0
     Point group = C2V
     Symmetry of reference = A1
     Spin multiplicity of reference = 1

      MO #        Energy (a.u.)      Symmetry    Occupation
-----------------------------------------------------------
         1           -20.549991            A1           2.0
         2            -1.322999            A1           2.0
         3            -0.700200            B2           2.0
         4            -0.551000            A1           2.0
         5            -0.489500            B1           2.0
         6             0.183200            A1           0.0
         7             0.253000            B2           0.0
         8             0.798300            B2           0.0
         9             0.809800            A1           0.0
        10             1.162600            A1           0.0
        11             1.201799            B1           0.0
        12             1.247899            B2           0.0
        13             1.453899            A2           0.0
        14             1.498099            A1           0.0
        15             1.702199            B1           0.0
        16             1.882599            B2           0.0
        17             1.885199            A1           0.0
        18             2.429799            B2           0.0
        19             2.436699            A1           0.0
        20             3.238099            B1           0.0
        21             3.343799            A2           0.0
        22             3.442899            A1           0.0
        23             3.904598            A1           0.0
        24             4.089498            B2           0.0

   Nuclear Repulsion Energy = 9.009354229662662
   Reference Energy = -76.02403850028135

Parsing external CI file up through quadruples
Hartree-Fock coefficient =  -0.975420092313

Excitation Content
-------------------
Number of singles =  10
Number of doubles =  1269
Number of triples =  0
Number of quadruples =  19

External correction energy =  -0.19623216472560573
Performing Cluster Analysis
---------------------------
T1... done
T2... done
T3... done
T4... done
T vector energy =  -0.19623248480187147
   --------------------------------------------------
   Calculation type =  ECCC2_SLOW
   Maximum iterations = 80
   Convergence tolerance = 1e-07
   Energy shift = 0.0
   DIIS size =  6
   RHF symmetry = False
   --------------------------------------------------

   CC calculation started at 2022-10-11 18:46:00 

   Energy of initial guess =         0.0000000000

      Iter.     Residuum             δE                ΔE           Wall time
    ----------------------------------------------------------------------------
       0      0.2708773534     -0.1912386914     -0.1912386914     (0.0m 2.0s)
       1      0.0416411678     -0.0196308084     -0.2108694998     (0.0m 1.8s)
       2      0.0134075539     -0.0025453406     -0.2134148404     (0.0m 1.8s)
       3      0.0045299337     -0.0005089041     -0.2139237445     (0.0m 2.0s)
       4      0.0016973466     -0.0001591261     -0.2140828707     (0.0m 2.4s)
       5      0.0007108890     -0.0000598604     -0.2141427311     (0.0m 2.4s)
       6      0.0003213359     -0.0000242294     -0.2141669605     (0.0m 1.9s)
       7      0.0001524218     -0.0000100663     -0.2141770268     (0.0m 1.9s)
       8      0.0000745836     -0.0000042588     -0.2141812856     (0.0m 1.7s)
       9      0.0000372617     -0.0000018276     -0.2141831133     (0.0m 1.7s)
      10      0.0000002139     -0.0000014298     -0.2141845430     (0.0m 1.7s)
      11      0.0000000823     -0.0000000001     -0.2141845431     (0.0m 1.7s)
   ec-CC calculation successfully converged! (0.00m  22.89s)

   CC Calculation Summary
  --------------------------------------------------
   Reference energy                    -76.02403850
   CC correlation energy                -0.21418454
   Total CC energy                     -76.23822304

   CC calculation ended at 2022-10-11 18:47:16

   HBar CCSD construction finished in 0.00m 0.05s
   --------------------------------------------------
   Calculation type =  LEFT_CCSD
   Maximum iterations = 80
   Convergence tolerance = 1e-07
   Energy shift = 0.0
   DIIS size =  6
   RHF symmetry = False
   --------------------------------------------------

   CC calculation started at 2022-10-11 18:47:00 

   Energy of initial guess =         0.0000000000

      Iter.     Residuum              ω                δω           Wall time
    ----------------------------------------------------------------------------
       0      0.0281743918      0.0966571856      0.0966571856     (0.0m 0.0s)
       1      0.0042424668      0.0145842985     -0.0820728871     (0.0m 0.0s)
       2      0.0012959048      0.0044570237     -0.0101272748     (0.0m 0.0s)
       3      0.0005594910      0.0019245942     -0.0025324295     (0.0m 0.0s)
       4      0.0002684117      0.0009233723     -0.0010012219     (0.0m 0.0s)
       5      0.0001446567      0.0004976538     -0.0004257185     (0.0m 0.0s)
       6      0.0000828489      0.0002850247     -0.0002126291     (0.0m 0.0s)
       7      0.0000024804      0.0000085333     -0.0002764914     (0.0m 0.0s)
       8      0.0000004983      0.0000017145     -0.0000068189     (0.0m 0.0s)
       9      0.0000001114      0.0000003832     -0.0000013313     (0.0m 0.0s)
      10      0.0000000279      0.0000000959     -0.0000002873     (0.0m 0.0s)
      11      0.0000000064      0.0000000000     -0.0000000740     (0.0m 0.0s)
   Left CC calculation successfully converged! (0.00m  0.32s)

   Left-CC Calculation Summary
  --------------------------------------------------
   Converged        ω = 0.00000002       LR = 0.00000000

   Left CC calculation ended at 2022-10-11 18:47:16

   CC(P;3) Calculation Summary
   -------------------------------------
   Completed in  (0.00m  0.15s)

   CC(P) = -76.2382230434
   CC(P;3)_A = -76.2410625562     ΔE_A = -0.2170240559     δ_A = -0.0028395128
   CC(P;3)_B = -76.2409678825     ΔE_B = -0.2169293823     δ_B = -0.0027448392
   CC(P;3)_C = -76.2416322314     ΔE_C = -0.2175937311     δ_C = -0.0034091880
   CC(P;3)_D = -76.2416242159     ΔE_D = -0.2175857156     δ_D = -0.0034011725

