   System Information:
   ----------------------------------------------------
     Number of correlated electrons = 14
     Number of correlated orbitals = 28
     Number of frozen orbitals = 2
     Number of alpha occupied orbitals = 7
     Number of alpha unoccupied orbitals = 21
     Number of beta occupied orbitals = 7
     Number of beta unoccupied orbitals = 21
     Charge = 0
     Point group = D2H
     Symmetry of reference = AG
     Spin multiplicity of reference = 1

      MO #        Energy (a.u.)      Symmetry    Occupation
-----------------------------------------------------------
         1           -26.443089            AG           2.0
         2           -26.442989           B1U           2.0
         3            -1.597199            AG           2.0
         4            -1.589099           B1U           2.0
         5            -0.725600           B2U           2.0
         6            -0.725600           B3U           2.0
         7            -0.722400           B3G           2.0
         8            -0.722400           B2G           2.0
         9            -0.479000            AG           2.0
        10            -0.250900           B1U           0.0
        11             1.296299            AG           0.0
        12             1.356299           B3U           0.0
        13             1.356299           B2U           0.0
        14             1.389499           B2G           0.0
        15             1.389499           B3G           0.0
        16             1.483199           B1U           0.0
        17             1.541899            AG           0.0
        18             1.637199           B1U           0.0
        19             3.890298            AG           0.0
        20             3.893598           B1U           0.0
        21             3.896698           B3U           0.0
        22             3.896698           B2U           0.0
        23             3.897898           B2G           0.0
        24             3.897898           B3G           0.0
        25             3.913598            AG           0.0
        26             3.913598           B1G           0.0
        27             3.913598            AU           0.0
        28             3.913598           B1U           0.0
        29             7.541697            AG           0.0
        30             7.601697           B1U           0.0

   Nuclear Repulsion Energy = 15.178999760134326
   Reference Energy = -198.42009628238407

   Number of triples in P space =  1824
   Number of aaa =  43
   Number of aab =  869
   Number of abb =  869
   Number of bbb =  43
   --------------------------------------------------
   Calculation type =  CCSDT_P
   Maximum iterations = 80
   Convergence tolerance = 1e-08
   Energy shift = 0.0
   DIIS size =  6
   RHF symmetry = False
   --------------------------------------------------

   CC calculation started at 2022-05-08 13:21:00 

   Energy of initial guess =         0.0000000000

      Iter.     Residuum             δE                ΔE           Wall time
    ----------------------------------------------------------------------------
       0      0.7935132865     -0.5760306831     -0.5760306831    (0.0m 12.5s)
       1      0.2652231717     -0.0443216067     -0.6203522898    (0.0m 14.3s)
       2      0.0675726269     -0.0099083273     -0.6302606171    (0.0m 14.2s)
       3      0.0215363885     -0.0037683990     -0.6340290161    (0.0m 16.0s)
       4      0.0078466527     -0.0015219608     -0.6355509768    (0.0m 15.4s)
       5      0.0028259898     -0.0004599431     -0.6360109200    (0.0m 15.4s)
       6      0.0012511214     -0.0002606247     -0.6362715446    (0.0m 15.4s)
       7      0.0004623192     -0.0000427358     -0.6363142805    (0.0m 15.4s)
       8      0.0002952006     -0.0000539096     -0.6363681901    (0.0m 15.4s)
       9      0.0001831672      0.0000024756     -0.6363657145    (0.0m 20.1s)
      10      0.0000487629     -0.0000157801     -0.6363814946    (0.0m 19.3s)
      11      0.0000119541      0.0000014174     -0.6363800771    (0.0m 19.4s)
      12      0.0000015134      0.0000004627     -0.6363796144    (0.0m 19.6s)
      13      0.0000002787      0.0000000578     -0.6363795566    (0.0m 19.2s)
      14      0.0000001151      0.0000000033     -0.6363795533    (0.0m 19.4s)
      15      0.0000000381     -0.0000000101     -0.6363795634    (0.0m 19.3s)
      16      0.0000000092      0.0000000048     -0.6363795587    (0.0m 13.3s)
   CC calculation successfully converged! (4.00m  43.75s)

   CC Calculation Summary
  --------------------------------------------------
   Reference energy                   -198.42009628
   CC correlation energy                -0.63637956
   Total CC energy                    -199.05647584

   CC calculation ended at 2022-05-08 13:26:33

HBar CCSD construction finished in 0.00m 0.15s
   --------------------------------------------------
   Calculation type =  LEFT_CCSD
   Maximum iterations = 60
   Convergence tolerance = 1e-08
   Energy shift = 0.0
   DIIS size =  6
   RHF symmetry = False
   --------------------------------------------------

   CC calculation started at 2022-05-08 13:26:00 

   Energy of initial guess =         0.0000000000

      Iter.     Residuum              ω                δω           Wall time
    ----------------------------------------------------------------------------
       0      1.3483750405      0.0000000000      1.6928904728     (0.0m 0.1s)
       1      0.3986319923      0.0000000000     -1.1260862278     (0.0m 0.1s)
       2      0.1887617631      0.0000000000     -0.2718998126     (0.0m 0.1s)
       3      0.1497337953      0.0000000000     -0.0445645621     (0.0m 0.1s)
       4      0.1026684145      0.0000000000     -0.0701545706     (0.0m 0.1s)
       5      0.0726735094      0.0000000000     -0.0482079887     (0.0m 0.1s)
       6      0.0509367726      0.0000000000     -0.0372281822     (0.0m 0.1s)
       7      0.0007873166      0.0000000000     -0.0931995888     (0.0m 0.1s)
       8      0.0001620542      0.0000000000     -0.0012306573     (0.0m 0.1s)
       9      0.0000818915      0.0000000000     -0.0001577472     (0.0m 0.1s)
      10      0.0000619384      0.0000000000     -0.0000392651     (0.0m 0.1s)
      11      0.0000521629      0.0000000000     -0.0000192339     (0.0m 0.1s)
      12      0.0000357928      0.0000000000     -0.0000322104     (0.0m 0.1s)
      13      0.0000127648      0.0000000000     -0.0000453100     (0.0m 0.1s)
      14      0.0000039187      0.0000000000     -0.0000174057     (0.0m 0.1s)
      15      0.0000013640      0.0000000000     -0.0000050266     (0.0m 0.1s)
      16      0.0000003911      0.0000000000     -0.0000019144     (0.0m 0.1s)
      17      0.0000001146      0.0000000000     -0.0000005441     (0.0m 0.1s)
      18      0.0000000477      0.0000000000     -0.0000001316     (0.0m 0.1s)
      19      0.0000000202      0.0000000000     -0.0000000541     (0.0m 0.1s)
      20      0.0000000122      0.0000000000     -0.0000000156     (0.0m 0.1s)
      21      0.0000000101      0.0000000000     -0.0000000042     (0.0m 0.1s)
      22      0.0000000084      0.0000000000     -0.0000000035     (0.0m 0.1s)
   Left CC calculation successfully converged! (0.00m  2.43s)

   Left-CC Calculation Summary
  --------------------------------------------------
   Converged        ω = 0.00000002       LR = 0.00000000

   Left CC calculation ended at 2022-05-08 13:26:36

   CC(P;3) Calculation Summary
   -------------------------------------
   Completed in  (0.00m  0.76s)

   CC(P) = -199.0564758411
   CC(P;3)_A = -199.0579676127     ΔE_A = -0.6378713303     δ_A = -0.0014917717
   CC(P;3)_B = -199.0578980345     ΔE_B = -0.6378017521     δ_B = -0.0014221934
   CC(P;3)_C = -199.0581461204     ΔE_C = -0.6380498380     δ_C = -0.0016702793
   CC(P;3)_D = -199.0581392334     ΔE_D = -0.6380429510     δ_D = -0.0016633923

