converged SCF energy = -231.649925407709
   System Information:
   ----------------------------------------------------
     Number of correlated electrons = 32
     Number of correlated orbitals = 64
     Number of frozen orbitals = 6
     Number of alpha occupied orbitals = 17
     Number of alpha unoccupied orbitals = 47
     Number of beta occupied orbitals = 15
     Number of beta unoccupied orbitals = 49
     Charge = 0
     Point group = D2
     Symmetry of reference = B1
     Spin multiplicity of reference = 3

      MO #        Energy (a.u.)      Symmetry    Occupation
-----------------------------------------------------------
         1           -11.253694             A           2.0
         2           -11.253038            B1           2.0
         3           -11.230361            B2           2.0
         4           -11.230354            B3           2.0
         5           -11.230312            B1           2.0
         6           -11.230308             A           2.0
         7            -1.124956             A           2.0
         8            -1.031262            B1           2.0
         9            -0.929430            B3           2.0
        10            -0.898199            B2           2.0
        11            -0.800485             A           2.0
        12            -0.698600            B1           2.0
        13            -0.663662             A           2.0
        14            -0.626645            B3           2.0
        15            -0.585644            B1           2.0
        16            -0.585106            B2           2.0
        17            -0.543222            B3           2.0
        18            -0.525126            B2           2.0
        19            -0.488334             A           2.0
        20            -0.444036            B2           2.0
        21            -0.369975            B3           2.0
        22            -0.102249             A           1.0
        23            -0.097892            B1           1.0
        24             0.180979            B2           0.0
        25             0.260451             A           0.0
        26             0.267293            B3           0.0
        27             0.276245            B1           0.0
        28             0.305155            B1           0.0
        29             0.305644            B3           0.0
        30             0.309147             A           0.0
        31             0.339193            B2           0.0
        32             0.348778            B3           0.0
        33             0.378605            B2           0.0
        34             0.440611            B1           0.0
        35             0.447555             A           0.0
        36             0.519624            B3           0.0
        37             0.558915            B2           0.0
        38             0.592457            B1           0.0
        39             0.747259            B3           0.0
        40             0.758553             A           0.0
        41             0.761949            B2           0.0
        42             0.783745            B1           0.0
        43             0.810059             A           0.0
        44             0.823796            B3           0.0
        45             0.881095             A           0.0
        46             0.884959            B1           0.0
        47             0.904286            B1           0.0
        48             0.918823             A           0.0
        49             0.925372            B3           0.0
        50             0.934958            B2           0.0
        51             0.953997            B2           0.0
        52             1.004793            B3           0.0
        53             1.105346            B1           0.0
        54             1.147161             A           0.0
        55             1.149353            B2           0.0
        56             1.154904            B3           0.0
        57             1.227063            B1           0.0
        58             1.255266            B2           0.0
        59             1.256255             A           0.0
        60             1.268895            B2           0.0
        61             1.285144            B3           0.0
        62             1.308450            B1           0.0
        63             1.333688            B3           0.0
        64             1.349332            B2           0.0
        65             1.400505            B1           0.0
        66             1.455688             A           0.0
        67             1.539246            B2           0.0
        68             1.556214            B3           0.0
        69             1.666183             A           0.0
        70             1.736714            B1           0.0

   Nuclear Repulsion Energy = 207.25874721329455
   Reference Energy = -231.6499254077097

   --------------------------------------------------
   Calculation type =  CCSDT
   Maximum iterations = 200
   Convergence tolerance = 1e-07
   Energy shift = 0.0
   DIIS size =  6
   RHF symmetry = False
   --------------------------------------------------

   CC calculation started at 2022-09-16 18:21:00 

   Energy of initial guess =         0.0000000000

      Iter.     Residuum             δE                ΔE           Wall time
    ----------------------------------------------------------------------------
       0      0.5748259719     -0.4864908230     -0.4864908230   (33.0m 25.9s)
       1      0.1323446932     -0.0867774029     -0.5732682260    (41.0m 4.1s)
       2      0.0571466399     -0.0207670837     -0.5940353097    (41.0m 8.9s)
