   System Information:
   ----------------------------------------------------
     Number of correlated electrons = 10
     Number of correlated orbitals = 24
     Number of frozen orbitals = 0
     Number of alpha occupied orbitals = 5
     Number of alpha unoccupied orbitals = 19
     Number of beta occupied orbitals = 5
     Number of beta unoccupied orbitals = 19
     Charge = 0
     Point group = C2V
     Symmetry of reference = A1
     Spin multiplicity of reference = 1

      MO #        Energy (a.u.)      Symmetry    Occupation
-----------------------------------------------------------
         1           -20.549991            A1           2.0
         2            -1.322999            A1           2.0
         3            -0.700200            B2           2.0
         4            -0.551000            A1           2.0
         5            -0.489500            B1           2.0
         6             0.183200            A1           0.0
         7             0.253000            B2           0.0
         8             0.798300            B2           0.0
         9             0.809800            A1           0.0
        10             1.162600            A1           0.0
        11             1.201799            B1           0.0
        12             1.247899            B2           0.0
        13             1.453899            A2           0.0
        14             1.498099            A1           0.0
        15             1.702199            B1           0.0
        16             1.882599            B2           0.0
        17             1.885199            A1           0.0
        18             2.429799            B2           0.0
        19             2.436699            A1           0.0
        20             3.238099            B1           0.0
        21             3.343799            A2           0.0
        22             3.442899            A1           0.0
        23             3.904598            A1           0.0
        24             4.089498            B2           0.0

   Nuclear Repulsion Energy = 9.009354229662662
   Reference Energy = -76.02403850028135

Parsing external CI file up through quadruples
Hartree-Fock coefficient =  -0.970711459782

Excitation Content
-------------------
Number of singles =  62
Number of doubles =  3276
Number of triples =  29976
Number of quadruples =  120541

External correction energy =  -0.21607866505769313
Performing Cluster Analysis
---------------------------
T1... done
T2... done
T3... done
T4... done
T vector energy =  -0.21607866528696942
   --------------------------------------------------
   Calculation type =  ECCC2_SLOW
   Maximum iterations = 80
   Convergence tolerance = 1e-07
   Energy shift = 0.0
   DIIS size =  6
   RHF symmetry = False
   --------------------------------------------------

   CC calculation started at 2022-10-11 18:49:00 

   Energy of initial guess =         0.0000000000

      Iter.     Residuum             δE                ΔE           Wall time
    ----------------------------------------------------------------------------
       0      0.2765267513     -0.1941703219     -0.1941703219     (0.0m 1.7s)
       1      0.0425646090     -0.0198900129     -0.2140603348     (0.0m 1.8s)
       2      0.0137452653     -0.0025729951     -0.2166333300     (0.0m 1.7s)
       3      0.0046734354     -0.0005142183     -0.2171475482     (0.0m 1.7s)
       4      0.0017663562     -0.0001609865     -0.2173085347     (0.0m 1.7s)
       5      0.0007459724     -0.0000605749     -0.2173691096     (0.0m 1.7s)
       6      0.0003393234     -0.0000245148     -0.2173936244     (0.0m 1.8s)
       7      0.0001616246     -0.0000101799     -0.2174038043     (0.0m 1.8s)
       8      0.0000792614     -0.0000043045     -0.2174081088     (0.0m 2.0s)
       9      0.0000396213     -0.0000018461     -0.2174099549     (0.0m 1.8s)
      10      0.0000002201     -0.0000014424     -0.2174113973     (0.0m 1.7s)
      11      0.0000000840     -0.0000000002     -0.2174113975     (0.0m 1.7s)
   ec-CC calculation successfully converged! (0.00m  21.18s)

   CC Calculation Summary
  --------------------------------------------------
   Reference energy                    -76.02403850
   CC correlation energy                -0.21741140
   Total CC energy                     -76.24144990

   CC calculation ended at 2022-10-11 18:49:58

   HBar CCSD construction finished in 0.00m 0.05s
   --------------------------------------------------
   Calculation type =  LEFT_CCSD
   Maximum iterations = 80
   Convergence tolerance = 1e-07
   Energy shift = 0.0
   DIIS size =  6
   RHF symmetry = False
   --------------------------------------------------

   CC calculation started at 2022-10-11 18:49:00 

   Energy of initial guess =         0.0000000000

      Iter.     Residuum              ω                δω           Wall time
    ----------------------------------------------------------------------------
       0      0.0468634079      0.1606798954      0.1606798954     (0.0m 0.0s)
       1      0.0067664322      0.0232580041     -0.1374218914     (0.0m 0.0s)
       2      0.0022971512      0.0079026228     -0.0153553812     (0.0m 0.0s)
       3      0.0010129918      0.0034858882     -0.0044167346     (0.0m 0.0s)
       4      0.0005124976      0.0017638173     -0.0017220709     (0.0m 0.0s)
       5      0.0002793874      0.0009615993     -0.0008022181     (0.0m 0.0s)
       6      0.0001605351      0.0005525484     -0.0004090508     (0.0m 0.0s)
       7      0.0000036166      0.0000124484     -0.0005401000     (0.0m 0.0s)
       8      0.0000007778      0.0000026771     -0.0000097713     (0.0m 0.0s)
       9      0.0000001720      0.0000005920     -0.0000020852     (0.0m 0.0s)
      10      0.0000000388      0.0000001334     -0.0000004586     (0.0m 0.0s)
      11      0.0000000101      0.0000000000     -0.0000000985     (0.0m 0.0s)
   Left CC calculation successfully converged! (0.00m  0.33s)

   Left-CC Calculation Summary
  --------------------------------------------------
   Converged        ω = 0.00000003       LR = 0.00000000

   Left CC calculation ended at 2022-10-11 18:49:58

   CC(P;3) Calculation Summary
   -------------------------------------
   Completed in  (0.00m  0.15s)

   CC(P) = -76.2414498977
   CC(P;3)_A = -76.2416399054     ΔE_A = -0.2176014051     δ_A = -0.0001900076
   CC(P;3)_B = -76.2416355445     ΔE_B = -0.2175970443     δ_B = -0.0001856468
   CC(P;3)_C = -76.2416705967     ΔE_C = -0.2176320964     δ_C = -0.0002206989
   CC(P;3)_D = -76.2416703884     ΔE_D = -0.2176318881     δ_D = -0.0002204907

