   System Information:
   ----------------------------------------------------
     Number of correlated electrons = 14
     Number of correlated orbitals = 28
     Number of frozen orbitals = 2
     Number of alpha occupied orbitals = 7
     Number of alpha unoccupied orbitals = 21
     Number of beta occupied orbitals = 7
     Number of beta unoccupied orbitals = 21
     Charge = 0
     Point group = D2H
     Symmetry of reference = AG
     Spin multiplicity of reference = 1

      MO #        Energy (a.u.)      Symmetry    Occupation
-----------------------------------------------------------
         1           -26.443089            AG           2.0
         2           -26.442989           B1U           2.0
         3            -1.597199            AG           2.0
         4            -1.589099           B1U           2.0
         5            -0.725600           B2U           2.0
         6            -0.725600           B3U           2.0
         7            -0.722400           B3G           2.0
         8            -0.722400           B2G           2.0
         9            -0.479000            AG           2.0
        10            -0.250900           B1U           0.0
        11             1.296299            AG           0.0
        12             1.356299           B3U           0.0
        13             1.356299           B2U           0.0
        14             1.389499           B2G           0.0
        15             1.389499           B3G           0.0
        16             1.483199           B1U           0.0
        17             1.541899            AG           0.0
        18             1.637199           B1U           0.0
        19             3.890298            AG           0.0
        20             3.893598           B1U           0.0
        21             3.896698           B3U           0.0
        22             3.896698           B2U           0.0
        23             3.897898           B2G           0.0
        24             3.897898           B3G           0.0
        25             3.913598            AG           0.0
        26             3.913598           B1G           0.0
        27             3.913598            AU           0.0
        28             3.913598           B1U           0.0
        29             7.541697            AG           0.0
        30             7.601697           B1U           0.0

   Nuclear Repulsion Energy = 15.178999760134326
   Reference Energy = -198.42009628238407

   Using P space file:  /scratch/gururang/test_ccpq_2ba/civecs-1000000.dat
   Number of triples in P space =  48660
   Number of aaa =  1881
   Number of aab =  22449
   Number of abb =  22449
   Number of bbb =  1881
   --------------------------------------------------
   Calculation type =  CCSDT_P
   Maximum iterations = 500
   Convergence tolerance = 1e-08
   Energy shift = 0.0
   DIIS size =  6
   RHF symmetry = False
   --------------------------------------------------

   CC calculation started at 2022-05-08 14:48:00 

   Energy of initial guess =         0.0000000000

      Iter.     Residuum             δE                ΔE           Wall time
    ----------------------------------------------------------------------------
       0      0.7947126617     -0.5760306831     -0.5760306831    (0.0m 12.9s)
       1      0.2615327523     -0.0462409684     -0.6222716515    (0.0m 15.5s)
       2      0.0678817150     -0.0084098760     -0.6306815275    (0.0m 14.7s)
       3      0.0249007256     -0.0048883101     -0.6355698376    (0.0m 16.8s)
       4      0.0079297561     -0.0010015489     -0.6365713865    (0.0m 16.5s)
       5      0.0040868201     -0.0009299470     -0.6375013335    (0.0m 16.4s)
       6      0.0012250331     -0.0000496564     -0.6375509899    (0.0m 16.3s)
       7      0.0008725129     -0.0002168543     -0.6377678443    (0.0m 16.3s)
       8      0.0003554652      0.0000329999     -0.6377348444    (0.0m 16.3s)
       9      0.0003207347     -0.0000613976     -0.6377962420    (0.0m 21.3s)
      10      0.0000855946      0.0000026227     -0.6377936193    (0.0m 20.4s)
      11      0.0000272347      0.0000013007     -0.6377923186    (0.0m 20.2s)
      12      0.0000094276      0.0000010244     -0.6377912942    (0.0m 20.3s)
      13      0.0000079822      0.0000000538     -0.6377912404    (0.0m 19.1s)
      14      0.0000067241     -0.0000000244     -0.6377912647    (0.0m 19.5s)
      15      0.0000026582      0.0000000385     -0.6377912262    (0.0m 19.8s)
      16      0.0000005861     -0.0000000666     -0.6377912928    (0.0m 19.8s)
      17      0.0000003066      0.0000000256     -0.6377912673    (0.0m 18.3s)
      18      0.0000002056      0.0000000020     -0.6377912653    (0.0m 17.9s)
      19      0.0000001314      0.0000000016     -0.6377912637    (0.0m 17.7s)
      20      0.0000000417      0.0000000040     -0.6377912597    (0.0m 17.8s)
      21      0.0000000147     -0.0000000022     -0.6377912619    (0.0m 17.9s)
      22      0.0000000069      0.0000000016     -0.6377912603    (0.0m 13.0s)
   CC calculation successfully converged! (6.00m  44.52s)

   CC Calculation Summary
  --------------------------------------------------
   Reference energy                   -198.42009628
   CC correlation energy                -0.63779126
   Total CC energy                    -199.05788754

   CC calculation ended at 2022-05-08 14:55:25

HBar CCSD construction finished in 0.00m 0.15s
   --------------------------------------------------
   Calculation type =  LEFT_CCSD
   Maximum iterations = 500
   Convergence tolerance = 1e-08
   Energy shift = 0.0
   DIIS size =  6
   RHF symmetry = False
   --------------------------------------------------

   CC calculation started at 2022-05-08 14:55:00 

   Energy of initial guess =         0.0000000000

      Iter.     Residuum              ω                δω           Wall time
    ----------------------------------------------------------------------------
       0      1.3516991721      0.0000000000      1.6984101884     (0.0m 0.1s)
       1      0.4000449665      0.0000000000     -1.1290845944     (0.0m 0.1s)
       2      0.1888306171      0.0000000000     -0.2740370620     (0.0m 0.1s)
       3      0.1497352848      0.0000000000     -0.0447159459     (0.0m 0.1s)
       4      0.1026029716      0.0000000000     -0.0703426150     (0.0m 0.1s)
       5      0.0725962927      0.0000000000     -0.0482812655     (0.0m 0.1s)
       6      0.0508629846      0.0000000000     -0.0372602175     (0.0m 0.1s)
       7      0.0008012270      0.0000000000     -0.0931105351     (0.0m 0.1s)
       8      0.0002199473      0.0000000000     -0.0011448639     (0.0m 0.1s)
       9      0.0001584158      0.0000000000     -0.0001211716     (0.0m 0.1s)
      10      0.0001358382      0.0000000000     -0.0000444649     (0.0m 0.1s)
      11      0.0001027151      0.0000000000     -0.0000652144     (0.0m 0.1s)
      12      0.0000423901      0.0000000000     -0.0001187758     (0.0m 0.1s)
      13      0.0000112553      0.0000000000     -0.0000613017     (0.0m 0.1s)
      14      0.0000037720      0.0000000000     -0.0000147341     (0.0m 0.1s)
      15      0.0000012868      0.0000000000     -0.0000048932     (0.0m 0.1s)
      16      0.0000003522      0.0000000000     -0.0000018402     (0.0m 0.1s)
      17      0.0000001076      0.0000000000     -0.0000004817     (0.0m 0.1s)
      18      0.0000000535      0.0000000000     -0.0000001065     (0.0m 0.1s)
      19      0.0000000326      0.0000000000     -0.0000000410     (0.0m 0.1s)
      20      0.0000000250      0.0000000000     -0.0000000151     (0.0m 0.1s)
      21      0.0000000201      0.0000000000     -0.0000000097     (0.0m 0.1s)
      22      0.0000000135      0.0000000000     -0.0000000128     (0.0m 0.1s)
      23      0.0000000057      0.0000000000     -0.0000000154     (0.0m 0.1s)
      24      0.0000000016      0.0000000000     -0.0000000080     (0.0m 0.1s)
   Left CC calculation successfully converged! (0.00m  2.64s)

   Left-CC Calculation Summary
  --------------------------------------------------
   Converged        ω = 0.00000000       LR = 0.00000000

   Left CC calculation ended at 2022-05-08 14:55:28

   CC(P;3) Calculation Summary
   -------------------------------------
   Completed in  (0.00m  0.79s)

   CC(P) = -199.0578875427
   CC(P;3)_A = -199.0582434657     ΔE_A = -0.6381471833     δ_A = -0.0003559229
   CC(P;3)_B = -199.0582299688     ΔE_B = -0.6381336864     δ_B = -0.0003424260
   CC(P;3)_C = -199.0582844639     ΔE_C = -0.6381881815     δ_C = -0.0003969212
   CC(P;3)_D = -199.0582842564     ΔE_D = -0.6381879740     δ_D = -0.0003967137

