   System Information:
   ----------------------------------------------------
     Number of correlated electrons = 14
     Number of correlated orbitals = 28
     Number of frozen orbitals = 2
     Number of alpha occupied orbitals = 7
     Number of alpha unoccupied orbitals = 21
     Number of beta occupied orbitals = 7
     Number of beta unoccupied orbitals = 21
     Charge = 0
     Point group = D2H
     Symmetry of reference = AG
     Spin multiplicity of reference = 1

      MO #        Energy (a.u.)      Symmetry    Occupation
-----------------------------------------------------------
         1           -26.443089            AG           2.0
         2           -26.442989           B1U           2.0
         3            -1.597199            AG           2.0
         4            -1.589099           B1U           2.0
         5            -0.725600           B2U           2.0
         6            -0.725600           B3U           2.0
         7            -0.722400           B3G           2.0
         8            -0.722400           B2G           2.0
         9            -0.479000            AG           2.0
        10            -0.250900           B1U           0.0
        11             1.296299            AG           0.0
        12             1.356299           B3U           0.0
        13             1.356299           B2U           0.0
        14             1.389499           B2G           0.0
        15             1.389499           B3G           0.0
        16             1.483199           B1U           0.0
        17             1.541899            AG           0.0
        18             1.637199           B1U           0.0
        19             3.890298            AG           0.0
        20             3.893598           B1U           0.0
        21             3.896698           B3U           0.0
        22             3.896698           B2U           0.0
        23             3.897898           B2G           0.0
        24             3.897898           B3G           0.0
        25             3.913598            AG           0.0
        26             3.913598           B1G           0.0
        27             3.913598            AU           0.0
        28             3.913598           B1U           0.0
        29             7.541697            AG           0.0
        30             7.601697           B1U           0.0

   Nuclear Repulsion Energy = 15.178999760134326
   Reference Energy = -198.42009628238407

   Using P space file:  /scratch/gururang/test_ccpq_2ba/civecs-100000.dat
   Number of triples in P space =  14652
   Number of aaa =  520
   Number of aab =  6806
   Number of abb =  6806
   Number of bbb =  520
   --------------------------------------------------
   Calculation type =  CCSDT_P
   Maximum iterations = 500
   Convergence tolerance = 1e-08
   Energy shift = 0.0
   DIIS size =  6
   RHF symmetry = False
   --------------------------------------------------

   CC calculation started at 2022-05-08 14:32:00 

   Energy of initial guess =         0.0000000000

      Iter.     Residuum             δE                ΔE           Wall time
    ----------------------------------------------------------------------------
       0      0.7943658399     -0.5760306831     -0.5760306831    (0.0m 12.6s)
       1      0.2627758401     -0.0456155387     -0.6216462218    (0.0m 14.3s)
       2      0.0678316341     -0.0088664249     -0.6305126466    (0.0m 14.2s)
       3      0.0240058254     -0.0046378039     -0.6351504505    (0.0m 16.3s)
       4      0.0078097738     -0.0011522255     -0.6363026760    (0.0m 15.5s)
       5      0.0036722344     -0.0008025404     -0.6371052164    (0.0m 15.5s)
       6      0.0011558584     -0.0001049047     -0.6372101211    (0.0m 15.5s)
       7      0.0007092280     -0.0001677225     -0.6373778436    (0.0m 15.5s)
       8      0.0002751932      0.0000106178     -0.6373672257    (0.0m 15.4s)
       9      0.0002323682     -0.0000435142     -0.6374107399    (0.0m 20.6s)
      10      0.0000547528     -0.0000009434     -0.6374116834    (0.0m 19.9s)
      11      0.0000156615      0.0000010011     -0.6374106823    (0.0m 20.0s)
      12      0.0000017313      0.0000006702     -0.6374100121    (0.0m 19.7s)
      13      0.0000003861      0.0000000302     -0.6374099819    (0.0m 21.2s)
      14      0.0000001404     -0.0000000072     -0.6374099891    (0.0m 18.6s)
      15      0.0000000801      0.0000000043     -0.6374099848    (0.0m 18.2s)
      16      0.0000000607     -0.0000000013     -0.6374099861    (0.0m 18.1s)
      17      0.0000000508      0.0000000007     -0.6374099854    (0.0m 17.8s)
      18      0.0000000314      0.0000000001     -0.6374099853    (0.0m 18.0s)
      19      0.0000000199     -0.0000000009     -0.6374099862    (0.0m 17.7s)
      20      0.0000000087      0.0000000008     -0.6374099854    (0.0m 13.0s)
   CC calculation successfully converged! (5.00m  57.54s)

   CC Calculation Summary
  --------------------------------------------------
   Reference energy                   -198.42009628
   CC correlation energy                -0.63740999
   Total CC energy                    -199.05750627

   CC calculation ended at 2022-05-08 14:38:36

HBar CCSD construction finished in 0.00m 0.15s
   --------------------------------------------------
   Calculation type =  LEFT_CCSD
   Maximum iterations = 500
   Convergence tolerance = 1e-08
   Energy shift = 0.0
   DIIS size =  6
   RHF symmetry = False
   --------------------------------------------------

   CC calculation started at 2022-05-08 14:38:00 

   Energy of initial guess =         0.0000000000

      Iter.     Residuum              ω                δω           Wall time
    ----------------------------------------------------------------------------
       0      1.3515743365      0.0000000000      1.6973688653     (0.0m 0.1s)
       1      0.4001446437      0.0000000000     -1.1281563827     (0.0m 0.1s)
       2      0.1890371793      0.0000000000     -0.2737111843     (0.0m 0.1s)
       3      0.1499135349      0.0000000000     -0.0447051486     (0.0m 0.1s)
       4      0.1027444671      0.0000000000     -0.0703603140     (0.0m 0.1s)
       5      0.0727055065      0.0000000000     -0.0483135603     (0.0m 0.1s)
       6      0.0509452526      0.0000000000     -0.0372951280     (0.0m 0.1s)
       7      0.0007857836      0.0000000000     -0.0932796931     (0.0m 0.1s)
       8      0.0001650818      0.0000000000     -0.0012224169     (0.0m 0.1s)
       9      0.0000850536      0.0000000000     -0.0001575783     (0.0m 0.1s)
      10      0.0000648106      0.0000000000     -0.0000398600     (0.0m 0.1s)
      11      0.0000544809      0.0000000000     -0.0000203367     (0.0m 0.1s)
      12      0.0000367643      0.0000000000     -0.0000348809     (0.0m 0.1s)
      13      0.0000127452      0.0000000000     -0.0000472887     (0.0m 0.1s)
      14      0.0000039467      0.0000000000     -0.0000173226     (0.0m 0.1s)
      15      0.0000013724      0.0000000000     -0.0000050682     (0.0m 0.1s)
      16      0.0000003907      0.0000000000     -0.0000019328     (0.0m 0.1s)
      17      0.0000001158      0.0000000000     -0.0000005413     (0.0m 0.1s)
      18      0.0000000487      0.0000000000     -0.0000001320     (0.0m 0.1s)
      19      0.0000000212      0.0000000000     -0.0000000542     (0.0m 0.1s)
      20      0.0000000131      0.0000000000     -0.0000000159     (0.0m 0.1s)
      21      0.0000000108      0.0000000000     -0.0000000046     (0.0m 0.1s)
      22      0.0000000089      0.0000000000     -0.0000000038     (0.0m 0.1s)
   Left CC calculation successfully converged! (0.00m  2.44s)

   Left-CC Calculation Summary
  --------------------------------------------------
   Converged        ω = 0.00000002       LR = 0.00000000

   Left CC calculation ended at 2022-05-08 14:38:39

   CC(P;3) Calculation Summary
   -------------------------------------
   Completed in  (0.00m  0.78s)

   CC(P) = -199.0575062678
   CC(P;3)_A = -199.0582434151     ΔE_A = -0.6381471328     δ_A = -0.0007371473
   CC(P;3)_B = -199.0582160488     ΔE_B = -0.6381197664     δ_B = -0.0007097810
   CC(P;3)_C = -199.0583260802     ΔE_C = -0.6382297978     δ_C = -0.0008198124
   CC(P;3)_D = -199.0583253841     ΔE_D = -0.6382291017     δ_D = -0.0008191163

