   System Information:
   ----------------------------------------------------
     Number of correlated electrons = 14
     Number of correlated orbitals = 28
     Number of frozen orbitals = 2
     Number of alpha occupied orbitals = 7
     Number of alpha unoccupied orbitals = 21
     Number of beta occupied orbitals = 7
     Number of beta unoccupied orbitals = 21
     Charge = 0
     Point group = D2H
     Symmetry of reference = AG
     Spin multiplicity of reference = 1

      MO #        Energy (a.u.)      Symmetry    Occupation
-----------------------------------------------------------
         1           -26.443089            AG           2.0
         2           -26.442989           B1U           2.0
         3            -1.597199            AG           2.0
         4            -1.589099           B1U           2.0
         5            -0.725600           B2U           2.0
         6            -0.725600           B3U           2.0
         7            -0.722400           B3G           2.0
         8            -0.722400           B2G           2.0
         9            -0.479000            AG           2.0
        10            -0.250900           B1U           0.0
        11             1.296299            AG           0.0
        12             1.356299           B3U           0.0
        13             1.356299           B2U           0.0
        14             1.389499           B2G           0.0
        15             1.389499           B3G           0.0
        16             1.483199           B1U           0.0
        17             1.541899            AG           0.0
        18             1.637199           B1U           0.0
        19             3.890298            AG           0.0
        20             3.893598           B1U           0.0
        21             3.896698           B3U           0.0
        22             3.896698           B2U           0.0
        23             3.897898           B2G           0.0
        24             3.897898           B3G           0.0
        25             3.913598            AG           0.0
        26             3.913598           B1G           0.0
        27             3.913598            AU           0.0
        28             3.913598           B1U           0.0
        29             7.541697            AG           0.0
        30             7.601697           B1U           0.0

   Nuclear Repulsion Energy = 15.178999760134326
   Reference Energy = -198.42009628238407

   Using P space file:  /scratch/gururang/test_ccpq_2ba/civecs-10.dat
   Number of triples in P space =  0
   Number of aaa =  0
   Number of aab =  0
   Number of abb =  0
   Number of bbb =  0
   --------------------------------------------------
   Calculation type =  CCSDT_P
   Maximum iterations = 500
   Convergence tolerance = 1e-08
   Energy shift = 0.0
   DIIS size =  6
   RHF symmetry = False
   --------------------------------------------------

   CC calculation started at 2022-05-08 14:01:00 

   Energy of initial guess =         0.0000000000

      Iter.     Residuum             δE                ΔE           Wall time
    ----------------------------------------------------------------------------
       0      0.7713827218     -0.5760306831     -0.5760306831    (0.0m 12.4s)
       1      0.2113849166      0.0049097508     -0.5711209323    (0.0m 14.3s)
       2      0.0735897096     -0.0237563876     -0.5948773199    (0.0m 14.1s)
       3      0.0228918953      0.0075473439     -0.5873299760    (0.0m 16.2s)
       4      0.0192884740     -0.0067608755     -0.5940908515    (0.0m 15.3s)
       5      0.0085680678      0.0031478427     -0.5909430088    (0.0m 15.4s)
       6      0.0061347987     -0.0022108092     -0.5931538180    (0.0m 15.5s)
       7      0.0032414874      0.0011853147     -0.5919685032    (0.0m 15.4s)
       8      0.0021042666     -0.0007576906     -0.5927261939    (0.0m 15.5s)
       9      0.0012154308      0.0004304351     -0.5922957588    (0.0m 20.3s)
      10      0.0000520522     -0.0001727964     -0.5924685552    (0.0m 19.8s)
      11      0.0000146780      0.0000015466     -0.5924670087    (0.0m 19.9s)
      12      0.0000017466      0.0000006816     -0.5924663271    (0.0m 19.6s)
      13      0.0000003799      0.0000000529     -0.5924662742    (0.0m 19.0s)
      14      0.0000001681      0.0000000076     -0.5924662665    (0.0m 20.3s)
      15      0.0000000479     -0.0000000047     -0.5924662713    (0.0m 20.2s)
      16      0.0000000133      0.0000000013     -0.5924662699    (0.0m 20.2s)
      17      0.0000000043     -0.0000000004     -0.5924662703    (0.0m 14.9s)
   CC calculation successfully converged! (5.00m  8.39s)

   CC Calculation Summary
  --------------------------------------------------
   Reference energy                   -198.42009628
   CC correlation energy                -0.59246627
   Total CC energy                    -199.01256255

   CC calculation ended at 2022-05-08 14:06:35

HBar CCSD construction finished in 0.00m 0.15s
   --------------------------------------------------
   Calculation type =  LEFT_CCSD
   Maximum iterations = 500
   Convergence tolerance = 1e-08
   Energy shift = 0.0
   DIIS size =  6
   RHF symmetry = False
   --------------------------------------------------

   CC calculation started at 2022-05-08 14:06:00 

   Energy of initial guess =         0.0000000000

      Iter.     Residuum              ω                δω           Wall time
    ----------------------------------------------------------------------------
       0      0.9191251746      0.0000000000      1.2753667478     (0.0m 0.1s)
       1      0.2190788281      0.0000000000     -0.9507238409     (0.0m 0.1s)
       2      0.0912629533      0.0000000000     -0.1821158032     (0.0m 0.1s)
       3      0.0766073834      0.0000000000     -0.0184115657     (0.0m 0.1s)
       4      0.0527730995      0.0000000000     -0.0363029907     (0.0m 0.1s)
       5      0.0381926498      0.0000000000     -0.0230377168     (0.0m 0.1s)
       6      0.0272120832      0.0000000000     -0.0179877998     (0.0m 0.1s)
       7      0.0006171889      0.0000000000     -0.0456885963     (0.0m 0.1s)
       8      0.0002084588      0.0000000000     -0.0007274571     (0.0m 0.1s)
       9      0.0001689667      0.0000000000     -0.0000702903     (0.0m 0.1s)
      10      0.0001529490      0.0000000000     -0.0000285137     (0.0m 0.1s)
      11      0.0001203233      0.0000000000     -0.0000580545     (0.0m 0.1s)
      12      0.0000480760      0.0000000000     -0.0001285671     (0.0m 0.1s)
      13      0.0000129282      0.0000000000     -0.0000625455     (0.0m 0.1s)
      14      0.0000044834      0.0000000000     -0.0000150278     (0.0m 0.1s)
      15      0.0000015916      0.0000000000     -0.0000051462     (0.0m 0.1s)
      16      0.0000004650      0.0000000000     -0.0000020048     (0.0m 0.1s)
      17      0.0000001377      0.0000000000     -0.0000005823     (0.0m 0.1s)
      18      0.0000000651      0.0000000000     -0.0000001292     (0.0m 0.1s)
      19      0.0000000409      0.0000000000     -0.0000000431     (0.0m 0.1s)
      20      0.0000000328      0.0000000000     -0.0000000144     (0.0m 0.1s)
      21      0.0000000277      0.0000000000     -0.0000000090     (0.0m 0.1s)
      22      0.0000000228      0.0000000000     -0.0000000087     (0.0m 0.1s)
      23      0.0000000153      0.0000000000     -0.0000000133     (0.0m 0.1s)
      24      0.0000000062      0.0000000000     -0.0000000163     (0.0m 0.1s)
      25      0.0000000017      0.0000000000     -0.0000000080     (0.0m 0.1s)
   Left CC calculation successfully converged! (0.00m  2.80s)

   Left-CC Calculation Summary
  --------------------------------------------------
   Converged        ω = 0.00000000       LR = 0.00000000

   Left CC calculation ended at 2022-05-08 14:06:38

   CC(P;3) Calculation Summary
   -------------------------------------
   Completed in  (0.00m  0.78s)

   CC(P) = -199.0125625527
   CC(P;3)_A = -199.0518442964     ΔE_A = -0.6317480141     δ_A = -0.0392817438
   CC(P;3)_B = -199.0460996772     ΔE_B = -0.6260033948     δ_B = -0.0335371245
   CC(P;3)_C = -199.0590750393     ΔE_C = -0.6389787569     δ_C = -0.0465124866
   CC(P;3)_D = -199.0563392769     ΔE_D = -0.6362429946     δ_D = -0.0437767243

