   System Information:
   ----------------------------------------------------
     Number of correlated electrons = 14
     Number of correlated orbitals = 28
     Number of frozen orbitals = 2
     Number of alpha occupied orbitals = 7
     Number of alpha unoccupied orbitals = 21
     Number of beta occupied orbitals = 7
     Number of beta unoccupied orbitals = 21
     Charge = 0
     Point group = D2H
     Symmetry of reference = AG
     Spin multiplicity of reference = 1

      MO #        Energy (a.u.)      Symmetry    Occupation
-----------------------------------------------------------
         1           -26.443089            AG           2.0
         2           -26.442989           B1U           2.0
         3            -1.597199            AG           2.0
         4            -1.589099           B1U           2.0
         5            -0.725600           B2U           2.0
         6            -0.725600           B3U           2.0
         7            -0.722400           B3G           2.0
         8            -0.722400           B2G           2.0
         9            -0.479000            AG           2.0
        10            -0.250900           B1U           0.0
        11             1.296299            AG           0.0
        12             1.356299           B3U           0.0
        13             1.356299           B2U           0.0
        14             1.389499           B2G           0.0
        15             1.389499           B3G           0.0
        16             1.483199           B1U           0.0
        17             1.541899            AG           0.0
        18             1.637199           B1U           0.0
        19             3.890298            AG           0.0
        20             3.893598           B1U           0.0
        21             3.896698           B3U           0.0
        22             3.896698           B2U           0.0
        23             3.897898           B2G           0.0
        24             3.897898           B3G           0.0
        25             3.913598            AG           0.0
        26             3.913598           B1G           0.0
        27             3.913598            AU           0.0
        28             3.913598           B1U           0.0
        29             7.541697            AG           0.0
        30             7.601697           B1U           0.0

   Nuclear Repulsion Energy = 15.178999760134326
   Reference Energy = -198.42009628238407

   Using P space file:  /scratch/gururang/test_ccpq_2ba/civecs-500000.dat
   Number of triples in P space =  34452
   Number of aaa =  1294
   Number of aab =  15932
   Number of abb =  15932
   Number of bbb =  1294
   --------------------------------------------------
   Calculation type =  CCSDT_P
   Maximum iterations = 500
   Convergence tolerance = 1e-08
   Energy shift = 0.0
   DIIS size =  6
   RHF symmetry = False
   --------------------------------------------------

   CC calculation started at 2022-05-08 14:40:00 

   Energy of initial guess =         0.0000000000

      Iter.     Residuum             δE                ΔE           Wall time
    ----------------------------------------------------------------------------
       0      0.7946179828     -0.5760306831     -0.5760306831    (0.0m 12.7s)
       1      0.2618997336     -0.0460615131     -0.6220921962    (0.0m 15.4s)
       2      0.0679206667     -0.0085914888     -0.6306836850    (0.0m 14.4s)
       3      0.0245704764     -0.0047897372     -0.6354734222    (0.0m 16.6s)
       4      0.0078982121     -0.0010489499     -0.6365223721    (0.0m 15.8s)
       5      0.0039571935     -0.0008868763     -0.6374092485    (0.0m 15.7s)
       6      0.0012089237     -0.0000678360     -0.6374770845    (0.0m 15.8s)
       7      0.0008217677     -0.0002010334     -0.6376781179    (0.0m 15.7s)
       8      0.0003278664      0.0000255201     -0.6376525977    (0.0m 15.7s)
       9      0.0002898193     -0.0000556854     -0.6377082831    (0.0m 20.3s)
      10      0.0000728080      0.0000015761     -0.6377067070    (0.0m 20.0s)
      11      0.0000215493      0.0000011657     -0.6377055413    (0.0m 19.9s)
      12      0.0000029604      0.0000008967     -0.6377046447    (0.0m 19.8s)
      13      0.0000011896      0.0000000360     -0.6377046086    (0.0m 19.9s)
      14      0.0000009265     -0.0000000082     -0.6377046168    (0.0m 19.7s)
      15      0.0000007469      0.0000000065     -0.6377046103    (0.0m 18.4s)
      16      0.0000004530     -0.0000000037     -0.6377046140    (0.0m 17.8s)
      17      0.0000002475      0.0000000053     -0.6377046087    (0.0m 17.8s)
      18      0.0000001881     -0.0000000051     -0.6377046138    (0.0m 17.8s)
      19      0.0000001193     -0.0000000012     -0.6377046150    (0.0m 17.9s)
      20      0.0000000414      0.0000000005     -0.6377046145    (0.0m 17.8s)
      21      0.0000000112      0.0000000002     -0.6377046142    (0.0m 17.7s)
      22      0.0000000039      0.0000000011     -0.6377046132    (0.0m 13.0s)
   CC calculation successfully converged! (6.00m  35.49s)

   CC Calculation Summary
  --------------------------------------------------
   Reference energy                   -198.42009628
   CC correlation energy                -0.63770461
   Total CC energy                    -199.05780090

   CC calculation ended at 2022-05-08 14:46:42

HBar CCSD construction finished in 0.00m 0.15s
   --------------------------------------------------
   Calculation type =  LEFT_CCSD
   Maximum iterations = 500
   Convergence tolerance = 1e-08
   Energy shift = 0.0
   DIIS size =  6
   RHF symmetry = False
   --------------------------------------------------

   CC calculation started at 2022-05-08 14:46:00 

   Energy of initial guess =         0.0000000000

      Iter.     Residuum              ω                δω           Wall time
    ----------------------------------------------------------------------------
       0      1.3516509186      0.0000000000      1.6981277829     (0.0m 0.1s)
       1      0.4000678950      0.0000000000     -1.1288338672     (0.0m 0.1s)
       2      0.1888823637      0.0000000000     -0.2739526962     (0.0m 0.1s)
       3      0.1497792829      0.0000000000     -0.0447144819     (0.0m 0.1s)
       4      0.1026376349      0.0000000000     -0.0703472169     (0.0m 0.1s)
       5      0.0726229004      0.0000000000     -0.0482892024     (0.0m 0.1s)
       6      0.0508830670      0.0000000000     -0.0372684349     (0.0m 0.1s)
       7      0.0007997753      0.0000000000     -0.0931468148     (0.0m 0.1s)
       8      0.0002149096      0.0000000000     -0.0011519059     (0.0m 0.1s)
       9      0.0001524517      0.0000000000     -0.0001229933     (0.0m 0.1s)
      10      0.0001303889      0.0000000000     -0.0000434500     (0.0m 0.1s)
      11      0.0000997667      0.0000000000     -0.0000602896     (0.0m 0.1s)
      12      0.0000424804      0.0000000000     -0.0001127910     (0.0m 0.1s)
      13      0.0000113155      0.0000000000     -0.0000613599     (0.0m 0.1s)
      14      0.0000037752      0.0000000000     -0.0000148461     (0.0m 0.1s)
      15      0.0000012877      0.0000000000     -0.0000048976     (0.0m 0.1s)
      16      0.0000003523      0.0000000000     -0.0000018416     (0.0m 0.1s)
      17      0.0000001074      0.0000000000     -0.0000004822     (0.0m 0.1s)
      18      0.0000000532      0.0000000000     -0.0000001068     (0.0m 0.1s)
      19      0.0000000322      0.0000000000     -0.0000000413     (0.0m 0.1s)
      20      0.0000000245      0.0000000000     -0.0000000151     (0.0m 0.1s)
      21      0.0000000198      0.0000000000     -0.0000000093     (0.0m 0.1s)
      22      0.0000000135      0.0000000000     -0.0000000124     (0.0m 0.1s)
      23      0.0000000057      0.0000000000     -0.0000000152     (0.0m 0.1s)
      24      0.0000000017      0.0000000000     -0.0000000080     (0.0m 0.1s)
   Left CC calculation successfully converged! (0.00m  2.65s)

   Left-CC Calculation Summary
  --------------------------------------------------
   Converged        ω = 0.00000000       LR = 0.00000000

   Left CC calculation ended at 2022-05-08 14:46:45

   CC(P;3) Calculation Summary
   -------------------------------------
   Completed in  (0.00m  0.78s)

   CC(P) = -199.0578008956
   CC(P;3)_A = -199.0582395082     ΔE_A = -0.6381432258     δ_A = -0.0004386127
   CC(P;3)_B = -199.0582235726     ΔE_B = -0.6381272902     δ_B = -0.0004226770
   CC(P;3)_C = -199.0582893937     ΔE_C = -0.6381931113     δ_C = -0.0004884981
   CC(P;3)_D = -199.0582891334     ΔE_D = -0.6381928510     δ_D = -0.0004882378

