converged SCF energy = -198.489049022468
   System Information:
   ----------------------------------------------------
     Number of correlated electrons = 14
     Number of correlated orbitals = 90
     Number of frozen orbitals = 2
     Number of alpha occupied orbitals = 7
     Number of alpha unoccupied orbitals = 83
     Number of beta occupied orbitals = 7
     Number of beta unoccupied orbitals = 83
     Charge = 0
     Point group = D2h
     Symmetry of reference = AG
     Spin multiplicity of reference = 1

      MO #        Energy (a.u.)      Symmetry    Occupation
-----------------------------------------------------------
         1           -26.460813            AG           2.0
         2           -26.460782           B1U           2.0
         3            -1.614781            AG           2.0
         4            -1.606640           B1U           2.0
         5            -0.748704           B2U           2.0
         6            -0.748704           B3U           2.0
         7            -0.744821           B2G           2.0
         8            -0.744821           B3G           2.0
         9            -0.498679            AG           2.0
        10            -0.264462           B1U           0.0
        11             0.165924           B1U           0.0
        12             0.175810            AG           0.0
        13             0.179298           B2U           0.0
        14             0.179298           B3U           0.0
        15             0.233064           B2G           0.0
        16             0.233064           B3G           0.0
        17             0.249928            AG           0.0
        18             0.383900           B1U           0.0
        19             0.765940            AG           0.0
        20             0.775074           B2U           0.0
        21             0.775074           B3U           0.0
        22             0.849327            AG           0.0
        23             0.849327           B1G           0.0
        24             0.887334            AU           0.0
        25             0.887334           B1U           0.0
        26             0.993697           B2G           0.0
        27             0.993697           B3G           0.0
        28             1.022071           B1U           0.0
        29             1.090215           B2U           0.0
        30             1.090215           B3U           0.0
        31             1.116590            AG           0.0
        32             1.121515           B2G           0.0
        33             1.121515           B3G           0.0
        34             1.395435           B1U           0.0
        35             1.627670            AG           0.0
        36             1.739352           B1U           0.0
        37             2.720218           B2U           0.0
        38             2.720218           B3U           0.0
        39             2.784277            AG           0.0
        40             2.784277           B1G           0.0
        41             2.790522            AG           0.0
        42             2.809578           B1U           0.0
        43             2.812061            AU           0.0
        44             2.812061           B1U           0.0
        45             2.813730           B2G           0.0
        46             2.813730           B3G           0.0
        47             2.860829           B2U           0.0
        48             2.860829           B3U           0.0
        49             2.869932            AG           0.0
        50             2.871567            AG           0.0
        51             2.871567           B1G           0.0
        52             2.882362            AU           0.0
        53             2.882362           B1U           0.0
        54             2.893135           B2U           0.0
        55             2.893135           B3U           0.0
        56             2.893711           B2G           0.0
        57             2.893711           B3G           0.0
        58             2.977779           B2G           0.0
        59             2.977779           B3G           0.0
        60             3.212962           B1U           0.0
        61             5.086705            AG           0.0
        62             5.109116           B2U           0.0
        63             5.109116           B3U           0.0
        64             5.139241           B2G           0.0
        65             5.139241           B3G           0.0
        66             5.295899           B1U           0.0
        67             8.650996            AG           0.0
        68             8.672545           B2U           0.0
        69             8.672545           B3U           0.0
        70             8.708380           B2G           0.0
        71             8.708380           B3G           0.0
        72             8.709160            AG           0.0
        73             8.709160           B1G           0.0
        74             8.714779            AU           0.0
        75             8.714779           B1U           0.0
        76             8.743731           B1U           0.0
        77             8.751124           B2U           0.0
        78             8.751124           B3U           0.0
        79             8.751442           B2G           0.0
        80             8.751442           B3G           0.0
        81             9.125586           B2U           0.0
        82             9.125586           B3U           0.0
        83             9.168318            AG           0.0
        84             9.180737            AG           0.0
        85             9.180737           B1G           0.0
        86             9.198129            AU           0.0
        87             9.198129           B1U           0.0
        88             9.222855           B2G           0.0
        89             9.222855           B3G           0.0
        90             9.344831           B1U           0.0
        91            10.458666            AG           0.0
        92            10.719918           B1U           0.0

   Nuclear Repulsion Energy = 15.178999760134326
   Reference Energy = -198.48904902246764

   --------------------------------------------------
   Calculation type =  CCSDT
   Maximum iterations = 60
   Convergence tolerance = 1e-08
   Energy shift = 0.0
   DIIS size =  6
   RHF symmetry = False
   --------------------------------------------------

   CC calculation started at 2022-06-08 09:20:00 

   Energy of initial guess =         0.0000000000

      Iter.     Residuum             δE                ΔE           Wall time
    ----------------------------------------------------------------------------
       0      0.7859229871     -0.6794622089     -0.6794622089   (17.0m 30.4s)
       1      0.3067944147     -0.0660611851     -0.7455233940   (19.0m 22.2s)
       2      0.1001581625     -0.0075563453     -0.7530797393   (19.0m 22.4s)
       3      0.0417219146     -0.0075103815     -0.7605901208   (20.0m 11.9s)
