   System Information:
   ----------------------------------------------------
     Number of correlated electrons = 14
     Number of correlated orbitals = 28
     Number of frozen orbitals = 2
     Number of alpha occupied orbitals = 7
     Number of alpha unoccupied orbitals = 21
     Number of beta occupied orbitals = 7
     Number of beta unoccupied orbitals = 21
     Charge = 0
     Point group = D2H
     Symmetry of reference = AG
     Spin multiplicity of reference = 1

      MO #        Energy (a.u.)      Symmetry    Occupation
-----------------------------------------------------------
         1           -26.443089            AG           2.0
         2           -26.442989           B1U           2.0
         3            -1.597199            AG           2.0
         4            -1.589099           B1U           2.0
         5            -0.725600           B2U           2.0
         6            -0.725600           B3U           2.0
         7            -0.722400           B3G           2.0
         8            -0.722400           B2G           2.0
         9            -0.479000            AG           2.0
        10            -0.250900           B1U           0.0
        11             1.296299            AG           0.0
        12             1.356299           B3U           0.0
        13             1.356299           B2U           0.0
        14             1.389499           B2G           0.0
        15             1.389499           B3G           0.0
        16             1.483199           B1U           0.0
        17             1.541899            AG           0.0
        18             1.637199           B1U           0.0
        19             3.890298            AG           0.0
        20             3.893598           B1U           0.0
        21             3.896698           B3U           0.0
        22             3.896698           B2U           0.0
        23             3.897898           B2G           0.0
        24             3.897898           B3G           0.0
        25             3.913598            AG           0.0
        26             3.913598           B1G           0.0
        27             3.913598            AU           0.0
        28             3.913598           B1U           0.0
        29             7.541697            AG           0.0
        30             7.601697           B1U           0.0

   Nuclear Repulsion Energy = 15.178999760134326
   Reference Energy = -198.42009628238407

   Using P space file:  /scratch/gururang/test_ccpq_2ba/f2-2Re/civecs-50000.dat
   P space composition:
   ----------------------
      Excitation rank 3
      Number of aaa = 314
      Number of aab = 4209
      Number of abb = 4209
      Number of bbb = 314
      Total number of rank 3 = 9046
   --------------------------------------------------
   Calculation type =  CCSDT_P_SLOW
   Maximum iterations = 500
   Convergence tolerance = 1e-08
   Energy shift = 0.0
   DIIS size =  6
   RHF symmetry = True
   --------------------------------------------------

   CC calculation started at 2022-11-12 10:10:00 

   Energy of initial guess =         0.0000000000

      Iter.     Residuum             δE                ΔE           Wall time
    ----------------------------------------------------------------------------
       0      0.8100349812     -0.6041315537     -0.6041315537     (0.0m 3.8s)
       1      0.2755182647      0.0130368069     -0.5910947468     (0.0m 4.5s)
       2      0.1501732189     -0.0532933186     -0.6443880654     (0.0m 4.8s)
       3      0.0590424748      0.0220623684     -0.6223256969     (0.0m 6.1s)
       4      0.0576833716     -0.0231685553     -0.6454942523     (0.0m 5.9s)
       5      0.0395241744      0.0161761177     -0.6293181346     (0.0m 5.4s)
       6      0.0334213344     -0.0136133662     -0.6429315008     (0.0m 5.6s)
       7      0.0257858568      0.0105389716     -0.6323925293     (0.0m 5.5s)
       8      0.0208493761     -0.0085053604     -0.6408978897     (0.0m 4.9s)
       9      0.0164588549      0.0067218932     -0.6341759965     (0.0m 7.2s)
      10      0.0001370917     -0.0029931388     -0.6371691352     (0.0m 6.5s)
      11      0.0000247654     -0.0000117647     -0.6371809000     (0.0m 6.3s)
      12      0.0000049969     -0.0000022760     -0.6371831760     (0.0m 6.5s)
      13      0.0000010656     -0.0000002639     -0.6371834399     (0.0m 6.9s)
      14      0.0000002777     -0.0000000489     -0.6371834888     (0.0m 6.4s)
      15      0.0000000614     -0.0000000039     -0.6371834928     (0.0m 6.4s)
      16      0.0000000290     -0.0000000015     -0.6371834943     (0.0m 6.5s)
      17      0.0000000259      0.0000000001     -0.6371834943     (0.0m 6.4s)
      18      0.0000000218     -0.0000000002     -0.6371834945     (0.0m 6.4s)
      19      0.0000000076     -0.0000000005     -0.6371834950     (0.0m 3.8s)
   CC calculation successfully converged! (1.00m  55.64s)

   CC Calculation Summary
  --------------------------------------------------
   Reference energy                   -198.42009628
   CC correlation energy                -0.63718349
   Total CC energy                    -199.05727978

   CC calculation ended at 2022-11-12 10:12:49

   --------------------------------------------------
   Calculation type =  LEFT_CCSDT_P
   Maximum iterations = 500
   Convergence tolerance = 1e-08
   Energy shift = 0.0
   DIIS size =  6
   RHF symmetry = True
   --------------------------------------------------

   CC calculation started at 2022-11-12 10:12:00 

   Energy of initial guess =         0.0000000000

      Iter.     Residuum              ω                δω           Wall time
    ----------------------------------------------------------------------------
       0      1.3688468929      1.5661042218      1.5661042218     (0.0m 9.5s)
       1      0.5427930110      0.6787284621     -0.8873757597    (0.0m 10.2s)
       2      0.2526632493      0.3397367997     -0.3389916623    (0.0m 10.3s)
       3      0.1686567841      0.2398401596     -0.0998966402    (0.0m 10.3s)
       4      0.1229440843      0.1826300883     -0.0572100713    (0.0m 10.3s)
       5      0.0927718195      0.1424849548     -0.0401451335    (0.0m 10.3s)
       6      0.0696599647      0.1097509528     -0.0327340019    (0.0m 12.5s)
       7      0.0023955588      0.0040868013     -0.1056641516    (0.0m 11.3s)
       8      0.0009306310      0.0015881671     -0.0024986342    (0.0m 11.4s)
       9      0.0002897042      0.0004943474     -0.0010938197    (0.0m 11.4s)
      10      0.0001245438      0.0002125167     -0.0002818307    (0.0m 11.3s)
      11      0.0000824293      0.0001406540     -0.0000718627    (0.0m 11.9s)
      12      0.0000703937      0.0001201167     -0.0000205373    (0.0m 11.7s)
      13      0.0000564147      0.0000962637     -0.0000238531    (0.0m 11.5s)
      14      0.0000303592      0.0000518037     -0.0000444599    (0.0m 11.3s)
      15      0.0000085578      0.0000146027     -0.0000372010    (0.0m 11.3s)
      16      0.0000036165      0.0000061710     -0.0000084317    (0.0m 11.4s)
      17      0.0000018401      0.0000031399     -0.0000030311    (0.0m 11.3s)
      18      0.0000008908      0.0000015200     -0.0000016200    (0.0m 11.6s)
      19      0.0000003556      0.0000006067     -0.0000009132    (0.0m 11.7s)
      20      0.0000001679      0.0000002865     -0.0000003202    (0.0m 12.1s)
      21      0.0000000811      0.0000001384     -0.0000001481    (0.0m 12.2s)
      22      0.0000000597      0.0000001019     -0.0000000365    (0.0m 12.4s)
      23      0.0000000510      0.0000000870     -0.0000000149    (0.0m 12.3s)
      24      0.0000000419      0.0000000715     -0.0000000155    (0.0m 12.2s)
      25      0.0000000297      0.0000000507     -0.0000000208    (0.0m 12.4s)
      26      0.0000000141      0.0000000240     -0.0000000267    (0.0m 12.5s)
      27      0.0000000048      0.0000000082     -0.0000000158    (0.0m 12.2s)
      28      0.0000000026      0.0000000000     -0.0000000038     (0.0m 8.7s)
   Left CC calculation successfully converged! (5.00m  29.49s)

   Left-CC Calculation Summary
  --------------------------------------------------
   Converged        ω = 0.00000000       LR = 0.00000000

   Left CC calculation ended at 2022-11-12 10:18:20

   CC(P;3) Calculation Summary
   -------------------------------------
   Completed in  (0.00m  11.38s)

   CC(P) = -199.0572797774
   CC(P;3)_A = -199.0580996255     ΔE_A = -0.6380033431     δ_A = -0.0008198481
   CC(P;3)_B = -199.0580642352     ΔE_B = -0.6379679529     δ_B = -0.0007844579
   CC(P;3)_C = -199.0581875032     ΔE_C = -0.6380912208     δ_C = -0.0009077258
   CC(P;3)_D = -199.0581864890     ΔE_D = -0.6380902066     δ_D = -0.0009067117

