   System Information:
   ----------------------------------------------------
     Number of correlated electrons = 10
     Number of correlated orbitals = 24
     Number of frozen orbitals = 0
     Number of alpha occupied orbitals = 5
     Number of alpha unoccupied orbitals = 19
     Number of beta occupied orbitals = 5
     Number of beta unoccupied orbitals = 19
     Charge = 0
     Point group = C2V
     Symmetry of reference = A1
     Spin multiplicity of reference = 1

      MO #        Energy (a.u.)      Symmetry    Occupation
-----------------------------------------------------------
         1           -20.549991            A1           2.0
         2            -1.322999            A1           2.0
         3            -0.700200            B2           2.0
         4            -0.551000            A1           2.0
         5            -0.489500            B1           2.0
         6             0.183200            A1           0.0
         7             0.253000            B2           0.0
         8             0.798300            B2           0.0
         9             0.809800            A1           0.0
        10             1.162600            A1           0.0
        11             1.201799            B1           0.0
        12             1.247899            B2           0.0
        13             1.453899            A2           0.0
        14             1.498099            A1           0.0
        15             1.702199            B1           0.0
        16             1.882599            B2           0.0
        17             1.885199            A1           0.0
        18             2.429799            B2           0.0
        19             2.436699            A1           0.0
        20             3.238099            B1           0.0
        21             3.343799            A2           0.0
        22             3.442899            A1           0.0
        23             3.904598            A1           0.0
        24             4.089498            B2           0.0

   Nuclear Repulsion Energy = 9.009354229662662
   Reference Energy = -76.02403850028135

Parsing external CI file up through quadruples
Hartree-Fock coefficient =  -0.992675228737

Excitation Content
-------------------
Number of singles =  0
Number of doubles =  18
Number of triples =  0
Number of quadruples =  0

External correction energy =  -0.04246332046180083
Performing Cluster Analysis
---------------------------
T1... done
T2... done
T3... done
T4... done
T vector energy =  -0.04246332046180083
   --------------------------------------------------
   Calculation type =  ECCC2_SLOW
   Maximum iterations = 80
   Convergence tolerance = 1e-07
   Energy shift = 0.0
   DIIS size =  6
   RHF symmetry = False
   --------------------------------------------------

   CC calculation started at 2022-10-11 18:36:00 

   Energy of initial guess =         0.0000000000

      Iter.     Residuum             δE                ΔE           Wall time
    ----------------------------------------------------------------------------
       0      0.2706877480     -0.1911389580     -0.1911389580     (0.0m 1.7s)
       1      0.0416183038     -0.0196238109     -0.2107627689     (0.0m 1.7s)
       2      0.0134018574     -0.0025452066     -0.2133079755     (0.0m 1.8s)
       3      0.0045296499     -0.0005090124     -0.2138169880     (0.0m 1.7s)
       4      0.0016979789     -0.0001591636     -0.2139761515     (0.0m 1.7s)
       5      0.0007114230     -0.0000598718     -0.2140360233     (0.0m 1.7s)
       6      0.0003216764     -0.0000242330     -0.2140602563     (0.0m 1.7s)
       7      0.0001526229     -0.0000100678     -0.2140703241     (0.0m 1.8s)
       8      0.0000746987     -0.0000042595     -0.2140745836     (0.0m 1.7s)
       9      0.0000373262     -0.0000018280     -0.2140764116     (0.0m 2.0s)
      10      0.0000002142     -0.0000014302     -0.2140778417     (0.0m 2.1s)
      11      0.0000000823     -0.0000000001     -0.2140778418     (0.0m 2.1s)
   ec-CC calculation successfully converged! (0.00m  21.86s)

   CC Calculation Summary
  --------------------------------------------------
   Reference energy                    -76.02403850
   CC correlation energy                -0.21407784
   Total CC energy                     -76.23811634

   CC calculation ended at 2022-10-11 18:37:21

   HBar CCSD construction finished in 0.00m 0.08s
   --------------------------------------------------
   Calculation type =  LEFT_CCSD
   Maximum iterations = 80
   Convergence tolerance = 1e-07
   Energy shift = 0.0
   DIIS size =  6
   RHF symmetry = False
   --------------------------------------------------

   CC calculation started at 2022-10-11 18:37:00 

   Energy of initial guess =         0.0000000000

      Iter.     Residuum              ω                δω           Wall time
    ----------------------------------------------------------------------------
       0      0.0279837090      0.0960015963      0.0960015963     (0.0m 0.0s)
       1      0.0041898942      0.0144034608     -0.0815981355     (0.0m 0.0s)
       2      0.0012791455      0.0043993468     -0.0100041140     (0.0m 0.0s)
       3      0.0005554783      0.0019107777     -0.0024885690     (0.0m 0.0s)
       4      0.0002682146      0.0009226888     -0.0009880890     (0.0m 0.0s)
       5      0.0001454808      0.0005004862     -0.0004222026     (0.0m 0.0s)
       6      0.0000837059      0.0002879712     -0.0002125150     (0.0m 0.0s)
       7      0.0000024589      0.0000084596     -0.0002795116     (0.0m 0.0s)
       8      0.0000004921      0.0000016928     -0.0000067668     (0.0m 0.0s)
       9      0.0000001100      0.0000003783     -0.0000013145     (0.0m 0.0s)
      10      0.0000000274      0.0000000942     -0.0000002841     (0.0m 0.0s)
      11      0.0000000063      0.0000000000     -0.0000000725     (0.0m 0.0s)
   Left CC calculation successfully converged! (0.00m  0.38s)

   Left-CC Calculation Summary
  --------------------------------------------------
   Converged        ω = 0.00000002       LR = 0.00000000

   Left CC calculation ended at 2022-10-11 18:37:22

   CC(P;3) Calculation Summary
   -------------------------------------
   Completed in  (0.00m  0.16s)

   CC(P) = -76.2381163421
   CC(P;3)_A = -76.2409544401     ΔE_A = -0.2169159398     δ_A = -0.0028380980
   CC(P;3)_B = -76.2408598700     ΔE_B = -0.2168213697     δ_B = -0.0027435278
   CC(P;3)_C = -76.2415238346     ΔE_C = -0.2174853343     δ_C = -0.0034074924
   CC(P;3)_D = -76.2415158332     ΔE_D = -0.2174773329     δ_D = -0.0033994911

