   System Information:
   ----------------------------------------------------
     Number of correlated electrons = 10
     Number of correlated orbitals = 24
     Number of frozen orbitals = 0
     Number of alpha occupied orbitals = 5
     Number of alpha unoccupied orbitals = 19
     Number of beta occupied orbitals = 5
     Number of beta unoccupied orbitals = 19
     Charge = 0
     Point group = C2V
     Symmetry of reference = A1
     Spin multiplicity of reference = 1

      MO #        Energy (a.u.)      Symmetry    Occupation
-----------------------------------------------------------
         1           -20.549991            A1           2.0
         2            -1.322999            A1           2.0
         3            -0.700200            B2           2.0
         4            -0.551000            A1           2.0
         5            -0.489500            B1           2.0
         6             0.183200            A1           0.0
         7             0.253000            B2           0.0
         8             0.798300            B2           0.0
         9             0.809800            A1           0.0
        10             1.162600            A1           0.0
        11             1.201799            B1           0.0
        12             1.247899            B2           0.0
        13             1.453899            A2           0.0
        14             1.498099            A1           0.0
        15             1.702199            B1           0.0
        16             1.882599            B2           0.0
        17             1.885199            A1           0.0
        18             2.429799            B2           0.0
        19             2.436699            A1           0.0
        20             3.238099            B1           0.0
        21             3.343799            A2           0.0
        22             3.442899            A1           0.0
        23             3.904598            A1           0.0
        24             4.089498            B2           0.0

   Nuclear Repulsion Energy = 9.009354229662662
   Reference Energy = -76.02403850028135

Parsing external CI file up through quadruples
Hartree-Fock coefficient =  -0.970160620285

Excitation Content
-------------------
Number of singles =  66
Number of doubles =  3344
Number of triples =  71658
Number of quadruples =  547809

External correction energy =  -0.21759230157915543
Performing Cluster Analysis
---------------------------
T1... done
T2... done
T3... done
T4... done
T vector energy =  -0.2175923020605973
   --------------------------------------------------
   Calculation type =  ECCC2_SLOW
   Maximum iterations = 80
   Convergence tolerance = 1e-07
   Energy shift = 0.0
   DIIS size =  6
   RHF symmetry = False
   --------------------------------------------------

   CC calculation started at 2022-10-11 18:52:00 

   Energy of initial guess =         0.0000000000

      Iter.     Residuum             δE                ΔE           Wall time
    ----------------------------------------------------------------------------
       0      0.2770591339     -0.1944760176     -0.1944760176     (0.0m 2.1s)
       1      0.0426561214     -0.0199208247     -0.2143968423     (0.0m 1.8s)
       2      0.0137764800     -0.0025767669     -0.2169736092     (0.0m 2.2s)
       3      0.0046845204     -0.0005149141     -0.2174885233     (0.0m 1.8s)
       4      0.0017705989     -0.0001611950     -0.2176497183     (0.0m 1.9s)
       5      0.0007476516     -0.0000606420     -0.2177103603     (0.0m 2.1s)
       6      0.0003399905     -0.0000245373     -0.2177348976     (0.0m 1.9s)
       7      0.0001618858     -0.0000101870     -0.2177450845     (0.0m 2.1s)
       8      0.0000793595     -0.0000043065     -0.2177493910     (0.0m 1.9s)
       9      0.0000396549     -0.0000018465     -0.2177512375     (0.0m 1.9s)
      10      0.0000002203     -0.0000014420     -0.2177526795     (0.0m 2.1s)
      11      0.0000000840     -0.0000000002     -0.2177526797     (0.0m 1.8s)
   ec-CC calculation successfully converged! (0.00m  23.67s)

   CC Calculation Summary
  --------------------------------------------------
   Reference energy                    -76.02403850
   CC correlation energy                -0.21775268
   Total CC energy                     -76.24179118

   CC calculation ended at 2022-10-11 18:52:34

   HBar CCSD construction finished in 0.00m 0.06s
   --------------------------------------------------
   Calculation type =  LEFT_CCSD
   Maximum iterations = 80
   Convergence tolerance = 1e-07
   Energy shift = 0.0
   DIIS size =  6
   RHF symmetry = False
   --------------------------------------------------

   CC calculation started at 2022-10-11 18:52:00 

   Energy of initial guess =         0.0000000000

      Iter.     Residuum              ω                δω           Wall time
    ----------------------------------------------------------------------------
       0      0.0487675741      0.1671967184      0.1671967184     (0.0m 0.0s)
       1      0.0070493123      0.0242303761     -0.1429663423     (0.0m 0.0s)
       2      0.0023825622      0.0081967808     -0.0160335952     (0.0m 0.0s)
       3      0.0010460467      0.0035998241     -0.0045969568     (0.0m 0.0s)
       4      0.0005258027      0.0018097121     -0.0017901120     (0.0m 0.0s)
       5      0.0002847844      0.0009802327     -0.0008294794     (0.0m 0.0s)
       6      0.0001628235      0.0005604584     -0.0004197743     (0.0m 0.0s)
       7      0.0000038031      0.0000130913     -0.0005473671     (0.0m 0.0s)
       8      0.0000008071      0.0000027783     -0.0000103130     (0.0m 0.0s)
       9      0.0000001793      0.0000006171     -0.0000021612     (0.0m 0.0s)
      10      0.0000000401      0.0000001381     -0.0000004790     (0.0m 0.0s)
      11      0.0000000106      0.0000000364     -0.0000001017     (0.0m 0.0s)
      12      0.0000000022      0.0000000000     -0.0000000289     (0.0m 0.0s)
   Left CC calculation successfully converged! (0.00m  0.43s)

   Left-CC Calculation Summary
  --------------------------------------------------
   Converged        ω = 0.00000001       LR = 0.00000000

   Left CC calculation ended at 2022-10-11 18:52:35

   CC(P;3) Calculation Summary
   -------------------------------------
   Completed in  (0.00m  0.15s)

   CC(P) = -76.2417911800
   CC(P;3)_A = -76.2417938515     ΔE_A = -0.2177553513     δ_A = -0.0000026715
   CC(P;3)_B = -76.2417938246     ΔE_B = -0.2177553243     δ_B = -0.0000026446
   CC(P;3)_C = -76.2417940564     ΔE_C = -0.2177555561     δ_C = -0.0000028764
   CC(P;3)_D = -76.2417940558     ΔE_D = -0.2177555555     δ_D = -0.0000028758

