   System Information:
   ----------------------------------------------------
     Number of correlated electrons = 14
     Number of correlated orbitals = 28
     Number of frozen orbitals = 2
     Number of alpha occupied orbitals = 7
     Number of alpha unoccupied orbitals = 21
     Number of beta occupied orbitals = 7
     Number of beta unoccupied orbitals = 21
     Charge = 0
     Point group = D2H
     Symmetry of reference = AG
     Spin multiplicity of reference = 1

      MO #        Energy (a.u.)      Symmetry    Occupation
-----------------------------------------------------------
         1           -26.433289            AG           2.0
         2           -26.433089           B1U           2.0
         3            -1.768099            AG           2.0
         4            -1.499599           B1U           2.0
         5            -0.806800           B3U           2.0
         6            -0.806800           B2U           2.0
         7            -0.744600            AG           2.0
         8            -0.662700           B3G           2.0
         9            -0.662700           B2G           2.0
        10             0.096200           B1U           0.0
        11             1.308999           B3U           0.0
        12             1.308999           B2U           0.0
        13             1.343899           B1U           0.0
        14             1.489999            AG           0.0
        15             1.496699           B2G           0.0
        16             1.496699           B3G           0.0
        17             1.741599            AG           0.0
        18             2.156099           B1U           0.0
        19             3.460899            AG           0.0
        20             3.670298           B3U           0.0
        21             3.670298           B2U           0.0
        22             3.875298           B1G           0.0
        23             3.875298            AG           0.0
        24             3.927698           B1U           0.0
        25             3.927698            AU           0.0
        26             4.161398           B3G           0.0
        27             4.161398           B2G           0.0
        28             4.992298           B1U           0.0
        29             7.526197            AG           0.0
        30             7.963397           B1U           0.0

   Nuclear Repulsion Energy = 30.357999520268653
   Reference Energy = -198.68636494810323

   Using P space file:  /scratch/gururang/test_ccpq_2ba/civecs-100.dat
   Number of triples in P space =  0
   Number of aaa =  0
   Number of aab =  0
   Number of abb =  0
   Number of bbb =  0
   --------------------------------------------------
   Calculation type =  CCSDT_P
   Maximum iterations = 500
   Convergence tolerance = 1e-08
   Energy shift = 0.0
   DIIS size =  6
   RHF symmetry = False
   --------------------------------------------------

   CC calculation started at 2022-05-08 15:11:00 

   Energy of initial guess =         0.0000000000

      Iter.     Residuum             δE                ΔE           Wall time
    ----------------------------------------------------------------------------
       0      0.3549923071     -0.3694262907     -0.3694262907    (0.0m 13.0s)
       1      0.0684561394     -0.0313646772     -0.4007909680    (0.0m 15.8s)
       2      0.0226245571     -0.0042353109     -0.4050262788    (0.0m 15.4s)
       3      0.0086774672     -0.0010948541     -0.4061211329    (0.0m 17.6s)
       4      0.0039885281     -0.0004345033     -0.4065556363    (0.0m 16.7s)
       5      0.0021032620     -0.0001961809     -0.4067518171    (0.0m 16.4s)
       6      0.0012414539     -0.0000938625     -0.4068456796    (0.0m 16.8s)
       7      0.0007981812     -0.0000463903     -0.4068920699    (0.0m 17.1s)
       8      0.0005413479     -0.0000237052     -0.4069157751    (0.0m 16.7s)
       9      0.0003776641     -0.0000125584     -0.4069283336    (0.0m 21.8s)
      10      0.0000010615     -0.0000179051     -0.4069462387    (0.0m 20.3s)
      11      0.0000004011     -0.0000000176     -0.4069462563    (0.0m 19.8s)
      12      0.0000000557     -0.0000000105     -0.4069462669    (0.0m 19.5s)
      13      0.0000000148     -0.0000000005     -0.4069462674    (0.0m 19.9s)
      14      0.0000000032      0.0000000001     -0.4069462673    (0.0m 13.9s)
   CC calculation successfully converged! (4.00m  20.81s)

   CC Calculation Summary
  --------------------------------------------------
   Reference energy                   -198.68636495
   CC correlation energy                -0.40694627
   Total CC energy                    -199.09331122

   CC calculation ended at 2022-05-08 15:16:16

HBar CCSD construction finished in 0.00m 0.15s
   --------------------------------------------------
   Calculation type =  LEFT_CCSD
   Maximum iterations = 500
   Convergence tolerance = 1e-08
   Energy shift = 0.0
   DIIS size =  6
   RHF symmetry = False
   --------------------------------------------------

   CC calculation started at 2022-05-08 15:16:00 

   Energy of initial guess =         0.0000000000

      Iter.     Residuum              ω                δω           Wall time
    ----------------------------------------------------------------------------
       0      0.0807689306      0.0000000000      0.2138841244     (0.0m 0.1s)
       1      0.0122927688      0.0000000000     -0.1812077317     (0.0m 0.1s)
       2      0.0044272932      0.0000000000     -0.0208858401     (0.0m 0.1s)
       3      0.0023250116      0.0000000000     -0.0055937220     (0.0m 0.1s)
       4      0.0013267446      0.0000000000     -0.0026591879     (0.0m 0.1s)
       5      0.0007816008      0.0000000000     -0.0014531018     (0.0m 0.1s)
       6      0.0004683695      0.0000000000     -0.0008352302     (0.0m 0.1s)
       7      0.0000437789      0.0000000000     -0.0011325139     (0.0m 0.1s)
       8      0.0000139372      0.0000000000     -0.0000796139     (0.0m 0.1s)
       9      0.0000046247      0.0000000000     -0.0000248447     (0.0m 0.1s)
      10      0.0000012938      0.0000000000     -0.0000088865     (0.0m 0.1s)
      11      0.0000003519      0.0000000000     -0.0000025129     (0.0m 0.1s)
      12      0.0000000586      0.0000000000     -0.0000007823     (0.0m 0.1s)
      13      0.0000000189      0.0000000000     -0.0000001060     (0.0m 0.1s)
      14      0.0000000051      0.0000000000     -0.0000000368     (0.0m 0.1s)
      15      0.0000000014      0.0000000000     -0.0000000100     (0.0m 0.1s)
      16      0.0000000004      0.0000000000     -0.0000000025     (0.0m 0.1s)
   Left CC calculation successfully converged! (0.00m  1.81s)

   Left-CC Calculation Summary
  --------------------------------------------------
   Converged        ω = 0.00000000       LR = 0.00000000

   Left CC calculation ended at 2022-05-08 15:16:19

   CC(P;3) Calculation Summary
   -------------------------------------
   Completed in  (0.00m  0.78s)

   CC(P) = -199.0933112154
   CC(P;3)_A = -199.1013982388     ΔE_A = -0.4150332907     δ_A = -0.0080870234
   CC(P;3)_B = -199.1009912564     ΔE_B = -0.4146263083     δ_B = -0.0076800410
   CC(P;3)_C = -199.1031232646     ΔE_C = -0.4167583165     δ_C = -0.0098120492
   CC(P;3)_D = -199.1030361303     ΔE_D = -0.4166711822     δ_D = -0.0097249149

