   System Information:
   ----------------------------------------------------
     Number of correlated electrons = 14
     Number of correlated orbitals = 28
     Number of frozen orbitals = 2
     Number of alpha occupied orbitals = 7
     Number of alpha unoccupied orbitals = 21
     Number of beta occupied orbitals = 7
     Number of beta unoccupied orbitals = 21
     Charge = 0
     Point group = D2H
     Symmetry of reference = AG
     Spin multiplicity of reference = 1

      MO #        Energy (a.u.)      Symmetry    Occupation
-----------------------------------------------------------
         1           -26.433289            AG           2.0
         2           -26.433089           B1U           2.0
         3            -1.768099            AG           2.0
         4            -1.499599           B1U           2.0
         5            -0.806800           B3U           2.0
         6            -0.806800           B2U           2.0
         7            -0.744600            AG           2.0
         8            -0.662700           B3G           2.0
         9            -0.662700           B2G           2.0
        10             0.096200           B1U           0.0
        11             1.308999           B3U           0.0
        12             1.308999           B2U           0.0
        13             1.343899           B1U           0.0
        14             1.489999            AG           0.0
        15             1.496699           B2G           0.0
        16             1.496699           B3G           0.0
        17             1.741599            AG           0.0
        18             2.156099           B1U           0.0
        19             3.460899            AG           0.0
        20             3.670298           B3U           0.0
        21             3.670298           B2U           0.0
        22             3.875298           B1G           0.0
        23             3.875298            AG           0.0
        24             3.927698           B1U           0.0
        25             3.927698            AU           0.0
        26             4.161398           B3G           0.0
        27             4.161398           B2G           0.0
        28             4.992298           B1U           0.0
        29             7.526197            AG           0.0
        30             7.963397           B1U           0.0

   Nuclear Repulsion Energy = 30.357999520268653
   Reference Energy = -198.68636494810323

   Using P space file:  /scratch/gururang/test_ccpq_2ba/civecs-100000.dat
   Number of triples in P space =  25210
   Number of aaa =  875
   Number of aab =  11730
   Number of abb =  11730
   Number of bbb =  875
   --------------------------------------------------
   Calculation type =  CCSDT_P
   Maximum iterations = 500
   Convergence tolerance = 1e-08
   Energy shift = 0.0
   DIIS size =  6
   RHF symmetry = False
   --------------------------------------------------

   CC calculation started at 2022-05-08 15:35:00 

   Energy of initial guess =         0.0000000000

      Iter.     Residuum             δE                ΔE           Wall time
    ----------------------------------------------------------------------------
       0      0.3598107011     -0.3694262907     -0.3694262907    (0.0m 14.3s)
       1      0.0731916444     -0.0367338112     -0.4061601019    (0.0m 16.9s)
       2      0.0281618567     -0.0059574547     -0.4121175566    (0.0m 17.0s)
       3      0.0125396663     -0.0017752311     -0.4138927877    (0.0m 19.3s)
       4      0.0063759700     -0.0007570826     -0.4146498703    (0.0m 18.5s)
       5      0.0035776586     -0.0003685718     -0.4150184421    (0.0m 17.6s)
       6      0.0021990707     -0.0001899067     -0.4152083488    (0.0m 17.4s)
       7      0.0014677275     -0.0001010949     -0.4153094437    (0.0m 17.0s)
       8      0.0010417598     -0.0000553508     -0.4153647945    (0.0m 15.5s)
       9      0.0007678939     -0.0000312042     -0.4153959987    (0.0m 19.0s)
      10      0.0000041800     -0.0000514878     -0.4154474865    (0.0m 17.9s)
      11      0.0000012689     -0.0000000850     -0.4154475715    (0.0m 18.0s)
      12      0.0000003883     -0.0000000226     -0.4154475941    (0.0m 19.2s)
      13      0.0000002135     -0.0000000037     -0.4154475979    (0.0m 20.3s)
      14      0.0000001143      0.0000000018     -0.4154475961    (0.0m 18.6s)
      15      0.0000000245      0.0000000012     -0.4154475949    (0.0m 18.1s)
      16      0.0000000064     -0.0000000003     -0.4154475952    (0.0m 13.0s)
   CC calculation successfully converged! (4.00m  57.53s)

   CC Calculation Summary
  --------------------------------------------------
   Reference energy                   -198.68636495
   CC correlation energy                -0.41544760
   Total CC energy                    -199.10181254

   CC calculation ended at 2022-05-08 15:40:24

HBar CCSD construction finished in 0.00m 0.15s
   --------------------------------------------------
   Calculation type =  LEFT_CCSD
   Maximum iterations = 500
   Convergence tolerance = 1e-08
   Energy shift = 0.0
   DIIS size =  6
   RHF symmetry = False
   --------------------------------------------------

   CC calculation started at 2022-05-08 15:40:00 

   Energy of initial guess =         0.0000000000

      Iter.     Residuum              ω                δω           Wall time
    ----------------------------------------------------------------------------
       0      0.1243667985      0.0000000000      0.3278726428     (0.0m 0.1s)
       1      0.0266115889      0.0000000000     -0.2572524285     (0.0m 0.1s)
       2      0.0120911752      0.0000000000     -0.0383782441     (0.0m 0.1s)
       3      0.0072210680      0.0000000000     -0.0129446932     (0.0m 0.1s)
       4      0.0042856273      0.0000000000     -0.0078303252     (0.0m 0.1s)
       5      0.0025986713      0.0000000000     -0.0045088810     (0.0m 0.1s)
       6      0.0016072688      0.0000000000     -0.0026527509     (0.0m 0.1s)
       7      0.0001112172      0.0000000000     -0.0040072073     (0.0m 0.1s)
       8      0.0000342529      0.0000000000     -0.0002062991     (0.0m 0.1s)
       9      0.0000112520      0.0000000000     -0.0000616527     (0.0m 0.1s)
      10      0.0000025990      0.0000000000     -0.0000231940     (0.0m 0.1s)
      11      0.0000005106      0.0000000000     -0.0000055980     (0.0m 0.1s)
      12      0.0000001298      0.0000000000     -0.0000010207     (0.0m 0.1s)
      13      0.0000000294      0.0000000000     -0.0000002693     (0.0m 0.1s)
      14      0.0000000095      0.0000000000     -0.0000000532     (0.0m 0.1s)
      15      0.0000000047      0.0000000000     -0.0000000129     (0.0m 0.1s)
      16      0.0000000024      0.0000000000     -0.0000000061     (0.0m 0.1s)
   Left CC calculation successfully converged! (0.00m  1.80s)

   Left-CC Calculation Summary
  --------------------------------------------------
   Converged        ω = 0.00000001       LR = 0.00000000

   Left CC calculation ended at 2022-05-08 15:40:26

   CC(P;3) Calculation Summary
   -------------------------------------
   Completed in  (0.00m  0.80s)

   CC(P) = -199.1018125433
   CC(P;3)_A = -199.1027384109     ΔE_A = -0.4163734628     δ_A = -0.0009258675
   CC(P;3)_B = -199.1027158316     ΔE_B = -0.4163508835     δ_B = -0.0009032883
   CC(P;3)_C = -199.1028782171     ΔE_C = -0.4165132690     δ_C = -0.0010656737
   CC(P;3)_D = -199.1028775552     ΔE_D = -0.4165126071     δ_D = -0.0010650118

