   System Information:
   ----------------------------------------------------
     Number of correlated electrons = 14
     Number of correlated orbitals = 28
     Number of frozen orbitals = 2
     Number of alpha occupied orbitals = 7
     Number of alpha unoccupied orbitals = 21
     Number of beta occupied orbitals = 7
     Number of beta unoccupied orbitals = 21
     Charge = 0
     Point group = D2H
     Symmetry of reference = AG
     Spin multiplicity of reference = 1

      MO #        Energy (a.u.)      Symmetry    Occupation
-----------------------------------------------------------
         1           -26.433289            AG           2.0
         2           -26.433089           B1U           2.0
         3            -1.768099            AG           2.0
         4            -1.499599           B1U           2.0
         5            -0.806800           B3U           2.0
         6            -0.806800           B2U           2.0
         7            -0.744600            AG           2.0
         8            -0.662700           B3G           2.0
         9            -0.662700           B2G           2.0
        10             0.096200           B1U           0.0
        11             1.308999           B3U           0.0
        12             1.308999           B2U           0.0
        13             1.343899           B1U           0.0
        14             1.489999            AG           0.0
        15             1.496699           B2G           0.0
        16             1.496699           B3G           0.0
        17             1.741599            AG           0.0
        18             2.156099           B1U           0.0
        19             3.460899            AG           0.0
        20             3.670298           B3U           0.0
        21             3.670298           B2U           0.0
        22             3.875298           B1G           0.0
        23             3.875298            AG           0.0
        24             3.927698           B1U           0.0
        25             3.927698            AU           0.0
        26             4.161398           B3G           0.0
        27             4.161398           B2G           0.0
        28             4.992298           B1U           0.0
        29             7.526197            AG           0.0
        30             7.963397           B1U           0.0

   Nuclear Repulsion Energy = 30.357999520268653
   Reference Energy = -198.68636494810323

   Using P space file:  /scratch/gururang/test_ccpq_2ba/civecs-10000.dat
   Number of triples in P space =  2038
   Number of aaa =  48
   Number of aab =  971
   Number of abb =  971
   Number of bbb =  48
   --------------------------------------------------
   Calculation type =  CCSDT_P
   Maximum iterations = 500
   Convergence tolerance = 1e-08
   Energy shift = 0.0
   DIIS size =  6
   RHF symmetry = False
   --------------------------------------------------

   CC calculation started at 2022-05-08 15:25:00 

   Energy of initial guess =         0.0000000000

      Iter.     Residuum             δE                ΔE           Wall time
    ----------------------------------------------------------------------------
       0      0.3584455107     -0.3694262907     -0.3694262907    (0.0m 12.9s)
       1      0.0730094269     -0.0351815920     -0.4046078827    (0.0m 16.0s)
       2      0.0276079784     -0.0056399400     -0.4102478227    (0.0m 15.5s)
       3      0.0120287014     -0.0017072150     -0.4119550376    (0.0m 17.5s)
       4      0.0058733037     -0.0007359797     -0.4126910173    (0.0m 16.8s)
       5      0.0030630421     -0.0003546898     -0.4130457071    (0.0m 16.4s)
       6      0.0016868633     -0.0001785052     -0.4132242123    (0.0m 16.7s)
       7      0.0009848224     -0.0000916942     -0.4133159065    (0.0m 17.6s)
       8      0.0006109484     -0.0000478465     -0.4133637529    (0.0m 18.1s)
       9      0.0003998808     -0.0000253398     -0.4133890928    (0.0m 21.7s)
      10      0.0000026732     -0.0000316186     -0.4134207114    (0.0m 19.2s)
      11      0.0000009234     -0.0000000550     -0.4134207664    (0.0m 20.6s)
      12      0.0000001626     -0.0000000265     -0.4134207929    (0.0m 20.6s)
      13      0.0000000406     -0.0000000019     -0.4134207949    (0.0m 20.6s)
      14      0.0000000089      0.0000000007     -0.4134207942    (0.0m 14.1s)
   CC calculation successfully converged! (4.00m  24.31s)

   CC Calculation Summary
  --------------------------------------------------
   Reference energy                   -198.68636495
   CC correlation energy                -0.41342079
   Total CC energy                    -199.09978574

   CC calculation ended at 2022-05-08 15:30:00

HBar CCSD construction finished in 0.00m 0.15s
   --------------------------------------------------
   Calculation type =  LEFT_CCSD
   Maximum iterations = 500
   Convergence tolerance = 1e-08
   Energy shift = 0.0
   DIIS size =  6
   RHF symmetry = False
   --------------------------------------------------

   CC calculation started at 2022-05-08 15:30:00 

   Energy of initial guess =         0.0000000000

      Iter.     Residuum              ω                δω           Wall time
    ----------------------------------------------------------------------------
       0      0.1142921868      0.0000000000      0.3014799957     (0.0m 0.1s)
       1      0.0246576949      0.0000000000     -0.2360215541     (0.0m 0.1s)
       2      0.0115665406      0.0000000000     -0.0346167177     (0.0m 0.1s)
       3      0.0068736096      0.0000000000     -0.0124772565     (0.0m 0.1s)
       4      0.0040091885      0.0000000000     -0.0076410927     (0.0m 0.1s)
       5      0.0023492008      0.0000000000     -0.0044361351     (0.0m 0.1s)
       6      0.0013741914      0.0000000000     -0.0026081650     (0.0m 0.1s)
       7      0.0000396896      0.0000000000     -0.0035727634     (0.0m 0.1s)
       8      0.0000192249      0.0000000000     -0.0000548160     (0.0m 0.1s)
       9      0.0000094951      0.0000000000     -0.0000260618     (0.0m 0.1s)
      10      0.0000025621      0.0000000000     -0.0000185704     (0.0m 0.1s)
      11      0.0000004720      0.0000000000     -0.0000055986     (0.0m 0.1s)
      12      0.0000001032      0.0000000000     -0.0000009879     (0.0m 0.1s)
      13      0.0000000257      0.0000000000     -0.0000002075     (0.0m 0.1s)
      14      0.0000000074      0.0000000000     -0.0000000492     (0.0m 0.1s)
      15      0.0000000027      0.0000000000     -0.0000000126     (0.0m 0.1s)
      16      0.0000000008      0.0000000000     -0.0000000050     (0.0m 0.1s)
   Left CC calculation successfully converged! (0.00m  1.82s)

   Left-CC Calculation Summary
  --------------------------------------------------
   Converged        ω = 0.00000000       LR = 0.00000000

   Left CC calculation ended at 2022-05-08 15:30:02

   CC(P;3) Calculation Summary
   -------------------------------------
   Completed in  (0.00m  0.78s)

   CC(P) = -199.0997857423
   CC(P;3)_A = -199.1025671603     ΔE_A = -0.4162022122     δ_A = -0.0027814181
   CC(P;3)_B = -199.1024764032     ΔE_B = -0.4161114551     δ_B = -0.0026906610
   CC(P;3)_C = -199.1030544188     ΔE_C = -0.4166894707     δ_C = -0.0032686765
   CC(P;3)_D = -199.1030485194     ΔE_D = -0.4166835713     δ_D = -0.0032627772

