   System Information:
   ----------------------------------------------------
     Number of correlated electrons = 14
     Number of correlated orbitals = 28
     Number of frozen orbitals = 2
     Number of alpha occupied orbitals = 7
     Number of alpha unoccupied orbitals = 21
     Number of beta occupied orbitals = 7
     Number of beta unoccupied orbitals = 21
     Charge = 0
     Point group = D2H
     Symmetry of reference = AG
     Spin multiplicity of reference = 1

      MO #        Energy (a.u.)      Symmetry    Occupation
-----------------------------------------------------------
         1           -26.433289            AG           2.0
         2           -26.433089           B1U           2.0
         3            -1.768099            AG           2.0
         4            -1.499599           B1U           2.0
         5            -0.806800           B3U           2.0
         6            -0.806800           B2U           2.0
         7            -0.744600            AG           2.0
         8            -0.662700           B3G           2.0
         9            -0.662700           B2G           2.0
        10             0.096200           B1U           0.0
        11             1.308999           B3U           0.0
        12             1.308999           B2U           0.0
        13             1.343899           B1U           0.0
        14             1.489999            AG           0.0
        15             1.496699           B2G           0.0
        16             1.496699           B3G           0.0
        17             1.741599            AG           0.0
        18             2.156099           B1U           0.0
        19             3.460899            AG           0.0
        20             3.670298           B3U           0.0
        21             3.670298           B2U           0.0
        22             3.875298           B1G           0.0
        23             3.875298            AG           0.0
        24             3.927698           B1U           0.0
        25             3.927698            AU           0.0
        26             4.161398           B3G           0.0
        27             4.161398           B2G           0.0
        28             4.992298           B1U           0.0
        29             7.526197            AG           0.0
        30             7.963397           B1U           0.0

   Nuclear Repulsion Energy = 30.357999520268653
   Reference Energy = -198.68636494810323

   Using P space file:  /scratch/gururang/test_ccpq_2ba/f2-Re/civecs-1000000.dat
   Number of triples in P space =  73608
   Number of aaa =  2815
   Number of aab =  33989
   Number of abb =  33989
   Number of bbb =  2815
   --------------------------------------------------
   Calculation type =  CCSDT_P
   Maximum iterations = 500
   Convergence tolerance = 1e-08
   Energy shift = 0.0
   DIIS size =  6
   RHF symmetry = False
   --------------------------------------------------

   CC calculation started at 2022-05-08 17:54:00 

   Energy of initial guess =         0.0000000000

      Iter.     Residuum             δE                ΔE           Wall time
    ----------------------------------------------------------------------------
       0      0.3601902271     -0.3694262907     -0.3694262907    (0.0m 12.7s)
       1      0.0731334643     -0.0371560595     -0.4065823502    (0.0m 14.2s)
       2      0.0281991826     -0.0060339116     -0.4126162618    (0.0m 14.3s)
       3      0.0125812700     -0.0017886539     -0.4144049157    (0.0m 16.2s)
       4      0.0064302433     -0.0007574674     -0.4151623831    (0.0m 15.4s)
       5      0.0036480610     -0.0003685184     -0.4155309015    (0.0m 15.3s)
       6      0.0022797989     -0.0001903175     -0.4157212189    (0.0m 15.4s)
       7      0.0015507003     -0.0001018334     -0.4158230523    (0.0m 15.5s)
       8      0.0011206153     -0.0000561698     -0.4158792221    (0.0m 15.3s)
       9      0.0008392030     -0.0000319819     -0.4159112040    (0.0m 20.5s)
      10      0.0000065287     -0.0000555215     -0.4159667255    (0.0m 20.0s)
      11      0.0000033983     -0.0000001029     -0.4159668284    (0.0m 19.9s)
      12      0.0000019887     -0.0000000168     -0.4159668452    (0.0m 19.7s)
      13      0.0000009942     -0.0000000039     -0.4159668490    (0.0m 18.7s)
      14      0.0000001933      0.0000000118     -0.4159668372    (0.0m 19.5s)
      15      0.0000000462      0.0000000011     -0.4159668361    (0.0m 18.3s)
      16      0.0000000094     -0.0000000003     -0.4159668364    (0.0m 12.9s)
   CC calculation successfully converged! (4.00m  43.88s)

   CC Calculation Summary
  --------------------------------------------------
   Reference energy                   -198.68636495
   CC correlation energy                -0.41596684
   Total CC energy                    -199.10233178

   CC calculation ended at 2022-05-08 17:59:36

HBar CCSD construction finished in 0.00m 0.15s
   --------------------------------------------------
   Calculation type =  LEFT_CCSD
   Maximum iterations = 500
   Convergence tolerance = 1e-08
   Energy shift = 0.0
   DIIS size =  6
   RHF symmetry = False
   --------------------------------------------------

   CC calculation started at 2022-05-08 17:59:00 

   Energy of initial guess =         0.0000000000

      Iter.     Residuum              ω                δω           Wall time
    ----------------------------------------------------------------------------
       0      0.1267100994      0.0000000000      0.3340838078     (0.0m 0.1s)
       1      0.0268522161      0.0000000000     -0.2628215829     (0.0m 0.1s)
       2      0.0120767107      0.0000000000     -0.0390566457     (0.0m 0.1s)
       3      0.0072186310      0.0000000000     -0.0129135165     (0.0m 0.1s)
       4      0.0042960779      0.0000000000     -0.0077963469     (0.0m 0.1s)
       5      0.0026204104      0.0000000000     -0.0044789317     (0.0m 0.1s)
       6      0.0016348808      0.0000000000     -0.0026371744     (0.0m 0.1s)
       7      0.0001124183      0.0000000000     -0.0040782510     (0.0m 0.1s)
       8      0.0000346867      0.0000000000     -0.0002083741     (0.0m 0.1s)
       9      0.0000114314      0.0000000000     -0.0000623404     (0.0m 0.1s)
      10      0.0000026246      0.0000000000     -0.0000236084     (0.0m 0.1s)
      11      0.0000005213      0.0000000000     -0.0000056383     (0.0m 0.1s)
      12      0.0000001338      0.0000000000     -0.0000010388     (0.0m 0.1s)
      13      0.0000000292      0.0000000000     -0.0000002804     (0.0m 0.1s)
      14      0.0000000083      0.0000000000     -0.0000000560     (0.0m 0.1s)
      15      0.0000000032      0.0000000000     -0.0000000135     (0.0m 0.1s)
      16      0.0000000012      0.0000000000     -0.0000000054     (0.0m 0.1s)
   Left CC calculation successfully converged! (0.00m  1.82s)

   Left-CC Calculation Summary
  --------------------------------------------------
   Converged        ω = 0.00000000       LR = 0.00000000

   Left CC calculation ended at 2022-05-08 17:59:38

   CC(P;3) Calculation Summary
   -------------------------------------
   Completed in  (0.00m  0.80s)

   CC(P) = -199.1023317845
   CC(P;3)_A = -199.1027631878     ΔE_A = -0.4163982397     δ_A = -0.0004314033
   CC(P;3)_B = -199.1027536388     ΔE_B = -0.4163886907     δ_B = -0.0004218543
   CC(P;3)_C = -199.1028259469     ΔE_C = -0.4164609988     δ_C = -0.0004941624
   CC(P;3)_D = -199.1028257157     ΔE_D = -0.4164607676     δ_D = -0.0004939311

