   System Information:
   ----------------------------------------------------
     Number of correlated electrons = 14
     Number of correlated orbitals = 28
     Number of frozen orbitals = 2
     Number of alpha occupied orbitals = 7
     Number of alpha unoccupied orbitals = 21
     Number of beta occupied orbitals = 7
     Number of beta unoccupied orbitals = 21
     Charge = 0
     Point group = D2H
     Symmetry of reference = AG
     Spin multiplicity of reference = 1

      MO #        Energy (a.u.)      Symmetry    Occupation
-----------------------------------------------------------
         1           -26.433289            AG           2.0
         2           -26.433089           B1U           2.0
         3            -1.768099            AG           2.0
         4            -1.499599           B1U           2.0
         5            -0.806800           B3U           2.0
         6            -0.806800           B2U           2.0
         7            -0.744600            AG           2.0
         8            -0.662700           B3G           2.0
         9            -0.662700           B2G           2.0
        10             0.096200           B1U           0.0
        11             1.308999           B3U           0.0
        12             1.308999           B2U           0.0
        13             1.343899           B1U           0.0
        14             1.489999            AG           0.0
        15             1.496699           B2G           0.0
        16             1.496699           B3G           0.0
        17             1.741599            AG           0.0
        18             2.156099           B1U           0.0
        19             3.460899            AG           0.0
        20             3.670298           B3U           0.0
        21             3.670298           B2U           0.0
        22             3.875298           B1G           0.0
        23             3.875298            AG           0.0
        24             3.927698           B1U           0.0
        25             3.927698            AU           0.0
        26             4.161398           B3G           0.0
        27             4.161398           B2G           0.0
        28             4.992298           B1U           0.0
        29             7.526197            AG           0.0
        30             7.963397           B1U           0.0

   Nuclear Repulsion Energy = 30.357999520268653
   Reference Energy = -198.68636494810323

   Using P space file:  /scratch/gururang/test_ccpq_2ba/civecs-500000.dat
   Number of triples in P space =  59822
   Number of aaa =  2225
   Number of aab =  27686
   Number of abb =  27686
   Number of bbb =  2225
   --------------------------------------------------
   Calculation type =  CCSDT_P
   Maximum iterations = 500
   Convergence tolerance = 1e-08
   Energy shift = 0.0
   DIIS size =  6
   RHF symmetry = False
   --------------------------------------------------

   CC calculation started at 2022-05-08 15:41:00 

   Energy of initial guess =         0.0000000000

      Iter.     Residuum             δE                ΔE           Wall time
    ----------------------------------------------------------------------------
       0      0.3601543016     -0.3694262907     -0.3694262907    (0.0m 14.4s)
       1      0.0731364985     -0.0371130552     -0.4065393459    (0.0m 16.9s)
       2      0.0281995113     -0.0060224312     -0.4125617772    (0.0m 17.0s)
       3      0.0125843127     -0.0017873512     -0.4143491283    (0.0m 18.4s)
       4      0.0064334640     -0.0007576929     -0.4151068212    (0.0m 18.5s)
       5      0.0036508586     -0.0003688491     -0.4154756703    (0.0m 18.4s)
       6      0.0022822600     -0.0001905387     -0.4156662091    (0.0m 18.8s)
       7      0.0015528840     -0.0001019681     -0.4157681772    (0.0m 19.1s)
       8      0.0011224998     -0.0000562512     -0.4158244284    (0.0m 17.8s)
       9      0.0008407740     -0.0000320330     -0.4158564614    (0.0m 23.1s)
      10      0.0000052377     -0.0000556587     -0.4159121201    (0.0m 23.0s)
      11      0.0000023968     -0.0000000948     -0.4159122149    (0.0m 22.4s)
      12      0.0000014092     -0.0000000175     -0.4159122324    (0.0m 22.1s)
      13      0.0000008568     -0.0000000059     -0.4159122383    (0.0m 21.4s)
      14      0.0000002065      0.0000000071     -0.4159122311    (0.0m 21.0s)
      15      0.0000000475      0.0000000012     -0.4159122299    (0.0m 22.1s)
      16      0.0000000097     -0.0000000003     -0.4159122302    (0.0m 15.0s)
   CC calculation successfully converged! (5.00m  29.39s)

   CC Calculation Summary
  --------------------------------------------------
   Reference energy                   -198.68636495
   CC correlation energy                -0.41591223
   Total CC energy                    -199.10227718

   CC calculation ended at 2022-05-08 15:47:10

HBar CCSD construction finished in 0.00m 0.20s
   --------------------------------------------------
   Calculation type =  LEFT_CCSD
   Maximum iterations = 500
   Convergence tolerance = 1e-08
   Energy shift = 0.0
   DIIS size =  6
   RHF symmetry = False
   --------------------------------------------------

   CC calculation started at 2022-05-08 15:47:00 

   Energy of initial guess =         0.0000000000

      Iter.     Residuum              ω                δω           Wall time
    ----------------------------------------------------------------------------
       0      0.1264597209      0.0000000000      0.3334154339     (0.0m 0.1s)
       1      0.0268500633      0.0000000000     -0.2621602415     (0.0m 0.1s)
       2      0.0120929264      0.0000000000     -0.0390068544     (0.0m 0.1s)
       3      0.0072316689      0.0000000000     -0.0129216584     (0.0m 0.1s)
       4      0.0043052135      0.0000000000     -0.0078066296     (0.0m 0.1s)
       5      0.0026265923      0.0000000000     -0.0044867706     (0.0m 0.1s)
       6      0.0016390876      0.0000000000     -0.0026424327     (0.0m 0.1s)
       7      0.0001122881      0.0000000000     -0.0040898388     (0.0m 0.1s)
       8      0.0000346740      0.0000000000     -0.0002080579     (0.0m 0.1s)
       9      0.0000114319      0.0000000000     -0.0000623046     (0.0m 0.1s)
      10      0.0000026194      0.0000000000     -0.0000236236     (0.0m 0.1s)
      11      0.0000005182      0.0000000000     -0.0000056326     (0.0m 0.1s)
      12      0.0000001335      0.0000000000     -0.0000010313     (0.0m 0.1s)
      13      0.0000000295      0.0000000000     -0.0000002789     (0.0m 0.1s)
      14      0.0000000088      0.0000000000     -0.0000000554     (0.0m 0.1s)
      15      0.0000000038      0.0000000000     -0.0000000134     (0.0m 0.1s)
      16      0.0000000017      0.0000000000     -0.0000000056     (0.0m 0.1s)
   Left CC calculation successfully converged! (0.00m  1.84s)

   Left-CC Calculation Summary
  --------------------------------------------------
   Converged        ω = 0.00000000       LR = 0.00000000

   Left CC calculation ended at 2022-05-08 15:47:13

   CC(P;3) Calculation Summary
   -------------------------------------
   Completed in  (0.00m  0.85s)

   CC(P) = -199.1022771783
   CC(P;3)_A = -199.1027600499     ΔE_A = -0.4163951018     δ_A = -0.0004828716
   CC(P;3)_B = -199.1027492560     ΔE_B = -0.4163843079     δ_B = -0.0004720777
   CC(P;3)_C = -199.1028306438     ΔE_C = -0.4164656957     δ_C = -0.0005534655
   CC(P;3)_D = -199.1028303732     ΔE_D = -0.4164654251     δ_D = -0.0005531948

