   System Information:
   ----------------------------------------------------
     Number of correlated electrons = 14
     Number of correlated orbitals = 28
     Number of frozen orbitals = 2
     Number of alpha occupied orbitals = 7
     Number of alpha unoccupied orbitals = 21
     Number of beta occupied orbitals = 7
     Number of beta unoccupied orbitals = 21
     Charge = 0
     Point group = D2H
     Symmetry of reference = AG
     Spin multiplicity of reference = 1

      MO #        Energy (a.u.)      Symmetry    Occupation
-----------------------------------------------------------
         1           -26.433289            AG           2.0
         2           -26.433089           B1U           2.0
         3            -1.768099            AG           2.0
         4            -1.499599           B1U           2.0
         5            -0.806800           B3U           2.0
         6            -0.806800           B2U           2.0
         7            -0.744600            AG           2.0
         8            -0.662700           B3G           2.0
         9            -0.662700           B2G           2.0
        10             0.096200           B1U           0.0
        11             1.308999           B3U           0.0
        12             1.308999           B2U           0.0
        13             1.343899           B1U           0.0
        14             1.489999            AG           0.0
        15             1.496699           B2G           0.0
        16             1.496699           B3G           0.0
        17             1.741599            AG           0.0
        18             2.156099           B1U           0.0
        19             3.460899            AG           0.0
        20             3.670298           B3U           0.0
        21             3.670298           B2U           0.0
        22             3.875298           B1G           0.0
        23             3.875298            AG           0.0
        24             3.927698           B1U           0.0
        25             3.927698            AU           0.0
        26             4.161398           B3G           0.0
        27             4.161398           B2G           0.0
        28             4.992298           B1U           0.0
        29             7.526197            AG           0.0
        30             7.963397           B1U           0.0

   Nuclear Repulsion Energy = 30.357999520268653
   Reference Energy = -198.68636494810323

   Using P space file:  /scratch/gururang/test_ccpq_2ba/civecs-50000.dat
   Number of triples in P space =  13722
   Number of aaa =  450
   Number of aab =  6411
   Number of abb =  6411
   Number of bbb =  450
   --------------------------------------------------
   Calculation type =  CCSDT_P
   Maximum iterations = 500
   Convergence tolerance = 1e-08
   Energy shift = 0.0
   DIIS size =  6
   RHF symmetry = False
   --------------------------------------------------

   CC calculation started at 2022-05-08 15:30:00 

   Energy of initial guess =         0.0000000000

      Iter.     Residuum             δE                ΔE           Wall time
    ----------------------------------------------------------------------------
       0      0.3595308884     -0.3694262907     -0.3694262907    (0.0m 13.8s)
       1      0.0731434922     -0.0363954823     -0.4058217730    (0.0m 17.2s)
       2      0.0280977277     -0.0058832901     -0.4117050631    (0.0m 17.0s)
       3      0.0124974737     -0.0017602071     -0.4134652702    (0.0m 16.4s)
       4      0.0063370623     -0.0007543873     -0.4142196575    (0.0m 15.4s)
       5      0.0035345530     -0.0003676003     -0.4145872578    (0.0m 15.3s)
       6      0.0021531082     -0.0001891941     -0.4147764519    (0.0m 15.2s)
       7      0.0014224230     -0.0001004388     -0.4148768907    (0.0m 15.3s)
       8      0.0009999578     -0.0000547685     -0.4149316592    (0.0m 15.3s)
       9      0.0007309961     -0.0000307085     -0.4149623678    (0.0m 18.9s)
      10      0.0000041472     -0.0000493568     -0.4150117245    (0.0m 17.8s)
      11      0.0000013312     -0.0000000828     -0.4150118074    (0.0m 17.9s)
      12      0.0000003908     -0.0000000270     -0.4150118344    (0.0m 17.8s)
      13      0.0000002144     -0.0000000037     -0.4150118381    (0.0m 17.9s)
      14      0.0000001145      0.0000000018     -0.4150118363    (0.0m 17.8s)
      15      0.0000000236      0.0000000013     -0.4150118351    (0.0m 17.9s)
      16      0.0000000053     -0.0000000004     -0.4150118355    (0.0m 12.9s)
   CC calculation successfully converged! (4.00m  39.78s)

   CC Calculation Summary
  --------------------------------------------------
   Reference energy                   -198.68636495
   CC correlation energy                -0.41501184
   Total CC energy                    -199.10137678

   CC calculation ended at 2022-05-08 15:34:59

HBar CCSD construction finished in 0.00m 0.15s
   --------------------------------------------------
   Calculation type =  LEFT_CCSD
   Maximum iterations = 500
   Convergence tolerance = 1e-08
   Energy shift = 0.0
   DIIS size =  6
   RHF symmetry = False
   --------------------------------------------------

   CC calculation started at 2022-05-08 15:34:00 

   Energy of initial guess =         0.0000000000

      Iter.     Residuum              ω                δω           Wall time
    ----------------------------------------------------------------------------
       0      0.1223281304      0.0000000000      0.3224869754     (0.0m 0.1s)
       1      0.0263472300      0.0000000000     -0.2525707344     (0.0m 0.1s)
       2      0.0120521262      0.0000000000     -0.0377805538     (0.0m 0.1s)
       3      0.0071980590      0.0000000000     -0.0129013797     (0.0m 0.1s)
       4      0.0042652731      0.0000000000     -0.0078227692     (0.0m 0.1s)
       5      0.0025769342      0.0000000000     -0.0045122747     (0.0m 0.1s)
       6      0.0015848315      0.0000000000     -0.0026544310     (0.0m 0.1s)
       7      0.0001092547      0.0000000000     -0.0039520109     (0.0m 0.1s)
       8      0.0000338131      0.0000000000     -0.0002021964     (0.0m 0.1s)
       9      0.0000110608      0.0000000000     -0.0000609803     (0.0m 0.1s)
      10      0.0000025505      0.0000000000     -0.0000228092     (0.0m 0.1s)
      11      0.0000004979      0.0000000000     -0.0000055015     (0.0m 0.1s)
      12      0.0000001259      0.0000000000     -0.0000009970     (0.0m 0.1s)
      13      0.0000000281      0.0000000000     -0.0000002621     (0.0m 0.1s)
      14      0.0000000084      0.0000000000     -0.0000000529     (0.0m 0.1s)
      15      0.0000000036      0.0000000000     -0.0000000127     (0.0m 0.1s)
      16      0.0000000017      0.0000000000     -0.0000000052     (0.0m 0.1s)
   Left CC calculation successfully converged! (0.00m  1.80s)

   Left-CC Calculation Summary
  --------------------------------------------------
   Converged        ω = 0.00000000       LR = 0.00000000

   Left CC calculation ended at 2022-05-08 15:35:01

   CC(P;3) Calculation Summary
   -------------------------------------
   Completed in  (0.00m  0.78s)

   CC(P) = -199.1013767836
   CC(P;3)_A = -199.1027039912     ΔE_A = -0.4163390431     δ_A = -0.0013272076
   CC(P;3)_B = -199.1026695734     ΔE_B = -0.4163046253     δ_B = -0.0012927898
   CC(P;3)_C = -199.1029083107     ΔE_C = -0.4165433626     δ_C = -0.0015315272
   CC(P;3)_D = -199.1029071923     ΔE_D = -0.4165422442     δ_D = -0.0015304088

