   System Information:
   ----------------------------------------------------
     Number of correlated electrons = 14
     Number of correlated orbitals = 28
     Number of frozen orbitals = 2
     Number of alpha occupied orbitals = 7
     Number of alpha unoccupied orbitals = 21
     Number of beta occupied orbitals = 7
     Number of beta unoccupied orbitals = 21
     Charge = 0
     Point group = D2H
     Symmetry of reference = AG
     Spin multiplicity of reference = 1

      MO #        Energy (a.u.)      Symmetry    Occupation
-----------------------------------------------------------
         1           -26.433289            AG           2.0
         2           -26.433089           B1U           2.0
         3            -1.768099            AG           2.0
         4            -1.499599           B1U           2.0
         5            -0.806800           B3U           2.0
         6            -0.806800           B2U           2.0
         7            -0.744600            AG           2.0
         8            -0.662700           B3G           2.0
         9            -0.662700           B2G           2.0
        10             0.096200           B1U           0.0
        11             1.308999           B3U           0.0
        12             1.308999           B2U           0.0
        13             1.343899           B1U           0.0
        14             1.489999            AG           0.0
        15             1.496699           B2G           0.0
        16             1.496699           B3G           0.0
        17             1.741599            AG           0.0
        18             2.156099           B1U           0.0
        19             3.460899            AG           0.0
        20             3.670298           B3U           0.0
        21             3.670298           B2U           0.0
        22             3.875298           B1G           0.0
        23             3.875298            AG           0.0
        24             3.927698           B1U           0.0
        25             3.927698            AU           0.0
        26             4.161398           B3G           0.0
        27             4.161398           B2G           0.0
        28             4.992298           B1U           0.0
        29             7.526197            AG           0.0
        30             7.963397           B1U           0.0

   Nuclear Repulsion Energy = 30.357999520268653
   Reference Energy = -198.68636494810323

   Using P space file:  /scratch/gururang/test_ccpq_2ba/civecs-5000.dat
   Number of triples in P space =  662
   Number of aaa =  7
   Number of aab =  324
   Number of abb =  324
   Number of bbb =  7
   --------------------------------------------------
   Calculation type =  CCSDT_P
   Maximum iterations = 500
   Convergence tolerance = 1e-08
   Energy shift = 0.0
   DIIS size =  6
   RHF symmetry = False
   --------------------------------------------------

   CC calculation started at 2022-05-08 15:20:00 

   Energy of initial guess =         0.0000000000

      Iter.     Residuum             δE                ΔE           Wall time
    ----------------------------------------------------------------------------
       0      0.3578157133     -0.3694262907     -0.3694262907    (0.0m 13.0s)
       1      0.0727644894     -0.0344652808     -0.4038915715    (0.0m 15.9s)
       2      0.0272341649     -0.0054477317     -0.4093393033    (0.0m 15.5s)
       3      0.0117720850     -0.0016468551     -0.4109861583    (0.0m 17.7s)
       4      0.0057205224     -0.0007118798     -0.4116980381    (0.0m 16.8s)
       5      0.0029747065     -0.0003426052     -0.4120406433    (0.0m 17.7s)
       6      0.0016369607     -0.0001718849     -0.4122125282    (0.0m 15.7s)
       7      0.0009568271     -0.0000879427     -0.4123004709    (0.0m 15.6s)
       8      0.0005946559     -0.0000457085     -0.4123461794    (0.0m 15.3s)
       9      0.0003895228     -0.0000241234     -0.4123703028    (0.0m 19.2s)
      10      0.0000023711     -0.0000300069     -0.4124003097    (0.0m 17.8s)
      11      0.0000008371     -0.0000000512     -0.4124003609    (0.0m 17.9s)
      12      0.0000001684     -0.0000000256     -0.4124003864    (0.0m 17.9s)
      13      0.0000000820     -0.0000000015     -0.4124003880    (0.0m 17.8s)
      14      0.0000000434      0.0000000007     -0.4124003872    (0.0m 17.7s)
      15      0.0000000091      0.0000000006     -0.4124003866    (0.0m 12.9s)
   CC calculation successfully converged! (4.00m  24.48s)

   CC Calculation Summary
  --------------------------------------------------
   Reference energy                   -198.68636495
   CC correlation energy                -0.41240039
   Total CC energy                    -199.09876533

   CC calculation ended at 2022-05-08 15:25:23

HBar CCSD construction finished in 0.00m 0.15s
   --------------------------------------------------
   Calculation type =  LEFT_CCSD
   Maximum iterations = 500
   Convergence tolerance = 1e-08
   Energy shift = 0.0
   DIIS size =  6
   RHF symmetry = False
   --------------------------------------------------

   CC calculation started at 2022-05-08 15:25:00 

   Energy of initial guess =         0.0000000000

      Iter.     Residuum              ω                δω           Wall time
    ----------------------------------------------------------------------------
       0      0.1101491629      0.0000000000      0.2905401742     (0.0m 0.1s)
       1      0.0233898154      0.0000000000     -0.2284487330     (0.0m 0.1s)
       2      0.0110792340      0.0000000000     -0.0325547243     (0.0m 0.1s)
       3      0.0065822565      0.0000000000     -0.0119552348     (0.0m 0.1s)
       4      0.0038484553      0.0000000000     -0.0072911293     (0.0m 0.1s)
       5      0.0022589044      0.0000000000     -0.0042467420     (0.0m 0.1s)
       6      0.0013237163      0.0000000000     -0.0025008710     (0.0m 0.1s)
       7      0.0000403881      0.0000000000     -0.0034345964     (0.0m 0.1s)
       8      0.0000194625      0.0000000000     -0.0000560303     (0.0m 0.1s)
       9      0.0000092699      0.0000000000     -0.0000272917     (0.0m 0.1s)
      10      0.0000023992      0.0000000000     -0.0000183972     (0.0m 0.1s)
      11      0.0000004501      0.0000000000     -0.0000052188     (0.0m 0.1s)
      12      0.0000001015      0.0000000000     -0.0000009336     (0.0m 0.1s)
      13      0.0000000373      0.0000000000     -0.0000001718     (0.0m 0.1s)
      14      0.0000000199      0.0000000000     -0.0000000467     (0.0m 0.1s)
      15      0.0000000113      0.0000000000     -0.0000000230     (0.0m 0.1s)
      16      0.0000000038      0.0000000000     -0.0000000201     (0.0m 0.1s)
      17      0.0000000012      0.0000000000     -0.0000000068     (0.0m 0.1s)
   Left CC calculation successfully converged! (0.00m  1.90s)

   Left-CC Calculation Summary
  --------------------------------------------------
   Converged        ω = 0.00000000       LR = 0.00000000

   Left CC calculation ended at 2022-05-08 15:25:26

   CC(P;3) Calculation Summary
   -------------------------------------
   Completed in  (0.00m  0.76s)

   CC(P) = -199.0987653347
   CC(P;3)_A = -199.1024027990     ΔE_A = -0.4160378509     δ_A = -0.0036374643
   CC(P;3)_B = -199.1022722276     ΔE_B = -0.4159072795     δ_B = -0.0035068929
   CC(P;3)_C = -199.1030693358     ΔE_C = -0.4167043877     δ_C = -0.0043040011
   CC(P;3)_D = -199.1030587143     ΔE_D = -0.4166937662     δ_D = -0.0042933796

