   System Information:
   ----------------------------------------------------
     Number of correlated electrons = 14
     Number of correlated orbitals = 28
     Number of frozen orbitals = 2
     Number of alpha occupied orbitals = 7
     Number of alpha unoccupied orbitals = 21
     Number of beta occupied orbitals = 7
     Number of beta unoccupied orbitals = 21
     Charge = 0
     Point group = D2H
     Symmetry of reference = AG
     Spin multiplicity of reference = 1

      MO #        Energy (a.u.)      Symmetry    Occupation
-----------------------------------------------------------
         1           -26.426989            AG           2.0
         2           -26.426989           B1U           2.0
         3            -1.584299            AG           2.0
         4            -1.583999           B1U           2.0
         5            -0.714300           B2U           2.0
         6            -0.714300           B3U           2.0
         7            -0.714300           B3G           2.0
         8            -0.714300           B2G           2.0
         9            -0.398200            AG           2.0
        10            -0.322600           B1U           0.0
        11             1.379999           B2U           0.0
        12             1.379999           B3U           0.0
        13             1.379999           B3G           0.0
        14             1.379999           B2G           0.0
        15             1.412799            AG           0.0
        16             1.412799           B1U           0.0
        17             1.562599            AG           0.0
        18             1.562699           B1U           0.0
        19             3.900398            AG           0.0
        20             3.900498           B1U           0.0
        21             3.905898           B2U           0.0
        22             3.905898           B3U           0.0
        23             3.905998           B3G           0.0
        24             3.905998           B2G           0.0
        25             3.922198            AG           0.0
        26             3.922198           B1G           0.0
        27             3.922198           B1U           0.0
        28             3.922198            AU           0.0
        29             7.578497            AG           0.0
        30             7.578497           B1U           0.0

   Nuclear Repulsion Energy = 6.07159990405373
   Reference Energy = -198.32940264392445

   Using P space file:  /scratch/gururang/test_ccpq_2ba/f2-5Re/civecs-10000.dat
   Number of triples in P space =  3922
   Number of aaa =  128
   Number of aab =  1833
   Number of abb =  1833
   Number of bbb =  128
   --------------------------------------------------
   Calculation type =  CCSDT_P
   Maximum iterations = 500
   Convergence tolerance = 1e-08
   Energy shift = 0.8
   DIIS size =  6
   RHF symmetry = False
   --------------------------------------------------

   CC calculation started at 2022-05-08 15:57:00 

   Energy of initial guess =         0.0000000000

      Iter.     Residuum             δE                ΔE           Wall time
    ----------------------------------------------------------------------------
       0      0.5143120524     -0.4728354507     -0.4728354507     (0.0m 8.1s)
       1      0.3076398949     -0.1482955526     -0.6211310033    (0.0m 10.7s)
       2      0.1842687134     -0.0575135366     -0.6786445399    (0.0m 10.7s)
       3      0.0970432160     -0.0254044828     -0.7040490227    (0.0m 12.5s)
       4      0.0483806969     -0.0121371993     -0.7161862220    (0.0m 12.2s)
       5      0.0237140324     -0.0059548021     -0.7221410241    (0.0m 11.9s)
       6      0.0116292170     -0.0029455618     -0.7250865859    (0.0m 12.5s)
       7      0.0057493144     -0.0014638128     -0.7265503986    (0.0m 13.3s)
       8      0.0028734584     -0.0007309139     -0.7272813125    (0.0m 13.3s)
       9      0.0014525529     -0.0003669325     -0.7276482450    (0.0m 15.9s)
      10      0.0000016653     -0.0003787424     -0.7280269874    (0.0m 14.2s)
      11      0.0000006625     -0.0000000353     -0.7280270227    (0.0m 14.3s)
      12      0.0000004760      0.0000000103     -0.7280270124    (0.0m 14.4s)
      13      0.0000004044     -0.0000000022     -0.7280270146    (0.0m 15.1s)
      14      0.0000003059      0.0000000000     -0.7280270146    (0.0m 13.8s)
      15      0.0000001103     -0.0000000004     -0.7280270150    (0.0m 13.3s)
      16      0.0000000221      0.0000000020     -0.7280270130    (0.0m 14.5s)
      17      0.0000000068     -0.0000000008     -0.7280270138     (0.0m 9.1s)
   CC calculation successfully converged! (3.00m  49.99s)

   CC Calculation Summary
  --------------------------------------------------
   Reference energy                   -198.32940264
   CC correlation energy                -0.72802701
   Total CC energy                    -199.05742966

   CC calculation ended at 2022-05-08 16:01:20

HBar CCSD construction finished in 0.00m 0.14s
   --------------------------------------------------
   Calculation type =  LEFT_CCSD
   Maximum iterations = 500
   Convergence tolerance = 1e-08
   Energy shift = 0.8
   DIIS size =  6
   RHF symmetry = False
   --------------------------------------------------

   CC calculation started at 2022-05-08 16:01:00 

   Energy of initial guess =         0.0000000000

      Iter.     Residuum              ω                δω           Wall time
    ----------------------------------------------------------------------------
       0      1.6477623216      0.0000000000      1.8436664360     (0.0m 0.1s)
       1      0.3454142536      0.0000000000     -1.4090659038     (0.0m 0.1s)
       2      0.2888476448      0.0000000000     -0.0336440025     (0.0m 0.1s)
       3      0.2274039190      0.0000000000     -0.0594121669     (0.0m 0.1s)
       4      0.1735260597      0.0000000000     -0.0643964725     (0.0m 0.1s)
       5      0.1309797871      0.0000000000     -0.0578511624     (0.0m 0.1s)
       6      0.0984867300      0.0000000000     -0.0483917257     (0.0m 0.1s)
       7      0.0008886775      0.0000000000     -0.1691869832     (0.0m 0.1s)
       8      0.0002511552      0.0000000000     -0.0012324035     (0.0m 0.1s)
       9      0.0001033627      0.0000000000     -0.0002857566     (0.0m 0.1s)
      10      0.0000344213      0.0000000000     -0.0001333026     (0.0m 0.1s)
      11      0.0000079949      0.0000000000     -0.0000510976     (0.0m 0.1s)
      12      0.0000026715      0.0000000000     -0.0000102931     (0.0m 0.1s)
      13      0.0000009892      0.0000000000     -0.0000032528     (0.0m 0.1s)
      14      0.0000005988      0.0000000000     -0.0000007550     (0.0m 0.1s)
      15      0.0000003960      0.0000000000     -0.0000003920     (0.0m 0.1s)
      16      0.0000003022      0.0000000000     -0.0000001814     (0.0m 0.1s)
      17      0.0000002391      0.0000000000     -0.0000001220     (0.0m 0.1s)
      18      0.0000002044      0.0000000000     -0.0000000672     (0.0m 0.1s)
      19      0.0000001541      0.0000000000     -0.0000000972     (0.0m 0.1s)
      20      0.0000000648      0.0000000000     -0.0000001727     (0.0m 0.1s)
      21      0.0000000212      0.0000000000     -0.0000000843     (0.0m 0.1s)
      22      0.0000000111      0.0000000000     -0.0000000195     (0.0m 0.1s)
      23      0.0000000058      0.0000000000     -0.0000000104     (0.0m 0.1s)
      24      0.0000000027      0.0000000000     -0.0000000060     (0.0m 0.1s)
   Left CC calculation successfully converged! (0.00m  2.15s)

   Left-CC Calculation Summary
  --------------------------------------------------
   Converged        ω = 0.00000001       LR = 0.00000000

   Left CC calculation ended at 2022-05-08 16:01:23

   CC(P;3) Calculation Summary
   -------------------------------------
   Completed in  (0.00m  0.65s)

   CC(P) = -199.0574296577
   CC(P;3)_A = -199.0584943750     ΔE_A = -0.7290917311     δ_A = -0.0010647173
   CC(P;3)_B = -199.0584548808     ΔE_B = -0.7290522369     δ_B = -0.0010252231
   CC(P;3)_C = -199.0585912154     ΔE_C = -0.7291885714     δ_C = -0.0011615577
   CC(P;3)_D = -199.0585902646     ΔE_D = -0.7291876206     δ_D = -0.0011606069

