   System Information:
   ----------------------------------------------------
     Number of correlated electrons = 14
     Number of correlated orbitals = 28
     Number of frozen orbitals = 2
     Number of alpha occupied orbitals = 7
     Number of alpha unoccupied orbitals = 21
     Number of beta occupied orbitals = 7
     Number of beta unoccupied orbitals = 21
     Charge = 0
     Point group = D2H
     Symmetry of reference = AG
     Spin multiplicity of reference = 1

      MO #        Energy (a.u.)      Symmetry    Occupation
-----------------------------------------------------------
         1           -26.426989            AG           2.0
         2           -26.426989           B1U           2.0
         3            -1.584299            AG           2.0
         4            -1.583999           B1U           2.0
         5            -0.714300           B2U           2.0
         6            -0.714300           B3U           2.0
         7            -0.714300           B3G           2.0
         8            -0.714300           B2G           2.0
         9            -0.398200            AG           2.0
        10            -0.322600           B1U           0.0
        11             1.379999           B2U           0.0
        12             1.379999           B3U           0.0
        13             1.379999           B3G           0.0
        14             1.379999           B2G           0.0
        15             1.412799            AG           0.0
        16             1.412799           B1U           0.0
        17             1.562599            AG           0.0
        18             1.562699           B1U           0.0
        19             3.900398            AG           0.0
        20             3.900498           B1U           0.0
        21             3.905898           B2U           0.0
        22             3.905898           B3U           0.0
        23             3.905998           B3G           0.0
        24             3.905998           B2G           0.0
        25             3.922198            AG           0.0
        26             3.922198           B1G           0.0
        27             3.922198           B1U           0.0
        28             3.922198            AU           0.0
        29             7.578497            AG           0.0
        30             7.578497           B1U           0.0

   Nuclear Repulsion Energy = 6.07159990405373
   Reference Energy = -198.32940264392445

   Using P space file:  /scratch/gururang/test_ccpq_2ba/f2-5Re/civecs-1000000.dat
   Number of triples in P space =  38412
   Number of aaa =  1478
   Number of aab =  17728
   Number of abb =  17728
   Number of bbb =  1478
   --------------------------------------------------
   Calculation type =  CCSDT_P
   Maximum iterations = 500
   Convergence tolerance = 1e-08
   Energy shift = 0.8
   DIIS size =  6
   RHF symmetry = False
   --------------------------------------------------

   CC calculation started at 2022-05-08 16:17:00 

   Energy of initial guess =         0.0000000000

      Iter.     Residuum             δE                ΔE           Wall time
    ----------------------------------------------------------------------------
       0      0.5149041572     -0.4728354507     -0.4728354507     (0.0m 7.9s)
       1      0.3072639549     -0.1492292294     -0.6220646801     (0.0m 9.1s)
       2      0.1836912589     -0.0574919672     -0.6795566473     (0.0m 8.9s)
       3      0.0971397726     -0.0252414735     -0.7047981208    (0.0m 10.5s)
       4      0.0488728790     -0.0120971477     -0.7168952685    (0.0m 10.3s)
       5      0.0242324331     -0.0059810324     -0.7228763010    (0.0m 12.1s)
       6      0.0120357199     -0.0029888706     -0.7258651716    (0.0m 13.4s)
       7      0.0060315250     -0.0015026597     -0.7273678312    (0.0m 13.1s)
       8      0.0030580210     -0.0007597123     -0.7281275435    (0.0m 12.0s)
       9      0.0015694588     -0.0003864010     -0.7285139446    (0.0m 14.6s)
      10      0.0000159706     -0.0004107347     -0.7289246793    (0.0m 11.9s)
      11      0.0000141700     -0.0000000863     -0.7289247655    (0.0m 11.0s)
      12      0.0000124361      0.0000002860     -0.7289244796    (0.0m 14.3s)
      13      0.0000087630     -0.0000000154     -0.7289244950    (0.0m 12.2s)
      14      0.0000021285     -0.0000002860     -0.7289247810    (0.0m 12.7s)
      15      0.0000007274      0.0000002064     -0.7289245746    (0.0m 11.8s)
      16      0.0000003654     -0.0000000378     -0.7289246124    (0.0m 11.3s)
      17      0.0000002401     -0.0000000199     -0.7289246323    (0.0m 11.8s)
      18      0.0000002039     -0.0000000076     -0.7289246398    (0.0m 11.1s)
      19      0.0000001775      0.0000000033     -0.7289246365    (0.0m 12.3s)
      20      0.0000001122      0.0000000032     -0.7289246333    (0.0m 11.7s)
      21      0.0000000591      0.0000000008     -0.7289246326    (0.0m 11.9s)
      22      0.0000000479     -0.0000000019     -0.7289246345    (0.0m 13.4s)
      23      0.0000000432     -0.0000000015     -0.7289246360    (0.0m 13.7s)
      24      0.0000000335     -0.0000000012     -0.7289246372    (0.0m 15.2s)
      25      0.0000000219      0.0000000001     -0.7289246372    (0.0m 14.4s)
      26      0.0000000086      0.0000000008     -0.7289246364     (0.0m 9.0s)
   CC calculation successfully converged! (5.00m  21.47s)

   CC Calculation Summary
  --------------------------------------------------
   Reference energy                   -198.32940264
   CC correlation energy                -0.72892464
   Total CC energy                    -199.05832728

   CC calculation ended at 2022-05-08 16:22:57

HBar CCSD construction finished in 0.00m 0.13s
   --------------------------------------------------
   Calculation type =  LEFT_CCSD
   Maximum iterations = 500
   Convergence tolerance = 1e-08
   Energy shift = 0.8
   DIIS size =  6
   RHF symmetry = False
   --------------------------------------------------

   CC calculation started at 2022-05-08 16:22:00 

   Energy of initial guess =         0.0000000000

      Iter.     Residuum              ω                δω           Wall time
    ----------------------------------------------------------------------------
       0      1.6499194708      0.0000000000      1.8462857257     (0.0m 0.1s)
       1      0.3457749000      0.0000000000     -1.4111342625     (0.0m 0.1s)
       2      0.2891495307      0.0000000000     -0.0336581956     (0.0m 0.1s)
       3      0.2275645486      0.0000000000     -0.0595946030     (0.0m 0.1s)
       4      0.1736012312      0.0000000000     -0.0645344728     (0.0m 0.1s)
       5      0.1310072387      0.0000000000     -0.0579446763     (0.0m 0.1s)
       6      0.0984883220      0.0000000000     -0.0484526401     (0.0m 0.1s)
       7      0.0008817795      0.0000000000     -0.1692617260     (0.0m 0.1s)
       8      0.0002531348      0.0000000000     -0.0012155756     (0.0m 0.1s)
       9      0.0001111077      0.0000000000     -0.0002746825     (0.0m 0.1s)
      10      0.0000526948      0.0000000000     -0.0001129749     (0.0m 0.1s)
      11      0.0000378154      0.0000000000     -0.0000287780     (0.0m 0.1s)
      12      0.0000337264      0.0000000000     -0.0000079082     (0.0m 0.1s)
      13      0.0000212327      0.0000000000     -0.0000241637     (0.0m 0.1s)
      14      0.0000125044      0.0000000000     -0.0000168814     (0.0m 0.1s)
      15      0.0000050708      0.0000000000     -0.0000143774     (0.0m 0.1s)
      16      0.0000021102      0.0000000000     -0.0000057262     (0.0m 0.1s)
      17      0.0000007003      0.0000000000     -0.0000027269     (0.0m 0.1s)
      18      0.0000003453      0.0000000000     -0.0000006867     (0.0m 0.1s)
      19      0.0000001506      0.0000000000     -0.0000003764     (0.0m 0.1s)
      20      0.0000000663      0.0000000000     -0.0000001632     (0.0m 0.1s)
      21      0.0000000471      0.0000000000     -0.0000000371     (0.0m 0.1s)
      22      0.0000000406      0.0000000000     -0.0000000126     (0.0m 0.1s)
      23      0.0000000355      0.0000000000     -0.0000000098     (0.0m 0.1s)
      24      0.0000000278      0.0000000000     -0.0000000149     (0.0m 0.1s)
      25      0.0000000154      0.0000000000     -0.0000000239     (0.0m 0.1s)
      26      0.0000000097      0.0000000000     -0.0000000112     (0.0m 0.1s)
      27      0.0000000045      0.0000000000     -0.0000000101     (0.0m 0.1s)
      28      0.0000000018      0.0000000000     -0.0000000051     (0.0m 0.1s)
   Left CC calculation successfully converged! (0.00m  2.47s)

   Left-CC Calculation Summary
  --------------------------------------------------
   Converged        ω = 0.00000000       LR = 0.00000000

   Left CC calculation ended at 2022-05-08 16:23:00

   CC(P;3) Calculation Summary
   -------------------------------------
   Completed in  (0.00m  0.64s)

   CC(P) = -199.0583272803
   CC(P;3)_A = -199.0586077409     ΔE_A = -0.7292050969     δ_A = -0.0002804606
   CC(P;3)_B = -199.0585976465     ΔE_B = -0.7291950025     δ_B = -0.0002703662
   CC(P;3)_C = -199.0586322383     ΔE_C = -0.7292295944     δ_C = -0.0003049581
   CC(P;3)_D = -199.0586321056     ΔE_D = -0.7292294617     δ_D = -0.0003048253

