   System Information:
   ----------------------------------------------------
     Number of correlated electrons = 14
     Number of correlated orbitals = 28
     Number of frozen orbitals = 2
     Number of alpha occupied orbitals = 7
     Number of alpha unoccupied orbitals = 21
     Number of beta occupied orbitals = 7
     Number of beta unoccupied orbitals = 21
     Charge = 0
     Point group = D2H
     Symmetry of reference = AG
     Spin multiplicity of reference = 1

      MO #        Energy (a.u.)      Symmetry    Occupation
-----------------------------------------------------------
         1           -26.426989            AG           2.0
         2           -26.426989           B1U           2.0
         3            -1.584299            AG           2.0
         4            -1.583999           B1U           2.0
         5            -0.714300           B2U           2.0
         6            -0.714300           B3U           2.0
         7            -0.714300           B3G           2.0
         8            -0.714300           B2G           2.0
         9            -0.398200            AG           2.0
        10            -0.322600           B1U           0.0
        11             1.379999           B2U           0.0
        12             1.379999           B3U           0.0
        13             1.379999           B3G           0.0
        14             1.379999           B2G           0.0
        15             1.412799            AG           0.0
        16             1.412799           B1U           0.0
        17             1.562599            AG           0.0
        18             1.562699           B1U           0.0
        19             3.900398            AG           0.0
        20             3.900498           B1U           0.0
        21             3.905898           B2U           0.0
        22             3.905898           B3U           0.0
        23             3.905998           B3G           0.0
        24             3.905998           B2G           0.0
        25             3.922198            AG           0.0
        26             3.922198           B1G           0.0
        27             3.922198           B1U           0.0
        28             3.922198            AU           0.0
        29             7.578497            AG           0.0
        30             7.578497           B1U           0.0

   Nuclear Repulsion Energy = 6.07159990405373
   Reference Energy = -198.32940264392445

   Using P space file:  /scratch/gururang/test_ccpq_2ba/f2-5Re/civecs-100000.dat
   Number of triples in P space =  13300
   Number of aaa =  492
   Number of aab =  6158
   Number of abb =  6158
   Number of bbb =  492
   --------------------------------------------------
   Calculation type =  CCSDT_P
   Maximum iterations = 500
   Convergence tolerance = 1e-08
   Energy shift = 0.8
   DIIS size =  6
   RHF symmetry = False
   --------------------------------------------------

   CC calculation started at 2022-05-08 16:05:00 

   Energy of initial guess =         0.0000000000

      Iter.     Residuum             δE                ΔE           Wall time
    ----------------------------------------------------------------------------
       0      0.5146451521     -0.4728354507     -0.4728354507     (0.0m 7.1s)
       1      0.3074312028     -0.1488095338     -0.6216449845     (0.0m 8.9s)
       2      0.1840006399     -0.0575109296     -0.6791559140     (0.0m 8.9s)
       3      0.0971403453     -0.0253406426     -0.7044965566    (0.0m 10.3s)
       4      0.0486657779     -0.0121376229     -0.7166341795     (0.0m 9.5s)
       5      0.0239922788     -0.0059825596     -0.7226167391    (0.0m 10.7s)
       6      0.0118375490     -0.0029757627     -0.7255925018    (0.0m 10.3s)
       7      0.0058885886     -0.0014876432     -0.7270801450     (0.0m 9.8s)
       8      0.0029614986     -0.0007473595     -0.7278275045    (0.0m 11.0s)
       9      0.0015065886     -0.0003775099     -0.7282050144    (0.0m 13.7s)
      10      0.0000092634     -0.0003947968     -0.7285998113    (0.0m 11.3s)
      11      0.0000074386     -0.0000000953     -0.7285999065    (0.0m 11.4s)
      12      0.0000064738      0.0000001898     -0.7285997168    (0.0m 11.1s)
      13      0.0000049232     -0.0000000061     -0.7285997229    (0.0m 11.6s)
      14      0.0000013809     -0.0000001405     -0.7285998634    (0.0m 10.3s)
      15      0.0000004348      0.0000001215     -0.7285997419    (0.0m 11.0s)
      16      0.0000001682     -0.0000000292     -0.7285997711    (0.0m 12.6s)
      17      0.0000000529     -0.0000000131     -0.7285997841    (0.0m 11.4s)
      18      0.0000000175     -0.0000000030     -0.7285997871    (0.0m 11.3s)
      19      0.0000000130      0.0000000013     -0.7285997858    (0.0m 10.9s)
      20      0.0000000117      0.0000000002     -0.7285997856    (0.0m 11.5s)
      21      0.0000000098      0.0000000003     -0.7285997853     (0.0m 7.7s)
   CC calculation successfully converged! (3.00m  52.44s)

   CC Calculation Summary
  --------------------------------------------------
   Reference energy                   -198.32940264
   CC correlation energy                -0.72859979
   Total CC energy                    -199.05800243

   CC calculation ended at 2022-05-08 16:09:33

HBar CCSD construction finished in 0.00m 0.12s
   --------------------------------------------------
   Calculation type =  LEFT_CCSD
   Maximum iterations = 500
   Convergence tolerance = 1e-08
   Energy shift = 0.8
   DIIS size =  6
   RHF symmetry = False
   --------------------------------------------------

   CC calculation started at 2022-05-08 16:09:00 

   Energy of initial guess =         0.0000000000

      Iter.     Residuum              ω                δω           Wall time
    ----------------------------------------------------------------------------
       0      1.6494036791      0.0000000000      1.8455634736     (0.0m 0.1s)
       1      0.3456951558      0.0000000000     -1.4105612541     (0.0m 0.1s)
       2      0.2890939235      0.0000000000     -0.0336370893     (0.0m 0.1s)
       3      0.2275470227      0.0000000000     -0.0595369884     (0.0m 0.1s)
       4      0.1736051224      0.0000000000     -0.0644924632     (0.0m 0.1s)
       5      0.1310213938      0.0000000000     -0.0579183911     (0.0m 0.1s)
       6      0.0985063931      0.0000000000     -0.0484378935     (0.0m 0.1s)
       7      0.0008893015      0.0000000000     -0.1692598228     (0.0m 0.1s)
       8      0.0002511639      0.0000000000     -0.0012338410     (0.0m 0.1s)
       9      0.0001037687      0.0000000000     -0.0002850458     (0.0m 0.1s)
      10      0.0000359012      0.0000000000     -0.0001312526     (0.0m 0.1s)
      11      0.0000121456      0.0000000000     -0.0000459424     (0.0m 0.1s)
      12      0.0000088604      0.0000000000     -0.0000063534     (0.0m 0.1s)
      13      0.0000075762      0.0000000000     -0.0000024836     (0.0m 0.1s)
      14      0.0000065894      0.0000000000     -0.0000019083     (0.0m 0.1s)
      15      0.0000038627      0.0000000000     -0.0000052735     (0.0m 0.1s)
      16      0.0000015828      0.0000000000     -0.0000044093     (0.0m 0.1s)
      17      0.0000004748      0.0000000000     -0.0000021428     (0.0m 0.1s)
      18      0.0000002436      0.0000000000     -0.0000004470     (0.0m 0.1s)
      19      0.0000001216      0.0000000000     -0.0000002360     (0.0m 0.1s)
      20      0.0000000524      0.0000000000     -0.0000001338     (0.0m 0.1s)
      21      0.0000000255      0.0000000000     -0.0000000520     (0.0m 0.1s)
      22      0.0000000168      0.0000000000     -0.0000000169     (0.0m 0.1s)
      23      0.0000000137      0.0000000000     -0.0000000059     (0.0m 0.1s)
      24      0.0000000121      0.0000000000     -0.0000000032     (0.0m 0.1s)
      25      0.0000000101      0.0000000000     -0.0000000039     (0.0m 0.1s)
      26      0.0000000078      0.0000000000     -0.0000000043     (0.0m 0.1s)
   Left CC calculation successfully converged! (0.00m  2.24s)

   Left-CC Calculation Summary
  --------------------------------------------------
   Converged        ω = 0.00000002       LR = 0.00000000

   Left CC calculation ended at 2022-05-08 16:09:36

   CC(P;3) Calculation Summary
   -------------------------------------
   Completed in  (0.00m  0.60s)

   CC(P) = -199.0580024293
   CC(P;3)_A = -199.0585939463     ΔE_A = -0.7291913024     δ_A = -0.0005915170
   CC(P;3)_B = -199.0585738898     ΔE_B = -0.7291712458     δ_B = -0.0005714605
   CC(P;3)_C = -199.0586469168     ΔE_C = -0.7292442729     δ_C = -0.0006444876
   CC(P;3)_D = -199.0586465122     ΔE_D = -0.7292438683     δ_D = -0.0006440830

