   System Information:
   ----------------------------------------------------
     Number of correlated electrons = 14
     Number of correlated orbitals = 28
     Number of frozen orbitals = 2
     Number of alpha occupied orbitals = 7
     Number of alpha unoccupied orbitals = 21
     Number of beta occupied orbitals = 7
     Number of beta unoccupied orbitals = 21
     Charge = 0
     Point group = D2H
     Symmetry of reference = AG
     Spin multiplicity of reference = 1

      MO #        Energy (a.u.)      Symmetry    Occupation
-----------------------------------------------------------
         1           -26.426989            AG           2.0
         2           -26.426989           B1U           2.0
         3            -1.584299            AG           2.0
         4            -1.583999           B1U           2.0
         5            -0.714300           B2U           2.0
         6            -0.714300           B3U           2.0
         7            -0.714300           B3G           2.0
         8            -0.714300           B2G           2.0
         9            -0.398200            AG           2.0
        10            -0.322600           B1U           0.0
        11             1.379999           B2U           0.0
        12             1.379999           B3U           0.0
        13             1.379999           B3G           0.0
        14             1.379999           B2G           0.0
        15             1.412799            AG           0.0
        16             1.412799           B1U           0.0
        17             1.562599            AG           0.0
        18             1.562699           B1U           0.0
        19             3.900398            AG           0.0
        20             3.900498           B1U           0.0
        21             3.905898           B2U           0.0
        22             3.905898           B3U           0.0
        23             3.905998           B3G           0.0
        24             3.905998           B2G           0.0
        25             3.922198            AG           0.0
        26             3.922198           B1G           0.0
        27             3.922198           B1U           0.0
        28             3.922198            AU           0.0
        29             7.578497            AG           0.0
        30             7.578497           B1U           0.0

   Nuclear Repulsion Energy = 6.07159990405373
   Reference Energy = -198.32940264392445

   Using P space file:  /scratch/gururang/test_ccpq_2ba/f2-5Re/civecs-10.dat
   Number of triples in P space =  0
   Number of aaa =  0
   Number of aab =  0
   Number of abb =  0
   Number of bbb =  0
   --------------------------------------------------
   Calculation type =  CCSDT_P
   Maximum iterations = 500
   Convergence tolerance = 1e-08
   Energy shift = 0.8
   DIIS size =  6
   RHF symmetry = False
   --------------------------------------------------

   CC calculation started at 2022-05-08 15:44:00 

   Energy of initial guess =         0.0000000000

      Iter.     Residuum             δE                ΔE           Wall time
    ----------------------------------------------------------------------------
       0      0.5033429820     -0.4728354507     -0.4728354507     (0.0m 8.2s)
       1      0.2623803848     -0.1304297579     -0.6032652086    (0.0m 10.4s)
       2      0.1403690590     -0.0422696116     -0.6455348201    (0.0m 10.1s)
       3      0.0695796714     -0.0175502388     -0.6630850589    (0.0m 11.4s)
       4      0.0337351271     -0.0082612021     -0.6713462610     (0.0m 9.9s)
       5      0.0163577424     -0.0040255527     -0.6753718138    (0.0m 10.3s)
       6      0.0080141583     -0.0019901437     -0.6773619574     (0.0m 9.7s)
       7      0.0039796225     -0.0009919677     -0.6783539251    (0.0m 11.8s)
       8      0.0020037302     -0.0004979178     -0.6788518429    (0.0m 12.0s)
       9      0.0010220592     -0.0002516160     -0.6791034590    (0.0m 13.0s)
      10      0.0000025357     -0.0002639020     -0.6793673610    (0.0m 12.1s)
      11      0.0000017925     -0.0000000983     -0.6793674593    (0.0m 12.9s)
      12      0.0000016261      0.0000000695     -0.6793673898    (0.0m 12.4s)
      13      0.0000014382     -0.0000000179     -0.6793674076    (0.0m 11.8s)
      14      0.0000006848     -0.0000000096     -0.6793674172    (0.0m 12.5s)
      15      0.0000001870      0.0000000183     -0.6793673990    (0.0m 14.0s)
      16      0.0000000655      0.0000000010     -0.6793673979    (0.0m 13.5s)
      17      0.0000000089     -0.0000000067     -0.6793674047     (0.0m 9.5s)
   CC calculation successfully converged! (3.00m  25.53s)

   CC Calculation Summary
  --------------------------------------------------
   Reference energy                   -198.32940264
   CC correlation energy                -0.67936740
   Total CC energy                    -199.00877005

   CC calculation ended at 2022-05-08 15:47:26

HBar CCSD construction finished in 0.00m 0.14s
   --------------------------------------------------
   Calculation type =  LEFT_CCSD
   Maximum iterations = 500
   Convergence tolerance = 1e-08
   Energy shift = 0.8
   DIIS size =  6
   RHF symmetry = False
   --------------------------------------------------

   CC calculation started at 2022-05-08 15:47:00 

   Energy of initial guess =         0.0000000000

      Iter.     Residuum              ω                δω           Wall time
    ----------------------------------------------------------------------------
       0      1.2043179815      0.0000000000      1.4692205458     (0.0m 0.1s)
       1      0.2142483267      0.0000000000     -1.1863044155     (0.0m 0.1s)
       2      0.1698940596      0.0000000000     -0.0438043025     (0.0m 0.1s)
       3      0.1365057680      0.0000000000     -0.0370228875     (0.0m 0.1s)
       4      0.1063614438      0.0000000000     -0.0382718173     (0.0m 0.1s)
       5      0.0818565834      0.0000000000     -0.0338147692     (0.0m 0.1s)
       6      0.0627102047      0.0000000000     -0.0280235554     (0.0m 0.1s)
       7      0.0007715250      0.0000000000     -0.1006232090     (0.0m 0.1s)
       8      0.0002154277      0.0000000000     -0.0009769983     (0.0m 0.1s)
       9      0.0000874638      0.0000000000     -0.0002248775     (0.0m 0.1s)
      10      0.0000288129      0.0000000000     -0.0001030760     (0.0m 0.1s)
      11      0.0000069947      0.0000000000     -0.0000383448     (0.0m 0.1s)
      12      0.0000026223      0.0000000000     -0.0000076842     (0.0m 0.1s)
      13      0.0000015466      0.0000000000     -0.0000018906     (0.0m 0.1s)
      14      0.0000013458      0.0000000000     -0.0000003528     (0.0m 0.1s)
      15      0.0000012106      0.0000000000     -0.0000002377     (0.0m 0.1s)
      16      0.0000010552      0.0000000000     -0.0000002731     (0.0m 0.1s)
      17      0.0000007506      0.0000000000     -0.0000005353     (0.0m 0.1s)
      18      0.0000005032      0.0000000000     -0.0000004347     (0.0m 0.1s)
      19      0.0000003224      0.0000000000     -0.0000003178     (0.0m 0.1s)
      20      0.0000001244      0.0000000000     -0.0000003479     (0.0m 0.1s)
      21      0.0000000403      0.0000000000     -0.0000001479     (0.0m 0.1s)
      22      0.0000000214      0.0000000000     -0.0000000332     (0.0m 0.1s)
      23      0.0000000120      0.0000000000     -0.0000000164     (0.0m 0.1s)
      24      0.0000000066      0.0000000000     -0.0000000096     (0.0m 0.1s)
   Left CC calculation successfully converged! (0.00m  2.11s)

   Left-CC Calculation Summary
  --------------------------------------------------
   Converged        ω = 0.00000001       LR = 0.00000000

   Left CC calculation ended at 2022-05-08 15:47:29

   CC(P;3) Calculation Summary
   -------------------------------------
   Completed in  (0.00m  0.64s)

   CC(P) = -199.0087700486
   CC(P;3)_A = -199.0546907058     ΔE_A = -0.7252880619     δ_A = -0.0459206572
   CC(P;3)_B = -199.0463031679     ΔE_B = -0.7169005239     δ_B = -0.0375331193
   CC(P;3)_C = -199.0606242886     ΔE_C = -0.7312216447     δ_C = -0.0518542400
   CC(P;3)_D = -199.0569729009     ΔE_D = -0.7275702569     δ_D = -0.0482028523

