   System Information:
   ----------------------------------------------------
     Number of correlated electrons = 14
     Number of correlated orbitals = 28
     Number of frozen orbitals = 2
     Number of alpha occupied orbitals = 7
     Number of alpha unoccupied orbitals = 21
     Number of beta occupied orbitals = 7
     Number of beta unoccupied orbitals = 21
     Charge = 0
     Point group = D2H
     Symmetry of reference = AG
     Spin multiplicity of reference = 1

      MO #        Energy (a.u.)      Symmetry    Occupation
-----------------------------------------------------------
         1           -26.426989            AG           2.0
         2           -26.426989           B1U           2.0
         3            -1.584299            AG           2.0
         4            -1.583999           B1U           2.0
         5            -0.714300           B2U           2.0
         6            -0.714300           B3U           2.0
         7            -0.714300           B3G           2.0
         8            -0.714300           B2G           2.0
         9            -0.398200            AG           2.0
        10            -0.322600           B1U           0.0
        11             1.379999           B2U           0.0
        12             1.379999           B3U           0.0
        13             1.379999           B3G           0.0
        14             1.379999           B2G           0.0
        15             1.412799            AG           0.0
        16             1.412799           B1U           0.0
        17             1.562599            AG           0.0
        18             1.562699           B1U           0.0
        19             3.900398            AG           0.0
        20             3.900498           B1U           0.0
        21             3.905898           B2U           0.0
        22             3.905898           B3U           0.0
        23             3.905998           B3G           0.0
        24             3.905998           B2G           0.0
        25             3.922198            AG           0.0
        26             3.922198           B1G           0.0
        27             3.922198           B1U           0.0
        28             3.922198            AU           0.0
        29             7.578497            AG           0.0
        30             7.578497           B1U           0.0

   Nuclear Repulsion Energy = 6.07159990405373
   Reference Energy = -198.32940264392445

   Using P space file:  /scratch/gururang/test_ccpq_2ba/f2-5Re/civecs-500000.dat
   Number of triples in P space =  31408
   Number of aaa =  1205
   Number of aab =  14499
   Number of abb =  14499
   Number of bbb =  1205
   --------------------------------------------------
   Calculation type =  CCSDT_P
   Maximum iterations = 500
   Convergence tolerance = 1e-08
   Energy shift = 0.8
   DIIS size =  6
   RHF symmetry = False
   --------------------------------------------------

   CC calculation started at 2022-05-08 16:10:00 

   Energy of initial guess =         0.0000000000

      Iter.     Residuum             δE                ΔE           Wall time
    ----------------------------------------------------------------------------
       0      0.5148772407     -0.4728354507     -0.4728354507     (0.0m 7.2s)
       1      0.3072790056     -0.1491684678     -0.6220039185     (0.0m 9.1s)
       2      0.1837427985     -0.0574990070     -0.6795029254     (0.0m 8.8s)
       3      0.0971643014     -0.0252557254     -0.7047586509    (0.0m 10.5s)
       4      0.0488713878     -0.0121030757     -0.7168617266    (0.0m 10.3s)
       5      0.0242214882     -0.0059826690     -0.7228443956    (0.0m 10.8s)
       6      0.0120238295     -0.0029888304     -0.7258332259    (0.0m 10.0s)
       7      0.0060216060     -0.0015020864     -0.7273353123    (0.0m 10.6s)
       8      0.0030506226     -0.0007590767     -0.7280943890    (0.0m 10.6s)
       9      0.0015643011     -0.0003858660     -0.7284802549    (0.0m 12.7s)
      10      0.0000191535     -0.0004094810     -0.7288897359    (0.0m 12.1s)
      11      0.0000170089     -0.0000000772     -0.7288898131    (0.0m 11.2s)
      12      0.0000139381      0.0000002506     -0.7288895625    (0.0m 11.6s)
      13      0.0000061676     -0.0000000738     -0.7288896364    (0.0m 13.4s)
      14      0.0000012129     -0.0000001930     -0.7288898294    (0.0m 11.3s)
      15      0.0000004375      0.0000000726     -0.7288897568    (0.0m 12.5s)
      16      0.0000001537      0.0000000034     -0.7288897534    (0.0m 13.5s)
      17      0.0000000704     -0.0000000015     -0.7288897550    (0.0m 13.9s)
      18      0.0000000207     -0.0000000072     -0.7288897622    (0.0m 14.2s)
      19      0.0000000166     -0.0000000012     -0.7288897634    (0.0m 13.9s)
      20      0.0000000151     -0.0000000004     -0.7288897638    (0.0m 13.4s)
      21      0.0000000120     -0.0000000002     -0.7288897640    (0.0m 10.6s)
      22      0.0000000056      0.0000000003     -0.7288897638     (0.0m 8.0s)
   CC calculation successfully converged! (4.00m  20.30s)

   CC Calculation Summary
  --------------------------------------------------
   Reference energy                   -198.32940264
   CC correlation energy                -0.72888976
   Total CC energy                    -199.05829241

   CC calculation ended at 2022-05-08 16:15:09

HBar CCSD construction finished in 0.00m 0.13s
   --------------------------------------------------
   Calculation type =  LEFT_CCSD
   Maximum iterations = 500
   Convergence tolerance = 1e-08
   Energy shift = 0.8
   DIIS size =  6
   RHF symmetry = False
   --------------------------------------------------

   CC calculation started at 2022-05-08 16:15:00 

   Energy of initial guess =         0.0000000000

      Iter.     Residuum              ω                δω           Wall time
    ----------------------------------------------------------------------------
       0      1.6499159184      0.0000000000      1.8461597828     (0.0m 0.1s)
       1      0.3458222279      0.0000000000     -1.4109742167     (0.0m 0.1s)
       2      0.2891971115      0.0000000000     -0.0336454863     (0.0m 0.1s)
       3      0.2276037637      0.0000000000     -0.0595952853     (0.0m 0.1s)
       4      0.1736326290      0.0000000000     -0.0645382142     (0.0m 0.1s)
       5      0.1310319262      0.0000000000     -0.0579501589     (0.0m 0.1s)
       6      0.0985075127      0.0000000000     -0.0484586293     (0.0m 0.1s)
       7      0.0008785731      0.0000000000     -0.1692988266     (0.0m 0.1s)
       8      0.0002507679      0.0000000000     -0.0012139660     (0.0m 0.1s)
       9      0.0001070236      0.0000000000     -0.0002780059     (0.0m 0.1s)
      10      0.0000451609      0.0000000000     -0.0001196478     (0.0m 0.1s)
      11      0.0000284564      0.0000000000     -0.0000323082     (0.0m 0.1s)
      12      0.0000252201      0.0000000000     -0.0000062592     (0.0m 0.1s)
      13      0.0000185292      0.0000000000     -0.0000129408     (0.0m 0.1s)
      14      0.0000123420      0.0000000000     -0.0000119666     (0.0m 0.1s)
      15      0.0000052104      0.0000000000     -0.0000137934     (0.0m 0.1s)
      16      0.0000021364      0.0000000000     -0.0000059456     (0.0m 0.1s)
      17      0.0000006896      0.0000000000     -0.0000027983     (0.0m 0.1s)
      18      0.0000003418      0.0000000000     -0.0000006726     (0.0m 0.1s)
      19      0.0000001452      0.0000000000     -0.0000003803     (0.0m 0.1s)
      20      0.0000000589      0.0000000000     -0.0000001669     (0.0m 0.1s)
      21      0.0000000373      0.0000000000     -0.0000000417     (0.0m 0.1s)
      22      0.0000000310      0.0000000000     -0.0000000123     (0.0m 0.1s)
      23      0.0000000277      0.0000000000     -0.0000000064     (0.0m 0.1s)
      24      0.0000000234      0.0000000000     -0.0000000083     (0.0m 0.1s)
      25      0.0000000147      0.0000000000     -0.0000000168     (0.0m 0.1s)
      26      0.0000000095      0.0000000000     -0.0000000100     (0.0m 0.1s)
      27      0.0000000043      0.0000000000     -0.0000000101     (0.0m 0.1s)
      28      0.0000000017      0.0000000000     -0.0000000050     (0.0m 0.1s)
   Left CC calculation successfully converged! (0.00m  2.41s)

   Left-CC Calculation Summary
  --------------------------------------------------
   Converged        ω = 0.00000000       LR = 0.00000000

   Left CC calculation ended at 2022-05-08 16:15:12

   CC(P;3) Calculation Summary
   -------------------------------------
   Completed in  (0.00m  0.62s)

   CC(P) = -199.0582924077
   CC(P;3)_A = -199.0586135356     ΔE_A = -0.7292108917     δ_A = -0.0003211279
   CC(P;3)_B = -199.0586023983     ΔE_B = -0.7291997543     δ_B = -0.0003099906
   CC(P;3)_C = -199.0586415609     ΔE_C = -0.7292389169     δ_C = -0.0003491532
   CC(P;3)_D = -199.0586414144     ΔE_D = -0.7292387705     δ_D = -0.0003490068

