   System Information:
   ----------------------------------------------------
     Number of correlated electrons = 20
     Number of correlated orbitals = 72
     Number of frozen orbitals = 4
     Number of alpha occupied orbitals = 10
     Number of alpha unoccupied orbitals = 62
     Number of beta occupied orbitals = 10
     Number of beta unoccupied orbitals = 62
     Charge = 0
     Point group = D2H
     Symmetry of reference = AG
     Spin multiplicity of reference = 1

      MO #        Energy (a.u.)      Symmetry    Occupation
-----------------------------------------------------------
         1           -11.252695            AG           2.0
         2           -11.252195           B2U           2.0
         3           -11.251295           B3U           2.0
         4           -11.250795           B1G           2.0
         5            -1.146100            AG           2.0
         6            -0.901700           B2U           2.0
         7            -0.823500           B3U           2.0
         8            -0.696900           B1G           2.0
         9            -0.686300            AG           2.0
        10            -0.544400           B2U           2.0
        11            -0.528900            AG           2.0
        12            -0.465300           B1U           2.0
        13            -0.458000           B3U           2.0
        14            -0.268400           B3G           2.0
        15             0.087800           B2G           0.0
        16             0.210400            AG           0.0
        17             0.220400           B2U           0.0
        18             0.223200           B1G           0.0
        19             0.234500           B3U           0.0
        20             0.257000            AU           0.0
        21             0.309000           B2U           0.0
        22             0.387800           B3U           0.0
        23             0.460800           B1G           0.0
        24             0.532200            AG           0.0
        25             0.594700            AG           0.0
        26             0.601000           B1G           0.0
        27             0.650600           B2U           0.0
        28             0.685200           B1U           0.0
        29             0.734800           B3G           0.0
        30             0.737200           B3U           0.0
        31             0.785000           B2G           0.0
        32             0.816500           B2U           0.0
        33             0.826600            AG           0.0
        34             0.846200            AU           0.0
        35             0.903000           B3U           0.0
        36             0.921300           B1G           0.0
        37             0.942900            AG           0.0
        38             0.963000           B1G           0.0
        39             1.038300           B2U           0.0
        40             1.046400           B1U           0.0
        41             1.112900           B3U           0.0
        42             1.191499           B1U           0.0
        43             1.225499           B2U           0.0
        44             1.238999           B1G           0.0
        45             1.299199           B2G           0.0
        46             1.301299           B3U           0.0
        47             1.312999           B3G           0.0
        48             1.492999            AG           0.0
        49             1.571399            AG           0.0
        50             1.628699           B3U           0.0
        51             1.687399           B1G           0.0
        52             1.716999           B3G           0.0
        53             1.719599            AU           0.0
        54             1.744399           B2U           0.0
        55             1.825799           B2G           0.0
        56             1.862299            AG           0.0
        57             1.879999           B1U           0.0
        58             1.942399           B2U           0.0
        59             2.030999           B3U           0.0
        60             2.046999           B1G           0.0
        61             2.097099            AU           0.0
        62             2.150699           B3G           0.0
        63             2.186999           B2U           0.0
        64             2.207099            AG           0.0
        65             2.244999           B3U           0.0
        66             2.245799           B2G           0.0
        67             2.290499           B1G           0.0
        68             2.525299           B1G           0.0
        69             2.564799            AU           0.0
        70             2.594799           B2U           0.0
        71             2.600999           B3U           0.0
        72             2.686599            AG           0.0
        73             2.801799           B1G           0.0
        74             3.089099           B2U           0.0
        75             3.101899           B3U           0.0
        76             3.677698           B1G           0.0

   Nuclear Repulsion Energy = 97.67027183580055
   Reference Energy = -153.65117106482302

   Using P space file:  /scratch/gururang/test_ccpq_2ba/cbd-R/civecs-50000.dat
   P space composition:
   ----------------------
      Excitation rank 3
      Number of aaa = 23
      Number of aab = 585
      Number of abb = 585
      Number of bbb = 23
      Total number of rank 3 = 1216
   --------------------------------------------------
   Calculation type =  CCSDT_P
   Maximum iterations = 500
   Convergence tolerance = 1e-08
   Energy shift = 0.0
   DIIS size =  6
   RHF symmetry = False
   --------------------------------------------------

   CC calculation started at 2022-10-05 19:33:00 

   Energy of initial guess =         0.0000000000

      Iter.     Residuum             δE                ΔE           Wall time
    ----------------------------------------------------------------------------
update t1a
finished 9.280138969421387
update t1b
finished 6.397926330566406
update t2a
finished 28.11087679862976
update t2b
finished 168.6850028038025
update t2c
finished 18.776633501052856
update t3a
finished 48.57836723327637
update t3b
finished 179.78423738479614
update t3c
finished 155.50112891197205
update t3d
finished 19.9817898273468
       0      1.5048413642     -0.4913292683     -0.4913292683   (10.0m 56.2s)
update t1a
finished 6.712982892990112
update t1b
finished 3.8508875370025635
update t2a
finished 26.45602321624756
update t2b
finished 167.2729046344757
update t2c
finished 17.155097723007202
update t3a
finished 46.97655749320984
update t3b
finished 178.21154308319092
update t3c
finished 153.75243282318115
update t3d
finished 19.069225311279297
       1      0.2548302401     -0.0593957601     -0.5507250284   (10.0m 40.5s)
update t1a
finished 6.69568133354187
update t1b
finished 3.839766025543213
update t2a
finished 26.427199602127075
update t2b
finished 167.12542605400085
update t2c
finished 17.107590436935425
update t3a
finished 47.002678632736206
update t3b
finished 178.17407250404358
update t3c
finished 153.41950750350952
update t3d
finished 19.106701850891113
       2      0.1923283421     -0.0107019661     -0.5614269945   (10.0m 39.9s)
update t1a
finished 6.699243068695068
update t1b
finished 3.84767746925354
update t2a
finished 26.354222774505615
update t2b
finished 167.04667329788208
update t2c
finished 17.119563817977905
update t3a
finished 46.789742946624756
update t3b
finished 177.99992108345032
update t3c
finished 153.70999145507812
update t3d
finished 19.07132840156555
       3      0.3970860066     -0.0031677190     -0.5645947135   (11.0m 40.7s)
update t1a
finished 6.7017903327941895
update t1b
finished 3.846015214920044
update t2a
finished 26.400148630142212
update t2b
finished 167.15716433525085
update t2c
finished 17.112016439437866
update t3a
finished 47.02372694015503
update t3b
finished 179.63387727737427
update t3c
finished 154.75916743278503
update t3d
finished 19.199742794036865
       4      0.6117688848     -0.0012695103     -0.5658642237   (11.0m 46.9s)
update t1a
finished 6.702753305435181
update t1b
finished 3.847071886062622
update t2a
finished 26.581446170806885
update t2b
finished 168.6910319328308
update t2c
finished 17.266164541244507
update t3a
finished 47.20202088356018
update t3b
finished 179.62520503997803
update t3c
finished 154.73110437393188
update t3d
finished 19.230173587799072
       5      0.6486523449     -0.0007342232     -0.5665984470   (11.0m 45.7s)
update t1a
finished 6.708518028259277
update t1b
finished 3.847869396209717
update t2a
finished 26.574115753173828
update t2b
finished 168.50900220870972
update t2c
finished 17.269245147705078
update t3a
finished 47.18121290206909
update t3b
finished 179.55027103424072
update t3c
finished 154.92835521697998
update t3d
finished 19.23125147819519
       6      0.4527351770     -0.0002663693     -0.5668648162   (11.0m 45.6s)
update t1a
finished 6.683092355728149
update t1b
finished 3.8434438705444336
update t2a
finished 26.57266616821289
update t2b
finished 168.50084400177002
update t2c
finished 17.270687341690063
update t3a
finished 47.25763750076294
update t3b
finished 179.3949315547943
update t3c
finished 154.89922070503235
update t3d
finished 19.22158980369568
       7      0.1910958704     -0.0002930739     -0.5671578901   (11.0m 45.6s)
update t1a
finished 6.709082365036011
update t1b
finished 3.8469364643096924
update t2a
finished 26.58760380744934
update t2b
finished 168.47067713737488
update t2c
finished 17.289207696914673
update t3a
finished 47.17789626121521
update t3b
finished 179.60750031471252
update t3c
finished 154.68039417266846
update t3d
finished 19.213603973388672
       8      0.1217673147     -0.0000940796     -0.5672519698   (11.0m 45.8s)
update t1a
finished 6.70451545715332
update t1b
finished 3.842836380004883
update t2a
finished 26.583794355392456
update t2b
finished 168.53262948989868
update t2c
finished 17.251139640808105
update t3a
finished 47.25536370277405
update t3b
finished 179.39080262184143
update t3c
finished 154.874342918396
update t3d
finished 19.206750631332397
       9      0.3250391010     -0.0001012705     -0.5673532402   (14.0m 52.1s)
update t1a
finished 20.11871600151062
update t1b
finished 17.198732614517212
update t2a
finished 36.6401801109314
update t2b
finished 178.93953371047974
update t2c
finished 27.683505535125732
update t3a
finished 57.48498797416687
update t3b
finished 190.41347455978394
update t3c
finished 165.30108094215393
update t3d
finished 24.615020036697388
      10      0.0036453726     -0.0001141040     -0.5674673442   (16.0m 19.0s)
update t1a
finished 20.043436527252197
update t1b
finished 17.202796936035156
update t2a
finished 36.5184051990509
update t2b
finished 179.0990710258484
update t2c
finished 27.237600803375244
update t3a
finished 57.383230686187744
update t3b
finished 190.45297384262085
update t3c
finished 165.46015644073486
update t3d
finished 24.627020835876465
      11      0.0039445037      0.0000125861     -0.5674547581   (16.0m 19.5s)
update t1a
finished 20.211517810821533
update t1b
finished 17.12071943283081
update t2a
finished 36.75862526893616
update t2b
finished 178.87781476974487
update t2c
finished 27.22301411628723
update t3a
finished 57.49091958999634
update t3b
finished 190.5274887084961
update t3c
finished 165.7905411720276
update t3d
finished 24.63697099685669
      12      0.0042409625     -0.0000294551     -0.5674842132   (16.0m 20.3s)
update t1a
finished 20.17707371711731
update t1b
finished 17.126530170440674
update t2a
finished 36.75332736968994
update t2b
finished 178.76668334007263
update t2c
finished 27.52034568786621
update t3a
finished 57.48179244995117
update t3b
finished 190.5332841873169
update t3c
finished 165.76897954940796
update t3d
finished 24.63260841369629
      13      0.0005777264     -0.0000067574     -0.5674909706   (16.0m 20.3s)
update t1a
finished 20.113106727600098
update t1b
finished 17.234066009521484
update t2a
finished 36.65892815589905
update t2b
finished 178.78716707229614
update t2c
finished 27.425782918930054
update t3a
finished 57.42568850517273
update t3b
finished 190.13723850250244
update t3c
finished 165.5810329914093
update t3d
finished 24.61840009689331
      14      0.0001944774     -0.0000157024     -0.5675066730   (16.0m 19.4s)
update t1a
finished 20.08385467529297
update t1b
finished 17.213301181793213
update t2a
finished 36.571523904800415
update t2b
finished 178.71049642562866
update t2c
finished 27.37425470352173
update t3a
finished 57.42183518409729
update t3b
finished 190.24923706054688
update t3c
finished 165.58564805984497
update t3d
finished 24.611334800720215
      15      0.0002693194     -0.0000060707     -0.5675127437   (16.0m 18.7s)
update t1a
finished 20.080453634262085
update t1b
finished 17.18070936203003
update t2a
finished 36.61018705368042
update t2b
finished 178.68300414085388
update t2c
finished 27.488972425460815
update t3a
finished 57.31171202659607
update t3b
finished 190.18428254127502
update t3c
finished 165.05863094329834
update t3d
finished 24.597416877746582
      16      0.0001920939     -0.0000028843     -0.5675156280   (16.0m 18.6s)
update t1a
finished 20.099764823913574
update t1b
finished 17.199819326400757
update t2a
finished 36.59583926200867
update t2b
finished 178.59546375274658
update t2c
finished 27.372954607009888
update t3a
finished 57.40245866775513
update t3b
finished 190.19654893875122
update t3c
finished 165.73747444152832
update t3d
finished 24.861725568771362
      17      0.0000331048     -0.0000010767     -0.5675167047   (16.0m 27.6s)
update t1a
finished 20.067419052124023
update t1b
finished 17.20321488380432
update t2a
finished 36.62715029716492
update t2b
finished 178.5704038143158
update t2c
finished 27.395716905593872
update t3a
finished 57.38585710525513
update t3b
finished 190.1410481929779
update t3c
finished 165.5067183971405
update t3d
finished 24.635892629623413
      18      0.0000351650     -0.0000009635     -0.5675176682   (16.0m 18.8s)
update t1a
finished 20.177546501159668
update t1b
finished 17.273752689361572
update t2a
finished 36.510215044021606
update t2b
finished 178.82937335968018
update t2c
finished 27.52734398841858
update t3a
finished 57.2875542640686
update t3b
finished 190.11157202720642
update t3c
finished 165.5750331878662
update t3d
finished 24.718145608901978
      19      0.0000253395     -0.0000003450     -0.5675180131   (16.0m 19.1s)
update t1a
finished 20.197027921676636
update t1b
finished 17.28772211074829
update t2a
finished 36.55045437812805
update t2b
finished 178.6923770904541
update t2c
finished 27.3949556350708
update t3a
finished 57.337000608444214
update t3b
finished 190.11820697784424
update t3c
finished 165.52312231063843
update t3d
finished 24.665149450302124
      20      0.0000177387     -0.0000000687     -0.5675180818   (16.0m 19.1s)
update t1a
finished 20.15040946006775
update t1b
finished 17.265470504760742
update t2a
finished 36.537026166915894
update t2b
finished 178.72453212738037
update t2c
finished 27.841673612594604
update t3a
finished 57.19920015335083
update t3b
finished 190.16843628883362
update t3c
finished 165.32552456855774
update t3d
finished 24.660550117492676
      21      0.0000088179     -0.0000002616     -0.5675183435   (16.0m 21.0s)
update t1a
finished 20.145681381225586
update t1b
finished 17.27503204345703
update t2a
finished 36.54246187210083
update t2b
finished 178.70400261878967
update t2c
finished 27.375382661819458
update t3a
finished 57.2384831905365
update t3b
finished 190.04558682441711
update t3c
finished 165.9396436214447
update t3d
finished 24.676276683807373
      22      0.0000039685      0.0000000175     -0.5675183260   (16.0m 28.0s)
update t1a
finished 20.156684160232544
update t1b
finished 17.314510345458984
update t2a
finished 36.562495708465576
update t2b
finished 178.56156730651855
update t2c
finished 27.943796157836914
update t3a
finished 57.675068616867065
update t3b
finished 189.59441590309143
update t3c
finished 166.1783528327942
update t3d
finished 24.810709953308105
      23      0.0000018127     -0.0000000499     -0.5675183759   (16.0m 26.8s)
update t1a
finished 20.1720552444458
update t1b
finished 17.30205750465393
update t2a
finished 36.55690860748291
update t2b
finished 178.61464881896973
update t2c
finished 27.891815662384033
update t3a
finished 57.664103746414185
update t3b
finished 189.64667630195618
update t3c
finished 166.26836848258972
update t3d
finished 25.206151485443115
      24      0.0000009457     -0.0000000374     -0.5675184133   (16.0m 36.4s)
update t1a
finished 20.12418293952942
update t1b
finished 17.78632354736328
update t2a
finished 36.559818744659424
update t2b
finished 178.9110918045044
update t2c
finished 27.391751050949097
update t3a
finished 57.21931195259094
update t3b
finished 190.27379155158997
update t3c
finished 166.1094105243683
update t3d
finished 25.80907964706421
      25      0.0000015628     -0.0000000047     -0.5675184180   (16.0m 38.4s)
update t1a
finished 20.035036325454712
update t1b
finished 17.82266616821289
update t2a
finished 36.56025552749634
update t2b
finished 178.97857570648193
update t2c
finished 27.371289491653442
update t3a
finished 57.189252614974976
update t3b
finished 190.3573670387268
update t3c
finished 166.00164580345154
update t3d
finished 25.775919675827026
      26      0.0000005253     -0.0000000112     -0.5675184292   (16.0m 31.7s)
update t1a
finished 20.098421096801758
update t1b
finished 17.797877311706543
update t2a
finished 36.55434584617615
update t2b
finished 178.90948271751404
update t2c
finished 27.400034427642822
update t3a
finished 57.18347382545471
update t3b
finished 190.19849729537964
update t3c
finished 166.4472222328186
update t3d
finished 25.16719698905945
      27      0.0000003831      0.0000000028     -0.5675184264   (16.0m 38.9s)
update t1a
finished 20.14152765274048
update t1b
finished 17.80566143989563
update t2a
finished 36.56652545928955
update t2b
finished 178.91233921051025
update t2c
finished 27.381956100463867
update t3a
finished 57.21085524559021
update t3b
finished 190.6924524307251
update t3c
finished 166.20202374458313
update t3d
finished 25.80067801475525
      28      0.0000003260      0.0000000015     -0.5675184249   (16.0m 34.2s)
update t1a
finished 20.123334884643555
update t1b
finished 17.812684059143066
update t2a
finished 36.563536405563354
update t2b
finished 178.82759618759155
update t2c
finished 27.594855785369873
update t3a
finished 57.34539461135864
update t3b
finished 190.35071730613708
update t3c
finished 166.62925219535828
update t3d
finished 25.13047456741333
      29      0.0000001234     -0.0000000015     -0.5675184264   (16.0m 39.0s)
update t1a
finished 20.125343799591064
update t1b
finished 17.812740087509155
update t2a
finished 36.54336380958557
update t2b
finished 178.92632865905762
update t2c
finished 27.876995086669922
update t3a
finished 57.61958193778992
update t3b
finished 190.52829265594482
update t3c
finished 166.30606818199158
update t3d
finished 25.72761082649231
      30      0.0000000711     -0.0000000009     -0.5675184273   (16.0m 36.2s)
update t1a
finished 20.066773653030396
update t1b
finished 17.905333518981934
update t2a
finished 36.97887110710144
update t2b
finished 178.67625403404236
update t2c
finished 27.667700052261353
update t3a
finished 60.309715032577515
update t3b
finished 190.7637710571289
update t3c
finished 166.91956639289856
update t3d
finished 25.1762752532959
      31      0.0000001010     -0.0000000023     -0.5675184296   (16.0m 44.1s)
update t1a
finished 20.134878873825073
update t1b
finished 17.811419010162354
update t2a
finished 36.52441716194153
update t2b
finished 178.6938898563385
update t2c
finished 27.88117814064026
update t3a
finished 61.871657371520996
update t3b
finished 191.22987365722656
update t3c
finished 166.29959321022034
update t3d
finished 25.13460063934326
      32      0.0000000187     -0.0000000004     -0.5675184300   (16.0m 41.7s)
update t1a
finished 20.065770626068115
update t1b
finished 17.903416872024536
update t2a
finished 37.009284019470215
update t2b
finished 178.24032425880432
update t2c
finished 27.360013484954834
update t3a
finished 61.5913519859314
update t3b
finished 190.94975566864014
update t3c
finished 166.9993257522583
update t3d
finished 25.33312439918518
      33      0.0000000112      0.0000000002     -0.5675184298   (16.0m 43.1s)
update t1a
finished 20.068594217300415
update t1b
finished 17.908594131469727
update t2a
finished 36.96589374542236
update t2b
finished 178.35789227485657
update t2c
finished 27.365646839141846
update t3a
finished 61.71663737297058
update t3b
finished 191.06550574302673
update t3c
finished 167.04702639579773
update t3d
finished 25.83612585067749
      34      0.0000000105      0.0000000001     -0.5675184297   (16.0m 45.8s)
update t1a
finished 20.068803787231445
update t1b
finished 17.913275480270386
update t2a
finished 36.88021469116211
update t2b
finished 178.23344111442566
update t2c
finished 27.37643814086914
update t3a
finished 61.93232226371765
update t3b
finished 190.93773412704468
update t3c
finished 166.8717339038849
update t3d
finished 25.44715929031372
      35      0.0000000052      0.0000000001     -0.5675184296   (12.0m 38.4s)
   CC calculation successfully converged! (542.00m  23.00s)

   CC Calculation Summary
  --------------------------------------------------
   Reference energy                   -153.65117106
   CC correlation energy                -0.56751843
   Total CC energy                    -154.21868949

   CC calculation ended at 2022-10-06 04:35:40

   --------------------------------------------------
   Calculation type =  LEFT_CCSDT_P
   Maximum iterations = 500
   Convergence tolerance = 1e-08
   Energy shift = 0.0
   DIIS size =  6
   RHF symmetry = True
   --------------------------------------------------

   CC calculation started at 2022-10-06 04:36:00 

   Energy of initial guess =         0.0000000000

      Iter.     Residuum              ω                δω           Wall time
    ----------------------------------------------------------------------------
       0      0.0940302297      0.1554412093      0.1554412093   (23.0m 20.0s)
       1      0.0162570513      0.0270054594     -0.1284357499   (24.0m 34.0s)
       2      0.0060021557      0.0099931774     -0.0170122820   (24.0m 41.2s)
       3      0.0030948146      0.0051579331     -0.0048352443   (24.0m 41.6s)
       4      0.0018685239      0.0031159771     -0.0020419560   (24.0m 40.3s)
       5      0.0012367221      0.0020631299     -0.0010528473   (24.0m 40.7s)
       6      0.0008593253      0.0014338994     -0.0006292304   (27.0m 52.1s)
       7      0.0001249711      0.0002086585     -0.0012252409   (27.0m 44.8s)
       8      0.0000484526      0.0000809038     -0.0001277547   (27.0m 20.7s)
       9      0.0000137521      0.0000229631     -0.0000579408   (27.0m 10.4s)
      10      0.0000039443      0.0000065861     -0.0000163770    (27.0m 9.3s)
      11      0.0000011887      0.0000019849     -0.0000046012   (27.0m 10.0s)
      12      0.0000005513      0.0000009205     -0.0000010644    (27.0m 9.4s)
      13      0.0000004787      0.0000007993     -0.0000001212    (27.0m 8.6s)
      14      0.0000004743      0.0000007920     -0.0000000073   (27.0m 15.3s)
      15      0.0000004748      0.0000007928      0.0000000008   (27.0m 25.1s)
      16      0.0000004748      0.0000007928      0.0000000000   (27.0m 35.2s)
      17      0.0000004750      0.0000007931      0.0000000002    (28.0m 4.4s)
      18      0.0000004748      0.0000007929     -0.0000000002   (28.0m 35.6s)
      19      0.0000004748      0.0000007929     -0.0000000000    (29.0m 2.8s)
      20      0.0000004748      0.0000007927     -0.0000000001    (30.0m 2.9s)
      21      0.0000004752      0.0000007934      0.0000000007   (30.0m 49.1s)
      22      0.0000004753      0.0000007936      0.0000000002   (31.0m 20.6s)
      23      0.0000004747      0.0000007926     -0.0000000010   (31.0m 54.8s)
      24      0.0000004744      0.0000007921     -0.0000000004   (32.0m 23.9s)
      25      0.0000004748      0.0000007929      0.0000000007   (32.0m 27.5s)
      26      0.0000004741      0.0000007917     -0.0000000012   (32.0m 48.8s)
      27      0.0000004738      0.0000007912     -0.0000000005   (32.0m 54.5s)
      28      0.0000004740      0.0000007916      0.0000000004   (33.0m 13.2s)
      29      0.0000004742      0.0000007917      0.0000000002   (33.0m 24.8s)
      30      0.0000004737      0.0000007910     -0.0000000007   (33.0m 31.9s)
      31      0.0000004737      0.0000007909     -0.0000000001   (33.0m 39.9s)
      32      0.0000004736      0.0000007909     -0.0000000000   (33.0m 42.6s)
      33      0.0000004735      0.0000007906     -0.0000000002   (33.0m 50.3s)
      34      0.0000004740      0.0000007915      0.0000000009   (33.0m 47.4s)
      35      0.0000004741      0.0000007917      0.0000000002   (33.0m 43.9s)
      36      0.0000004739      0.0000007913     -0.0000000004   (33.0m 41.3s)
      37      0.0000004740      0.0000007914      0.0000000002   (33.0m 44.4s)
      38      0.0000004737      0.0000007911     -0.0000000004   (33.0m 44.4s)
      39      0.0000004738      0.0000007911      0.0000000000   (33.0m 48.2s)
      40      0.0000004740      0.0000007915      0.0000000004   (33.0m 46.7s)
      41      0.0000004737      0.0000007911     -0.0000000004   (33.0m 50.2s)
      42      0.0000004740      0.0000007916      0.0000000005   (33.0m 42.1s)
      43      0.0000004740      0.0000007915     -0.0000000001   (33.0m 54.6s)
      44      0.0000004739      0.0000007913     -0.0000000003   (33.0m 47.4s)
      45      0.0000004738      0.0000007910     -0.0000000002   (33.0m 47.4s)
      46      0.0000004737      0.0000007910     -0.0000000000   (33.0m 48.9s)
      47      0.0000004742      0.0000007916      0.0000000006   (33.0m 56.2s)
      48      0.0000004744      0.0000007926      0.0000000010   (33.0m 39.3s)
      49      0.0000004735      0.0000007894     -0.0000000032   (33.0m 49.5s)
      50      0.0000004735      0.0000007879     -0.0000000016   (33.0m 48.7s)
      51      0.0000004733      0.0000007909      0.0000000031   (33.0m 44.1s)
      52      0.0000004733      0.0000007664     -0.0000000245   (33.0m 50.2s)
      53      0.0000004735      0.0000007722      0.0000000059   (33.0m 47.0s)
      54      0.0000004737      0.0000007124     -0.0000000598   (33.0m 47.7s)
      55      0.0000004738      0.0000007522      0.0000000398   (33.0m 43.3s)
      56      0.0000004736      0.0000007917      0.0000000395   (33.0m 43.7s)
      57      0.0000004736      0.0000006198     -0.0000001719   (33.0m 42.4s)
      58      0.0000004735      0.0000004460     -0.0000001738   (33.0m 40.8s)
      59      0.0000004743      0.0000007470      0.0000003009   (33.0m 46.8s)
      60      0.0000004734      0.0000006153     -0.0000001316   (33.0m 39.4s)
      61      0.0000004734      0.0000005232     -0.0000000921   (33.0m 42.8s)
      62      0.0000004735      0.0000003014     -0.0000002218   (33.0m 43.2s)
      63      0.0000004737      0.0000003567      0.0000000554   (33.0m 49.2s)
      64      0.0000004736      0.0000005034      0.0000001467   (33.0m 41.6s)
      65      0.0000004736      0.0000006298      0.0000001264   (33.0m 49.3s)
      66      0.0000004740      0.0000001435     -0.0000004863   (33.0m 48.2s)
      67      0.0000004741      0.0000002866      0.0000001430   (33.0m 44.6s)
      68      0.0000004742      0.0000000509     -0.0000002357   (33.0m 48.8s)
      69      0.0000004738      0.0000000771      0.0000000262   (33.0m 48.7s)
      70      0.0000004735      0.0000000315     -0.0000000456   (33.0m 50.5s)
      71      0.0000004737      0.0000000096     -0.0000000219   (33.0m 41.4s)
      72      0.0000004739      0.0000000078     -0.0000000018   (33.0m 46.2s)
      73      0.0000004739      0.0000000095      0.0000000017   (33.0m 48.1s)
      74      0.0000004740      0.0000000127      0.0000000032   (33.0m 48.0s)
      75      0.0000004743      0.0000000066     -0.0000000062   (33.0m 51.0s)
      76      0.0000004740      0.0000000964      0.0000000898   (33.0m 42.6s)
      77      0.0000004744      0.0000000039     -0.0000000924   (33.0m 51.0s)
      78      0.0000004742      0.0000000439      0.0000000400   (33.0m 46.7s)
      79      0.0000004747      0.0000000043     -0.0000000397   (33.0m 48.4s)
      80      0.0000004743      0.0000000059      0.0000000016   (33.0m 47.3s)
      81      0.0000004744      0.0000000059      0.0000000000   (33.0m 46.1s)
      82      0.0000004742      0.0000000092      0.0000000032   (33.0m 45.2s)
      83      0.0000004742      0.0000000021     -0.0000000071   (33.0m 47.7s)
      84      0.0000004738      0.0000000014     -0.0000000006   (33.0m 43.1s)
      85      0.0000004739      0.0000000006     -0.0000000008   (33.0m 47.1s)
      86      0.0000004741      0.0000000003     -0.0000000003   (33.0m 38.1s)
      87      0.0000004744      0.0000000007      0.0000000004   (33.0m 46.8s)
      88      0.0000004739      0.0000000002     -0.0000000005   (33.0m 47.0s)
      89      0.0000004741      0.0000000002     -0.0000000000   (33.0m 49.1s)
      90      0.0000004739      0.0000000004      0.0000000002   (33.0m 41.6s)
      91      0.0000004742      0.0000000007      0.0000000003   (33.0m 44.9s)
      92      0.0000004746      0.0000000001     -0.0000000006   (33.0m 48.5s)
      93      0.0000004742      0.0000000002      0.0000000001   (33.0m 54.3s)
      94      0.0000004741      0.0000000004      0.0000000002   (33.0m 44.4s)
      95      0.0000004742      0.0000000018      0.0000000014   (33.0m 46.4s)
      96      0.0000004737      0.0000000002     -0.0000000016   (33.0m 40.7s)
      97      0.0000004742      0.0000000001     -0.0000000001   (33.0m 47.9s)
      98      0.0000004739      0.0000000007      0.0000000006   (33.0m 50.6s)
      99      0.0000004740      0.0000000001     -0.0000000006   (33.0m 47.4s)
     100      0.0000004737      0.0000000002      0.0000000001   (33.0m 47.3s)
     101      0.0000004737      0.0000000002      0.0000000000   (33.0m 44.4s)
     102      0.0000004738      0.0000000001     -0.0000000001   (33.0m 47.1s)
     103      0.0000004741      0.0000000002      0.0000000001   (33.0m 47.7s)
     104      0.0000004737      0.0000000004      0.0000000002   (33.0m 50.9s)
     105      0.0000004739      0.0000000001     -0.0000000003   (33.0m 51.5s)
     106      0.0000004739      0.0000000001     -0.0000000000   (33.0m 41.5s)
     107      0.0000004737      0.0000000005      0.0000000004   (33.0m 47.5s)
     108      0.0000004740      0.0000000001     -0.0000000004   (33.0m 48.6s)
     109      0.0000004740      0.0000000000     -0.0000000000   (33.0m 51.8s)
     110      0.0000004744      0.0000000004      0.0000000003   (33.0m 43.2s)
     111      0.0000004743      0.0000000000     -0.0000000004   (33.0m 42.6s)
     112      0.0000004741      0.0000000001      0.0000000001   (33.0m 42.6s)
     113      0.0000004741      0.0000000000     -0.0000000001   (33.0m 48.2s)
     114      0.0000004739      0.0000000000     -0.0000000000   (33.0m 46.9s)
     115      0.0000004737      0.0000000000      0.0000000000   (33.0m 49.6s)
     116      0.0000004743      0.0000000001      0.0000000001   (33.0m 48.6s)
     117      0.0000004738      0.0000000000     -0.0000000001   (33.0m 49.1s)
     118      0.0000004738      0.0000000000      0.0000000000   (33.0m 49.3s)
     119      0.0000004737      0.0000000000     -0.0000000000   (33.0m 45.3s)
     120      0.0000004736      0.0000000000      0.0000000000   (33.0m 49.3s)
     121      0.0000004736      0.0000000000     -0.0000000000   (33.0m 46.7s)
     122      0.0000004742      0.0000000000     -0.0000000000   (33.0m 50.9s)
     123      0.0000004738      0.0000000000      0.0000000000   (33.0m 44.4s)
     124      0.0000004739      0.0000000000      0.0000000000   (33.0m 42.5s)
     125      0.0000004740      0.0000000000     -0.0000000000   (33.0m 44.2s)
     126      0.0000004740      0.0000000001      0.0000000001   (33.0m 49.0s)
     127      0.0000004740      0.0000000000     -0.0000000001   (33.0m 49.2s)
     128      0.0000004735      0.0000000000     -0.0000000000   (33.0m 44.1s)
     129      0.0000004740      0.0000000000      0.0000000000   (33.0m 46.0s)
     130      0.0000004741      0.0000000000     -0.0000000000   (33.0m 46.7s)
     131      0.0000004734      0.0000000000      0.0000000000   (33.0m 43.1s)
     132      0.0000004729      0.0000000000     -0.0000000000   (33.0m 48.8s)
     133      0.0000004739      0.0000000000     -0.0000000000   (33.0m 51.4s)
     134      0.0000004718      0.0000000000      0.0000000000   (33.0m 47.1s)
     135      0.0000004720      0.0000000000     -0.0000000000   (33.0m 46.3s)
     136      0.0000004720      0.0000000000     -0.0000000000   (33.0m 43.9s)
     137      0.0000004731      0.0000000000     -0.0000000000   (33.0m 49.0s)
     138      0.0000004738      0.0000000000      0.0000000000   (33.0m 49.9s)
     139      0.0000004707      0.0000000000      0.0000000000   (33.0m 46.5s)
     140      0.0000004766      0.0000000000      0.0000000000   (33.0m 42.6s)
     141      0.0000004748      0.0000000000     -0.0000000000   (33.0m 45.7s)
     142      0.0000004750      0.0000000000     -0.0000000000   (33.0m 48.8s)
     143      0.0000004760      0.0000000000      0.0000000000   (33.0m 48.2s)
     144      0.0000004768      0.0000000000      0.0000000000   (33.0m 39.0s)
     145      0.0000004770      0.0000000000     -0.0000000000   (33.0m 50.2s)
     146      0.0000004785      0.0000000000     -0.0000000000   (33.0m 45.4s)
     147      0.0000004779      0.0000000000      0.0000000000   (33.0m 53.3s)
     148      0.0000004780      0.0000000000     -0.0000000000   (33.0m 42.2s)
     149      0.0000004775      0.0000000000      0.0000000000   (33.0m 49.8s)
     150      0.0000004757      0.0000000000     -0.0000000000   (33.0m 46.2s)
     151      0.0000004728      0.0000000000     -0.0000000000   (33.0m 50.0s)
     152      0.0000004799      0.0000000000      0.0000000000   (33.0m 41.6s)
     153      0.0000004793      0.0000000000     -0.0000000000   (33.0m 43.9s)
     154      0.0000004797      0.0000000000      0.0000000000   (33.0m 43.1s)
     155      0.0000004784      0.0000000000     -0.0000000000   (33.0m 49.6s)
     156      0.0000004772      0.0000000000      0.0000000000   (33.0m 40.5s)
     157      0.0000004798      0.0000000000     -0.0000000000   (33.0m 47.4s)
     158      0.0000004807      0.0000000000      0.0000000000   (33.0m 49.8s)
     159      0.0000004782      0.0000000000     -0.0000000000   (33.0m 50.7s)
     160      0.0000004795      0.0000000000      0.0000000000   (33.0m 42.0s)
     161      0.0000004769      0.0000000000     -0.0000000000   (33.0m 43.3s)
     162      0.0000004787      0.0000000000      0.0000000000   (33.0m 50.0s)
     163      0.0000004830      0.0000000000      0.0000000000   (33.0m 50.2s)
     164      0.0000004797      0.0000000000     -0.0000000000   (33.0m 40.8s)
     165      0.0000004798      0.0000000000     -0.0000000000   (33.0m 48.4s)
     166      0.0000004762      0.0000000000     -0.0000000000   (33.0m 48.3s)
     167      0.0000004743      0.0000000000     -0.0000000000   (33.0m 44.7s)
     168      0.0000004774      0.0000000000      0.0000000000   (33.0m 50.0s)
     169      0.0000004761      0.0000000000     -0.0000000000   (33.0m 45.0s)
     170      0.0000004820      0.0000000000      0.0000000000   (33.0m 47.8s)
     171      0.0000004761      0.0000000000     -0.0000000000   (33.0m 50.2s)
     172      0.0000004801      0.0000000000      0.0000000000   (33.0m 40.6s)
     173      0.0000004848      0.0000000000      0.0000000000   (33.0m 43.9s)
     174      0.0000004831      0.0000000000     -0.0000000000   (33.0m 46.7s)
     175      0.0000004828      0.0000000000     -0.0000000000   (33.0m 48.3s)
     176      0.0000004863      0.0000000000      0.0000000000   (33.0m 47.6s)
     177      0.0000004797      0.0000000000     -0.0000000000   (33.0m 43.6s)
     178      0.0000004794      0.0000000000     -0.0000000000   (33.0m 47.2s)
     179      0.0000004731      0.0000000000     -0.0000000000   (33.0m 43.6s)
     180      0.0000004764      0.0000000000      0.0000000000   (33.0m 47.1s)
     181      0.0000004756      0.0000000000     -0.0000000000   (33.0m 48.4s)
     182      0.0000004752      0.0000000000     -0.0000000000   (33.0m 42.3s)
     183      0.0000004794      0.0000000000      0.0000000000   (33.0m 49.0s)
     184      0.0000004753      0.0000000000     -0.0000000000   (33.0m 41.8s)
     185      0.0000004810      0.0000000000      0.0000000000   (33.0m 42.2s)
     186      0.0000004807      0.0000000000     -0.0000000000   (33.0m 45.9s)
     187      0.0000004810      0.0000000000      0.0000000000   (33.0m 44.5s)
     188      0.0000004791      0.0000000000     -0.0000000000   (33.0m 40.6s)
     189      0.0000004822      0.0000000000      0.0000000000   (33.0m 49.3s)
     190      0.0000004803      0.0000000000     -0.0000000000   (33.0m 42.6s)
     191      0.0000004756      0.0000000000     -0.0000000000   (33.0m 51.0s)
     192      0.0000004764      0.0000000000      0.0000000000   (33.0m 49.8s)
     193      0.0000004807      0.0000000000      0.0000000000   (33.0m 44.7s)
     194      0.0000004794      0.0000000000     -0.0000000000   (33.0m 45.9s)
     195      0.0000004840      0.0000000000      0.0000000000   (33.0m 42.6s)
     196      0.0000004817      0.0000000000     -0.0000000000   (33.0m 41.1s)
     197      0.0000004835      0.0000000000      0.0000000000   (33.0m 47.3s)
     198      0.0000004865      0.0000000000      0.0000000000   (33.0m 42.3s)
     199      0.0000004786      0.0000000000     -0.0000000000   (33.0m 46.3s)
     200      0.0000004801      0.0000000000      0.0000000000   (33.0m 40.7s)
     201      0.0000004804      0.0000000000     -0.0000000000   (33.0m 42.3s)
     202      0.0000004780      0.0000000000     -0.0000000000   (33.0m 43.4s)
     203      0.0000004798      0.0000000000      0.0000000000   (33.0m 49.8s)
     204      0.0000004777      0.0000000000     -0.0000000000   (33.0m 44.7s)
     205      0.0000004830      0.0000000000      0.0000000000   (33.0m 44.2s)
     206      0.0000004787      0.0000000000     -0.0000000000   (33.0m 46.7s)
     207      0.0000004779      0.0000000000     -0.0000000000   (33.0m 51.8s)
     208      0.0000004791      0.0000000000      0.0000000000   (33.0m 49.3s)
     209      0.0000004828      0.0000000000      0.0000000000   (33.0m 42.9s)
     210      0.0000004736      0.0000000000     -0.0000000000   (33.0m 42.1s)
     211      0.0000004732      0.0000000000     -0.0000000000   (33.0m 51.9s)
     212      0.0000004782      0.0000000000      0.0000000000   (33.0m 46.6s)
     213      0.0000004812      0.0000000000      0.0000000000   (33.0m 38.5s)
     214      0.0000004790      0.0000000000     -0.0000000000   (33.0m 35.7s)
     215      0.0000004771      0.0000000000     -0.0000000000   (33.0m 38.0s)
     216      0.0000004762      0.0000000000     -0.0000000000   (33.0m 36.1s)
     217      0.0000004830      0.0000000000      0.0000000000   (33.0m 44.9s)
     218      0.0000004842      0.0000000000      0.0000000000   (33.0m 44.5s)
     219      0.0000004846      0.0000000000      0.0000000000   (33.0m 36.5s)
     220      0.0000004793      0.0000000000     -0.0000000000   (33.0m 40.4s)
     221      0.0000004772      0.0000000000     -0.0000000000   (33.0m 36.7s)
     222      0.0000004817      0.0000000000      0.0000000000   (33.0m 36.3s)
     223      0.0000004821      0.0000000000      0.0000000000   (33.0m 39.1s)
     224      0.0000004801      0.0000000000     -0.0000000000   (33.0m 36.1s)
     225      0.0000004804      0.0000000000      0.0000000000   (33.0m 41.4s)
     226      0.0000004800      0.0000000000     -0.0000000000   (33.0m 44.0s)
     227      0.0000004765      0.0000000000     -0.0000000000   (33.0m 38.9s)
     228      0.0000004800      0.0000000000      0.0000000000   (33.0m 39.9s)
     229      0.0000004799      0.0000000000     -0.0000000000   (33.0m 40.7s)
     230      0.0000004787      0.0000000000     -0.0000000000   (33.0m 34.8s)
     231      0.0000004785      0.0000000000     -0.0000000000   (33.0m 41.5s)
     232      0.0000004795      0.0000000000      0.0000000000   (33.0m 41.3s)
     233      0.0000004783      0.0000000000     -0.0000000000   (33.0m 38.6s)
     234      0.0000004792      0.0000000000      0.0000000000   (33.0m 36.9s)
     235      0.0000004746      0.0000000000     -0.0000000000   (33.0m 38.8s)
     236      0.0000004815      0.0000000000      0.0000000000   (33.0m 35.2s)
     237      0.0000004830      0.0000000000      0.0000000000   (33.0m 37.2s)
