   System Information:
   ----------------------------------------------------
     Number of correlated electrons = 20
     Number of correlated orbitals = 72
     Number of frozen orbitals = 4
     Number of alpha occupied orbitals = 10
     Number of alpha unoccupied orbitals = 62
     Number of beta occupied orbitals = 10
     Number of beta unoccupied orbitals = 62
     Charge = 0
     Point group = D2H
     Symmetry of reference = AG
     Spin multiplicity of reference = 1

      MO #        Energy (a.u.)      Symmetry    Occupation
-----------------------------------------------------------
         1           -11.252695            AG           2.0
         2           -11.252195           B2U           2.0
         3           -11.251295           B3U           2.0
         4           -11.250795           B1G           2.0
         5            -1.146100            AG           2.0
         6            -0.901700           B2U           2.0
         7            -0.823500           B3U           2.0
         8            -0.696900           B1G           2.0
         9            -0.686300            AG           2.0
        10            -0.544400           B2U           2.0
        11            -0.528900            AG           2.0
        12            -0.465300           B1U           2.0
        13            -0.458000           B3U           2.0
        14            -0.268400           B3G           2.0
        15             0.087800           B2G           0.0
        16             0.210400            AG           0.0
        17             0.220400           B2U           0.0
        18             0.223200           B1G           0.0
        19             0.234500           B3U           0.0
        20             0.257000            AU           0.0
        21             0.309000           B2U           0.0
        22             0.387800           B3U           0.0
        23             0.460800           B1G           0.0
        24             0.532200            AG           0.0
        25             0.594700            AG           0.0
        26             0.601000           B1G           0.0
        27             0.650600           B2U           0.0
        28             0.685200           B1U           0.0
        29             0.734800           B3G           0.0
        30             0.737200           B3U           0.0
        31             0.785000           B2G           0.0
        32             0.816500           B2U           0.0
        33             0.826600            AG           0.0
        34             0.846200            AU           0.0
        35             0.903000           B3U           0.0
        36             0.921300           B1G           0.0
        37             0.942900            AG           0.0
        38             0.963000           B1G           0.0
        39             1.038300           B2U           0.0
        40             1.046400           B1U           0.0
        41             1.112900           B3U           0.0
        42             1.191499           B1U           0.0
        43             1.225499           B2U           0.0
        44             1.238999           B1G           0.0
        45             1.299199           B2G           0.0
        46             1.301299           B3U           0.0
        47             1.312999           B3G           0.0
        48             1.492999            AG           0.0
        49             1.571399            AG           0.0
        50             1.628699           B3U           0.0
        51             1.687399           B1G           0.0
        52             1.716999           B3G           0.0
        53             1.719599            AU           0.0
        54             1.744399           B2U           0.0
        55             1.825799           B2G           0.0
        56             1.862299            AG           0.0
        57             1.879999           B1U           0.0
        58             1.942399           B2U           0.0
        59             2.030999           B3U           0.0
        60             2.046999           B1G           0.0
        61             2.097099            AU           0.0
        62             2.150699           B3G           0.0
        63             2.186999           B2U           0.0
        64             2.207099            AG           0.0
        65             2.244999           B3U           0.0
        66             2.245799           B2G           0.0
        67             2.290499           B1G           0.0
        68             2.525299           B1G           0.0
        69             2.564799            AU           0.0
        70             2.594799           B2U           0.0
        71             2.600999           B3U           0.0
        72             2.686599            AG           0.0
        73             2.801799           B1G           0.0
        74             3.089099           B2U           0.0
        75             3.101899           B3U           0.0
        76             3.677698           B1G           0.0

   Nuclear Repulsion Energy = 97.67027183580055
   Reference Energy = -153.65117106482302

   --------------------------------------------------
   Calculation type =  CCSDT
   Maximum iterations = 500
   Convergence tolerance = 1e-08
   Energy shift = 0.0
   DIIS size =  6
   RHF symmetry = True
   --------------------------------------------------

   CC calculation started at 2022-12-14 13:46:00 

   Energy of initial guess =         0.0000000000

      Iter.     Residuum             δE                ΔE           Wall time
    ----------------------------------------------------------------------------
       0      0.6027824113     -0.5089069941     -0.5089069941     (8.0m 1.3s)
       1      0.1110785522     -0.0596929361     -0.5685999302    (9.0m 10.6s)
       2      0.0533511624     -0.0138694762     -0.5824694064    (9.0m 10.7s)
       3      0.0327310698     -0.0048063048     -0.5872757112   (10.0m 21.1s)
       4      0.0225225842     -0.0021327580     -0.5894084693    (11.0m 7.7s)
       5      0.0165041329     -0.0011374952     -0.5905459645   (11.0m 18.0s)
       6      0.0125735150     -0.0006850435     -0.5912310080   (11.0m 12.7s)
       7      0.0098211045     -0.0004485465     -0.5916795545   (11.0m 12.2s)
       8      0.0077942803     -0.0003107071     -0.5919902616    (11.0m 4.7s)
       9      0.0062478462     -0.0002240319     -0.5922142935   (14.0m 46.0s)
      10      0.0000546039     -0.0007710721     -0.5929853655   (13.0m 51.9s)
      11      0.0000246986     -0.0000007370     -0.5929861025   (13.0m 52.9s)
      12      0.0000125496     -0.0000001375     -0.5929862400   (13.0m 59.2s)
      13      0.0000056598     -0.0000000064     -0.5929862464    (14.0m 3.9s)
      14      0.0000026003     -0.0000000527     -0.5929862990   (14.0m 13.2s)
      15      0.0000009491     -0.0000000178     -0.5929863168   (14.0m 13.6s)
      16      0.0000003915     -0.0000000194     -0.5929863362   (14.0m 13.1s)
      17      0.0000001736     -0.0000000039     -0.5929863401    (14.0m 9.3s)
      18      0.0000000755     -0.0000000028     -0.5929863429   (14.0m 10.1s)
      19      0.0000000431      0.0000000002     -0.5929863427   (14.0m 15.6s)
      20      0.0000000249      0.0000000006     -0.5929863421   (14.0m 56.2s)
      21      0.0000000135      0.0000000007     -0.5929863414   (14.0m 38.6s)
      22      0.0000000077      0.0000000006     -0.5929863408    (9.0m 55.7s)
   CC calculation successfully converged! (287.00m  58.23s)

   CC Calculation Summary
  --------------------------------------------------
   Reference energy                   -153.65117106
   CC correlation energy                -0.59298634
   Total CC energy                    -154.24415741

   CC calculation ended at 2022-12-14 18:34:36

