converged SCF energy = -153.65117106302
   System Information:
   ----------------------------------------------------
     Number of correlated electrons = 20
     Number of correlated orbitals = 72
     Number of frozen orbitals = 4
     Number of alpha occupied orbitals = 10
     Number of alpha unoccupied orbitals = 62
     Number of beta occupied orbitals = 10
     Number of beta unoccupied orbitals = 62
     Charge = 0
     Point group = D2h
     Symmetry of reference = AG
     Spin multiplicity of reference = 1

      MO #        Energy (a.u.)      Symmetry    Occupation
-----------------------------------------------------------
         1           -11.252660            AG           2.0
         2           -11.252226           B2U           2.0
         3           -11.251269           B3U           2.0
         4           -11.250820           B1G           2.0
         5            -1.146114            AG           2.0
         6            -0.901730           B2U           2.0
         7            -0.823531           B3U           2.0
         8            -0.696923           B1G           2.0
         9            -0.686312            AG           2.0
        10            -0.544449           B2U           2.0
        11            -0.528892            AG           2.0
        12            -0.465322           B1U           2.0
        13            -0.457992           B3U           2.0
        14            -0.268371           B3G           2.0
        15             0.087772           B2G           0.0
        16             0.210445            AG           0.0
        17             0.220397           B2U           0.0
        18             0.223244           B1G           0.0
        19             0.234467           B3U           0.0
        20             0.257004            AU           0.0
        21             0.309038           B2U           0.0
        22             0.387850           B3U           0.0
        23             0.460787           B1G           0.0
        24             0.532223            AG           0.0
        25             0.594747            AG           0.0
        26             0.600967           B1G           0.0
        27             0.650566           B2U           0.0
        28             0.685230           B1U           0.0
        29             0.734785           B3G           0.0
        30             0.737202           B3U           0.0
        31             0.785041           B2G           0.0
        32             0.816537           B2U           0.0
        33             0.826649            AG           0.0
        34             0.846218            AU           0.0
        35             0.903037           B3U           0.0
        36             0.921292           B1G           0.0
        37             0.942875            AG           0.0
        38             0.962987           B1G           0.0
        39             1.038312           B2U           0.0
        40             1.046407           B1U           0.0
        41             1.112898           B3U           0.0
        42             1.191508           B1U           0.0
        43             1.225483           B2U           0.0
        44             1.239031           B1G           0.0
        45             1.299215           B2G           0.0
        46             1.301270           B3U           0.0
        47             1.312967           B3G           0.0
        48             1.492975            AG           0.0
        49             1.571441            AG           0.0
        50             1.628650           B3U           0.0
        51             1.687405           B1G           0.0
        52             1.716953           B3G           0.0
        53             1.719637            AU           0.0
        54             1.744390           B2U           0.0
        55             1.825817           B2G           0.0
        56             1.862260            AG           0.0
        57             1.880033           B1U           0.0
        58             1.942376           B2U           0.0
        59             2.031009           B3U           0.0
        60             2.047016           B1G           0.0
        61             2.097136            AU           0.0
        62             2.150691           B3G           0.0
        63             2.186958           B2U           0.0
        64             2.207117            AG           0.0
        65             2.245005           B3U           0.0
        66             2.245753           B2G           0.0
        67             2.290546           B1G           0.0
        68             2.525271           B1G           0.0
        69             2.564835            AU           0.0
        70             2.594758           B2U           0.0
        71             2.600974           B3U           0.0
        72             2.686596            AG           0.0
        73             2.801796           B1G           0.0
        74             3.089122           B2U           0.0
        75             3.101942           B3U           0.0
        76             3.677733           B1G           0.0

   Nuclear Repulsion Energy = 97.67026460237491
   Reference Energy = -153.6511710630204

   The total number of triples of ground-state symmetry (AG) is 14483876
   The increment of 1% is 144838

   Performing CC(P;Q) calculation with 0.0 % triples ( 0.0 triples )
   ===========================================================================================

   Total number of triples in P space =  0
   Number of aaa =  0
   Number of aab =  0
   Number of abb =  0
   Number of bbb =  0
   --------------------------------------------------
   Calculation type =  CCSDT_P_V2
   Maximum iterations = 5
   Convergence tolerance = 1e-08
   Energy shift = 0.0
   DIIS size =  6
   RHF symmetry = False
   --------------------------------------------------

   CC calculation started at 2022-06-09 15:24:00 

   Energy of initial guess =         0.0000000000

      Iter.     Residuum             δE                ΔE           Wall time
    ----------------------------------------------------------------------------
       0      0.5446257336     -0.4913293669     -0.4913293669    (3.0m 28.8s)
       1      0.1081609287     -0.0587509735     -0.5500803404    (4.0m 52.7s)
       2      0.0421079497     -0.0104319717     -0.5605123121    (4.0m 52.6s)
       3      0.0206480402     -0.0030139477     -0.5635262597    (5.0m 48.7s)
       4      0.0118140169     -0.0012322550     -0.5647585147    (5.0m 37.4s)
CC calculation did not converge.

   CC Calculation Summary
  --------------------------------------------------
   Reference energy                   -153.65117106
   CC correlation energy                -0.56475851
   Total CC energy                    -154.21592958

   CC calculation ended at 2022-06-09 15:48:56

   HBar CCSD construction finished in 0.00m 4.54s
   --------------------------------------------------
   Calculation type =  LEFT_CCSD
   Maximum iterations = 5
   Convergence tolerance = 1e-08
   Energy shift = 0.0
   DIIS size =  6
   RHF symmetry = False
   --------------------------------------------------

   CC calculation started at 2022-06-09 15:49:00 

   Energy of initial guess =         0.0000000000

      Iter.     Residuum              ω                δω           Wall time
    ----------------------------------------------------------------------------
       0      0.0828285338      0.0000000000      0.1389756774     (0.0m 1.4s)
       1      0.0142691757      0.0000000000     -0.1149622163     (0.0m 1.4s)
       2      0.0051243067      0.0000000000     -0.0153832158     (0.0m 1.4s)
       3      0.0024784049      0.0000000000     -0.0044561388     (0.0m 1.4s)
       4      0.0015083345      0.0000000000     -0.0016341474     (0.0m 1.4s)
Left CC calculation did not converge.

   Left-CC Calculation Summary
  --------------------------------------------------
Not converged        ω = 0.00253996       LR = 0.00000000

   Left CC calculation ended at 2022-06-09 15:49:23

   CC(P;3) Calculation Summary
   -------------------------------------
   Completed in  (4.00m  16.33s)

   CC(P) = -154.2159295777
   CC(P;3)_A = -154.2377801201     ΔE_A = -0.5866090571     δ_A = -0.0218505424
   CC(P;3)_B = -154.2365458892     ΔE_B = -0.5853748261     δ_B = -0.0206163114
   CC(P;3)_C = -154.2416854039     ΔE_C = -0.5905143409     δ_C = -0.0257558262
   CC(P;3)_D = -154.2416497702     ΔE_D = -0.5904787071     δ_D = -0.0257201924

   Selected moments account for 51.24% of the total CC(P;3)_D correction


   Performing CC(P;Q) calculation with 1.0 % triples ( 144838.0 triples )
   ===========================================================================================

   Total number of triples in P space =  144838
   Number of aaa =  2520
   Number of aab =  69947
   Number of abb =  69880
   Number of bbb =  2491
   --------------------------------------------------
   Calculation type =  CCSDT_P_V2
   Maximum iterations = 5
   Convergence tolerance = 1e-08
   Energy shift = 0.0
   DIIS size =  6
   RHF symmetry = False
   --------------------------------------------------

   CC calculation started at 2022-06-09 15:54:00 

   Energy of initial guess =        -0.5647585147

      Iter.     Residuum             δE                ΔE           Wall time
    ----------------------------------------------------------------------------
       0      0.1164896259     -0.0005967024     -0.5653552171     (5.0m 7.6s)
       1      0.0376521151     -0.0098516054     -0.5752068225     (5.0m 7.2s)
       2      0.0188381093     -0.0023367676     -0.5775435901     (5.0m 7.1s)
       3      0.0129866597     -0.0009876760     -0.5785312661     (6.0m 4.7s)
       4      0.0096387593     -0.0005243869     -0.5790556530    (5.0m 53.3s)
CC calculation did not converge.

   CC Calculation Summary
  --------------------------------------------------
   Reference energy                   -153.65117106
   CC correlation energy                -0.57905565
   Total CC energy                    -154.23022672

   CC calculation ended at 2022-06-09 16:21:52

   HBar CCSD construction finished in 0.00m 4.56s
   --------------------------------------------------
   Calculation type =  LEFT_CCSD
   Maximum iterations = 5
   Convergence tolerance = 1e-08
   Energy shift = 0.0
   DIIS size =  6
   RHF symmetry = False
   --------------------------------------------------

   CC calculation started at 2022-06-09 16:21:00 

   Energy of initial guess =         0.0000000000

      Iter.     Residuum              ω                δω           Wall time
    ----------------------------------------------------------------------------
       0      0.1404046200      0.0000000000      0.2327295503     (0.0m 1.4s)
       1      0.0260820207      0.0000000000     -0.1891246504     (0.0m 1.4s)
       2      0.0127269011      0.0000000000     -0.0222155026     (0.0m 1.4s)
       3      0.0084838572      0.0000000000     -0.0070916847     (0.0m 1.4s)
       4      0.0059315332      0.0000000000     -0.0042837825     (0.0m 1.4s)
Left CC calculation did not converge.

   Left-CC Calculation Summary
  --------------------------------------------------
Not converged        ω = 0.01001393       LR = 0.00000000

   Left CC calculation ended at 2022-06-09 16:22:19

   CC(P;3) Calculation Summary
   -------------------------------------
   Completed in  (4.00m  14.35s)

   CC(P) = -154.2302267160
   CC(P;3)_A = -154.2412690872     ΔE_A = -0.5900980242     δ_A = -0.0110423712
   CC(P;3)_B = -154.2407845786     ΔE_B = -0.5896135156     δ_B = -0.0105578626
   CC(P;3)_C = -154.2429232636     ΔE_C = -0.5917522006     δ_C = -0.0126965476
   CC(P;3)_D = -154.2429190217     ΔE_D = -0.5917479587     δ_D = -0.0126923057

   Selected moments account for 20.37% of the total CC(P;3)_D correction


   Performing CC(P;Q) calculation with 2.0 % triples ( 289676.0 triples )
   ===========================================================================================

   Total number of triples in P space =  289676
   Number of aaa =  5950
   Number of aab =  138896
   Number of abb =  138882
   Number of bbb =  5948
   --------------------------------------------------
   Calculation type =  CCSDT_P_V2
   Maximum iterations = 5
   Convergence tolerance = 1e-08
   Energy shift = 0.0
   DIIS size =  6
   RHF symmetry = False
   --------------------------------------------------

   CC calculation started at 2022-06-09 16:27:00 

   Energy of initial guess =        -0.5790556530

      Iter.     Residuum             δE                ΔE           Wall time
    ----------------------------------------------------------------------------
       0      0.0512266721     -0.0003278784     -0.5793835314    (5.0m 17.5s)
       1      0.0132512940     -0.0021927352     -0.5815762666    (5.0m 17.7s)
       2      0.0062609991     -0.0006212510     -0.5821975176    (5.0m 15.9s)
       3      0.0041707800     -0.0002524674     -0.5824499850    (6.0m 13.5s)
       4      0.0031418861     -0.0001335818     -0.5825835668     (6.0m 2.0s)
CC calculation did not converge.

   CC Calculation Summary
  --------------------------------------------------
   Reference energy                   -153.65117106
   CC correlation energy                -0.58258357
   Total CC energy                    -154.23375463

   CC calculation ended at 2022-06-09 16:55:33

   HBar CCSD construction finished in 0.00m 4.50s
   --------------------------------------------------
   Calculation type =  LEFT_CCSD
   Maximum iterations = 5
   Convergence tolerance = 1e-08
   Energy shift = 0.0
   DIIS size =  6
   RHF symmetry = False
   --------------------------------------------------

   CC calculation started at 2022-06-09 16:55:00 

   Energy of initial guess =         0.0000000000

      Iter.     Residuum              ω                δω           Wall time
    ----------------------------------------------------------------------------
       0      0.1564285445      0.0000000000      0.2578074786     (0.0m 1.4s)
       1      0.0305848656      0.0000000000     -0.2068527552     (0.0m 1.3s)
       2      0.0162377399      0.0000000000     -0.0237157328     (0.0m 1.4s)
       3      0.0113529845      0.0000000000     -0.0081220545     (0.0m 1.3s)
       4      0.0081841066      0.0000000000     -0.0053020025     (0.0m 1.4s)
Left CC calculation did not converge.

   Left-CC Calculation Summary
  --------------------------------------------------
Not converged        ω = 0.01381493       LR = 0.00000000

   Left CC calculation ended at 2022-06-09 16:56:00

   CC(P;3) Calculation Summary
   -------------------------------------
   Completed in  (4.00m  12.53s)

   CC(P) = -154.2337546298
   CC(P;3)_A = -154.2426143021     ΔE_A = -0.5914432391     δ_A = -0.0088596723
   CC(P;3)_B = -154.2422420910     ΔE_B = -0.5910710279     δ_B = -0.0084874612
   CC(P;3)_C = -154.2439041066     ΔE_C = -0.5927330436     δ_C = -0.0101494768
   CC(P;3)_D = -154.2439013386     ΔE_D = -0.5927302756     δ_D = -0.0101467088

   Selected moments account for 15.68% of the total CC(P;3)_D correction


   Performing CC(P;Q) calculation with 3.0 % triples ( 434514.0 triples )
   ===========================================================================================

   Total number of triples in P space =  434514
   Number of aaa =  9577
   Number of aab =  207644
   Number of abb =  207707
   Number of bbb =  9586
   --------------------------------------------------
   Calculation type =  CCSDT_P_V2
   Maximum iterations = 5
   Convergence tolerance = 1e-08
   Energy shift = 0.0
   DIIS size =  6
   RHF symmetry = False
   --------------------------------------------------

   CC calculation started at 2022-06-09 17:01:00 

   Energy of initial guess =        -0.5825835668

      Iter.     Residuum             δE                ΔE           Wall time
    ----------------------------------------------------------------------------
       0      0.0393380933     -0.0000852160     -0.5826687827    (5.0m 25.4s)
       1      0.0094157677     -0.0012818529     -0.5839506356    (5.0m 25.7s)
       2      0.0034869356     -0.0003441999     -0.5842948355    (5.0m 25.6s)
       3      0.0017550076     -0.0001198635     -0.5844146990    (6.0m 19.9s)
       4      0.0011290004     -0.0000535844     -0.5844682834    (6.0m 10.1s)
CC calculation did not converge.

   CC Calculation Summary
  --------------------------------------------------
   Reference energy                   -153.65117106
   CC correlation energy                -0.58446828
   Total CC energy                    -154.23563935

   CC calculation ended at 2022-06-09 17:29:52

   HBar CCSD construction finished in 0.00m 4.52s
   --------------------------------------------------
   Calculation type =  LEFT_CCSD
   Maximum iterations = 5
   Convergence tolerance = 1e-08
   Energy shift = 0.0
   DIIS size =  6
   RHF symmetry = False
   --------------------------------------------------

   CC calculation started at 2022-06-09 17:29:00 

   Energy of initial guess =         0.0000000000

      Iter.     Residuum              ω                δω           Wall time
    ----------------------------------------------------------------------------
       0      0.1640124056      0.0000000000      0.2697854055     (0.0m 1.4s)
       1      0.0322281942      0.0000000000     -0.2161544213     (0.0m 1.4s)
       2      0.0173937407      0.0000000000     -0.0244694223     (0.0m 1.4s)
       3      0.0122897426      0.0000000000     -0.0084717844     (0.0m 1.4s)
       4      0.0089259182      0.0000000000     -0.0056223872     (0.0m 1.4s)
Left CC calculation did not converge.

   Left-CC Calculation Summary
  --------------------------------------------------
Not converged        ω = 0.01506739       LR = 0.00000000

   Left CC calculation ended at 2022-06-09 17:30:19

   CC(P;3) Calculation Summary
   -------------------------------------
   Completed in  (4.00m  10.92s)

   CC(P) = -154.2356393464
   CC(P;3)_A = -154.2431495135     ΔE_A = -0.5919784504     δ_A = -0.0075101670
   CC(P;3)_B = -154.2428426582     ΔE_B = -0.5916715952     δ_B = -0.0072033118
   CC(P;3)_C = -154.2442234632     ΔE_C = -0.5930524002     δ_C = -0.0085841168
   CC(P;3)_D = -154.2442213715     ΔE_D = -0.5930503084     δ_D = -0.0085820250

   Selected moments account for 13.36% of the total CC(P;3)_D correction


   Performing CC(P;Q) calculation with 4.0 % triples ( 579352.0 triples )
   ===========================================================================================

   Total number of triples in P space =  579352
   Number of aaa =  13367
   Number of aab =  276263
   Number of abb =  276336
   Number of bbb =  13386
   --------------------------------------------------
   Calculation type =  CCSDT_P_V2
   Maximum iterations = 5
   Convergence tolerance = 1e-08
   Energy shift = 0.0
   DIIS size =  6
   RHF symmetry = False
   --------------------------------------------------

   CC calculation started at 2022-06-09 17:35:00 

   Energy of initial guess =        -0.5844682834

      Iter.     Residuum             δE                ΔE           Wall time
    ----------------------------------------------------------------------------
       0      0.0329804458     -0.0000302492     -0.5844985326    (5.0m 32.7s)
       1      0.0078915735     -0.0009033721     -0.5854019047    (5.0m 33.6s)
       2      0.0027225157     -0.0002363083     -0.5856382130    (5.0m 33.5s)
       3      0.0011266024     -0.0000735910     -0.5857118040    (6.0m 29.5s)
       4      0.0005486216     -0.0000274732     -0.5857392772    (6.0m 18.0s)
CC calculation did not converge.

   CC Calculation Summary
  --------------------------------------------------
   Reference energy                   -153.65117106
   CC correlation energy                -0.58573928
   Total CC energy                    -154.23691034

   CC calculation ended at 2022-06-09 18:04:49

   HBar CCSD construction finished in 0.00m 4.52s
   --------------------------------------------------
   Calculation type =  LEFT_CCSD
   Maximum iterations = 5
   Convergence tolerance = 1e-08
   Energy shift = 0.0
   DIIS size =  6
   RHF symmetry = False
   --------------------------------------------------

   CC calculation started at 2022-06-09 18:04:00 

   Energy of initial guess =         0.0000000000

      Iter.     Residuum              ω                δω           Wall time
    ----------------------------------------------------------------------------
       0      0.1684954752      0.0000000000      0.2769927615     (0.0m 1.4s)
       1      0.0329404701      0.0000000000     -0.2221934482     (0.0m 1.4s)
       2      0.0177969171      0.0000000000     -0.0249644478     (0.0m 1.4s)
       3      0.0126010959      0.0000000000     -0.0086201937     (0.0m 1.4s)
       4      0.0091692633      0.0000000000     -0.0057347238     (0.0m 1.4s)
Left CC calculation did not converge.

   Left-CC Calculation Summary
  --------------------------------------------------
Not converged        ω = 0.01547995       LR = 0.00000000

   Left CC calculation ended at 2022-06-09 18:05:16

   CC(P;3) Calculation Summary
   -------------------------------------
   Completed in  (4.00m  9.85s)

   CC(P) = -154.2369103403
   CC(P;3)_A = -154.2434443169     ΔE_A = -0.5922732539     δ_A = -0.0065339767
   CC(P;3)_B = -154.2431829596     ΔE_B = -0.5920118966     δ_B = -0.0062726193
   CC(P;3)_C = -154.2443662151     ΔE_C = -0.5931951521     δ_C = -0.0074558749
   CC(P;3)_D = -154.2443645383     ΔE_D = -0.5931934753     δ_D = -0.0074541981

   Selected moments account for 11.92% of the total CC(P;3)_D correction


   Performing CC(P;Q) calculation with 5.0 % triples ( 724190.0 triples )
   ===========================================================================================

   Total number of triples in P space =  724190
   Number of aaa =  17255
   Number of aab =  344765
   Number of abb =  344881
   Number of bbb =  17289
   --------------------------------------------------
   Calculation type =  CCSDT_P_V2
   Maximum iterations = 5
   Convergence tolerance = 1e-08
   Energy shift = 0.0
   DIIS size =  6
   RHF symmetry = False
   --------------------------------------------------

   CC calculation started at 2022-06-09 18:10:00 

   Energy of initial guess =        -0.5857392772

      Iter.     Residuum             δE                ΔE           Wall time
    ----------------------------------------------------------------------------
       0      0.0289300174     -0.0000127268     -0.5857520040    (5.0m 41.3s)
       1      0.0070100801     -0.0006907036     -0.5864427076    (5.0m 41.7s)
       2      0.0024176742     -0.0001824439     -0.5866251515    (5.0m 39.6s)
       3      0.0009688948     -0.0000541571     -0.5866793086    (6.0m 35.6s)
       4      0.0004279469     -0.0000181990     -0.5866975077    (6.0m 24.3s)
CC calculation did not converge.

   CC Calculation Summary
  --------------------------------------------------
   Reference energy                   -153.65117106
   CC correlation energy                -0.58669751
   Total CC energy                    -154.23786857

   CC calculation ended at 2022-06-09 18:40:22

   HBar CCSD construction finished in 0.00m 4.49s
   --------------------------------------------------
   Calculation type =  LEFT_CCSD
   Maximum iterations = 5
   Convergence tolerance = 1e-08
   Energy shift = 0.0
   DIIS size =  6
   RHF symmetry = False
   --------------------------------------------------

   CC calculation started at 2022-06-09 18:40:00 

   Energy of initial guess =         0.0000000000

      Iter.     Residuum              ω                δω           Wall time
    ----------------------------------------------------------------------------
       0      0.1715967340      0.0000000000      0.2820388952     (0.0m 1.4s)
       1      0.0333103364      0.0000000000     -0.2266272272     (0.0m 1.4s)
       2      0.0179498244      0.0000000000     -0.0253190316     (0.0m 1.4s)
       3      0.0127074549      0.0000000000     -0.0086968497     (0.0m 1.4s)
       4      0.0092495647      0.0000000000     -0.0057783096     (0.0m 1.4s)
Left CC calculation did not converge.

   Left-CC Calculation Summary
  --------------------------------------------------
Not converged        ω = 0.01561748       LR = 0.00000000

   Left CC calculation ended at 2022-06-09 18:40:48

   CC(P;3) Calculation Summary
   -------------------------------------
   Completed in  (4.00m  8.42s)

   CC(P) = -154.2378685707
   CC(P;3)_A = -154.2436434012     ΔE_A = -0.5924723381     δ_A = -0.0057748305
   CC(P;3)_B = -154.2434164447     ΔE_B = -0.5922453817     δ_B = -0.0055478741
   CC(P;3)_C = -154.2444492109     ΔE_C = -0.5932781479     δ_C = -0.0065806402
   CC(P;3)_D = -154.2444478256     ΔE_D = -0.5932767626     δ_D = -0.0065792549

   Selected moments account for 10.93% of the total CC(P;3)_D correction


   Performing CC(P;Q) calculation with 6.0 % triples ( 869028.0 triples )
   ===========================================================================================

   Total number of triples in P space =  869028
   Number of aaa =  21338
   Number of aab =  413119
   Number of abb =  413197
   Number of bbb =  21374
   --------------------------------------------------
   Calculation type =  CCSDT_P_V2
   Maximum iterations = 5
   Convergence tolerance = 1e-08
   Energy shift = 0.0
   DIIS size =  6
   RHF symmetry = False
   --------------------------------------------------

   CC calculation started at 2022-06-09 18:45:00 

   Energy of initial guess =        -0.5866975077

      Iter.     Residuum             δE                ΔE           Wall time
    ----------------------------------------------------------------------------
       0      0.0259400856     -0.0000070660     -0.5867045737    (5.0m 49.3s)
       1      0.0063825267     -0.0005566508     -0.5872612245    (5.0m 49.6s)
       2      0.0022154141     -0.0001478402     -0.5874090647    (5.0m 49.4s)
       3      0.0008896033     -0.0000429108     -0.5874519755    (6.0m 43.7s)
       4      0.0003908369     -0.0000134936     -0.5874654691    (6.0m 34.0s)
CC calculation did not converge.

   CC Calculation Summary
  --------------------------------------------------
   Reference energy                   -153.65117106
   CC correlation energy                -0.58746547
   Total CC energy                    -154.23863653

   CC calculation ended at 2022-06-09 19:16:35

   HBar CCSD construction finished in 0.00m 4.51s
   --------------------------------------------------
   Calculation type =  LEFT_CCSD
   Maximum iterations = 5
   Convergence tolerance = 1e-08
   Energy shift = 0.0
   DIIS size =  6
   RHF symmetry = False
   --------------------------------------------------

   CC calculation started at 2022-06-09 19:16:00 

   Energy of initial guess =         0.0000000000

      Iter.     Residuum              ω                δω           Wall time
    ----------------------------------------------------------------------------
       0      0.1739754365      0.0000000000      0.2859379995     (0.0m 1.4s)
       1      0.0335400111      0.0000000000     -0.2301425233     (0.0m 1.4s)
       2      0.0180113001      0.0000000000     -0.0255972103     (0.0m 1.4s)
       3      0.0127409089      0.0000000000     -0.0087438867     (0.0m 1.4s)
       4      0.0092723151      0.0000000000     -0.0057966604     (0.0m 1.4s)
Left CC calculation did not converge.

   Left-CC Calculation Summary
  --------------------------------------------------
Not converged        ω = 0.01565772       LR = 0.00000000

   Left CC calculation ended at 2022-06-09 19:17:02

   CC(P;3) Calculation Summary
   -------------------------------------
   Completed in  (4.00m  7.42s)

   CC(P) = -154.2386365321
   CC(P;3)_A = -154.2437950320     ΔE_A = -0.5926239690     δ_A = -0.0051584999
   CC(P;3)_B = -154.2435954376     ΔE_B = -0.5924243746     δ_B = -0.0049589055
   CC(P;3)_C = -154.2445079614     ΔE_C = -0.5933368984     δ_C = -0.0058714293
   CC(P;3)_D = -154.2445067918     ΔE_D = -0.5933357288     δ_D = -0.0058702597

   Selected moments account for 10.21% of the total CC(P;3)_D correction


   Performing CC(P;Q) calculation with 7.0 % triples ( 1013866.0 triples )
   ===========================================================================================

   Total number of triples in P space =  1013866
   Number of aaa =  25552
   Number of aab =  481293
   Number of abb =  481405
   Number of bbb =  25616
   --------------------------------------------------
   Calculation type =  CCSDT_P_V2
   Maximum iterations = 5
   Convergence tolerance = 1e-08
   Energy shift = 0.0
   DIIS size =  6
   RHF symmetry = False
   --------------------------------------------------

   CC calculation started at 2022-06-09 19:22:00 

   Energy of initial guess =        -0.5874654691

      Iter.     Residuum             δE                ΔE           Wall time
    ----------------------------------------------------------------------------
       0      0.0237296471     -0.0000045796     -0.5874700487    (5.0m 56.6s)
       1      0.0059003647     -0.0004632477     -0.5879332964    (5.0m 57.6s)
       2      0.0020455214     -0.0001249039     -0.5880582002    (5.0m 57.3s)
       3      0.0008181680     -0.0000360748     -0.5880942750    (6.0m 52.8s)
       4      0.0003585834     -0.0000110416     -0.5881053166    (6.0m 41.8s)
CC calculation did not converge.

   CC Calculation Summary
  --------------------------------------------------
   Reference energy                   -153.65117106
   CC correlation energy                -0.58810532
   Total CC energy                    -154.23927638

   CC calculation ended at 2022-06-09 19:53:28

   HBar CCSD construction finished in 0.00m 4.48s
   --------------------------------------------------
   Calculation type =  LEFT_CCSD
   Maximum iterations = 5
   Convergence tolerance = 1e-08
   Energy shift = 0.0
   DIIS size =  6
   RHF symmetry = False
   --------------------------------------------------

   CC calculation started at 2022-06-09 19:53:00 

   Energy of initial guess =         0.0000000000

      Iter.     Residuum              ω                δω           Wall time
    ----------------------------------------------------------------------------
       0      0.1759169551      0.0000000000      0.2891314893     (0.0m 1.4s)
       1      0.0337026733      0.0000000000     -0.2330625819     (0.0m 1.4s)
       2      0.0180379719      0.0000000000     -0.0258233543     (0.0m 1.4s)
       3      0.0127477689      0.0000000000     -0.0087775794     (0.0m 1.4s)
       4      0.0092745347      0.0000000000     -0.0058049453     (0.0m 1.4s)
Left CC calculation did not converge.

   Left-CC Calculation Summary
  --------------------------------------------------
Not converged        ω = 0.01566303       LR = 0.00000000

   Left CC calculation ended at 2022-06-09 19:53:55

   CC(P;3) Calculation Summary
   -------------------------------------
   Completed in  (4.00m  6.57s)

   CC(P) = -154.2392763796
   CC(P;3)_A = -154.2439197466     ΔE_A = -0.5927486836     δ_A = -0.0046433670
   CC(P;3)_B = -154.2437425105     ΔE_B = -0.5925714475     δ_B = -0.0044661309
   CC(P;3)_C = -154.2445561359     ΔE_C = -0.5933850728     δ_C = -0.0052797563
   CC(P;3)_D = -154.2445551339     ΔE_D = -0.5933840709     δ_D = -0.0052787543

   Selected moments account for  9.64% of the total CC(P;3)_D correction


   Performing CC(P;Q) calculation with 8.0 % triples ( 1158704.0 triples )
   ===========================================================================================

   Total number of triples in P space =  1158704
   Number of aaa =  29892
   Number of aab =  549372
   Number of abb =  549498
   Number of bbb =  29942
   --------------------------------------------------
   Calculation type =  CCSDT_P_V2
   Maximum iterations = 5
   Convergence tolerance = 1e-08
   Energy shift = 0.0
   DIIS size =  6
   RHF symmetry = False
   --------------------------------------------------

   CC calculation started at 2022-06-09 19:58:00 

   Energy of initial guess =        -0.5881053166

      Iter.     Residuum             δE                ΔE           Wall time
    ----------------------------------------------------------------------------
       0      0.0217922109     -0.0000035020     -0.5881088186     (6.0m 5.5s)
       1      0.0055194661     -0.0003923344     -0.5885011530     (6.0m 3.9s)
       2      0.0019396657     -0.0001078180     -0.5886089710     (6.0m 5.7s)
       3      0.0007859037     -0.0000313263     -0.5886402973     (7.0m 1.8s)
       4      0.0003491518     -0.0000096353     -0.5886499326    (6.0m 50.1s)
CC calculation did not converge.

   CC Calculation Summary
  --------------------------------------------------
   Reference energy                   -153.65117106
   CC correlation energy                -0.58864993
   Total CC energy                    -154.23982100

   CC calculation ended at 2022-06-09 20:31:02

   HBar CCSD construction finished in 0.00m 4.50s
   --------------------------------------------------
   Calculation type =  LEFT_CCSD
   Maximum iterations = 5
   Convergence tolerance = 1e-08
   Energy shift = 0.0
   DIIS size =  6
   RHF symmetry = False
   --------------------------------------------------

   CC calculation started at 2022-06-09 20:31:00 

   Energy of initial guess =         0.0000000000

      Iter.     Residuum              ω                δω           Wall time
    ----------------------------------------------------------------------------
       0      0.1775541394      0.0000000000      0.2918277465     (0.0m 1.4s)
       1      0.0338340497      0.0000000000     -0.2355373778     (0.0m 1.4s)
       2      0.0180556726      0.0000000000     -0.0260127768     (0.0m 1.4s)
       3      0.0127491620      0.0000000000     -0.0088054538     (0.0m 1.4s)
       4      0.0092725740      0.0000000000     -0.0058110554     (0.0m 1.4s)
Left CC calculation did not converge.

   Left-CC Calculation Summary
  --------------------------------------------------
Not converged        ω = 0.01566108       LR = 0.00000000

   Left CC calculation ended at 2022-06-09 20:31:28

   CC(P;3) Calculation Summary
   -------------------------------------
   Completed in  (4.00m  5.60s)

   CC(P) = -154.2398209956
   CC(P;3)_A = -154.2440258503     ΔE_A = -0.5928547873     δ_A = -0.0042048547
   CC(P;3)_B = -154.2438673187     ΔE_B = -0.5926962557     δ_B = -0.0040463231
   CC(P;3)_C = -154.2445977665     ΔE_C = -0.5934267034     δ_C = -0.0047767708
   CC(P;3)_D = -154.2445968985     ΔE_D = -0.5934258355     δ_D = -0.0047759029

   Selected moments account for  9.17% of the total CC(P;3)_D correction


   Performing CC(P;Q) calculation with 9.0 % triples ( 1303542.0 triples )
   ===========================================================================================

   Total number of triples in P space =  1303542
   Number of aaa =  34116
   Number of aab =  617516
   Number of abb =  617721
   Number of bbb =  34189
   --------------------------------------------------
   Calculation type =  CCSDT_P_V2
   Maximum iterations = 5
   Convergence tolerance = 1e-08
   Energy shift = 0.0
   DIIS size =  6
   RHF symmetry = False
   --------------------------------------------------

   CC calculation started at 2022-06-09 20:36:00 

   Energy of initial guess =        -0.5886499326

      Iter.     Residuum             δE                ΔE           Wall time
    ----------------------------------------------------------------------------
       0      0.0200550997     -0.0000030410     -0.5886529736    (6.0m 11.6s)
       1      0.0051109030     -0.0003378995     -0.5889908731    (6.0m 13.9s)
       2      0.0017945412     -0.0000939020     -0.5890847751    (6.0m 11.7s)
       3      0.0007263055     -0.0000272638     -0.5891120389     (7.0m 9.7s)
       4      0.0003221282     -0.0000083688     -0.5891204077    (6.0m 57.9s)
CC calculation did not converge.

   CC Calculation Summary
  --------------------------------------------------
   Reference energy                   -153.65117106
   CC correlation energy                -0.58912041
   Total CC energy                    -154.24029147

   CC calculation ended at 2022-06-09 21:09:12

   HBar CCSD construction finished in 0.00m 4.45s
   --------------------------------------------------
   Calculation type =  LEFT_CCSD
   Maximum iterations = 5
   Convergence tolerance = 1e-08
   Energy shift = 0.0
   DIIS size =  6
   RHF symmetry = False
   --------------------------------------------------

   CC calculation started at 2022-06-09 21:09:00 

   Energy of initial guess =         0.0000000000

      Iter.     Residuum              ω                δω           Wall time
    ----------------------------------------------------------------------------
       0      0.1789564902      0.0000000000      0.2941389743     (0.0m 1.4s)
       1      0.0339419214      0.0000000000     -0.2376664946     (0.0m 1.4s)
       2      0.0180678189      0.0000000000     -0.0261724684     (0.0m 1.4s)
       3      0.0127480748      0.0000000000     -0.0088281456     (0.0m 1.4s)
       4      0.0092691491      0.0000000000     -0.0058154060     (0.0m 1.4s)
Left CC calculation did not converge.

   Left-CC Calculation Summary
  --------------------------------------------------
Not converged        ω = 0.01565646       LR = 0.00000000

   Left CC calculation ended at 2022-06-09 21:09:38

   CC(P;3) Calculation Summary
   -------------------------------------
   Completed in  (4.00m  5.28s)

   CC(P) = -154.2402914707
   CC(P;3)_A = -154.2441178306     ΔE_A = -0.5929467675     δ_A = -0.0038263599
   CC(P;3)_B = -154.2439751419     ΔE_B = -0.5928040788     δ_B = -0.0036836712
   CC(P;3)_C = -154.2446347846     ΔE_C = -0.5934637216     δ_C = -0.0043433139
   CC(P;3)_D = -154.2446340251     ΔE_D = -0.5934629621     δ_D = -0.0043425544

   Selected moments account for  8.80% of the total CC(P;3)_D correction


   Performing CC(P;Q) calculation with 10.0 % triples ( 1448380.0 triples )
   ===========================================================================================

   Total number of triples in P space =  1448380
   Number of aaa =  38531
   Number of aab =  685548
   Number of abb =  685698
   Number of bbb =  38603
   --------------------------------------------------
   Calculation type =  CCSDT_P_V2
   Maximum iterations = 5
   Convergence tolerance = 1e-08
   Energy shift = 0.0
   DIIS size =  6
   RHF symmetry = False
   --------------------------------------------------

   CC calculation started at 2022-06-09 21:14:00 

   Energy of initial guess =        -0.5891204077

      Iter.     Residuum             δE                ΔE           Wall time
    ----------------------------------------------------------------------------
       0      0.0187618154     -0.0000026425     -0.5891230501    (6.0m 21.8s)
       1      0.0048393363     -0.0002951488     -0.5894181990    (6.0m 20.4s)
       2      0.0017159138     -0.0000828836     -0.5895010825    (6.0m 22.1s)
       3      0.0006999670     -0.0000240787     -0.5895251613    (7.0m 18.3s)
       4      0.0003123093     -0.0000073539     -0.5895325152     (7.0m 5.5s)
CC calculation did not converge.

   CC Calculation Summary
  --------------------------------------------------
   Reference energy                   -153.65117106
   CC correlation energy                -0.58953252
   Total CC energy                    -154.24070358

   CC calculation ended at 2022-06-09 21:48:05

   HBar CCSD construction finished in 0.00m 4.51s
   --------------------------------------------------
   Calculation type =  LEFT_CCSD
   Maximum iterations = 5
   Convergence tolerance = 1e-08
   Energy shift = 0.0
   DIIS size =  6
   RHF symmetry = False
   --------------------------------------------------

   CC calculation started at 2022-06-09 21:48:00 

   Energy of initial guess =         0.0000000000

      Iter.     Residuum              ω                δω           Wall time
    ----------------------------------------------------------------------------
       0      0.1801834903      0.0000000000      0.2961620518     (0.0m 1.4s)
       1      0.0340314266      0.0000000000     -0.2395382094     (0.0m 1.4s)
       2      0.0180759829      0.0000000000     -0.0263083046     (0.0m 1.4s)
       3      0.0127447056      0.0000000000     -0.0088479698     (0.0m 1.3s)
       4      0.0092641617      0.0000000000     -0.0058185146     (0.0m 1.4s)
Left CC calculation did not converge.

   Left-CC Calculation Summary
  --------------------------------------------------
Not converged        ω = 0.01564905       LR = 0.00000000

   Left CC calculation ended at 2022-06-09 21:48:31

   CC(P;3) Calculation Summary
   -------------------------------------
   Completed in  (0.00m  33.32s)

   CC(P) = -154.2407035782
   CC(P;3)_A = -154.2441992588     ΔE_A = -0.5930281957     δ_A = -0.0034956805
   CC(P;3)_B = -154.2440702453     ΔE_B = -0.5928991823     δ_B = -0.0033666671
   CC(P;3)_C = -154.2446685561     ΔE_C = -0.5934974930     δ_C = -0.0039649779
   CC(P;3)_D = -154.2446678874     ΔE_D = -0.5934968244     δ_D = -0.0039643092

