   System Information:
   ----------------------------------------------------
     Number of correlated electrons = 20
     Number of correlated orbitals = 72
     Number of frozen orbitals = 4
     Number of alpha occupied orbitals = 10
     Number of alpha unoccupied orbitals = 62
     Number of beta occupied orbitals = 10
     Number of beta unoccupied orbitals = 62
     Charge = 0
     Point group = D2H
     Symmetry of reference = AG
     Spin multiplicity of reference = 1

      MO #        Energy (a.u.)      Symmetry    Occupation
-----------------------------------------------------------
         1           -11.252695            AG           2.0
         2           -11.252195           B2U           2.0
         3           -11.251295           B3U           2.0
         4           -11.250795           B1G           2.0
         5            -1.146100            AG           2.0
         6            -0.901700           B2U           2.0
         7            -0.823500           B3U           2.0
         8            -0.696900           B1G           2.0
         9            -0.686300            AG           2.0
        10            -0.544400           B2U           2.0
        11            -0.528900            AG           2.0
        12            -0.465300           B1U           2.0
        13            -0.458000           B3U           2.0
        14            -0.268400           B3G           2.0
        15             0.087800           B2G           0.0
        16             0.210400            AG           0.0
        17             0.220400           B2U           0.0
        18             0.223200           B1G           0.0
        19             0.234500           B3U           0.0
        20             0.257000            AU           0.0
        21             0.309000           B2U           0.0
        22             0.387800           B3U           0.0
        23             0.460800           B1G           0.0
        24             0.532200            AG           0.0
        25             0.594700            AG           0.0
        26             0.601000           B1G           0.0
        27             0.650600           B2U           0.0
        28             0.685200           B1U           0.0
        29             0.734800           B3G           0.0
        30             0.737200           B3U           0.0
        31             0.785000           B2G           0.0
        32             0.816500           B2U           0.0
        33             0.826600            AG           0.0
        34             0.846200            AU           0.0
        35             0.903000           B3U           0.0
        36             0.921300           B1G           0.0
        37             0.942900            AG           0.0
        38             0.963000           B1G           0.0
        39             1.038300           B2U           0.0
        40             1.046400           B1U           0.0
        41             1.112900           B3U           0.0
        42             1.191499           B1U           0.0
        43             1.225499           B2U           0.0
        44             1.238999           B1G           0.0
        45             1.299199           B2G           0.0
        46             1.301299           B3U           0.0
        47             1.312999           B3G           0.0
        48             1.492999            AG           0.0
        49             1.571399            AG           0.0
        50             1.628699           B3U           0.0
        51             1.687399           B1G           0.0
        52             1.716999           B3G           0.0
        53             1.719599            AU           0.0
        54             1.744399           B2U           0.0
        55             1.825799           B2G           0.0
        56             1.862299            AG           0.0
        57             1.879999           B1U           0.0
        58             1.942399           B2U           0.0
        59             2.030999           B3U           0.0
        60             2.046999           B1G           0.0
        61             2.097099            AU           0.0
        62             2.150699           B3G           0.0
        63             2.186999           B2U           0.0
        64             2.207099            AG           0.0
        65             2.244999           B3U           0.0
        66             2.245799           B2G           0.0
        67             2.290499           B1G           0.0
        68             2.525299           B1G           0.0
        69             2.564799            AU           0.0
        70             2.594799           B2U           0.0
        71             2.600999           B3U           0.0
        72             2.686599            AG           0.0
        73             2.801799           B1G           0.0
        74             3.089099           B2U           0.0
        75             3.101899           B3U           0.0
        76             3.677698           B1G           0.0

   Nuclear Repulsion Energy = 97.67027183580055
   Reference Energy = -153.65117106482302

   The total number of triples of ground-state symmetry (AG) is 14483876
   The increment of 1% is 144838

   Performing CC(P;Q) calculation with 0.0 % triples ( 0.0 triples )
   ===========================================================================================

   Total number of triples in P space =  0
   Number of aaa =  0
   Number of aab =  0
   Number of abb =  0
   Number of bbb =  0
   --------------------------------------------------
   Calculation type =  CCSDT_P_LINEAR
   Maximum iterations = 500
   Convergence tolerance = 1e-08
   Energy shift = 0.0
   DIIS size =  6
   RHF symmetry = False
   --------------------------------------------------

   CC calculation started at 2022-12-14 22:54:00 

   Energy of initial guess =         0.0000000000

      Iter.     Residuum             δE                ΔE           Wall time
    ----------------------------------------------------------------------------
       0      0.5446256337     -0.4913292683     -0.4913292683     (0.0m 7.2s)
       1      0.1081609602     -0.0587510470     -0.5500803153     (0.0m 7.0s)
       2      0.0421079699     -0.0104319886     -0.5605123039     (0.0m 7.0s)
       3      0.0206480463     -0.0030139518     -0.5635262557     (0.0m 7.1s)
       4      0.0118140186     -0.0012322562     -0.5647585118     (0.0m 7.0s)
       5      0.0072977687     -0.0005967029     -0.5653552147     (0.0m 7.0s)
       6      0.0047004356     -0.0003214023     -0.5656766170     (0.0m 7.1s)
       7      0.0031027148     -0.0001838997     -0.5658605167     (0.0m 7.0s)
       8      0.0020801149     -0.0001098140     -0.5659703307     (0.0m 7.0s)
       9      0.0014085262     -0.0000674885     -0.5660378192     (0.0m 7.1s)
      10      0.0000117218     -0.0001218792     -0.5661596985     (0.0m 7.0s)
      11      0.0000048481      0.0000000828     -0.5661596156     (0.0m 7.0s)
      12      0.0000020055      0.0000000203     -0.5661595953     (0.0m 7.1s)
      13      0.0000004990      0.0000000119     -0.5661595834     (0.0m 7.0s)
      14      0.0000001827     -0.0000000045     -0.5661595879     (0.0m 7.0s)
      15      0.0000000658     -0.0000000037     -0.5661595917     (0.0m 7.0s)
      16      0.0000000110     -0.0000000017     -0.5661595934     (0.0m 7.0s)
      17      0.0000000044     -0.0000000001     -0.5661595935     (0.0m 6.8s)
   CC calculation successfully converged! (2.00m  6.58s)

   CC Calculation Summary
  --------------------------------------------------
   Reference energy                   -153.65117106
   CC correlation energy                -0.56615959
   Total CC energy                    -154.21733066

   CC calculation ended at 2022-12-14 22:56:42

   HBar CCSD construction finished in 0.00m 4.43s
   --------------------------------------------------
   Calculation type =  LEFT_CCSD
   Maximum iterations = 500
   Convergence tolerance = 1e-08
   Energy shift = 0.0
   DIIS size =  6
   RHF symmetry = False
   --------------------------------------------------

   CC calculation started at 2022-12-14 22:56:00 

   Energy of initial guess =         0.0000000000

      Iter.     Residuum              ω                δω           Wall time
    ----------------------------------------------------------------------------
       0      0.0860503946      0.1436539683      0.1436539683     (0.0m 1.0s)
       1      0.0143922637      0.0241409006     -0.1195130677     (0.0m 1.0s)
       2      0.0051153252      0.0085973490     -0.0155435516     (0.0m 1.0s)
       3      0.0024766463      0.0041660804     -0.0044312686     (0.0m 1.0s)
       4      0.0014427787      0.0024280943     -0.0017379861     (0.0m 1.0s)
       5      0.0009255391      0.0015580502     -0.0008700441     (0.0m 1.0s)
       6      0.0006224435      0.0010480079     -0.0005100423     (0.0m 1.2s)
       7      0.0000736097      0.0001239854     -0.0009240226     (0.0m 1.2s)
       8      0.0000291642      0.0000491244     -0.0000748610     (0.0m 1.2s)
       9      0.0000081875      0.0000137913     -0.0000353331     (0.0m 1.2s)
      10      0.0000024455      0.0000041193     -0.0000096720     (0.0m 1.2s)
      11      0.0000006586      0.0000011093     -0.0000030100     (0.0m 1.2s)
      12      0.0000001770      0.0000002981     -0.0000008112     (0.0m 1.2s)
      13      0.0000000682      0.0000001150     -0.0000001832     (0.0m 1.2s)
      14      0.0000000287      0.0000000484     -0.0000000665     (0.0m 1.2s)
      15      0.0000000117      0.0000000197     -0.0000000287     (0.0m 1.2s)
      16      0.0000000069      0.0000000000     -0.0000000081     (0.0m 1.0s)
   Left CC calculation successfully converged! (0.00m  18.95s)

   Left-CC Calculation Summary
  --------------------------------------------------
   Converged        ω = 0.00000001       LR = 0.00000000

   Left CC calculation ended at 2022-12-14 22:57:06

   CC(P;3) Calculation Summary
   -------------------------------------
   Completed in  (4.00m  36.48s)

   CC(P) = -154.2173306583
   CC(P;3)_A = -154.2393931537     ΔE_A = -0.5882220889     δ_A = -0.0220624954
   CC(P;3)_B = -154.2381334529     ΔE_B = -0.5869623881     δ_B = -0.0208027946
   CC(P;3)_C = -154.2433481862     ΔE_C = -0.5921771213     δ_C = -0.0260175279
   CC(P;3)_D = -154.2433098114     ΔE_D = -0.5921387466     δ_D = -0.0259791531

   Selected moments account for 51.73% of the total CC(P;3)_D correction


   Performing CC(P;Q) calculation with 1.0 % triples ( 144838.0 triples )
   ===========================================================================================

   Total number of triples in P space =  144838
   Number of aaa =  2491
   Number of aab =  69928
   Number of abb =  69928
   Number of bbb =  2491
   --------------------------------------------------
   Calculation type =  CCSDT_P_LINEAR
   Maximum iterations = 500
   Convergence tolerance = 1e-08
   Energy shift = 0.0
   DIIS size =  6
   RHF symmetry = False
   --------------------------------------------------

   CC calculation started at 2022-12-14 23:02:00 

   Energy of initial guess =         0.0000000000

      Iter.     Residuum             δE                ΔE           Wall time
    ----------------------------------------------------------------------------
       0      0.5464593728     -0.4913292683     -0.4913292683    (0.0m 31.3s)
       1      0.1149174283     -0.0666891482     -0.5580184164    (0.0m 31.1s)
       2      0.0505446236     -0.0132823773     -0.5713007937    (0.0m 30.5s)
       3      0.0293203916     -0.0041271866     -0.5754279803    (0.0m 30.5s)
       4      0.0199563221     -0.0018157770     -0.5772437573    (0.0m 30.5s)
       5      0.0146691762     -0.0009795121     -0.5782232694    (0.0m 30.6s)
       6      0.0112063056     -0.0006001395     -0.5788234089    (0.0m 30.8s)
       7      0.0087363643     -0.0003971737     -0.5792205826    (0.0m 30.6s)
       8      0.0068868003     -0.0002768577     -0.5794974403    (0.0m 30.5s)
       9      0.0054624672     -0.0002000373     -0.5796974776    (0.0m 30.7s)
      10      0.0000598311     -0.0006644305     -0.5803619081    (0.0m 30.7s)
      11      0.0000301198     -0.0000009594     -0.5803628675    (0.0m 30.7s)
      12      0.0000099967     -0.0000003866     -0.5803632541    (0.0m 30.7s)
      13      0.0000038419     -0.0000001656     -0.5803634197    (0.0m 30.9s)
      14      0.0000009957     -0.0000000702     -0.5803634899    (0.0m 30.9s)
      15      0.0000002059     -0.0000000245     -0.5803635144    (0.0m 30.8s)
      16      0.0000000767     -0.0000000069     -0.5803635213    (0.0m 30.7s)
      17      0.0000000350     -0.0000000001     -0.5803635214    (0.0m 30.7s)
      18      0.0000000110     -0.0000000003     -0.5803635218    (0.0m 30.7s)
      19      0.0000000073      0.0000000002     -0.5803635216    (0.0m 30.4s)
   CC calculation successfully converged! (10.00m  14.08s)

   CC Calculation Summary
  --------------------------------------------------
   Reference energy                   -153.65117106
   CC correlation energy                -0.58036352
   Total CC energy                    -154.23153459

   CC calculation ended at 2022-12-14 23:12:36

   HBar CCSD construction finished in 0.00m 4.43s
   --------------------------------------------------
   Calculation type =  LEFT_CCSD
   Maximum iterations = 500
   Convergence tolerance = 1e-08
   Energy shift = 0.0
   DIIS size =  6
   RHF symmetry = False
   --------------------------------------------------

   CC calculation started at 2022-12-14 23:12:00 

   Energy of initial guess =         0.0000000000

      Iter.     Residuum              ω                δω           Wall time
    ----------------------------------------------------------------------------
       0      0.1514734743      0.2486875121      0.2486875121     (0.0m 1.0s)
       1      0.0319643393      0.0531106026     -0.1955769095     (0.0m 1.0s)
       2      0.0180417787      0.0302064204     -0.0229041822     (0.0m 1.0s)
       3      0.0129345146      0.0217495225     -0.0084568980     (0.0m 1.0s)
       4      0.0094707215      0.0159705697     -0.0057789527     (0.0m 1.0s)
       5      0.0070344204      0.0118852717     -0.0040852981     (0.0m 1.0s)
       6      0.0052647918      0.0089074899     -0.0029777817     (0.0m 1.2s)
       7      0.0002630985      0.0004468035     -0.0084606865     (0.0m 1.2s)
       8      0.0000705002      0.0001197275     -0.0003270760     (0.0m 1.2s)
       9      0.0000216335      0.0000367396     -0.0000829878     (0.0m 1.2s)
      10      0.0000059555      0.0000101141     -0.0000266256     (0.0m 1.2s)
      11      0.0000019068      0.0000032383     -0.0000068758     (0.0m 1.2s)
      12      0.0000006993      0.0000011875     -0.0000020507     (0.0m 1.2s)
      13      0.0000002862      0.0000004860     -0.0000007016     (0.0m 1.2s)
      14      0.0000001622      0.0000002755     -0.0000002105     (0.0m 1.2s)
      15      0.0000000658      0.0000001117     -0.0000001638     (0.0m 1.2s)
      16      0.0000000285      0.0000000484     -0.0000000633     (0.0m 1.2s)
      17      0.0000000110      0.0000000187     -0.0000000297     (0.0m 1.2s)
      18      0.0000000046      0.0000000078     -0.0000000109     (0.0m 1.2s)
      19      0.0000000022      0.0000000000     -0.0000000041     (0.0m 1.0s)
   Left CC calculation successfully converged! (0.00m  22.10s)

   Left-CC Calculation Summary
  --------------------------------------------------
   Converged        ω = 0.00000000       LR = 0.00000000

   Left CC calculation ended at 2022-12-14 23:13:02

   CC(P;3) Calculation Summary
   -------------------------------------
   Completed in  (4.00m  37.83s)

   CC(P) = -154.2315345864
   CC(P;3)_A = -154.2425657902     ΔE_A = -0.5913947254     δ_A = -0.0110312038
   CC(P;3)_B = -154.2420808726     ΔE_B = -0.5909098078     δ_B = -0.0105462862
   CC(P;3)_C = -154.2442163439     ΔE_C = -0.5930452791     δ_C = -0.0126817575
   CC(P;3)_D = -154.2442121392     ΔE_D = -0.5930410743     δ_D = -0.0126775527

   Selected moments account for 20.34% of the total CC(P;3)_D correction


   Performing CC(P;Q) calculation with 2.0 % triples ( 289676.0 triples )
   ===========================================================================================

   Total number of triples in P space =  289676
   Number of aaa =  5951
   Number of aab =  138887
   Number of abb =  138887
   Number of bbb =  5951
   --------------------------------------------------
   Calculation type =  CCSDT_P_LINEAR
   Maximum iterations = 500
   Convergence tolerance = 1e-08
   Energy shift = 0.0
   DIIS size =  6
   RHF symmetry = False
   --------------------------------------------------

   CC calculation started at 2022-12-14 23:18:00 

   Energy of initial guess =         0.0000000000

      Iter.     Residuum             δE                ΔE           Wall time
    ----------------------------------------------------------------------------
       0      0.5467860942     -0.4913292683     -0.4913292683    (0.0m 51.6s)
       1      0.1157771507     -0.0684202874     -0.5597495556    (0.0m 51.5s)
       2      0.0509580750     -0.0138046931     -0.5735542488    (0.0m 51.5s)
       3      0.0295666826     -0.0042649102     -0.5778191589    (0.0m 51.5s)
       4      0.0201661874     -0.0018549727     -0.5796741317    (0.0m 51.5s)
       5      0.0148850382     -0.0009941929     -0.5806683246    (0.0m 51.6s)
       6      0.0114296316     -0.0006080273     -0.5812763519    (0.0m 51.5s)
       7      0.0089604802     -0.0004030049     -0.5816793568    (0.0m 51.6s)
       8      0.0071048626     -0.0002818531     -0.5819612099    (0.0m 51.6s)
       9      0.0056692349     -0.0002045416     -0.5821657515    (0.0m 51.7s)
      10      0.0000623292     -0.0006977297     -0.5828634811    (0.0m 51.7s)
      11      0.0000323816     -0.0000010871     -0.5828645683    (0.0m 51.8s)
      12      0.0000110135     -0.0000004242     -0.5828649925    (0.0m 51.9s)
      13      0.0000043476     -0.0000001781     -0.5828651705    (0.0m 52.0s)
      14      0.0000011539     -0.0000000714     -0.5828652419    (0.0m 51.8s)
      15      0.0000002337     -0.0000000276     -0.5828652695    (0.0m 51.7s)
      16      0.0000000930     -0.0000000059     -0.5828652754    (0.0m 51.7s)
      17      0.0000000385     -0.0000000003     -0.5828652758    (0.0m 51.7s)
      18      0.0000000068     -0.0000000006     -0.5828652763    (0.0m 51.4s)
   CC calculation successfully converged! (16.00m  21.28s)

   CC Calculation Summary
  --------------------------------------------------
   Reference energy                   -153.65117106
   CC correlation energy                -0.58286528
   Total CC energy                    -154.23403634

   CC calculation ended at 2022-12-14 23:34:39

   HBar CCSD construction finished in 0.00m 4.41s
   --------------------------------------------------
   Calculation type =  LEFT_CCSD
   Maximum iterations = 500
   Convergence tolerance = 1e-08
   Energy shift = 0.0
   DIIS size =  6
   RHF symmetry = False
   --------------------------------------------------

   CC calculation started at 2022-12-14 23:34:00 

   Energy of initial guess =         0.0000000000

      Iter.     Residuum              ω                δω           Wall time
    ----------------------------------------------------------------------------
       0      0.1598720415      0.2623038534      0.2623038534     (0.0m 1.0s)
       1      0.0333273723      0.0553629765     -0.2069408769     (0.0m 1.0s)
       2      0.0186793562      0.0312775275     -0.0240854490     (0.0m 1.0s)
       3      0.0133847351      0.0225130687     -0.0087644589     (0.0m 1.0s)
       4      0.0098030385      0.0165375144     -0.0059755542     (0.0m 1.0s)
       5      0.0072836227      0.0123120462     -0.0042254683     (0.0m 1.0s)
       6      0.0054518261      0.0092286437     -0.0030834025     (0.0m 1.2s)
       7      0.0002798205      0.0004754939     -0.0087531498     (0.0m 1.2s)
       8      0.0000757778      0.0001287691     -0.0003467248     (0.0m 1.2s)
       9      0.0000231435      0.0000393281     -0.0000894410     (0.0m 1.2s)
      10      0.0000062012      0.0000105378     -0.0000287903     (0.0m 1.2s)
      11      0.0000019544      0.0000033211     -0.0000072166     (0.0m 1.2s)
      12      0.0000006670      0.0000011334     -0.0000021877     (0.0m 1.2s)
      13      0.0000002349      0.0000003992     -0.0000007342     (0.0m 1.2s)
      14      0.0000001288      0.0000002189     -0.0000001802     (0.0m 1.2s)
      15      0.0000000504      0.0000000856     -0.0000001333     (0.0m 1.2s)
      16      0.0000000215      0.0000000365     -0.0000000491     (0.0m 1.2s)
      17      0.0000000075      0.0000000128     -0.0000000238     (0.0m 1.2s)
      18      0.0000000029      0.0000000000     -0.0000000078     (0.0m 1.0s)
   Left CC calculation successfully converged! (0.00m  20.99s)

   Left-CC Calculation Summary
  --------------------------------------------------
   Converged        ω = 0.00000000       LR = 0.00000000

   Left CC calculation ended at 2022-12-14 23:35:05

   CC(P;3) Calculation Summary
   -------------------------------------
   Completed in  (4.00m  35.72s)

   CC(P) = -154.2340363412
   CC(P;3)_A = -154.2428999449     ΔE_A = -0.5917288801     δ_A = -0.0088636038
   CC(P;3)_B = -154.2425274034     ΔE_B = -0.5913563386     δ_B = -0.0084910622
   CC(P;3)_C = -154.2441899818     ΔE_C = -0.5930189170     δ_C = -0.0101536406
   CC(P;3)_D = -154.2441872303     ΔE_D = -0.5930161655     δ_D = -0.0101508891

   Selected moments account for 15.66% of the total CC(P;3)_D correction


   Performing CC(P;Q) calculation with 3.0 % triples ( 434514.0 triples )
   ===========================================================================================

   Total number of triples in P space =  434514
   Number of aaa =  9599
   Number of aab =  207658
   Number of abb =  207658
   Number of bbb =  9599
   --------------------------------------------------
   Calculation type =  CCSDT_P_LINEAR
   Maximum iterations = 500
   Convergence tolerance = 1e-08
   Energy shift = 0.0
   DIIS size =  6
   RHF symmetry = False
   --------------------------------------------------

   CC calculation started at 2022-12-14 23:40:00 

   Energy of initial guess =         0.0000000000

      Iter.     Residuum             δE                ΔE           Wall time
    ----------------------------------------------------------------------------
       0      0.5469809573     -0.4913292683     -0.4913292683    (1.0m 12.7s)
       1      0.1162865596     -0.0694946469     -0.5608239152    (1.0m 14.2s)
       2      0.0511464543     -0.0141361775     -0.5749600927    (1.0m 12.7s)
       3      0.0296327285     -0.0043526278     -0.5793127204    (1.0m 12.8s)
       4      0.0201940292     -0.0018781509     -0.5811908713    (1.0m 12.7s)
