converged SCF energy = -154.753236854161
/   System Information:
   ----------------------------------------------------
     Number of correlated electrons = 22
     Number of correlated orbitals = 82
     Number of frozen orbitals = 4
     Number of alpha occupied orbitals = 11
     Number of alpha unoccupied orbitals = 71
     Number of beta occupied orbitals = 11
     Number of beta unoccupied orbitals = 71
     Charge = 0
     Point group = C2v
     Symmetry of reference = A1
     Spin multiplicity of reference = 1

      MO #        Energy (a.u.)      Symmetry    Occupation
-----------------------------------------------------------
         1           -11.308250            A1           2.0
         2           -11.308222            B1           2.0
         3           -11.252136            A1           2.0
         4           -11.127873            A1           2.0
         5            -1.101122            A1           2.0
         6            -0.942925            B1           2.0
         7            -0.898334            A1           2.0
         8            -0.731463            A1           2.0
         9            -0.647439            B1           2.0
        10            -0.646721            A1           2.0
        11            -0.574273            B1           2.0
        12            -0.526398            A1           2.0
        13            -0.478651            B1           2.0
        14            -0.437803            B2           2.0
        15            -0.196412            B2           2.0
        16            -0.019469            A2           0.0
        17             0.178189            A1           0.0
        18             0.221044            A1           0.0
        19             0.222909            B1           0.0
        20             0.250367            B1           0.0
        21             0.253364            B2           0.0
        22             0.280727            A1           0.0
        23             0.325146            B1           0.0
        24             0.367673            A1           0.0
        25             0.482832            B1           0.0
        26             0.540522            A1           0.0
        27             0.573859            A1           0.0
        28             0.595414            B1           0.0
        29             0.679556            B2           0.0
        30             0.682618            A1           0.0
        31             0.721182            B1           0.0
        32             0.731155            A2           0.0
        33             0.732073            A1           0.0
        34             0.789455            B2           0.0
        35             0.802668            A1           0.0
        36             0.849259            B1           0.0
        37             0.866954            A1           0.0
        38             0.891567            B2           0.0
        39             0.910874            B1           0.0
        40             0.946891            A1           0.0
        41             0.972731            B1           0.0
        42             1.048785            A1           0.0
        43             1.109849            A2           0.0
        44             1.115357            B2           0.0
        45             1.129189            B1           0.0
        46             1.182073            A1           0.0
        47             1.212270            A2           0.0
        48             1.239106            B1           0.0
        49             1.298035            A1           0.0
        50             1.301358            B2           0.0
        51             1.323045            A2           0.0
        52             1.420846            A1           0.0
        53             1.447947            B1           0.0
        54             1.611415            A1           0.0
        55             1.656048            B1           0.0
        56             1.694710            A1           0.0
        57             1.698399            B2           0.0
        58             1.700943            B1           0.0
        59             1.749350            A1           0.0
        60             1.811708            A2           0.0
        61             1.818113            B1           0.0
        62             1.862845            A1           0.0
        63             1.881041            B2           0.0
        64             1.934602            B1           0.0
        65             1.966686            A1           0.0
        66             1.997806            B2           0.0
        67             2.017994            A2           0.0
        68             2.087497            B2           0.0
        69             2.109790            B1           0.0
        70             2.162193            A2           0.0
        71             2.177637            B1           0.0
        72             2.189250            A1           0.0
        73             2.303196            A1           0.0
        74             2.411549            B2           0.0
        75             2.419338            A2           0.0
        76             2.483359            B1           0.0
        77             2.503651            A1           0.0
        78             2.590398            A1           0.0
        79             2.652704            B1           0.0
        80             2.683981            A1           0.0
        81             2.855350            B1           0.0
        82             2.919664            B1           0.0
        83             2.926760            A1           0.0
        84             3.045485            A1           0.0
        85             3.344238            A1           0.0
        86             3.422910            B1           0.0

   Nuclear Repulsion Energy = 105.62213999201337
   Reference Energy = -154.75323685416123

   The total number of triples of ground-state symmetry (A1) is 59045600
   The increment of 1% is 590456

   ===========================================================================================
        Performing CC(P;Q) calculation with 0.0 % triples ( 0.0 triples )
   ===========================================================================================

   Symmetry A1 - Total number of triples in P space =  0
      Number of aaa =  0
      Number of aab =  0
      Number of abb =  0
      Number of bbb =  0
   Symmetry A2 - Total number of triples in P space =  0
      Number of aaa =  0
      Number of aab =  0
      Number of abb =  0
      Number of bbb =  0
   Symmetry B1 - Total number of triples in P space =  0
      Number of aaa =  0
      Number of aab =  0
      Number of abb =  0
      Number of bbb =  0
   Symmetry B2 - Total number of triples in P space =  0
      Number of aaa =  0
      Number of aab =  0
      Number of abb =  0
      Number of bbb =  0
   --------------------------------------------------
   Calculation type =  CCSDT_P_QUADRATIC_DIRECT_OPT
   Maximum iterations = 500
   Convergence tolerance = 1e-08
   Energy shift = 0.0
   DIIS size =  6
   RHF symmetry = True
   --------------------------------------------------

   CC calculation started at 2023-03-19 17:49:00 

   Energy of initial guess =         0.0000000000

      Iter.     Residuum             δE                ΔE           Wall time
    ----------------------------------------------------------------------------
       0      0.6372951723     -0.5496221666     -0.5496221666     (0.0m 6.3s)
       1      0.1690086276     -0.0446776545     -0.5942998211     (0.0m 4.7s)
       2      0.0854365412     -0.0146745359     -0.6089743569     (0.0m 4.5s)
       3      0.0536077918     -0.0047531269     -0.6137274838     (0.0m 4.7s)
       4      0.0350556692     -0.0026637071     -0.6163911910     (0.0m 4.7s)
       5      0.0225976882     -0.0014397748     -0.6178309658     (0.0m 4.6s)
       6      0.0148160379     -0.0009189753     -0.6187499411     (0.0m 4.7s)
       7      0.0095902537     -0.0005639957     -0.6193139368     (0.0m 4.6s)
       8      0.0062597699     -0.0003678037     -0.6196817405     (0.0m 4.6s)
       9      0.0040574998     -0.0002337856     -0.6199155261     (0.0m 4.8s)
      10      0.0000137894     -0.0004330577     -0.6203485838     (0.0m 4.8s)
      11      0.0000046792     -0.0000002918     -0.6203488757     (0.0m 4.8s)
      12      0.0000015330     -0.0000001811     -0.6203490568     (0.0m 4.8s)
      13      0.0000004936      0.0000000131     -0.6203490437     (0.0m 4.7s)
      14      0.0000001653      0.0000000053     -0.6203490383     (0.0m 4.8s)
      15      0.0000000644     -0.0000000012     -0.6203490395     (0.0m 4.8s)
      16      0.0000000211     -0.0000000005     -0.6203490400     (0.0m 4.8s)
      17      0.0000000090     -0.0000000003     -0.6203490402     (0.0m 4.5s)
   CC calculation successfully converged! (1.00m  26.01s)

   CC Calculation Summary
  --------------------------------------------------
   Reference energy                   -154.75323685
   CC correlation energy                -0.62034904
   Total CC energy                    -155.37358589

   CC calculation ended at 2023-03-19 17:51:18

   HBar CCSD construction finished in 0.00m 10.51s
   --------------------------------------------------
   Calculation type =  LEFT_CCSD
   Maximum iterations = 500
   Convergence tolerance = 1e-08
   Energy shift = 0.0
   DIIS size =  6
   RHF symmetry = False
   --------------------------------------------------

   CC calculation started at 2023-03-19 17:51:00 

   Energy of initial guess =         0.0000000000

      Iter.     Residuum              ω                δω           Wall time
    ----------------------------------------------------------------------------
       0      0.2749919217      0.3804650527      0.3804650527     (0.0m 2.5s)
       1      0.0483608769      0.0677930608     -0.3126719919     (0.0m 2.6s)
       2      0.0172301608      0.0244311517     -0.0433619092     (0.0m 2.6s)
       3      0.0124859582      0.0178438214     -0.0065873303     (0.0m 2.5s)
       4      0.0094883015      0.0136440074     -0.0041998140     (0.0m 2.5s)
       5      0.0076262512      0.0110196400     -0.0026243673     (0.0m 2.5s)
       6      0.0061202089      0.0088775210     -0.0021421191     (0.0m 2.7s)
       7      0.0003083548      0.0004541734     -0.0084233476     (0.0m 2.6s)
       8      0.0001091868      0.0001608180     -0.0002933554     (0.0m 2.6s)
       9      0.0000320489      0.0000472069     -0.0001136111     (0.0m 2.6s)
      10      0.0000121518      0.0000178985     -0.0000293084     (0.0m 2.6s)
      11      0.0000047187      0.0000069502     -0.0000109483     (0.0m 2.7s)
      12      0.0000020577      0.0000030308     -0.0000039194     (0.0m 2.7s)
      13      0.0000007520      0.0000011077     -0.0000019231     (0.0m 2.6s)
      14      0.0000002762      0.0000004068     -0.0000007009     (0.0m 2.6s)
      15      0.0000000755      0.0000001112     -0.0000002956     (0.0m 2.7s)
      16      0.0000000301      0.0000000443     -0.0000000669     (0.0m 2.6s)
      17      0.0000000096      0.0000000142     -0.0000000301     (0.0m 2.6s)
      18      0.0000000031      0.0000000000     -0.0000000096     (0.0m 2.4s)
   Left CC calculation successfully converged! (0.00m  49.52s)

   Left-CC Calculation Summary
  --------------------------------------------------
   Converged        ω = 0.00000000       LR = 0.00000000

   Left CC calculation ended at 2023-03-19 17:52:18

   CC(P;3) Calculation Summary
   -------------------------------------
   Completed in  (16.00m  39.75s)

   CC(P) = -155.3735858944
   CC(P;3)_A = -155.4120504143     ΔE_A = -0.6588135601     δ_A = -0.0384645199
   CC(P;3)_B = -155.4080081393     ΔE_B = -0.6547712851     δ_B = -0.0344222449
   CC(P;3)_C = -155.4194071119     ΔE_C = -0.6661702578     δ_C = -0.0458212176
   CC(P;3)_D = -155.4183324739     ΔE_D = -0.6650956198     δ_D = -0.0447465795

   Selected moments account for 39.08% of the total CC(P;3)_D correction


   ===========================================================================================
        Performing CC(P;Q) calculation with 1.0 % triples ( 590456.0 triples )
   ===========================================================================================

   Symmetry A1 - Total number of triples in P space =  590456
      Number of aaa =  13566
      Number of aab =  281662
      Number of abb =  281662
      Number of bbb =  13566
   Symmetry A2 - Total number of triples in P space =  0
      Number of aaa =  0
      Number of aab =  0
      Number of abb =  0
      Number of bbb =  0
   Symmetry B1 - Total number of triples in P space =  0
      Number of aaa =  0
      Number of aab =  0
      Number of abb =  0
      Number of bbb =  0
   Symmetry B2 - Total number of triples in P space =  0
      Number of aaa =  0
      Number of aab =  0
      Number of abb =  0
      Number of bbb =  0
   --------------------------------------------------
   Calculation type =  CCSDT_P_QUADRATIC_DIRECT_OPT
   Maximum iterations = 500
   Convergence tolerance = 1e-08
   Energy shift = 0.0
   DIIS size =  6
   RHF symmetry = True
   --------------------------------------------------

   CC calculation started at 2023-03-19 18:28:00 

   Energy of initial guess =         0.0000000000

      Iter.     Residuum             δE                ΔE           Wall time
    ----------------------------------------------------------------------------
       0      0.6396458822     -0.5496221666     -0.5496221666    (0.0m 36.1s)
       1      0.2047236501     -0.0629804326     -0.6126025992    (0.0m 27.1s)
       2      0.1520540629     -0.0200685300     -0.6326711292    (0.0m 27.6s)
       3      0.1236990888     -0.0102298036     -0.6429009327    (0.0m 27.7s)
       4      0.0997456688     -0.0067905641     -0.6496914969    (0.0m 27.4s)
       5      0.0788910881     -0.0049210065     -0.6546125034    (0.0m 27.3s)
       6      0.0612255829     -0.0036620440     -0.6582745474    (0.0m 27.3s)
       7      0.0467695529     -0.0027364171     -0.6610109646    (0.0m 27.3s)
       8      0.0352773382     -0.0020392118     -0.6630501763    (0.0m 27.4s)
       9      0.0263520741     -0.0015129229     -0.6645630992    (0.0m 27.7s)
      10      0.0001030584     -0.0041781252     -0.6687412244    (0.0m 27.5s)
      11      0.0000381082      0.0000119305     -0.6687292940    (0.0m 28.1s)
      12      0.0000142192     -0.0000034568     -0.6687327508    (0.0m 27.6s)
      13      0.0000040581     -0.0000011736     -0.6687339244    (0.0m 27.4s)
      14      0.0000016915      0.0000001600     -0.6687337644    (0.0m 27.4s)
      15      0.0000005054      0.0000000477     -0.6687337167    (0.0m 27.5s)
      16      0.0000002065     -0.0000000262     -0.6687337430    (0.0m 27.5s)
      17      0.0000000919     -0.0000000043     -0.6687337472    (0.0m 27.5s)
      18      0.0000000296     -0.0000000046     -0.6687337519    (0.0m 27.5s)
      19      0.0000000107     -0.0000000004     -0.6687337523    (0.0m 27.4s)
      20      0.0000000047     -0.0000000002     -0.6687337524    (0.0m 27.3s)
   CC calculation successfully converged! (9.00m  45.73s)

   CC Calculation Summary
  --------------------------------------------------
   Reference energy                   -154.75323685
   CC correlation energy                -0.66873375
   Total CC energy                    -155.42197061

   CC calculation ended at 2023-03-19 18:38:27

   HBar CCSD construction finished in 0.00m 11.30s
   --------------------------------------------------
   Calculation type =  LEFT_CCSD
   Maximum iterations = 500
   Convergence tolerance = 1e-08
   Energy shift = 0.0
   DIIS size =  6
   RHF symmetry = False
   --------------------------------------------------

   CC calculation started at 2023-03-19 18:38:00 

   Energy of initial guess =         0.0000000000

      Iter.     Residuum              ω                δω           Wall time
    ----------------------------------------------------------------------------
       0      1.0460630093      1.0588326309      1.0588326309     (0.0m 2.6s)
       1      0.2951519280      0.3348706225     -0.7239620085     (0.0m 2.6s)
       2      0.1517211328      0.1885411747     -0.1463294478     (0.0m 2.6s)
       3      0.1285747874      0.1714737274     -0.0170674473     (0.0m 2.6s)
       4      0.0975142612      0.1371691320     -0.0343045955     (0.0m 2.6s)
       5      0.0758093467      0.1109155343     -0.0262535976     (0.0m 2.6s)
       6      0.0584221759      0.0879723027     -0.0229432316     (0.0m 2.8s)
       7      0.0018356746      0.0029984278     -0.0849738749     (0.0m 2.7s)
       8      0.0007483211      0.0012218058     -0.0017766220     (0.0m 2.8s)
       9      0.0002494822      0.0004074180     -0.0008143878     (0.0m 2.7s)
      10      0.0000943497      0.0001540689     -0.0002533491     (0.0m 2.7s)
      11      0.0000235403      0.0000384417     -0.0001156272     (0.0m 2.7s)
      12      0.0000081294      0.0000132755     -0.0000251663     (0.0m 2.7s)
      13      0.0000027954      0.0000045649     -0.0000087105     (0.0m 2.7s)
      14      0.0000012982      0.0000021201     -0.0000024449     (0.0m 2.7s)
      15      0.0000003217      0.0000005254     -0.0000015947     (0.0m 2.7s)
      16      0.0000001459      0.0000002383     -0.0000002871     (0.0m 2.7s)
      17      0.0000000575      0.0000000939     -0.0000001444     (0.0m 2.7s)
      18      0.0000000259      0.0000000423     -0.0000000516     (0.0m 2.7s)
      19      0.0000000095      0.0000000155     -0.0000000268     (0.0m 2.7s)
      20      0.0000000044      0.0000000000     -0.0000000083     (0.0m 2.5s)
   Left CC calculation successfully converged! (0.00m  56.41s)

   Left-CC Calculation Summary
  --------------------------------------------------
   Converged        ω = 0.00000001       LR = 0.00000000

   Left CC calculation ended at 2023-03-19 18:39:35


   CC(P;3) Calculation Summary
   -------------------------------------
   Completed in  (17.00m  0.11s)

   CC(P) = -155.4219706066
   CC(P;3)_A = -155.4303739319     ΔE_A = -0.6771370777     δ_A = -0.0084033253
   CC(P;3)_B = -155.4300075048     ΔE_B = -0.6767706506     δ_B = -0.0080368982
   CC(P;3)_C = -155.4314684350     ΔE_C = -0.6782315808     δ_C = -0.0094978284
   CC(P;3)_D = -155.4314662196     ΔE_D = -0.6782293655     δ_D = -0.0094956130

   Selected moments account for 11.15% of the total CC(P;3)_D correction


   ===========================================================================================
        Performing CC(P;Q) calculation with 2.0 % triples ( 1180912.0 triples )
   ===========================================================================================

   Symmetry A1 - Total number of triples in P space =  1180912
      Number of aaa =  29543
      Number of aab =  560913
      Number of abb =  560913
      Number of bbb =  29543
   Symmetry A2 - Total number of triples in P space =  0
      Number of aaa =  0
      Number of aab =  0
      Number of abb =  0
      Number of bbb =  0
   Symmetry B1 - Total number of triples in P space =  0
      Number of aaa =  0
      Number of aab =  0
      Number of abb =  0
      Number of bbb =  0
   Symmetry B2 - Total number of triples in P space =  0
      Number of aaa =  0
      Number of aab =  0
      Number of abb =  0
      Number of bbb =  0
   --------------------------------------------------
   Calculation type =  CCSDT_P_QUADRATIC_DIRECT_OPT
   Maximum iterations = 500
   Convergence tolerance = 1e-08
   Energy shift = 0.0
   DIIS size =  6
   RHF symmetry = True
   --------------------------------------------------

   CC calculation started at 2023-03-19 19:16:00 

   Energy of initial guess =         0.0000000000

      Iter.     Residuum             δE                ΔE           Wall time
    ----------------------------------------------------------------------------
       0      0.6397854261     -0.5496221666     -0.5496221666    (0.0m 41.1s)
       1      0.2039833180     -0.0646692921     -0.6142914586    (0.0m 36.1s)
       2      0.1517334832     -0.0202484781     -0.6345399368    (0.0m 35.6s)
       3      0.1236322735     -0.0103092802     -0.6448492170    (0.0m 35.8s)
       4      0.0999498934     -0.0068108560     -0.6516600730    (0.0m 36.0s)
       5      0.0793206739     -0.0049415538     -0.6566016268    (0.0m 35.7s)
       6      0.0617831831     -0.0036848630     -0.6602864898    (0.0m 35.7s)
       7      0.0473800000     -0.0027623039     -0.6630487937    (0.0m 35.7s)
       8      0.0358792277     -0.0020654480     -0.6651142417    (0.0m 35.8s)
       9      0.0269094205     -0.0015380143     -0.6666522560    (0.0m 36.0s)
      10      0.0001039984     -0.0043066063     -0.6709588623    (0.0m 36.1s)
      11      0.0000447454      0.0000135696     -0.6709452927    (0.0m 36.1s)
      12      0.0000140579     -0.0000062188     -0.6709515115    (0.0m 36.1s)
      13      0.0000051949      0.0000004919     -0.6709510195    (0.0m 35.9s)
      14      0.0000018473     -0.0000002343     -0.6709512538    (0.0m 35.9s)
      15      0.0000005580      0.0000000169     -0.6709512369    (0.0m 35.9s)
      16      0.0000002350     -0.0000000304     -0.6709512674    (0.0m 36.0s)
      17      0.0000001099     -0.0000000016     -0.6709512690    (0.0m 35.9s)
      18      0.0000000355     -0.0000000062     -0.6709512751    (0.0m 35.9s)
      19      0.0000000146      0.0000000000     -0.6709512751    (0.0m 36.1s)
      20      0.0000000068      0.0000000003     -0.6709512749    (0.0m 35.6s)
   CC calculation successfully converged! (12.00m  39.11s)

   CC Calculation Summary
  --------------------------------------------------
   Reference energy                   -154.75323685
   CC correlation energy                -0.67095127
   Total CC energy                    -155.42418813

   CC calculation ended at 2023-03-19 19:28:40

   HBar CCSD construction finished in 0.00m 10.28s
   --------------------------------------------------
   Calculation type =  LEFT_CCSD
   Maximum iterations = 500
   Convergence tolerance = 1e-08
   Energy shift = 0.0
   DIIS size =  6
   RHF symmetry = False
   --------------------------------------------------

   CC calculation started at 2023-03-19 19:28:00 

   Energy of initial guess =         0.0000000000

      Iter.     Residuum              ω                δω           Wall time
    ----------------------------------------------------------------------------
       0      1.0557547649      1.0657579227      1.0657579227     (0.0m 2.5s)
       1      0.2981039003      0.3376881083     -0.7280698144     (0.0m 2.6s)
       2      0.1532882666      0.1903435072     -0.1473446011     (0.0m 2.6s)
       3      0.1298268807      0.1731206840     -0.0172228233     (0.0m 2.6s)
       4      0.0984081815      0.1384683890     -0.0346522949     (0.0m 2.6s)
       5      0.0764550304      0.1119255440     -0.0265428450     (0.0m 2.6s)
       6      0.0588827524      0.0887328439     -0.0231927001     (0.0m 2.8s)
       7      0.0018292995      0.0029906184     -0.0857422255     (0.0m 2.6s)
       8      0.0007437225      0.0012153587     -0.0017752597     (0.0m 2.6s)
       9      0.0002484453      0.0004060784     -0.0008092804     (0.0m 2.6s)
      10      0.0000939239      0.0001535075     -0.0002525709     (0.0m 2.6s)
      11      0.0000234843      0.0000383837     -0.0001151238     (0.0m 2.6s)
      12      0.0000080852      0.0000132147     -0.0000251690     (0.0m 2.6s)
      13      0.0000027888      0.0000045582     -0.0000086565     (0.0m 2.6s)
      14      0.0000012938      0.0000021146     -0.0000024436     (0.0m 2.6s)
      15      0.0000003203      0.0000005235     -0.0000015911     (0.0m 2.6s)
      16      0.0000001455      0.0000002377     -0.0000002857     (0.0m 2.6s)
      17      0.0000000573      0.0000000936     -0.0000001441     (0.0m 2.6s)
      18      0.0000000257      0.0000000421     -0.0000000516     (0.0m 2.6s)
      19      0.0000000094      0.0000000154     -0.0000000267     (0.0m 2.6s)
      20      0.0000000044      0.0000000000     -0.0000000082     (0.0m 2.4s)
   Left CC calculation successfully converged! (0.00m  54.38s)

   Left-CC Calculation Summary
  --------------------------------------------------
   Converged        ω = 0.00000001       LR = 0.00000000

   Left CC calculation ended at 2023-03-19 19:29:45

   CC(P;3) Calculation Summary
   -------------------------------------
   Completed in  (15.00m  53.44s)

   CC(P) = -155.4241881290
   CC(P;3)_A = -155.4307656983     ΔE_A = -0.6775288442     δ_A = -0.0065775693
   CC(P;3)_B = -155.4304927177     ΔE_B = -0.6772558635     δ_B = -0.0063045887
   CC(P;3)_C = -155.4316010593     ΔE_C = -0.6783642052     δ_C = -0.0074129303
   CC(P;3)_D = -155.4315996519     ΔE_D = -0.6783627978     δ_D = -0.0074115229

   Selected moments account for  8.35% of the total CC(P;3)_D correction


   ===========================================================================================
        Performing CC(P;Q) calculation with 3.0 % triples ( 1771368.0 triples )
   ===========================================================================================

   Symmetry A1 - Total number of triples in P space =  1771368
      Number of aaa =  46135
      Number of aab =  839549
      Number of abb =  839549
      Number of bbb =  46135
   Symmetry A2 - Total number of triples in P space =  0
      Number of aaa =  0
      Number of aab =  0
      Number of abb =  0
      Number of bbb =  0
   Symmetry B1 - Total number of triples in P space =  0
      Number of aaa =  0
      Number of aab =  0
      Number of abb =  0
      Number of bbb =  0
   Symmetry B2 - Total number of triples in P space =  0
      Number of aaa =  0
      Number of aab =  0
      Number of abb =  0
      Number of bbb =  0
   --------------------------------------------------
   Calculation type =  CCSDT_P_QUADRATIC_DIRECT_OPT
   Maximum iterations = 500
   Convergence tolerance = 1e-08
   Energy shift = 0.0
   DIIS size =  6
   RHF symmetry = True
   --------------------------------------------------

   CC calculation started at 2023-03-19 20:05:00 

   Energy of initial guess =         0.0000000000

      Iter.     Residuum             δE                ΔE           Wall time
    ----------------------------------------------------------------------------
       0      0.6398724080     -0.5496221666     -0.5496221666    (0.0m 51.2s)
       1      0.2034590100     -0.0657523586     -0.6153745251    (0.0m 46.9s)
       2      0.1512291735     -0.0203455087     -0.6357200339    (0.0m 47.7s)
       3      0.1231754769     -0.0103280964     -0.6460481303    (0.0m 49.6s)
       4      0.0996256281     -0.0067925206     -0.6528406508    (0.0m 49.3s)
       5      0.0791446120     -0.0049249925     -0.6577656433    (0.0m 48.8s)
       6      0.0617285470     -0.0036739063     -0.6614395496    (0.0m 53.1s)
       7      0.0474128704     -0.0027573385     -0.6641968881    (0.0m 50.1s)
       8      0.0359657868     -0.0020647744     -0.6662616625    (0.0m 48.7s)
       9      0.0270232823     -0.0015400993     -0.6678017618    (0.0m 49.2s)
      10      0.0001010342     -0.0043419374     -0.6721436992    (0.0m 48.7s)
      11      0.0000464151      0.0000135764     -0.6721301228    (0.0m 48.8s)
      12      0.0000148212     -0.0000064257     -0.6721365485    (0.0m 48.9s)
      13      0.0000050061      0.0000002372     -0.6721363113    (0.0m 49.0s)
      14      0.0000018670     -0.0000000730     -0.6721363843    (0.0m 48.9s)
      15      0.0000005979     -0.0000000162     -0.6721364004    (0.0m 48.9s)
      16      0.0000002592     -0.0000000305     -0.6721364310    (0.0m 49.0s)
      17      0.0000001123      0.0000000019     -0.6721364291    (0.0m 48.8s)
      18      0.0000000354     -0.0000000057     -0.6721364347    (0.0m 48.8s)
      19      0.0000000134     -0.0000000005     -0.6721364353    (0.0m 48.6s)
      20      0.0000000061     -0.0000000001     -0.6721364353    (0.0m 48.5s)
   CC calculation successfully converged! (17.00m  11.53s)

   CC Calculation Summary
  --------------------------------------------------
   Reference energy                   -154.75323685
   CC correlation energy                -0.67213644
   Total CC energy                    -155.42537329

   CC calculation ended at 2023-03-19 20:22:17

   HBar CCSD construction finished in 0.00m 10.82s
   --------------------------------------------------
   Calculation type =  LEFT_CCSD
   Maximum iterations = 500
   Convergence tolerance = 1e-08
   Energy shift = 0.0
   DIIS size =  6
   RHF symmetry = False
   --------------------------------------------------

   CC calculation started at 2023-03-19 20:22:00 

   Energy of initial guess =         0.0000000000

      Iter.     Residuum              ω                δω           Wall time
    ----------------------------------------------------------------------------
       0      1.0555894673      1.0666941281      1.0666941281     (0.0m 2.6s)
       1      0.2978247928      0.3377227403     -0.7289713877     (0.0m 2.7s)
       2      0.1531031502      0.1903020483     -0.1474206921     (0.0m 2.6s)
       3      0.1296258113      0.1730058894     -0.0172961589     (0.0m 2.6s)
       4      0.0982276981      0.1383216172     -0.0346842722     (0.0m 2.6s)
       5      0.0762936930      0.1117641607     -0.0265574565     (0.0m 2.6s)
       6      0.0587428542      0.0885732297     -0.0231909311     (0.0m 2.8s)
       7      0.0018183491      0.0029733721     -0.0855998576     (0.0m 2.7s)
       8      0.0007385187      0.0012071248     -0.0017662473     (0.0m 2.7s)
       9      0.0002467126      0.0004033359     -0.0008037889     (0.0m 2.7s)
      10      0.0000932660      0.0001524661     -0.0002508698     (0.0m 2.8s)
      11      0.0000233335      0.0000381457     -0.0001143204     (0.0m 3.1s)
      12      0.0000080252      0.0000131196     -0.0000250261     (0.0m 2.9s)
      13      0.0000027751      0.0000045367     -0.0000085828     (0.0m 2.7s)
      14      0.0000012871      0.0000021041     -0.0000024326     (0.0m 2.7s)
      15      0.0000003184      0.0000005205     -0.0000015836     (0.0m 2.7s)
      16      0.0000001445      0.0000002363     -0.0000002842     (0.0m 2.6s)
      17      0.0000000568      0.0000000929     -0.0000001434     (0.0m 2.6s)
      18      0.0000000255      0.0000000417     -0.0000000512     (0.0m 2.6s)
      19      0.0000000093      0.0000000152     -0.0000000265     (0.0m 2.6s)
      20      0.0000000043      0.0000000000     -0.0000000082     (0.0m 2.4s)
   Left CC calculation successfully converged! (0.00m  56.29s)

   Left-CC Calculation Summary
  --------------------------------------------------
   Converged        ω = 0.00000001       LR = 0.00000000

   Left CC calculation ended at 2023-03-19 20:23:25

   CC(P;3) Calculation Summary
   -------------------------------------
   Completed in  (16.00m  13.16s)

   CC(P) = -155.4253732895
   CC(P;3)_A = -155.4308812055     ΔE_A = -0.6776443513     δ_A = -0.0055079160
   CC(P;3)_B = -155.4306595831     ΔE_B = -0.6774227290     δ_B = -0.0052862936
   CC(P;3)_C = -155.4315695895     ΔE_C = -0.6783327353     δ_C = -0.0061963000
   CC(P;3)_D = -155.4315685579     ΔE_D = -0.6783317038     δ_D = -0.0061952684

   Selected moments account for  7.07% of the total CC(P;3)_D correction


   ===========================================================================================
        Performing CC(P;Q) calculation with 4.0 % triples ( 2361824.0 triples )
   ===========================================================================================

   Symmetry A1 - Total number of triples in P space =  2361824
      Number of aaa =  63087
      Number of aab =  1117825
      Number of abb =  1117825
      Number of bbb =  63087
   Symmetry A2 - Total number of triples in P space =  0
      Number of aaa =  0
      Number of aab =  0
      Number of abb =  0
      Number of bbb =  0
   Symmetry B1 - Total number of triples in P space =  0
      Number of aaa =  0
      Number of aab =  0
      Number of abb =  0
      Number of bbb =  0
   Symmetry B2 - Total number of triples in P space =  0
      Number of aaa =  0
      Number of aab =  0
      Number of abb =  0
      Number of bbb =  0
   --------------------------------------------------
   Calculation type =  CCSDT_P_QUADRATIC_DIRECT_OPT
   Maximum iterations = 500
   Convergence tolerance = 1e-08
   Energy shift = 0.0
   DIIS size =  6
   RHF symmetry = True
   --------------------------------------------------

   CC calculation started at 2023-03-19 20:59:00 

   Energy of initial guess =         0.0000000000

      Iter.     Residuum             δE                ΔE           Wall time
    ----------------------------------------------------------------------------
       0      0.6399346001     -0.5496221666     -0.5496221666     (1.0m 2.9s)
       1      0.2030317425     -0.0665340720     -0.6161562386    (0.0m 57.6s)
       2      0.1507949008     -0.0204099923     -0.6365662309    (0.0m 58.2s)
       3      0.1227937714     -0.0103379725     -0.6469042035    (1.0m 11.2s)
       4      0.0993595460     -0.0067758246     -0.6536800281    (1.0m 11.4s)
       5      0.0790024745     -0.0049105537     -0.6585905818     (1.0m 8.6s)
       6      0.0616869463     -0.0036644259     -0.6622550077     (1.0m 7.5s)
       7      0.0474429036     -0.0027529003     -0.6650079080    (1.0m 19.5s)
       8      0.0360395898     -0.0020639607     -0.6670718687    (1.0m 17.0s)
       9      0.0271190896     -0.0015416139     -0.6686134826    (1.0m 12.6s)
      10      0.0000991177     -0.0043706979     -0.6729841805     (1.0m 7.5s)
      11      0.0000474967      0.0000135965     -0.6729705840     (1.0m 8.9s)
      12      0.0000152429     -0.0000064754     -0.6729770594    (1.0m 14.5s)
      13      0.0000048990     -0.0000000109     -0.6729770704    (1.0m 19.6s)
      14      0.0000018748      0.0000000294     -0.6729770410    (1.0m 38.0s)
      15      0.0000006224     -0.0000000270     -0.6729770680    (1.0m 44.2s)
      16      0.0000002684     -0.0000000301     -0.6729770981    (1.0m 21.1s)
      17      0.0000001125      0.0000000034     -0.6729770947    (0.0m 57.1s)
      18      0.0000000369     -0.0000000049     -0.6729770996     (1.0m 3.1s)
      19      0.0000000139     -0.0000000008     -0.6729771003    (0.0m 58.9s)
      20      0.0000000067     -0.0000000004     -0.6729771007    (0.0m 57.5s)
   CC calculation successfully converged! (24.00m  56.97s)

   CC Calculation Summary
  --------------------------------------------------
   Reference energy                   -154.75323685
   CC correlation energy                -0.67297710
   Total CC energy                    -155.42621395

   CC calculation ended at 2023-03-19 21:24:30

   HBar CCSD construction finished in 0.00m 10.42s
   --------------------------------------------------
   Calculation type =  LEFT_CCSD
   Maximum iterations = 500
   Convergence tolerance = 1e-08
   Energy shift = 0.0
   DIIS size =  6
   RHF symmetry = False
   --------------------------------------------------

   CC calculation started at 2023-03-19 21:24:00 

   Energy of initial guess =         0.0000000000

      Iter.     Residuum              ω                δω           Wall time
    ----------------------------------------------------------------------------
       0      1.0552558297      1.0672353554      1.0672353554     (0.0m 2.6s)
       1      0.2975753452      0.3377111576     -0.7295241978     (0.0m 2.7s)
       2      0.1529383861      0.1902396272     -0.1474715304     (0.0m 2.7s)
       3      0.1294528045      0.1728885073     -0.0173511200     (0.0m 2.6s)
       4      0.0980758452      0.1381856905     -0.0347028167     (0.0m 2.7s)
       5      0.0761607503      0.1116228746     -0.0265628160     (0.0m 2.8s)
       6      0.0586295262      0.0884383898     -0.0231844848     (0.0m 3.2s)
       7      0.0018109327      0.0029616626     -0.0854767272     (0.0m 2.8s)
       8      0.0007350837      0.0012016827     -0.0017599799     (0.0m 2.9s)
       9      0.0002455220      0.0004014466     -0.0008002361     (0.0m 2.8s)
      10      0.0000928229      0.0001517634     -0.0002496832     (0.0m 2.8s)
      11      0.0000232364      0.0000379924     -0.0001137710     (0.0m 2.9s)
      12      0.0000079909      0.0000130654     -0.0000249270     (0.0m 2.8s)
      13      0.0000027668      0.0000045239     -0.0000085415     (0.0m 2.9s)
      14      0.0000012839      0.0000020992     -0.0000024247     (0.0m 2.8s)
      15      0.0000003176      0.0000005193     -0.0000015798     (0.0m 2.8s)
      16      0.0000001440      0.0000002355     -0.0000002838     (0.0m 2.8s)
      17      0.0000000566      0.0000000925     -0.0000001430     (0.0m 2.7s)
      18      0.0000000254      0.0000000415     -0.0000000510     (0.0m 2.6s)
      19      0.0000000092      0.0000000151     -0.0000000264     (0.0m 2.7s)
      20      0.0000000043      0.0000000000     -0.0000000081     (0.0m 2.5s)
   Left CC calculation successfully converged! (0.00m  58.41s)

   Left-CC Calculation Summary
  --------------------------------------------------
   Converged        ω = 0.00000001       LR = 0.00000000

   Left CC calculation ended at 2023-03-19 21:25:39

   CC(P;3) Calculation Summary
   -------------------------------------
   Completed in  (17.00m  40.78s)

   CC(P) = -155.4262139549
   CC(P;3)_A = -155.4309614824     ΔE_A = -0.6777246282     δ_A = -0.0047475275
   CC(P;3)_B = -155.4307749004     ΔE_B = -0.6775380462     δ_B = -0.0045609455
   CC(P;3)_C = -155.4315475692     ΔE_C = -0.6783107151     δ_C = -0.0053336144
   CC(P;3)_D = -155.4315467569     ΔE_D = -0.6783099027     δ_D = -0.0053328020

   Selected moments account for  6.28% of the total CC(P;3)_D correction


   ===========================================================================================
        Performing CC(P;Q) calculation with 5.0 % triples ( 2952280.0 triples )
   ===========================================================================================

   Symmetry A1 - Total number of triples in P space =  2952280
      Number of aaa =  80354
      Number of aab =  1395786
      Number of abb =  1395786
      Number of bbb =  80354
   Symmetry A2 - Total number of triples in P space =  0
      Number of aaa =  0
      Number of aab =  0
      Number of abb =  0
      Number of bbb =  0
   Symmetry B1 - Total number of triples in P space =  0
      Number of aaa =  0
      Number of aab =  0
      Number of abb =  0
      Number of bbb =  0
   Symmetry B2 - Total number of triples in P space =  0
      Number of aaa =  0
      Number of aab =  0
      Number of abb =  0
      Number of bbb =  0
   --------------------------------------------------
   Calculation type =  CCSDT_P_QUADRATIC_DIRECT_OPT
   Maximum iterations = 500
   Convergence tolerance = 1e-08
   Energy shift = 0.0
   DIIS size =  6
   RHF symmetry = True
   --------------------------------------------------

   CC calculation started at 2023-03-19 22:03:00 

   Energy of initial guess =         0.0000000000

      Iter.     Residuum             δE                ΔE           Wall time
    ----------------------------------------------------------------------------
       0      0.6399824069     -0.5496221666     -0.5496221666    (1.0m 17.0s)
       1      0.2026842302     -0.0671397734     -0.6167619400     (1.0m 9.4s)
       2      0.1504256368     -0.0204578411     -0.6372197811     (1.0m 9.5s)
       3      0.1224764353     -0.0103449547     -0.6475647358     (1.0m 9.2s)
       4      0.0991424606     -0.0067617102     -0.6543264460     (1.0m 8.4s)
       5      0.0788913301     -0.0048986153     -0.6592250613     (1.0m 8.9s)
       6      0.0616598880     -0.0036566078     -0.6628816691     (1.0m 9.0s)
       7      0.0474757050     -0.0027493324     -0.6656310015    (1.0m 10.8s)
       8      0.0361081035     -0.0020633849     -0.6676943864     (1.0m 9.3s)
       9      0.0272053072     -0.0015429934     -0.6692373798     (1.0m 8.8s)
      10      0.0001012075     -0.0043958661     -0.6736332458     (1.0m 8.4s)
      11      0.0000485026      0.0000138372     -0.6736194086     (1.0m 9.5s)
      12      0.0000166468     -0.0000059931     -0.6736254017     (1.0m 9.3s)
      13      0.0000050145     -0.0000006229     -0.6736260246     (1.0m 8.6s)
      14      0.0000019132      0.0000001491     -0.6736258755     (1.0m 8.5s)
      15      0.0000006246     -0.0000000258     -0.6736259013     (1.0m 9.1s)
      16      0.0000002774     -0.0000000290     -0.6736259302     (1.0m 9.1s)
      17      0.0000001183      0.0000000028     -0.6736259274     (1.0m 9.0s)
      18      0.0000000404     -0.0000000049     -0.6736259323     (1.0m 9.1s)
      19      0.0000000148     -0.0000000011     -0.6736259334     (1.0m 9.0s)
      20      0.0000000070     -0.0000000005     -0.6736259339    (1.0m 10.8s)
   CC calculation successfully converged! (24.00m  20.63s)

   CC Calculation Summary
  --------------------------------------------------
   Reference energy                   -154.75323685
   CC correlation energy                -0.67362593
   Total CC energy                    -155.42686279

   CC calculation ended at 2023-03-19 22:27:32

   HBar CCSD construction finished in 0.00m 10.38s
   --------------------------------------------------
   Calculation type =  LEFT_CCSD
   Maximum iterations = 500
   Convergence tolerance = 1e-08
   Energy shift = 0.0
   DIIS size =  6
   RHF symmetry = False
   --------------------------------------------------

   CC calculation started at 2023-03-19 22:27:00 

   Energy of initial guess =         0.0000000000

      Iter.     Residuum              ω                δω           Wall time
    ----------------------------------------------------------------------------
       0      1.0549979932      1.0676588496      1.0676588496     (0.0m 2.5s)
       1      0.2974000146      0.3377238824     -0.7299349672     (0.0m 2.6s)
       2      0.1528151544      0.1901973143     -0.1475265681     (0.0m 2.6s)
       3      0.1293207722      0.1728004580     -0.0173968563     (0.0m 2.6s)
       4      0.0979583574      0.1380805832     -0.0347198748     (0.0m 2.6s)
       5      0.0760574789      0.1115128710     -0.0265677122     (0.0m 2.6s)
       6      0.0585412534      0.0883330325     -0.0231798385     (0.0m 2.8s)
       7      0.0018055274      0.0029531363     -0.0853798962     (0.0m 2.6s)
       8      0.0007326163      0.0011977789     -0.0017553574     (0.0m 2.6s)
       9      0.0002446415      0.0004000501     -0.0007977288     (0.0m 2.6s)
      10      0.0000924955      0.0001512446     -0.0002488055     (0.0m 2.6s)
      11      0.0000231632      0.0000378769     -0.0001133677     (0.0m 2.6s)
      12      0.0000079635      0.0000130219     -0.0000248550     (0.0m 2.6s)
      13      0.0000027610      0.0000045148     -0.0000085071     (0.0m 2.6s)
      14      0.0000012813      0.0000020952     -0.0000024196     (0.0m 2.6s)
      15      0.0000003168      0.0000005181     -0.0000015772     (0.0m 2.6s)
      16      0.0000001436      0.0000002348     -0.0000002833     (0.0m 2.6s)
      17      0.0000000563      0.0000000921     -0.0000001427     (0.0m 2.6s)
      18      0.0000000253      0.0000000413     -0.0000000508     (0.0m 2.6s)
      19      0.0000000092      0.0000000150     -0.0000000263     (0.0m 2.6s)
      20      0.0000000043      0.0000000000     -0.0000000081     (0.0m 2.4s)
   Left CC calculation successfully converged! (0.00m  54.94s)

   Left-CC Calculation Summary
  --------------------------------------------------
   Converged        ω = 0.00000001       LR = 0.00000000

   Left CC calculation ended at 2023-03-19 22:28:38

   CC(P;3) Calculation Summary
   -------------------------------------
   Completed in  (15.00m  29.05s)

   CC(P) = -155.4268627880
   CC(P;3)_A = -155.4310264206     ΔE_A = -0.6777895664     δ_A = -0.0041636326
   CC(P;3)_B = -155.4308659339     ΔE_B = -0.6776290797     δ_B = -0.0040031458
   CC(P;3)_C = -155.4315351424     ΔE_C = -0.6782982883     δ_C = -0.0046723544
   CC(P;3)_D = -155.4315344821     ΔE_D = -0.6782976279     δ_D = -0.0046716940

   Selected moments account for  5.74% of the total CC(P;3)_D correction


   ===========================================================================================
        Performing CC(P;Q) calculation with 6.0 % triples ( 3542736.0 triples )
   ===========================================================================================

   Symmetry A1 - Total number of triples in P space =  3542736
      Number of aaa =  97834
      Number of aab =  1673534
      Number of abb =  1673534
      Number of bbb =  97834
   Symmetry A2 - Total number of triples in P space =  0
      Number of aaa =  0
      Number of aab =  0
      Number of abb =  0
      Number of bbb =  0
   Symmetry B1 - Total number of triples in P space =  0
      Number of aaa =  0
      Number of aab =  0
      Number of abb =  0
      Number of bbb =  0
   Symmetry B2 - Total number of triples in P space =  0
      Number of aaa =  0
      Number of aab =  0
      Number of abb =  0
      Number of bbb =  0
   --------------------------------------------------
   Calculation type =  CCSDT_P_QUADRATIC_DIRECT_OPT
   Maximum iterations = 500
   Convergence tolerance = 1e-08
   Energy shift = 0.0
   DIIS size =  6
   RHF symmetry = True
   --------------------------------------------------

   CC calculation started at 2023-03-19 23:03:00 

   Energy of initial guess =         0.0000000000

      Iter.     Residuum             δE                ΔE           Wall time
    ----------------------------------------------------------------------------
       0      0.6400206322     -0.5496221666     -0.5496221666    (1.0m 27.9s)
       1      0.2023969275     -0.0676279197     -0.6172500862    (1.0m 20.1s)
       2      0.1501104583     -0.0204961651     -0.6377462513    (1.0m 19.5s)
       3      0.1222086195     -0.0103497526     -0.6480960039    (1.0m 19.6s)
       4      0.0989622573     -0.0067496058     -0.6548456097    (1.0m 20.6s)
       5      0.0788012996     -0.0048884289     -0.6597340386    (1.0m 20.3s)
       6      0.0616415360     -0.0036500275     -0.6633840661    (1.0m 20.0s)
       7      0.0475076143     -0.0027463469     -0.6661304130    (1.0m 19.7s)
       8      0.0361700545     -0.0020629726     -0.6681933856    (1.0m 19.4s)
       9      0.0272817169     -0.0015442290     -0.6697376146    (1.0m 43.4s)
      10      0.0001006883     -0.0044175728     -0.6741551874    (1.0m 20.4s)
      11      0.0000488429      0.0000138487     -0.6741413387    (1.0m 21.0s)
      12      0.0000170258     -0.0000058374     -0.6741471761    (1.0m 20.6s)
      13      0.0000050319     -0.0000008476     -0.6741480237    (1.0m 20.7s)
      14      0.0000019018      0.0000001877     -0.6741478360    (1.0m 20.8s)
      15      0.0000006291     -0.0000000213     -0.6741478572    (1.0m 20.1s)
      16      0.0000002793     -0.0000000281     -0.6741478854    (1.0m 28.5s)
      17      0.0000001192      0.0000000030     -0.6741478824    (1.0m 28.7s)
      18      0.0000000415     -0.0000000048     -0.6741478872    (1.0m 41.3s)
      19      0.0000000154     -0.0000000012     -0.6741478884    (1.0m 46.4s)
      20      0.0000000073     -0.0000000006     -0.6741478890    (1.0m 53.0s)
   CC calculation successfully converged! (30.00m  11.81s)

   CC Calculation Summary
  --------------------------------------------------
   Reference energy                   -154.75323685
   CC correlation energy                -0.67414789
   Total CC energy                    -155.42738474

   CC calculation ended at 2023-03-19 23:34:07

   HBar CCSD construction finished in 0.00m 12.57s
   --------------------------------------------------
   Calculation type =  LEFT_CCSD
   Maximum iterations = 500
   Convergence tolerance = 1e-08
   Energy shift = 0.0
   DIIS size =  6
   RHF symmetry = False
   --------------------------------------------------

   CC calculation started at 2023-03-19 23:34:00 

   Energy of initial guess =         0.0000000000

      Iter.     Residuum              ω                δω           Wall time
    ----------------------------------------------------------------------------
       0      1.0547906467      1.0679906323      1.0679906323     (0.0m 2.5s)
       1      0.2972706566      0.3377450899     -0.7302455424     (0.0m 2.6s)
       2      0.1527219205      0.1901694393     -0.1475756506     (0.0m 2.6s)
       3      0.1292184309      0.1727338687     -0.0174355706     (0.0m 2.5s)
       4      0.0978665215      0.1379991654     -0.0347347032     (0.0m 2.6s)
       5      0.0759763744      0.1114268392     -0.0265723262     (0.0m 2.6s)
       6      0.0584717694      0.0882503000     -0.0231765392     (0.0m 3.0s)
       7      0.0018014849      0.0029467762     -0.0853035238     (0.0m 3.8s)
       8      0.0007307889      0.0011948953     -0.0017518808     (0.0m 2.7s)
       9      0.0002439639      0.0003989768     -0.0007959186     (0.0m 2.6s)
      10      0.0000922509      0.0001508578     -0.0002481190     (0.0m 2.6s)
      11      0.0000231114      0.0000377954     -0.0001130623     (0.0m 3.2s)
      12      0.0000079475      0.0000129969     -0.0000247985     (0.0m 2.6s)
      13      0.0000027576      0.0000045096     -0.0000084873     (0.0m 3.4s)
      14      0.0000012805      0.0000020941     -0.0000024155     (0.0m 2.9s)
      15      0.0000003167      0.0000005180     -0.0000015761     (0.0m 3.2s)
      16      0.0000001434      0.0000002345     -0.0000002835     (0.0m 2.8s)
      17      0.0000000562      0.0000000919     -0.0000001426     (0.0m 2.7s)
      18      0.0000000252      0.0000000412     -0.0000000507     (0.0m 3.2s)
      19      0.0000000092      0.0000000150     -0.0000000262     (0.0m 2.6s)
      20      0.0000000042      0.0000000000     -0.0000000080     (0.0m 2.4s)
   Left CC calculation successfully converged! (0.00m  59.18s)

   Left-CC Calculation Summary
  --------------------------------------------------
   Converged        ω = 0.00000001       LR = 0.00000000

   Left CC calculation ended at 2023-03-19 23:35:19

   CC(P;3) Calculation Summary
   -------------------------------------
   Completed in  (19.00m  28.03s)

   CC(P) = -155.4273847431
   CC(P;3)_A = -155.4310798006     ΔE_A = -0.6778429465     δ_A = -0.0036950575
   CC(P;3)_B = -155.4309396738     ΔE_B = -0.6777028197     δ_B = -0.0035549307
   CC(P;3)_C = -155.4315272978     ΔE_C = -0.6782904436     δ_C = -0.0041425547
   CC(P;3)_D = -155.4315267458     ΔE_D = -0.6782898916     δ_D = -0.0041420027

   Selected moments account for  5.33% of the total CC(P;3)_D correction


   ===========================================================================================
        Performing CC(P;Q) calculation with 7.0 % triples ( 4133192.0 triples )
   ===========================================================================================

   Symmetry A1 - Total number of triples in P space =  4133192
      Number of aaa =  115750
      Number of aab =  1950846
      Number of abb =  1950846
      Number of bbb =  115750
   Symmetry A2 - Total number of triples in P space =  0
      Number of aaa =  0
      Number of aab =  0
      Number of abb =  0
      Number of bbb =  0
   Symmetry B1 - Total number of triples in P space =  0
      Number of aaa =  0
      Number of aab =  0
      Number of abb =  0
      Number of bbb =  0
   Symmetry B2 - Total number of triples in P space =  0
      Number of aaa =  0
      Number of aab =  0
      Number of abb =  0
      Number of bbb =  0
   --------------------------------------------------
   Calculation type =  CCSDT_P_QUADRATIC_DIRECT_OPT
   Maximum iterations = 500
   Convergence tolerance = 1e-08
   Energy shift = 0.0
   DIIS size =  6
   RHF symmetry = True
   --------------------------------------------------

   CC calculation started at 2023-03-20 00:20:00 

   Energy of initial guess =         0.0000000000

      Iter.     Residuum             δE                ΔE           Wall time
    ----------------------------------------------------------------------------
       0      0.6400520839     -0.5496221666     -0.5496221666    (2.0m 17.4s)
       1      0.2021510590     -0.0680323199     -0.6176544864     (2.0m 6.6s)
       2      0.1498380959     -0.0205269112     -0.6381813976     (2.0m 5.2s)
       3      0.1219818433     -0.0103541077     -0.6485355054     (2.0m 9.3s)
       4      0.0988100863     -0.0067394058     -0.6552749112     (2.0m 3.2s)
       5      0.0787257334     -0.0048799098     -0.6601548209    (2.0m 13.4s)
       6      0.0616262635     -0.0036444792     -0.6637993001    (1.0m 53.3s)
       7      0.0475345660     -0.0027438117     -0.6665431118     (2.0m 2.1s)
       8      0.0362222025     -0.0020625925     -0.6686057043    (2.0m 12.3s)
       9      0.0273459901     -0.0015452352     -0.6701509396    (2.0m 10.1s)
      10      0.0001003392     -0.0044357422     -0.6745866818    (1.0m 44.2s)
      11      0.0000488501      0.0000137639     -0.6745729179    (1.0m 57.5s)
      12      0.0000174652     -0.0000055597     -0.6745784776     (2.0m 1.8s)
      13      0.0000050736     -0.0000011107     -0.6745795883    (2.0m 15.8s)
      14      0.0000018959      0.0000002327     -0.6745793556    (2.0m 36.4s)
      15      0.0000006440     -0.0000000166     -0.6745793722    (1.0m 59.0s)
      16      0.0000002838     -0.0000000273     -0.6745793995     (2.0m 7.9s)
      17      0.0000001206      0.0000000036     -0.6745793958    (2.0m 10.3s)
      18      0.0000000426     -0.0000000050     -0.6745794008    (1.0m 58.8s)
      19      0.0000000161     -0.0000000012     -0.6745794020    (1.0m 44.8s)
      20      0.0000000077     -0.0000000007     -0.6745794027    (1.0m 34.9s)
   CC calculation successfully converged! (43.00m  24.31s)

   CC Calculation Summary
  --------------------------------------------------
   Reference energy                   -154.75323685
   CC correlation energy                -0.67457940
   Total CC energy                    -155.42781626

   CC calculation ended at 2023-03-20 01:04:02

   HBar CCSD construction finished in 0.00m 10.53s
   --------------------------------------------------
   Calculation type =  LEFT_CCSD
   Maximum iterations = 500
   Convergence tolerance = 1e-08
   Energy shift = 0.0
   DIIS size =  6
   RHF symmetry = False
   --------------------------------------------------

   CC calculation started at 2023-03-20 01:04:00 

   Energy of initial guess =         0.0000000000

      Iter.     Residuum              ω                δω           Wall time
    ----------------------------------------------------------------------------
       0      1.0545925655      1.0682539666      1.0682539666     (0.0m 2.7s)
       1      0.2971555895      0.3377571180     -0.7304968486     (0.0m 2.9s)
       2      0.1526400645      0.1901419020     -0.1476152160     (0.0m 2.7s)
       3      0.1291292770      0.1726735228     -0.0174683792     (0.0m 2.6s)
       4      0.0977869372      0.1379269864     -0.0347465364     (0.0m 2.7s)
       5      0.0759064140      0.1113514912     -0.0265754952     (0.0m 2.7s)
       6      0.0584120628      0.0881784166     -0.0231730746     (0.0m 2.8s)
       7      0.0017982890      0.0029417473     -0.0852366693     (0.0m 2.8s)
       8      0.0007293766      0.0011926687     -0.0017490786     (0.0m 2.6s)
       9      0.0002434262      0.0003981249     -0.0007945438     (0.0m 2.6s)
      10      0.0000920562      0.0001505498     -0.0002475751     (0.0m 2.7s)
      11      0.0000230723      0.0000377340     -0.0001128157     (0.0m 2.7s)
      12      0.0000079364      0.0000129797     -0.0000247543     (0.0m 2.7s)
      13      0.0000027550      0.0000045057     -0.0000084740     (0.0m 2.6s)
      14      0.0000012802      0.0000020937     -0.0000024120     (0.0m 2.6s)
      15      0.0000003167      0.0000005180     -0.0000015757     (0.0m 2.6s)
      16      0.0000001432      0.0000002342     -0.0000002838     (0.0m 2.7s)
      17      0.0000000561      0.0000000917     -0.0000001425     (0.0m 2.6s)
      18      0.0000000251      0.0000000411     -0.0000000506     (0.0m 2.8s)
      19      0.0000000091      0.0000000149     -0.0000000262     (0.0m 2.6s)
      20      0.0000000042      0.0000000000     -0.0000000080     (0.0m 2.4s)
   Left CC calculation successfully converged! (0.00m  56.27s)

   Left-CC Calculation Summary
  --------------------------------------------------
   Converged        ω = 0.00000001       LR = 0.00000000

   Left CC calculation ended at 2023-03-20 01:05:10

   CC(P;3) Calculation Summary
   -------------------------------------
   Completed in  (17.00m  26.49s)

   CC(P) = -155.4278162569
   CC(P;3)_A = -155.4311243527     ΔE_A = -0.6778874986     δ_A = -0.0033080959
   CC(P;3)_B = -155.4310006570     ΔE_B = -0.6777638029     δ_B = -0.0031844002
   CC(P;3)_C = -155.4315218640     ΔE_C = -0.6782850098     δ_C = -0.0037056071
   CC(P;3)_D = -155.4315213948     ΔE_D = -0.6782845407     δ_D = -0.0037051380

   Selected moments account for  5.03% of the total CC(P;3)_D correction


   ===========================================================================================
        Performing CC(P;Q) calculation with 8.0 % triples ( 4723648.0 triples )
   ===========================================================================================


   Symmetry A1 - Total number of triples in P space =  4723648
      Number of aaa =  133704
      Number of aab =  2228120
      Number of abb =  2228120
      Number of bbb =  133704
   Symmetry A2 - Total number of triples in P space =  0
      Number of aaa =  0
      Number of aab =  0
      Number of abb =  0
      Number of bbb =  0
   Symmetry B1 - Total number of triples in P space =  0
      Number of aaa =  0
      Number of aab =  0
      Number of abb =  0
      Number of bbb =  0
   Symmetry B2 - Total number of triples in P space =  0
      Number of aaa =  0
      Number of aab =  0
      Number of abb =  0
      Number of bbb =  0
   --------------------------------------------------
   Calculation type =  CCSDT_P_QUADRATIC_DIRECT_OPT
   Maximum iterations = 500
   Convergence tolerance = 1e-08
   Energy shift = 0.0
   DIIS size =  6
   RHF symmetry = True
   --------------------------------------------------

   CC calculation started at 2023-03-20 01:42:00 

   Energy of initial guess =         0.0000000000

      Iter.     Residuum             δE                ΔE           Wall time
    ----------------------------------------------------------------------------
       0      0.6400785932     -0.5496221666     -0.5496221666    (1.0m 50.3s)
       1      0.2019420328     -0.0683755943     -0.6179977609    (1.0m 44.8s)
       2      0.1496002526     -0.0205524750     -0.6385502359    (1.0m 44.2s)
       3      0.1217833846     -0.0103575647     -0.6489078006    (1.0m 44.3s)
       4      0.0986784763     -0.0067303570     -0.6556381576    (1.0m 44.5s)
       5      0.0786625353     -0.0048724261     -0.6605105837    (1.0m 44.9s)
       6      0.0616168632     -0.0036396653     -0.6641502491    (1.0m 44.8s)
       7      0.0475626203     -0.0027416871     -0.6668919362    (1.0m 44.4s)
       8      0.0362724247     -0.0020623869     -0.6689543231    (1.0m 44.9s)
       9      0.0274066356     -0.0015462578     -0.6705005809    (2.0m 15.2s)
      10      0.0001005505     -0.0044527195     -0.6749533003    (2.0m 34.8s)
      11      0.0000488830      0.0000137746     -0.6749395257    (2.0m 23.1s)
      12      0.0000177577     -0.0000054119     -0.6749449375    (2.0m 23.3s)
      13      0.0000050990     -0.0000012457     -0.6749461832    (2.0m 21.8s)
      14      0.0000018939      0.0000002407     -0.6749459425    (2.0m 22.0s)
      15      0.0000006523     -0.0000000067     -0.6749459492    (2.0m 20.4s)
      16      0.0000002861     -0.0000000266     -0.6749459758    (2.0m 24.5s)
      17      0.0000001224      0.0000000036     -0.6749459722    (2.0m 21.1s)
      18      0.0000000429     -0.0000000052     -0.6749459773    (2.0m 23.8s)
      19      0.0000000162     -0.0000000013     -0.6749459786    (2.0m 19.7s)
      20      0.0000000077     -0.0000000007     -0.6749459793    (2.0m 22.9s)
   CC calculation successfully converged! (44.00m  19.72s)

   CC Calculation Summary
  --------------------------------------------------
   Reference energy                   -154.75323685
   CC correlation energy                -0.67494598
   Total CC energy                    -155.42818283

   CC calculation ended at 2023-03-20 02:26:52

   HBar CCSD construction finished in 0.00m 13.70s
   --------------------------------------------------
   Calculation type =  LEFT_CCSD
   Maximum iterations = 500
   Convergence tolerance = 1e-08
   Energy shift = 0.0
   DIIS size =  6
   RHF symmetry = False
   --------------------------------------------------

   CC calculation started at 2023-03-20 02:27:00 

   Energy of initial guess =         0.0000000000

      Iter.     Residuum              ω                δω           Wall time
    ----------------------------------------------------------------------------
       0      1.0544784574      1.0685061080      1.0685061080     (0.0m 3.2s)
       1      0.2970800173      0.3377864529     -0.7307196551     (0.0m 3.6s)
       2      0.1525831751      0.1901317950     -0.1476546580     (0.0m 3.3s)
       3      0.1290634383      0.1726340265     -0.0174977685     (0.0m 3.1s)
       4      0.0977266635      0.1378753224     -0.0347587042     (0.0m 3.3s)
       5      0.0758525477      0.1112953788     -0.0265799436     (0.0m 3.6s)
       6      0.0583655554      0.0881236646     -0.0231717141     (0.0m 3.5s)
       7      0.0017958093      0.0029378711     -0.0851857935     (0.0m 3.3s)
       8      0.0007282822      0.0011909537     -0.0017469173     (0.0m 3.2s)
       9      0.0002429868      0.0003974312     -0.0007935225     (0.0m 3.4s)
      10      0.0000919012      0.0001503058     -0.0002471255     (0.0m 2.9s)
      11      0.0000230409      0.0000376851     -0.0001126207     (0.0m 2.8s)
      12      0.0000079281      0.0000129669     -0.0000247182     (0.0m 2.9s)
      13      0.0000027532      0.0000045031     -0.0000084638     (0.0m 3.0s)
      14      0.0000012801      0.0000020937     -0.0000024094     (0.0m 2.7s)
      15      0.0000003167      0.0000005181     -0.0000015757     (0.0m 2.8s)
      16      0.0000001431      0.0000002340     -0.0000002840     (0.0m 2.7s)
      17      0.0000000560      0.0000000916     -0.0000001425     (0.0m 2.7s)
      18      0.0000000251      0.0000000410     -0.0000000505     (0.0m 2.8s)
      19      0.0000000091      0.0000000149     -0.0000000261     (0.0m 3.2s)
      20      0.0000000042      0.0000000000     -0.0000000080     (0.0m 2.7s)
   Left CC calculation successfully converged! (1.00m  4.63s)

   Left-CC Calculation Summary
  --------------------------------------------------
   Converged        ω = 0.00000001       LR = 0.00000000

   Left CC calculation ended at 2023-03-20 02:28:10


