   System Information:
   ----------------------------------------------------
     Number of correlated electrons = 10
     Number of correlated orbitals = 24
     Number of frozen orbitals = 0
     Number of alpha occupied orbitals = 5
     Number of alpha unoccupied orbitals = 19
     Number of beta occupied orbitals = 5
     Number of beta unoccupied orbitals = 19
     Charge = 0
     Point group = C2V
     Symmetry of reference = A1
     Spin multiplicity of reference = 1

      MO #        Energy (a.u.)      Symmetry    Occupation
-----------------------------------------------------------
         1           -20.549991            A1           2.0
         2            -1.322999            A1           2.0
         3            -0.700200            B2           2.0
         4            -0.551000            A1           2.0
         5            -0.489500            B1           2.0
         6             0.183200            A1           0.0
         7             0.253000            B2           0.0
         8             0.798300            B2           0.0
         9             0.809800            A1           0.0
        10             1.162600            A1           0.0
        11             1.201799            B1           0.0
        12             1.247899            B2           0.0
        13             1.453899            A2           0.0
        14             1.498099            A1           0.0
        15             1.702199            B1           0.0
        16             1.882599            B2           0.0
        17             1.885199            A1           0.0
        18             2.429799            B2           0.0
        19             2.436699            A1           0.0
        20             3.238099            B1           0.0
        21             3.343799            A2           0.0
        22             3.442899            A1           0.0
        23             3.904598            A1           0.0
        24             4.089498            B2           0.0

   Nuclear Repulsion Energy = 9.009354229662662
   Reference Energy = -76.02403850028135

Parsing external CI file up through quadruples
Hartree-Fock coefficient =  0.973183145305

Excitation Content
-------------------
Number of singles =  34
Number of doubles =  2473
Number of triples =  884
Number of quadruples =  1824

External correction energy =  -0.20937673089362363
Performing Cluster Analysis
---------------------------
T1... done
T2... done
T3... done
T4... done
T vector energy =  -0.20937640860114226
   --------------------------------------------------
   Calculation type =  ECCC2_SLOW
   Maximum iterations = 80
   Convergence tolerance = 1e-07
   Energy shift = 0.0
   DIIS size =  6
   RHF symmetry = False
   --------------------------------------------------

   CC calculation started at 2022-10-11 18:47:00 

   Energy of initial guess =         0.0000000000

      Iter.     Residuum             δE                ΔE           Wall time
    ----------------------------------------------------------------------------
       0      0.2731359359     -0.1923301608     -0.1923301608     (0.0m 1.9s)
       1      0.0419237525     -0.0197134780     -0.2120436388     (0.0m 1.9s)
       2      0.0134981441     -0.0025521991     -0.2145958379     (0.0m 1.9s)
       3      0.0045584746     -0.0005095962     -0.2151054341     (0.0m 1.9s)
       4      0.0017063757     -0.0001593649     -0.2152647990     (0.0m 2.0s)
       5      0.0007138059     -0.0000599477     -0.2153247466     (0.0m 1.8s)
       6      0.0003222188     -0.0000242629     -0.2153490095     (0.0m 2.0s)
       7      0.0001526264     -0.0000100772     -0.2153590867     (0.0m 1.8s)
       8      0.0000745772     -0.0000042617     -0.2153633484     (0.0m 1.7s)
       9      0.0000372052     -0.0000018279     -0.2153651763     (0.0m 1.7s)
      10      0.0000002122     -0.0000014283     -0.2153666046     (0.0m 1.7s)
      11      0.0000000815     -0.0000000001     -0.2153666046     (0.0m 2.0s)
   ec-CC calculation successfully converged! (0.00m  22.20s)

   CC Calculation Summary
  --------------------------------------------------
   Reference energy                    -76.02403850
   CC correlation energy                -0.21536660
   Total CC energy                     -76.23940510

   CC calculation ended at 2022-10-11 18:47:49

   HBar CCSD construction finished in 0.00m 0.05s
   --------------------------------------------------
   Calculation type =  LEFT_CCSD
   Maximum iterations = 80
   Convergence tolerance = 1e-07
   Energy shift = 0.0
   DIIS size =  6
   RHF symmetry = False
   --------------------------------------------------

   CC calculation started at 2022-10-11 18:47:00 

   Energy of initial guess =         0.0000000000

      Iter.     Residuum              ω                δω           Wall time
    ----------------------------------------------------------------------------
       0      0.0337730134      0.1158705603      0.1158705603     (0.0m 0.1s)
       1      0.0047924783      0.0164746326     -0.0993959278     (0.0m 0.0s)
       2      0.0015191658      0.0052251468     -0.0112494858     (0.0m 0.0s)
       3      0.0006250281      0.0021501581     -0.0030749886     (0.0m 0.0s)
       4      0.0002926523      0.0010068242     -0.0011433339     (0.0m 0.0s)
       5      0.0001506846      0.0005184230     -0.0004884012     (0.0m 0.0s)
       6      0.0000830658      0.0002857884     -0.0002326346     (0.0m 0.1s)
       7      0.0000021866      0.0000075233     -0.0002782651     (0.0m 0.0s)
       8      0.0000005441      0.0000018720     -0.0000056513     (0.0m 0.1s)
       9      0.0000001137      0.0000003910     -0.0000014810     (0.0m 0.0s)
      10      0.0000000292      0.0000001004     -0.0000002906     (0.0m 0.0s)
      11      0.0000000072      0.0000000000     -0.0000000756     (0.0m 0.0s)
   Left CC calculation successfully converged! (0.00m  0.54s)

   Left-CC Calculation Summary
  --------------------------------------------------
   Converged        ω = 0.00000002       LR = 0.00000000

   Left CC calculation ended at 2022-10-11 18:47:50

   CC(P;3) Calculation Summary
   -------------------------------------
   Completed in  (0.00m  0.26s)

   CC(P) = -76.2394051049
   CC(P;3)_A = -76.2414575650     ΔE_A = -0.2174190647     δ_A = -0.0020524601
   CC(P;3)_B = -76.2413954799     ΔE_B = -0.2173569797     δ_B = -0.0019903750
   CC(P;3)_C = -76.2418518055     ΔE_C = -0.2178133052     δ_C = -0.0024467006
   CC(P;3)_D = -76.2418476722     ΔE_D = -0.2178091720     δ_D = -0.0024425673

