converged SCF energy = -75.5877112495703
   System Information:
   ----------------------------------------------------
     Number of correlated electrons = 10
     Number of correlated orbitals = 24
     Number of frozen orbitals = 0
     Number of alpha occupied orbitals = 5
     Number of alpha unoccupied orbitals = 19
     Number of beta occupied orbitals = 5
     Number of beta unoccupied orbitals = 19
     Charge = 0
     Point group = C1
     Symmetry of reference = A
     Spin multiplicity of reference = 1

      MO #        Energy (a.u.)      Symmetry    Occupation
-----------------------------------------------------------
         1           -20.669244             A           2.0
         2            -1.200401             A           2.0
         3            -0.510243             A           2.0
         4            -0.423784             A           2.0
         5            -0.421620             A           2.0
         6            -0.041146             A           0.0
         7             0.008453             A           0.0
         8             0.604428             A           0.0
         9             0.651561             A           0.0
        10             1.155328             A           0.0
        11             1.168204             A           0.0
        12             1.175344             A           0.0
        13             1.302825             A           0.0
        14             1.449038             A           0.0
        15             1.450220             A           0.0
        16             1.484070             A           0.0
        17             1.498894             A           0.0
        18             1.776714             A           0.0
        19             1.937407             A           0.0
        20             2.952377             A           0.0
        21             2.958839             A           0.0
        22             2.961714             A           0.0
        23             2.985925             A           0.0
        24             2.998931             A           0.0

   Nuclear Repulsion Energy = 4.504677114831331
   Reference Energy = -75.58771124957025

   --------------------------------------------------
   Calculation type =  CCSDTQ
   Maximum iterations = 80
   Convergence tolerance = 1e-08
   Energy shift = 0.0
   DIIS size =  6
   RHF symmetry = True
   --------------------------------------------------

   CC calculation started at 2022-05-05 17:04:00 

   Energy of initial guess =         0.0000000000

      Iter.     Residuum             δE                ΔE           Wall time
    ----------------------------------------------------------------------------
       0      0.6235443096     -0.2887904199     -0.2887904199    (4.0m 48.1s)
       1      0.2445015417     -0.0280200889     -0.3168105088    (5.0m 29.5s)
       2      0.1564072419     -0.0188204491     -0.3356309579    (5.0m 31.6s)
       3      0.1124592424     -0.0103814518     -0.3460124097    (5.0m 55.6s)
       4      0.0820300009     -0.0063470638     -0.3523594735    (5.0m 42.3s)
       5      0.0619818578     -0.0038958430     -0.3562553166    (5.0m 50.8s)
       6      0.0484393900     -0.0024333800     -0.3586886966    (5.0m 51.3s)
       7      0.0388933146     -0.0015450957     -0.3602337923    (5.0m 48.5s)
       8      0.0317630821     -0.0010052486     -0.3612390409    (5.0m 41.6s)
       9      0.0261882128     -0.0006730553     -0.3619120962     (7.0m 6.1s)
      10      0.0021592825     -0.0019987005     -0.3639107966    (6.0m 21.7s)
      11      0.0012650434     -0.0000335114     -0.3639443080    (6.0m 25.7s)
      12      0.0008474254      0.0000593814     -0.3638849266    (6.0m 12.7s)
      13      0.0006184581      0.0000130261     -0.3638719005    (6.0m 21.7s)
      14      0.0005276816     -0.0000070365     -0.3638789371     (6.0m 5.1s)
      15      0.0003759539     -0.0000192726     -0.3638982097    (6.0m 21.0s)
      16      0.0002543167     -0.0000135770     -0.3639117867    (6.0m 26.3s)
      17      0.0001578692     -0.0000077071     -0.3639194938    (6.0m 25.7s)
      18      0.0000709743     -0.0000044066     -0.3639239004    (6.0m 18.2s)
      19      0.0000382652      0.0000000237     -0.3639238767    (6.0m 19.2s)
      20      0.0000254960      0.0000000361     -0.3639238406    (6.0m 10.7s)
      21      0.0000176762     -0.0000002416     -0.3639240822    (6.0m 13.8s)
      22      0.0000131111     -0.0000000926     -0.3639241748    (6.0m 11.0s)
      23      0.0000078301     -0.0000000709     -0.3639242457     (6.0m 7.0s)
      24      0.0000034790      0.0000001223     -0.3639241234     (6.0m 8.3s)
      25      0.0000021393      0.0000000915     -0.3639240319    (6.0m 10.9s)
      26      0.0000014544      0.0000000639     -0.3639239680    (6.0m 20.0s)
      27      0.0000010390      0.0000000294     -0.3639239387    (6.0m 18.0s)
      28      0.0000006937      0.0000000150     -0.3639239237     (6.0m 8.2s)
      29      0.0000004117     -0.0000000014     -0.3639239251     (6.0m 0.9s)
      30      0.0000002703     -0.0000000044     -0.3639239295     (6.0m 4.4s)
      31      0.0000001920     -0.0000000047     -0.3639239342    (5.0m 57.9s)
      32      0.0000001362     -0.0000000009     -0.3639239351     (6.0m 8.6s)
      33      0.0000000824      0.0000000006     -0.3639239345    (5.0m 58.2s)
      34      0.0000000449      0.0000000028     -0.3639239316    (6.0m 16.7s)
      35      0.0000000292      0.0000000019     -0.3639239297     (6.0m 6.0s)
      36      0.0000000226      0.0000000011     -0.3639239286    (6.0m 16.4s)
      37      0.0000000187      0.0000000005     -0.3639239281     (6.0m 9.4s)
      38      0.0000000147      0.0000000004     -0.3639239277     (6.0m 5.9s)
      39      0.0000000107      0.0000000001     -0.3639239276    (6.0m 12.1s)
      40      0.0000000077      0.0000000000     -0.3639239276    (4.0m 47.3s)
   CC calculation successfully converged! (248.00m  54.71s)

   CC Calculation Summary
  --------------------------------------------------
   Reference energy                    -75.58771125
   CC correlation energy                -0.36392393
   Total CC energy                     -75.95163518

   CC calculation ended at 2022-05-05 21:13:38

   Expected Answers
   -----------------
   E(CCSDTQ) / Re = -76.157851
   E(CCSDTQ) / 2Re = -75.905138210299
