converged SCF energy = -76.024038511513
   System Information:
   ----------------------------------------------------
     Number of correlated electrons = 10
     Number of correlated orbitals = 24
     Number of frozen orbitals = 0
     Number of alpha occupied orbitals = 5
     Number of alpha unoccupied orbitals = 19
     Number of beta occupied orbitals = 5
     Number of beta unoccupied orbitals = 19
     Charge = 0
     Point group = C1
     Symmetry of reference = A
     Spin multiplicity of reference = 1

      MO #        Energy (a.u.)      Symmetry    Occupation
-----------------------------------------------------------
         1           -20.549977             A           2.0
         2            -1.322974             A           2.0
         3            -0.700162             A           2.0
         4            -0.550962             A           2.0
         5            -0.489508             A           2.0
         6             0.183200             A           0.0
         7             0.252970             A           0.0
         8             0.798319             A           0.0
         9             0.809777             A           0.0
        10             1.162582             A           0.0
        11             1.201770             A           0.0
        12             1.247938             A           0.0
        13             1.453909             A           0.0
        14             1.498062             A           0.0
        15             1.702166             A           0.0
        16             1.882574             A           0.0
        17             1.885220             A           0.0
        18             2.429776             A           0.0
        19             2.436671             A           0.0
        20             3.238118             A           0.0
        21             3.343815             A           0.0
        22             3.442925             A           0.0
        23             3.904617             A           0.0
        24             4.089524             A           0.0

   Nuclear Repulsion Energy = 9.009354229662662
   Reference Energy = -76.02403851151291

   --------------------------------------------------
   Calculation type =  CCSDTQ
   Maximum iterations = 80
   Convergence tolerance = 1e-08
   Energy shift = 0.0
   DIIS size =  6
   RHF symmetry = True
   --------------------------------------------------

   CC calculation started at 2022-05-06 10:38:00 

   Energy of initial guess =         0.0000000000

      Iter.     Residuum             δE                ΔE           Wall time
    ----------------------------------------------------------------------------
       0      0.3204769215     -0.1975392235     -0.1975392235    (4.0m 48.3s)
       1      0.0511388629     -0.0160494021     -0.2135886256    (5.0m 39.7s)
       2      0.0195387311     -0.0029718665     -0.2165604922    (5.0m 29.3s)
       3      0.0079850763     -0.0008093948     -0.2173698869    (5.0m 57.3s)
       4      0.0033984876     -0.0002684858     -0.2176383727    (5.0m 52.6s)
       5      0.0015003578     -0.0000983308     -0.2177367035    (5.0m 48.0s)
       6      0.0006839210     -0.0000384910     -0.2177751945    (5.0m 43.8s)
       7      0.0003206013     -0.0000157118     -0.2177909063    (5.0m 46.0s)
       8      0.0001539313     -0.0000066301     -0.2177975365    (5.0m 46.1s)
       9      0.0000754003     -0.0000028675     -0.2178004040    (6.0m 51.7s)
      10      0.0000012141     -0.0000023382     -0.2178027422    (6.0m 10.7s)
      11      0.0000004384      0.0000000057     -0.2178027364    (6.0m 14.0s)
      12      0.0000001550      0.0000000021     -0.2178027344     (6.0m 8.2s)
      13      0.0000000382      0.0000000009     -0.2178027335    (6.0m 14.5s)
      14      0.0000000123      0.0000000003     -0.2178027332    (6.0m 18.0s)
      15      0.0000000040      0.0000000000     -0.2178027332    (4.0m 48.9s)
   CC calculation successfully converged! (93.00m  37.21s)

   CC Calculation Summary
  --------------------------------------------------
   Reference energy                    -76.02403851
   CC correlation energy                -0.21780273
   Total CC energy                     -76.24184124

   CC calculation ended at 2022-05-06 12:11:38

