   System Information:
   ----------------------------------------------------
     Number of correlated electrons = 14
     Number of correlated orbitals = 28
     Number of frozen orbitals = 2
     Number of alpha occupied orbitals = 7
     Number of alpha unoccupied orbitals = 21
     Number of beta occupied orbitals = 7
     Number of beta unoccupied orbitals = 21
     Charge = 0
     Point group = D2H
     Symmetry of reference = AG
     Spin multiplicity of reference = 1

      MO #        Energy (a.u.)      Symmetry    Occupation
-----------------------------------------------------------
         1           -26.454689            AG           2.0
         2           -26.454589           B1U           2.0
         3            -1.619899            AG           2.0
         4            -1.580999           B1U           2.0
         5            -0.741100           B2U           2.0
         6            -0.741100           B3U           2.0
         7            -0.719500           B3G           2.0
         8            -0.719500           B2G           2.0
         9            -0.559000            AG           2.0
        10            -0.170600           B1U           0.0
        11             1.278399            AG           0.0
        12             1.299799           B2U           0.0
        13             1.299799           B3U           0.0
        14             1.447299           B3G           0.0
        15             1.447299           B2G           0.0
        16             1.456499           B1U           0.0
        17             1.517399            AG           0.0
        18             2.005099           B1U           0.0
        19             3.886998            AG           0.0
        20             3.890498           B3U           0.0
        21             3.890498           B2U           0.0
        22             3.896698           B2G           0.0
        23             3.896698           B3G           0.0
        24             3.908198            AG           0.0
        25             3.908198           B1G           0.0
        26             3.908298            AU           0.0
        27             3.908298           B1U           0.0
        28             3.938398           B1U           0.0
        29             7.510897            AG           0.0
        30             7.742797           B1U           0.0

   Nuclear Repulsion Energy = 20.23866634684577
   Reference Energy = -198.52793445790797

   Using P space file:  /scratch/gururang/test_ccpq_2ba/f2-1.5Re/civecs-100000.dat
   Number of triples in P space =  24264
   Number of aaa =  852
   Number of aab =  11280
   Number of abb =  11280
   Number of bbb =  852
   --------------------------------------------------
   Calculation type =  CCSDT_P
   Maximum iterations = 500
   Convergence tolerance = 1e-08
   Energy shift = 0.0
   DIIS size =  6
   RHF symmetry = False
   --------------------------------------------------

   CC calculation started at 2022-05-08 18:08:00 

   Energy of initial guess =         0.0000000000

      Iter.     Residuum             δE                ΔE           Wall time
    ----------------------------------------------------------------------------
       0      0.5093403583     -0.4486706242     -0.4486706242    (0.0m 14.0s)
       1      0.1940954073     -0.0583129897     -0.5069836139    (0.0m 15.8s)
       2      0.0903715832     -0.0159575248     -0.5229411387    (0.0m 15.4s)
       3      0.0437730202     -0.0070709231     -0.5300120618    (0.0m 17.2s)
       4      0.0219606739     -0.0035220188     -0.5335340806    (0.0m 16.4s)
       5      0.0112395213     -0.0017858921     -0.5353199727    (0.0m 16.3s)
       6      0.0058928471     -0.0009142846     -0.5362342573    (0.0m 16.3s)
       7      0.0032376561     -0.0004689910     -0.5367032483    (0.0m 16.3s)
       8      0.0019589694     -0.0002418249     -0.5369450732    (0.0m 16.4s)
       9      0.0013717852     -0.0001253050     -0.5370703782    (0.0m 21.4s)
      10      0.0000728352     -0.0001479519     -0.5372183301    (0.0m 20.6s)
      11      0.0000284276     -0.0000018207     -0.5372201508    (0.0m 20.7s)
      12      0.0000207676     -0.0000004142     -0.5372205650    (0.0m 20.2s)
      13      0.0000178640     -0.0000001019     -0.5372206669    (0.0m 18.3s)
      14      0.0000122371     -0.0000000033     -0.5372206703    (0.0m 18.1s)
      15      0.0000030573      0.0000000395     -0.5372206308    (0.0m 17.9s)
      16      0.0000009998      0.0000000183     -0.5372206125    (0.0m 17.8s)
      17      0.0000007272     -0.0000000197     -0.5372206322    (0.0m 17.9s)
      18      0.0000005879     -0.0000000136     -0.5372206457    (0.0m 17.8s)
      19      0.0000003779     -0.0000000127     -0.5372206584    (0.0m 17.9s)
      20      0.0000001704      0.0000000034     -0.5372206550    (0.0m 17.7s)
      21      0.0000000752      0.0000000077     -0.5372206473    (0.0m 17.9s)
      22      0.0000000502      0.0000000051     -0.5372206422    (0.0m 17.8s)
      23      0.0000000427      0.0000000011     -0.5372206411    (0.0m 17.7s)
      24      0.0000000314      0.0000000001     -0.5372206410    (0.0m 17.9s)
      25      0.0000000138     -0.0000000001     -0.5372206411    (0.0m 17.8s)
      26      0.0000000054     -0.0000000000     -0.5372206411    (0.0m 12.9s)
   CC calculation successfully converged! (7.00m  52.53s)

   CC Calculation Summary
  --------------------------------------------------
   Reference energy                   -198.52793446
   CC correlation energy                -0.53722064
   Total CC energy                    -199.06515510

   CC calculation ended at 2022-05-08 18:16:31

HBar CCSD construction finished in 0.00m 0.15s
   --------------------------------------------------
   Calculation type =  LEFT_CCSD
   Maximum iterations = 500
   Convergence tolerance = 1e-08
   Energy shift = 0.0
   DIIS size =  6
   RHF symmetry = False
   --------------------------------------------------

   CC calculation started at 2022-05-08 18:16:00 

   Energy of initial guess =         0.0000000000

      Iter.     Residuum              ω                δω           Wall time
    ----------------------------------------------------------------------------
       0      0.7068231878      0.0000000000      1.1534833480     (0.0m 0.1s)
       1      0.1864833458      0.0000000000     -0.8271979369     (0.0m 0.1s)
       2      0.0904326784      0.0000000000     -0.1591604126     (0.0m 0.1s)
       3      0.0703952604      0.0000000000     -0.0322130752     (0.0m 0.1s)
       4      0.0484286186      0.0000000000     -0.0397125330     (0.0m 0.1s)
       5      0.0341376533      0.0000000000     -0.0269088971     (0.0m 0.1s)
       6      0.0238587519      0.0000000000     -0.0199799930     (0.0m 0.1s)
       7      0.0010380646      0.0000000000     -0.0461489311     (0.0m 0.1s)
       8      0.0007477317      0.0000000000     -0.0006046596     (0.0m 0.1s)
       9      0.0006140730      0.0000000000     -0.0002782428     (0.0m 0.1s)
      10      0.0002953127      0.0000000000     -0.0006638007     (0.0m 0.1s)
      11      0.0000547241      0.0000000000     -0.0005009080     (0.0m 0.1s)
      12      0.0000166403      0.0000000000     -0.0000793063     (0.0m 0.1s)
      13      0.0000047597      0.0000000000     -0.0000247400     (0.0m 0.1s)
      14      0.0000018672      0.0000000000     -0.0000060235     (0.0m 0.1s)
      15      0.0000006349      0.0000000000     -0.0000025660     (0.0m 0.1s)
      16      0.0000002588      0.0000000000     -0.0000007832     (0.0m 0.1s)
      17      0.0000001528      0.0000000000     -0.0000002207     (0.0m 0.1s)
      18      0.0000001243      0.0000000000     -0.0000000594     (0.0m 0.1s)
      19      0.0000000863      0.0000000000     -0.0000000791     (0.0m 0.1s)
      20      0.0000000415      0.0000000000     -0.0000000934     (0.0m 0.1s)
      21      0.0000000165      0.0000000000     -0.0000000520     (0.0m 0.1s)
      22      0.0000000080      0.0000000000     -0.0000000176     (0.0m 0.1s)
      23      0.0000000050      0.0000000000     -0.0000000064     (0.0m 0.1s)
   Left CC calculation successfully converged! (0.00m  2.54s)

   Left-CC Calculation Summary
  --------------------------------------------------
   Converged        ω = 0.00000001       LR = 0.00000000

   Left CC calculation ended at 2022-05-08 18:16:34

   CC(P;3) Calculation Summary
   -------------------------------------
   Completed in  (0.00m  0.78s)

   CC(P) = -199.0651550990
   CC(P;3)_A = -199.0658930788     ΔE_A = -0.5379586209     δ_A = -0.0007379798
   CC(P;3)_B = -199.0658692513     ΔE_B = -0.5379347934     δ_B = -0.0007141523
   CC(P;3)_C = -199.0659858401     ΔE_C = -0.5380513822     δ_C = -0.0008307411
   CC(P;3)_D = -199.0659854115     ΔE_D = -0.5380509536     δ_D = -0.0008303125

