   System Information:
   ----------------------------------------------------
     Number of correlated electrons = 14
     Number of correlated orbitals = 28
     Number of frozen orbitals = 2
     Number of alpha occupied orbitals = 7
     Number of alpha unoccupied orbitals = 21
     Number of beta occupied orbitals = 7
     Number of beta unoccupied orbitals = 21
     Charge = 0
     Point group = D2H
     Symmetry of reference = AG
     Spin multiplicity of reference = 1

      MO #        Energy (a.u.)      Symmetry    Occupation
-----------------------------------------------------------
         1           -26.454689            AG           2.0
         2           -26.454589           B1U           2.0
         3            -1.619899            AG           2.0
         4            -1.580999           B1U           2.0
         5            -0.741100           B2U           2.0
         6            -0.741100           B3U           2.0
         7            -0.719500           B3G           2.0
         8            -0.719500           B2G           2.0
         9            -0.559000            AG           2.0
        10            -0.170600           B1U           0.0
        11             1.278399            AG           0.0
        12             1.299799           B2U           0.0
        13             1.299799           B3U           0.0
        14             1.447299           B3G           0.0
        15             1.447299           B2G           0.0
        16             1.456499           B1U           0.0
        17             1.517399            AG           0.0
        18             2.005099           B1U           0.0
        19             3.886998            AG           0.0
        20             3.890498           B3U           0.0
        21             3.890498           B2U           0.0
        22             3.896698           B2G           0.0
        23             3.896698           B3G           0.0
        24             3.908198            AG           0.0
        25             3.908198           B1G           0.0
        26             3.908298            AU           0.0
        27             3.908298           B1U           0.0
        28             3.938398           B1U           0.0
        29             7.510897            AG           0.0
        30             7.742797           B1U           0.0

   Nuclear Repulsion Energy = 20.23866634684577
   Reference Energy = -198.52793445790797

   Using P space file:  /scratch/gururang/test_ccpq_2ba/f2-1.5Re/civecs-100.dat
   Number of triples in P space =  0
   Number of aaa =  0
   Number of aab =  0
   Number of abb =  0
   Number of bbb =  0
   --------------------------------------------------
   Calculation type =  CCSDT_P
   Maximum iterations = 500
   Convergence tolerance = 1e-08
   Energy shift = 0.0
   DIIS size =  6
   RHF symmetry = False
   --------------------------------------------------

   CC calculation started at 2022-05-08 17:40:00 

   Energy of initial guess =         0.0000000000

      Iter.     Residuum             δE                ΔE           Wall time
    ----------------------------------------------------------------------------
       0      0.4966240769     -0.4486706242     -0.4486706242    (0.0m 12.5s)
       1      0.1595578929     -0.0402132146     -0.4888838388    (0.0m 15.9s)
       2      0.0592551786     -0.0096909517     -0.4985747905    (0.0m 16.1s)
       3      0.0246473088     -0.0036898610     -0.5022646515    (0.0m 16.0s)
       4      0.0111684558     -0.0017284027     -0.5039930542    (0.0m 15.3s)
       5      0.0053099862     -0.0007932552     -0.5047863094    (0.0m 15.3s)
       6      0.0027480658     -0.0003788565     -0.5051651659    (0.0m 15.3s)
       7      0.0016585318     -0.0001788151     -0.5053439811    (0.0m 15.2s)
       8      0.0012121315     -0.0000860617     -0.5054300427    (0.0m 15.3s)
       9      0.0010044768     -0.0000416303     -0.5054716730    (0.0m 19.0s)
      10      0.0000170891     -0.0000515547     -0.5055232278    (0.0m 17.8s)
      11      0.0000051610     -0.0000000406     -0.5055232684    (0.0m 17.9s)
      12      0.0000009282     -0.0000000758     -0.5055233442    (0.0m 17.9s)
      13      0.0000003162      0.0000000041     -0.5055233400    (0.0m 17.8s)
      14      0.0000000605     -0.0000000031     -0.5055233432    (0.0m 17.7s)
      15      0.0000000174     -0.0000000005     -0.5055233437    (0.0m 17.9s)
      16      0.0000000038      0.0000000000     -0.5055233436    (0.0m 12.9s)
   CC calculation successfully converged! (4.00m  35.80s)

   CC Calculation Summary
  --------------------------------------------------
   Reference energy                   -198.52793446
   CC correlation energy                -0.50552334
   Total CC energy                    -199.03345780

   CC calculation ended at 2022-05-08 17:45:33

HBar CCSD construction finished in 0.00m 0.15s
   --------------------------------------------------
   Calculation type =  LEFT_CCSD
   Maximum iterations = 500
   Convergence tolerance = 1e-08
   Energy shift = 0.0
   DIIS size =  6
   RHF symmetry = False
   --------------------------------------------------

   CC calculation started at 2022-05-08 17:45:00 

   Energy of initial guess =         0.0000000000

      Iter.     Residuum              ω                δω           Wall time
    ----------------------------------------------------------------------------
       0      0.4550086989      0.0000000000      0.8006969745     (0.0m 0.1s)
       1      0.0860700706      0.0000000000     -0.6449005006     (0.0m 0.1s)
       2      0.0353300899      0.0000000000     -0.0902715704     (0.0m 0.1s)
       3      0.0282476627      0.0000000000     -0.0123164139     (0.0m 0.1s)
       4      0.0194837217      0.0000000000     -0.0161023156     (0.0m 0.1s)
       5      0.0139312015      0.0000000000     -0.0103709319     (0.0m 0.1s)
       6      0.0098277981      0.0000000000     -0.0077730164     (0.0m 0.1s)
       7      0.0005468078      0.0000000000     -0.0178934665     (0.0m 0.1s)
       8      0.0003790155      0.0000000000     -0.0003279303     (0.0m 0.1s)
       9      0.0003268056      0.0000000000     -0.0001020287     (0.0m 0.1s)
      10      0.0002207197      0.0000000000     -0.0002073827     (0.0m 0.1s)
      11      0.0000564254      0.0000000000     -0.0003211166     (0.0m 0.1s)
      12      0.0000146668      0.0000000000     -0.0000816304     (0.0m 0.1s)
      13      0.0000041815      0.0000000000     -0.0000204965     (0.0m 0.1s)
      14      0.0000017171      0.0000000000     -0.0000048175     (0.0m 0.1s)
      15      0.0000005734      0.0000000000     -0.0000022356     (0.0m 0.1s)
      16      0.0000002296      0.0000000000     -0.0000006721     (0.0m 0.1s)
      17      0.0000000981      0.0000000000     -0.0000002571     (0.0m 0.1s)
      18      0.0000000683      0.0000000000     -0.0000000583     (0.0m 0.1s)
      19      0.0000000508      0.0000000000     -0.0000000342     (0.0m 0.1s)
      20      0.0000000334      0.0000000000     -0.0000000340     (0.0m 0.1s)
      21      0.0000000192      0.0000000000     -0.0000000278     (0.0m 0.1s)
      22      0.0000000086      0.0000000000     -0.0000000208     (0.0m 0.1s)
      23      0.0000000029      0.0000000000     -0.0000000112     (0.0m 0.1s)
      24      0.0000000006      0.0000000000     -0.0000000044     (0.0m 0.1s)
   Left CC calculation successfully converged! (0.00m  2.64s)

   Left-CC Calculation Summary
  --------------------------------------------------
   Converged        ω = 0.00000000       LR = 0.00000000

   Left CC calculation ended at 2022-05-08 17:45:36

   CC(P;3) Calculation Summary
   -------------------------------------
   Completed in  (0.00m  0.75s)

   CC(P) = -199.0334578015
   CC(P;3)_A = -199.0598975485     ΔE_A = -0.5319630906     δ_A = -0.0264397470
   CC(P;3)_B = -199.0570589951     ΔE_B = -0.5291245372     δ_B = -0.0236011935
   CC(P;3)_C = -199.0654847800     ΔE_C = -0.5375503221     δ_C = -0.0320269785
   CC(P;3)_D = -199.0641473939     ΔE_D = -0.5362129360     δ_D = -0.0306895924

