   System Information:
   ----------------------------------------------------
     Number of correlated electrons = 14
     Number of correlated orbitals = 28
     Number of frozen orbitals = 2
     Number of alpha occupied orbitals = 7
     Number of alpha unoccupied orbitals = 21
     Number of beta occupied orbitals = 7
     Number of beta unoccupied orbitals = 21
     Charge = 0
     Point group = D2H
     Symmetry of reference = AG
     Spin multiplicity of reference = 1

      MO #        Energy (a.u.)      Symmetry    Occupation
-----------------------------------------------------------
         1           -26.454689            AG           2.0
         2           -26.454589           B1U           2.0
         3            -1.619899            AG           2.0
         4            -1.580999           B1U           2.0
         5            -0.741100           B2U           2.0
         6            -0.741100           B3U           2.0
         7            -0.719500           B3G           2.0
         8            -0.719500           B2G           2.0
         9            -0.559000            AG           2.0
        10            -0.170600           B1U           0.0
        11             1.278399            AG           0.0
        12             1.299799           B2U           0.0
        13             1.299799           B3U           0.0
        14             1.447299           B3G           0.0
        15             1.447299           B2G           0.0
        16             1.456499           B1U           0.0
        17             1.517399            AG           0.0
        18             2.005099           B1U           0.0
        19             3.886998            AG           0.0
        20             3.890498           B3U           0.0
        21             3.890498           B2U           0.0
        22             3.896698           B2G           0.0
        23             3.896698           B3G           0.0
        24             3.908198            AG           0.0
        25             3.908198           B1G           0.0
        26             3.908298            AU           0.0
        27             3.908298           B1U           0.0
        28             3.938398           B1U           0.0
        29             7.510897            AG           0.0
        30             7.742797           B1U           0.0

   Nuclear Repulsion Energy = 20.23866634684577
   Reference Energy = -198.52793445790797

   Using P space file:  /scratch/gururang/test_ccpq_2ba/f2-1.5Re/civecs-1000000.dat
   Number of triples in P space =  64464
   Number of aaa =  2409
   Number of aab =  29823
   Number of abb =  29823
   Number of bbb =  2409
   --------------------------------------------------
   Calculation type =  CCSDT_P
   Maximum iterations = 500
   Convergence tolerance = 1e-08
   Energy shift = 0.0
   DIIS size =  6
   RHF symmetry = False
   --------------------------------------------------

   CC calculation started at 2022-05-08 18:28:00 

   Energy of initial guess =         0.0000000000

      Iter.     Residuum             δE                ΔE           Wall time
    ----------------------------------------------------------------------------
       0      0.5096367026     -0.4486706242     -0.4486706242    (0.0m 14.3s)
       1      0.1936961682     -0.0587604815     -0.5074311057    (0.0m 16.8s)
       2      0.0901813264     -0.0158938409     -0.5233249466    (0.0m 16.5s)
       3      0.0437720311     -0.0070329919     -0.5303579385    (0.0m 18.7s)
       4      0.0220512309     -0.0035015938     -0.5338595322    (0.0m 18.2s)
       5      0.0113750619     -0.0017845804     -0.5356441126    (0.0m 18.3s)
       6      0.0060593262     -0.0009182004     -0.5365623130    (0.0m 18.3s)
       7      0.0034521906     -0.0004741967     -0.5370365098    (0.0m 18.2s)
       8      0.0022402307     -0.0002463004     -0.5372828102    (0.0m 18.2s)
       9      0.0017134713     -0.0001287651     -0.5374115752    (0.0m 23.4s)
      10      0.0001158912     -0.0001698788     -0.5375814540    (0.0m 21.4s)
      11      0.0000300579     -0.0000034690     -0.5375849230    (0.0m 19.2s)
      12      0.0000110530     -0.0000006118     -0.5375855348    (0.0m 19.3s)
      13      0.0000075183     -0.0000001855     -0.5375857203    (0.0m 18.5s)
      14      0.0000065670      0.0000000006     -0.5375857197    (0.0m 18.4s)
      15      0.0000054868      0.0000000114     -0.5375857083    (0.0m 18.5s)
      16      0.0000032959      0.0000000260     -0.5375856823    (0.0m 18.5s)
      17      0.0000017759     -0.0000000081     -0.5375856904    (0.0m 18.3s)
      18      0.0000012354     -0.0000000321     -0.5375857225    (0.0m 18.4s)
      19      0.0000010132     -0.0000000148     -0.5375857373    (0.0m 18.4s)
      20      0.0000008112     -0.0000000067     -0.5375857440    (0.0m 18.2s)
      21      0.0000003932      0.0000000099     -0.5375857341    (0.0m 18.4s)
      22      0.0000001008      0.0000000125     -0.5375857217    (0.0m 18.5s)
      23      0.0000000581      0.0000000038     -0.5375857178    (0.0m 18.2s)
      24      0.0000000499      0.0000000006     -0.5375857172    (0.0m 18.4s)
      25      0.0000000455      0.0000000001     -0.5375857170    (0.0m 18.4s)
      26      0.0000000380      0.0000000001     -0.5375857170    (0.0m 18.4s)
      27      0.0000000231     -0.0000000000     -0.5375857170    (0.0m 18.4s)
      28      0.0000000149      0.0000000003     -0.5375857167    (0.0m 18.4s)
      29      0.0000000131      0.0000000001     -0.5375857166    (0.0m 18.4s)
      30      0.0000000110      0.0000000001     -0.5375857166    (0.0m 18.4s)
      31      0.0000000065     -0.0000000000     -0.5375857166    (0.0m 13.3s)
   CC calculation successfully converged! (9.00m  45.47s)

   CC Calculation Summary
  --------------------------------------------------
   Reference energy                   -198.52793446
   CC correlation energy                -0.53758572
   Total CC energy                    -199.06552017

   CC calculation ended at 2022-05-08 18:38:10

HBar CCSD construction finished in 0.00m 0.15s
   --------------------------------------------------
   Calculation type =  LEFT_CCSD
   Maximum iterations = 500
   Convergence tolerance = 1e-08
   Energy shift = 0.0
   DIIS size =  6
   RHF symmetry = False
   --------------------------------------------------

   CC calculation started at 2022-05-08 18:38:00 

   Energy of initial guess =         0.0000000000

      Iter.     Residuum              ω                δω           Wall time
    ----------------------------------------------------------------------------
       0      0.7082825843      0.0000000000      1.1556791618     (0.0m 0.1s)
       1      0.1867435935      0.0000000000     -0.8289896530     (0.0m 0.1s)
       2      0.0904181734      0.0000000000     -0.1596144304     (0.0m 0.1s)
       3      0.0703819045      0.0000000000     -0.0322041905     (0.0m 0.1s)
       4      0.0484249824      0.0000000000     -0.0396862462     (0.0m 0.1s)
       5      0.0341568117      0.0000000000     -0.0268585825     (0.0m 0.1s)
       6      0.0239045471      0.0000000000     -0.0199228212     (0.0m 0.1s)
       7      0.0017275042      0.0000000000     -0.0448052264     (0.0m 0.1s)
       8      0.0013097816      0.0000000000     -0.0008701160     (0.0m 0.1s)
       9      0.0009347112      0.0000000000     -0.0007809036     (0.0m 0.1s)
      10      0.0002990218      0.0000000000     -0.0013242381     (0.0m 0.1s)
      11      0.0000531305      0.0000000000     -0.0005120822     (0.0m 0.1s)
      12      0.0000173639      0.0000000000     -0.0000745028     (0.0m 0.1s)
      13      0.0000050267      0.0000000000     -0.0000256981     (0.0m 0.1s)
      14      0.0000020459      0.0000000000     -0.0000062091     (0.0m 0.1s)
      15      0.0000008152      0.0000000000     -0.0000025635     (0.0m 0.1s)
      16      0.0000003666      0.0000000000     -0.0000009345     (0.0m 0.1s)
      17      0.0000001925      0.0000000000     -0.0000003626     (0.0m 0.1s)
      18      0.0000001475      0.0000000000     -0.0000000937     (0.0m 0.1s)
      19      0.0000000951      0.0000000000     -0.0000001092     (0.0m 0.1s)
      20      0.0000000420      0.0000000000     -0.0000001107     (0.0m 0.1s)
      21      0.0000000153      0.0000000000     -0.0000000556     (0.0m 0.1s)
      22      0.0000000061      0.0000000000     -0.0000000192     (0.0m 0.1s)
      23      0.0000000023      0.0000000000     -0.0000000080     (0.0m 0.1s)
   Left CC calculation successfully converged! (0.00m  2.53s)

   Left-CC Calculation Summary
  --------------------------------------------------
   Converged        ω = 0.00000000       LR = 0.00000000

   Left CC calculation ended at 2022-05-08 18:38:13

   CC(P;3) Calculation Summary
   -------------------------------------
   Completed in  (0.00m  0.79s)

   CC(P) = -199.0655201745
   CC(P;3)_A = -199.0659020364     ΔE_A = -0.5379675785     δ_A = -0.0003818620
   CC(P;3)_B = -199.0658902704     ΔE_B = -0.5379558125     δ_B = -0.0003700959
   CC(P;3)_C = -199.0659521716     ΔE_C = -0.5380177137     δ_C = -0.0004319971
   CC(P;3)_D = -199.0659519320     ΔE_D = -0.5380174741     δ_D = -0.0004317576

