   System Information:
   ----------------------------------------------------
     Number of correlated electrons = 14
     Number of correlated orbitals = 28
     Number of frozen orbitals = 2
     Number of alpha occupied orbitals = 7
     Number of alpha unoccupied orbitals = 21
     Number of beta occupied orbitals = 7
     Number of beta unoccupied orbitals = 21
     Charge = 0
     Point group = D2H
     Symmetry of reference = AG
     Spin multiplicity of reference = 1

      MO #        Energy (a.u.)      Symmetry    Occupation
-----------------------------------------------------------
         1           -26.454689            AG           2.0
         2           -26.454589           B1U           2.0
         3            -1.619899            AG           2.0
         4            -1.580999           B1U           2.0
         5            -0.741100           B2U           2.0
         6            -0.741100           B3U           2.0
         7            -0.719500           B3G           2.0
         8            -0.719500           B2G           2.0
         9            -0.559000            AG           2.0
        10            -0.170600           B1U           0.0
        11             1.278399            AG           0.0
        12             1.299799           B2U           0.0
        13             1.299799           B3U           0.0
        14             1.447299           B3G           0.0
        15             1.447299           B2G           0.0
        16             1.456499           B1U           0.0
        17             1.517399            AG           0.0
        18             2.005099           B1U           0.0
        19             3.886998            AG           0.0
        20             3.890498           B3U           0.0
        21             3.890498           B2U           0.0
        22             3.896698           B2G           0.0
        23             3.896698           B3G           0.0
        24             3.908198            AG           0.0
        25             3.908198           B1G           0.0
        26             3.908298            AU           0.0
        27             3.908298           B1U           0.0
        28             3.938398           B1U           0.0
        29             7.510897            AG           0.0
        30             7.742797           B1U           0.0

   Nuclear Repulsion Energy = 20.23866634684577
   Reference Energy = -198.52793445790797

   Using P space file:  /scratch/gururang/test_ccpq_2ba/f2-1.5Re/civecs-1000.dat
   Number of triples in P space =  132
   Number of aaa =  0
   Number of aab =  66
   Number of abb =  66
   Number of bbb =  0
   --------------------------------------------------
   Calculation type =  CCSDT_P
   Maximum iterations = 500
   Convergence tolerance = 1e-08
   Energy shift = 0.0
   DIIS size =  6
   RHF symmetry = False
   --------------------------------------------------

   CC calculation started at 2022-05-08 17:45:00 

   Energy of initial guess =         0.0000000000

      Iter.     Residuum             δE                ΔE           Wall time
    ----------------------------------------------------------------------------
       0      0.5037417679     -0.4486706242     -0.4486706242    (0.0m 12.5s)
       1      0.1783165449     -0.0489014955     -0.4975721197    (0.0m 14.3s)
       2      0.0755177576     -0.0131304982     -0.5107026178    (0.0m 14.2s)
       3      0.0339338728     -0.0053964754     -0.5160990932    (0.0m 16.3s)
       4      0.0160238951     -0.0025895320     -0.5186886252    (0.0m 15.4s)
       5      0.0077512885     -0.0012349164     -0.5199235416    (0.0m 15.4s)
       6      0.0038838693     -0.0006037561     -0.5205272976    (0.0m 15.4s)
       7      0.0020828031     -0.0002932325     -0.5208205301    (0.0m 15.4s)
       8      0.0012766767     -0.0001440585     -0.5209645886    (0.0m 15.4s)
       9      0.0009235508     -0.0000709021     -0.5210354908    (0.0m 20.5s)
      10      0.0000202527     -0.0000761578     -0.5211116485    (0.0m 19.8s)
      11      0.0000055718     -0.0000003190     -0.5211119675    (0.0m 19.7s)
      12      0.0000009425     -0.0000001426     -0.5211121101    (0.0m 19.7s)
      13      0.0000003080      0.0000000001     -0.5211121100    (0.0m 20.6s)
      14      0.0000000669     -0.0000000016     -0.5211121115    (0.0m 19.1s)
      15      0.0000000148      0.0000000001     -0.5211121115    (0.0m 18.2s)
      16      0.0000000062     -0.0000000003     -0.5211121118    (0.0m 12.9s)
   CC calculation successfully converged! (4.00m  44.97s)

   CC Calculation Summary
  --------------------------------------------------
   Reference energy                   -198.52793446
   CC correlation energy                -0.52111211
   Total CC energy                    -199.04904657

   CC calculation ended at 2022-05-08 17:50:30

HBar CCSD construction finished in 0.00m 0.15s
   --------------------------------------------------
   Calculation type =  LEFT_CCSD
   Maximum iterations = 500
   Convergence tolerance = 1e-08
   Energy shift = 0.0
   DIIS size =  6
   RHF symmetry = False
   --------------------------------------------------

   CC calculation started at 2022-05-08 17:50:00 

   Energy of initial guess =         0.0000000000

      Iter.     Residuum              ω                δω           Wall time
    ----------------------------------------------------------------------------
       0      0.5740554265      0.0000000000      0.9723682497     (0.0m 0.1s)
       1      0.1351698881      0.0000000000     -0.7319066619     (0.0m 0.1s)
       2      0.0622078215      0.0000000000     -0.1252986405     (0.0m 0.1s)
       3      0.0492482975      0.0000000000     -0.0215764529     (0.0m 0.1s)
       4      0.0340108456      0.0000000000     -0.0277552639     (0.0m 0.1s)
       5      0.0241505418      0.0000000000     -0.0184853882     (0.0m 0.1s)
       6      0.0169675840      0.0000000000     -0.0137838106     (0.0m 0.1s)
       7      0.0005519241      0.0000000000     -0.0324471294     (0.0m 0.1s)
       8      0.0003120624      0.0000000000     -0.0004845480     (0.0m 0.1s)
       9      0.0002664155      0.0000000000     -0.0000921992     (0.0m 0.1s)
      10      0.0001976376      0.0000000000     -0.0001389484     (0.0m 0.1s)
      11      0.0000580467      0.0000000000     -0.0002819493     (0.0m 0.1s)
      12      0.0000150442      0.0000000000     -0.0000868673     (0.0m 0.1s)
      13      0.0000041836      0.0000000000     -0.0000219390     (0.0m 0.1s)
      14      0.0000015775      0.0000000000     -0.0000052644     (0.0m 0.1s)
      15      0.0000004559      0.0000000000     -0.0000022658     (0.0m 0.1s)
      16      0.0000001489      0.0000000000     -0.0000006202     (0.0m 0.1s)
      17      0.0000000543      0.0000000000     -0.0000001911     (0.0m 0.1s)
      18      0.0000000320      0.0000000000     -0.0000000450     (0.0m 0.1s)
      19      0.0000000213      0.0000000000     -0.0000000217     (0.0m 0.1s)
      20      0.0000000132      0.0000000000     -0.0000000164     (0.0m 0.1s)
      21      0.0000000082      0.0000000000     -0.0000000102     (0.0m 0.1s)
      22      0.0000000040      0.0000000000     -0.0000000085     (0.0m 0.1s)
   Left CC calculation successfully converged! (0.00m  2.44s)

   Left-CC Calculation Summary
  --------------------------------------------------
   Converged        ω = 0.00000001       LR = 0.00000000

   Left CC calculation ended at 2022-05-08 17:50:33

   CC(P;3) Calculation Summary
   -------------------------------------
   Completed in  (0.00m  0.75s)

   CC(P) = -199.0490465697
   CC(P;3)_A = -199.0630509488     ΔE_A = -0.5351164909     δ_A = -0.0140043791
   CC(P;3)_B = -199.0618285151     ΔE_B = -0.5338940572     δ_B = -0.0127819454
   CC(P;3)_C = -199.0653164010     ΔE_C = -0.5373819431     δ_C = -0.0162698313
   CC(P;3)_D = -199.0648662102     ΔE_D = -0.5369317523     δ_D = -0.0158196405

