   System Information:
   ----------------------------------------------------
     Number of correlated electrons = 14
     Number of correlated orbitals = 28
     Number of frozen orbitals = 2
     Number of alpha occupied orbitals = 7
     Number of alpha unoccupied orbitals = 21
     Number of beta occupied orbitals = 7
     Number of beta unoccupied orbitals = 21
     Charge = 0
     Point group = D2H
     Symmetry of reference = AG
     Spin multiplicity of reference = 1

      MO #        Energy (a.u.)      Symmetry    Occupation
-----------------------------------------------------------
         1           -26.454689            AG           2.0
         2           -26.454589           B1U           2.0
         3            -1.619899            AG           2.0
         4            -1.580999           B1U           2.0
         5            -0.741100           B2U           2.0
         6            -0.741100           B3U           2.0
         7            -0.719500           B3G           2.0
         8            -0.719500           B2G           2.0
         9            -0.559000            AG           2.0
        10            -0.170600           B1U           0.0
        11             1.278399            AG           0.0
        12             1.299799           B2U           0.0
        13             1.299799           B3U           0.0
        14             1.447299           B3G           0.0
        15             1.447299           B2G           0.0
        16             1.456499           B1U           0.0
        17             1.517399            AG           0.0
        18             2.005099           B1U           0.0
        19             3.886998            AG           0.0
        20             3.890498           B3U           0.0
        21             3.890498           B2U           0.0
        22             3.896698           B2G           0.0
        23             3.896698           B3G           0.0
        24             3.908198            AG           0.0
        25             3.908198           B1G           0.0
        26             3.908298            AU           0.0
        27             3.908298           B1U           0.0
        28             3.938398           B1U           0.0
        29             7.510897            AG           0.0
        30             7.742797           B1U           0.0

   Nuclear Repulsion Energy = 20.23866634684577
   Reference Energy = -198.52793445790797

   Using P space file:  /scratch/gururang/test_ccpq_2ba/f2-1.5Re/civecs-10000.dat
   Number of triples in P space =  2544
   Number of aaa =  64
   Number of aab =  1208
   Number of abb =  1208
   Number of bbb =  64
   --------------------------------------------------
   Calculation type =  CCSDT_P
   Maximum iterations = 500
   Convergence tolerance = 1e-08
   Energy shift = 0.0
   DIIS size =  6
   RHF symmetry = False
   --------------------------------------------------

   CC calculation started at 2022-05-08 17:55:00 

   Energy of initial guess =         0.0000000000

      Iter.     Residuum             δE                ΔE           Wall time
    ----------------------------------------------------------------------------
       0      0.5080869724     -0.4486706242     -0.4486706242    (0.0m 12.5s)
       1      0.1959353946     -0.0566288898     -0.5052995140    (0.0m 14.2s)
       2      0.0913613678     -0.0163672375     -0.5216667515    (0.0m 14.1s)
       3      0.0438469255     -0.0072182265     -0.5288849780    (0.0m 16.0s)
       4      0.0216441574     -0.0035778047     -0.5324627828    (0.0m 15.3s)
       5      0.0108173795     -0.0017816524     -0.5342444352    (0.0m 15.3s)
       6      0.0054805719     -0.0008966619     -0.5351410970    (0.0m 15.3s)
       7      0.0028388909     -0.0004503056     -0.5355914026    (0.0m 15.3s)
       8      0.0015459324     -0.0002272145     -0.5358186172    (0.0m 15.4s)
       9      0.0009293123     -0.0001148502     -0.5359334673    (0.0m 20.1s)
      10      0.0000285039     -0.0001212849     -0.5360547522    (0.0m 19.3s)
      11      0.0000073012     -0.0000005165     -0.5360552687    (0.0m 19.3s)
      12      0.0000013119     -0.0000002415     -0.5360555102    (0.0m 19.5s)
      13      0.0000003844     -0.0000000126     -0.5360555228    (0.0m 19.3s)
      14      0.0000000984      0.0000000019     -0.5360555209    (0.0m 19.2s)
      15      0.0000000297      0.0000000009     -0.5360555200    (0.0m 19.5s)
      16      0.0000000073     -0.0000000014     -0.5360555214    (0.0m 13.3s)
   CC calculation successfully converged! (4.00m  42.96s)

   CC Calculation Summary
  --------------------------------------------------
   Reference energy                   -198.52793446
   CC correlation energy                -0.53605552
   Total CC energy                    -199.06398998

   CC calculation ended at 2022-05-08 18:00:10

HBar CCSD construction finished in 0.00m 0.15s
   --------------------------------------------------
   Calculation type =  LEFT_CCSD
   Maximum iterations = 500
   Convergence tolerance = 1e-08
   Energy shift = 0.0
   DIIS size =  6
   RHF symmetry = False
   --------------------------------------------------

   CC calculation started at 2022-05-08 18:00:00 

   Energy of initial guess =         0.0000000000

      Iter.     Residuum              ω                δω           Wall time
    ----------------------------------------------------------------------------
       0      0.7046630676      0.0000000000      1.1476208505     (0.0m 0.1s)
       1      0.1859504524      0.0000000000     -0.8227719315     (0.0m 0.1s)
       2      0.0909326664      0.0000000000     -0.1570150709     (0.0m 0.1s)
       3      0.0708277324      0.0000000000     -0.0322356504     (0.0m 0.1s)
       4      0.0487891522      0.0000000000     -0.0397754790     (0.0m 0.1s)
       5      0.0344087558      0.0000000000     -0.0270436232     (0.0m 0.1s)
       6      0.0240520586      0.0000000000     -0.0201116762     (0.0m 0.1s)
       7      0.0005603226      0.0000000000     -0.0475013287     (0.0m 0.1s)
       8      0.0001937956      0.0000000000     -0.0007628189     (0.0m 0.1s)
       9      0.0001526255      0.0000000000     -0.0000856724     (0.0m 0.1s)
      10      0.0001261496      0.0000000000     -0.0000551030     (0.0m 0.1s)
      11      0.0000620400      0.0000000000     -0.0001333972     (0.0m 0.1s)
      12      0.0000160262      0.0000000000     -0.0000957499     (0.0m 0.1s)
      13      0.0000042801      0.0000000000     -0.0000244426     (0.0m 0.1s)
      14      0.0000015531      0.0000000000     -0.0000056747     (0.0m 0.1s)
      15      0.0000004211      0.0000000000     -0.0000023555     (0.0m 0.1s)
      16      0.0000001223      0.0000000000     -0.0000006219     (0.0m 0.1s)
      17      0.0000000452      0.0000000000     -0.0000001604     (0.0m 0.1s)
      18      0.0000000188      0.0000000000     -0.0000000550     (0.0m 0.1s)
      19      0.0000000073      0.0000000000     -0.0000000238     (0.0m 0.1s)
      20      0.0000000031      0.0000000000     -0.0000000086     (0.0m 0.1s)
   Left CC calculation successfully converged! (0.00m  2.23s)

   Left-CC Calculation Summary
  --------------------------------------------------
   Converged        ω = 0.00000001       LR = 0.00000000

   Left CC calculation ended at 2022-05-08 18:00:13

   CC(P;3) Calculation Summary
   -------------------------------------
   Completed in  (0.00m  0.77s)

   CC(P) = -199.0639899793
   CC(P;3)_A = -199.0657601357     ΔE_A = -0.5378256778     δ_A = -0.0017701563
   CC(P;3)_B = -199.0656818128     ΔE_B = -0.5377473549     δ_B = -0.0016918335
   CC(P;3)_C = -199.0660126919     ΔE_C = -0.5380782340     δ_C = -0.0020227125
   CC(P;3)_D = -199.0660041761     ΔE_D = -0.5380697182     δ_D = -0.0020141968

