   System Information:
   ----------------------------------------------------
     Number of correlated electrons = 14
     Number of correlated orbitals = 28
     Number of frozen orbitals = 2
     Number of alpha occupied orbitals = 7
     Number of alpha unoccupied orbitals = 21
     Number of beta occupied orbitals = 7
     Number of beta unoccupied orbitals = 21
     Charge = 0
     Point group = D2H
     Symmetry of reference = AG
     Spin multiplicity of reference = 1

      MO #        Energy (a.u.)      Symmetry    Occupation
-----------------------------------------------------------
         1           -26.454689            AG           2.0
         2           -26.454589           B1U           2.0
         3            -1.619899            AG           2.0
         4            -1.580999           B1U           2.0
         5            -0.741100           B2U           2.0
         6            -0.741100           B3U           2.0
         7            -0.719500           B3G           2.0
         8            -0.719500           B2G           2.0
         9            -0.559000            AG           2.0
        10            -0.170600           B1U           0.0
        11             1.278399            AG           0.0
        12             1.299799           B2U           0.0
        13             1.299799           B3U           0.0
        14             1.447299           B3G           0.0
        15             1.447299           B2G           0.0
        16             1.456499           B1U           0.0
        17             1.517399            AG           0.0
        18             2.005099           B1U           0.0
        19             3.886998            AG           0.0
        20             3.890498           B3U           0.0
        21             3.890498           B2U           0.0
        22             3.896698           B2G           0.0
        23             3.896698           B3G           0.0
        24             3.908198            AG           0.0
        25             3.908198           B1G           0.0
        26             3.908298            AU           0.0
        27             3.908298           B1U           0.0
        28             3.938398           B1U           0.0
        29             7.510897            AG           0.0
        30             7.742797           B1U           0.0

   Nuclear Repulsion Energy = 20.23866634684577
   Reference Energy = -198.52793445790797

   Using P space file:  /scratch/gururang/test_ccpq_2ba/f2-1.5Re/civecs-500000.dat
   Number of triples in P space =  53508
   Number of aaa =  1986
   Number of aab =  24768
   Number of abb =  24768
   Number of bbb =  1986
   --------------------------------------------------
   Calculation type =  CCSDT_P
   Maximum iterations = 500
   Convergence tolerance = 1e-08
   Energy shift = 0.0
   DIIS size =  6
   RHF symmetry = False
   --------------------------------------------------

   CC calculation started at 2022-05-08 18:17:00 

   Energy of initial guess =         0.0000000000

      Iter.     Residuum             δE                ΔE           Wall time
    ----------------------------------------------------------------------------
       0      0.5096252891     -0.4486706242     -0.4486706242    (0.0m 14.3s)
       1      0.1937246611     -0.0587119150     -0.5073825392    (0.0m 16.8s)
       2      0.0902129512     -0.0159204822     -0.5233030213    (0.0m 16.5s)
       3      0.0437644334     -0.0070344616     -0.5303374829    (0.0m 18.8s)
       4      0.0220326950     -0.0034999827     -0.5338374656    (0.0m 18.2s)
       5      0.0113601784     -0.0017823694     -0.5356198350    (0.0m 18.3s)
       6      0.0060526159     -0.0009166769     -0.5365365119    (0.0m 18.3s)
       7      0.0034539822     -0.0004731985     -0.5370097104    (0.0m 18.4s)
       8      0.0022494540     -0.0002456913     -0.5372554018    (0.0m 18.4s)
       9      0.0017274596     -0.0001283960     -0.5373837978    (0.0m 23.4s)
      10      0.0001203060     -0.0001690847     -0.5375528825    (0.0m 23.1s)
      11      0.0000312458     -0.0000036674     -0.5375565499    (0.0m 23.9s)
      12      0.0000098738     -0.0000006403     -0.5375571903    (0.0m 23.9s)
      13      0.0000031593     -0.0000002098     -0.5375574001    (0.0m 19.9s)
      14      0.0000011490      0.0000000005     -0.5375573996    (0.0m 18.2s)
      15      0.0000006115      0.0000000045     -0.5375573952    (0.0m 18.3s)
      16      0.0000004471      0.0000000007     -0.5375573945    (0.0m 18.0s)
      17      0.0000003992      0.0000000026     -0.5375573919    (0.0m 17.7s)
      18      0.0000003261      0.0000000016     -0.5375573904    (0.0m 17.8s)
      19      0.0000001766      0.0000000025     -0.5375573878    (0.0m 17.9s)
      20      0.0000000653     -0.0000000019     -0.5375573897    (0.0m 17.7s)
      21      0.0000000331     -0.0000000006     -0.5375573903    (0.0m 17.7s)
      22      0.0000000185     -0.0000000000     -0.5375573903    (0.0m 18.0s)
      23      0.0000000117      0.0000000003     -0.5375573900    (0.0m 17.6s)
      24      0.0000000081      0.0000000002     -0.5375573899    (0.0m 13.0s)
   CC calculation successfully converged! (7.00m  44.19s)

   CC Calculation Summary
  --------------------------------------------------
   Reference energy                   -198.52793446
   CC correlation energy                -0.53755739
   Total CC energy                    -199.06549185

   CC calculation ended at 2022-05-08 18:25:43

HBar CCSD construction finished in 0.00m 0.15s
   --------------------------------------------------
   Calculation type =  LEFT_CCSD
   Maximum iterations = 500
   Convergence tolerance = 1e-08
   Energy shift = 0.0
   DIIS size =  6
   RHF symmetry = False
   --------------------------------------------------

   CC calculation started at 2022-05-08 18:25:00 

   Energy of initial guess =         0.0000000000

      Iter.     Residuum              ω                δω           Wall time
    ----------------------------------------------------------------------------
       0      0.7081669383      0.0000000000      1.1554207986     (0.0m 0.1s)
       1      0.1867802896      0.0000000000     -0.8286837294     (0.0m 0.1s)
       2      0.0904379908      0.0000000000     -0.1596325772     (0.0m 0.1s)
       3      0.0703944609      0.0000000000     -0.0322143730     (0.0m 0.1s)
       4      0.0484339387      0.0000000000     -0.0396906593     (0.0m 0.1s)
       5      0.0341647291      0.0000000000     -0.0268591699     (0.0m 0.1s)
       6      0.0239125752      0.0000000000     -0.0199216926     (0.0m 0.1s)
       7      0.0017667111      0.0000000000     -0.0447389129     (0.0m 0.1s)
       8      0.0013386343      0.0000000000     -0.0008916817     (0.0m 0.1s)
       9      0.0009472298      0.0000000000     -0.0008149147     (0.0m 0.1s)
      10      0.0002987457      0.0000000000     -0.0013509068     (0.0m 0.1s)
      11      0.0000531906      0.0000000000     -0.0005113840     (0.0m 0.1s)
      12      0.0000174372      0.0000000000     -0.0000744755     (0.0m 0.1s)
      13      0.0000050449      0.0000000000     -0.0000258131     (0.0m 0.1s)
      14      0.0000020563      0.0000000000     -0.0000062253     (0.0m 0.1s)
      15      0.0000008298      0.0000000000     -0.0000025548     (0.0m 0.1s)
      16      0.0000003818      0.0000000000     -0.0000009333     (0.0m 0.1s)
      17      0.0000002071      0.0000000000     -0.0000003638     (0.0m 0.1s)
      18      0.0000001589      0.0000000000     -0.0000001004     (0.0m 0.1s)
      19      0.0000001004      0.0000000000     -0.0000001218     (0.0m 0.1s)
      20      0.0000000439      0.0000000000     -0.0000001177     (0.0m 0.1s)
      21      0.0000000172      0.0000000000     -0.0000000556     (0.0m 0.1s)
      22      0.0000000089      0.0000000000     -0.0000000174     (0.0m 0.1s)
      23      0.0000000059      0.0000000000     -0.0000000062     (0.0m 0.1s)
   Left CC calculation successfully converged! (0.00m  2.55s)

   Left-CC Calculation Summary
  --------------------------------------------------
   Converged        ω = 0.00000001       LR = 0.00000000

   Left CC calculation ended at 2022-05-08 18:25:46

   CC(P;3) Calculation Summary
   -------------------------------------
   Completed in  (0.00m  0.80s)

   CC(P) = -199.0654918478
   CC(P;3)_A = -199.0659018566     ΔE_A = -0.5379673987     δ_A = -0.0004100088
   CC(P;3)_B = -199.0658889887     ΔE_B = -0.5379545308     δ_B = -0.0003971409
   CC(P;3)_C = -199.0659545836     ΔE_C = -0.5380201256     δ_C = -0.0004627358
   CC(P;3)_D = -199.0659543261     ΔE_D = -0.5380198682     δ_D = -0.0004624783

