   System Information:
   ----------------------------------------------------
     Number of correlated electrons = 14
     Number of correlated orbitals = 28
     Number of frozen orbitals = 2
     Number of alpha occupied orbitals = 7
     Number of alpha unoccupied orbitals = 21
     Number of beta occupied orbitals = 7
     Number of beta unoccupied orbitals = 21
     Charge = 0
     Point group = D2H
     Symmetry of reference = AG
     Spin multiplicity of reference = 1

      MO #        Energy (a.u.)      Symmetry    Occupation
-----------------------------------------------------------
         1           -26.454689            AG           2.0
         2           -26.454589           B1U           2.0
         3            -1.619899            AG           2.0
         4            -1.580999           B1U           2.0
         5            -0.741100           B2U           2.0
         6            -0.741100           B3U           2.0
         7            -0.719500           B3G           2.0
         8            -0.719500           B2G           2.0
         9            -0.559000            AG           2.0
        10            -0.170600           B1U           0.0
        11             1.278399            AG           0.0
        12             1.299799           B2U           0.0
        13             1.299799           B3U           0.0
        14             1.447299           B3G           0.0
        15             1.447299           B2G           0.0
        16             1.456499           B1U           0.0
        17             1.517399            AG           0.0
        18             2.005099           B1U           0.0
        19             3.886998            AG           0.0
        20             3.890498           B3U           0.0
        21             3.890498           B2U           0.0
        22             3.896698           B2G           0.0
        23             3.896698           B3G           0.0
        24             3.908198            AG           0.0
        25             3.908198           B1G           0.0
        26             3.908298            AU           0.0
        27             3.908298           B1U           0.0
        28             3.938398           B1U           0.0
        29             7.510897            AG           0.0
        30             7.742797           B1U           0.0

   Nuclear Repulsion Energy = 20.23866634684577
   Reference Energy = -198.52793445790797

   Using P space file:  /scratch/gururang/test_ccpq_2ba/f2-1.5Re/civecs-5000.dat
   Number of triples in P space =  1232
   Number of aaa =  28
   Number of aab =  588
   Number of abb =  588
   Number of bbb =  28
   --------------------------------------------------
   Calculation type =  CCSDT_P
   Maximum iterations = 500
   Convergence tolerance = 1e-08
   Energy shift = 0.0
   DIIS size =  6
   RHF symmetry = False
   --------------------------------------------------

   CC calculation started at 2022-05-08 17:50:00 

   Energy of initial guess =         0.0000000000

      Iter.     Residuum             δE                ΔE           Wall time
    ----------------------------------------------------------------------------
       0      0.5075757142     -0.4486706242     -0.4486706242    (0.0m 12.9s)
       1      0.1962282239     -0.0559717832     -0.5046424074    (0.0m 14.5s)
       2      0.0913910605     -0.0165176353     -0.5211600427    (0.0m 14.3s)
       3      0.0435352802     -0.0072291700     -0.5283892126    (0.0m 15.9s)
       4      0.0212805053     -0.0035654227     -0.5319546353    (0.0m 15.3s)
       5      0.0105132769     -0.0017546138     -0.5337092491    (0.0m 15.2s)
       6      0.0052706392     -0.0008749705     -0.5345842195    (0.0m 15.3s)
       7      0.0027092192     -0.0004346205     -0.5350188400    (0.0m 15.2s)
       8      0.0014772522     -0.0002171487     -0.5352359888    (0.0m 15.2s)
       9      0.0009023965     -0.0001086066     -0.5353445953    (0.0m 19.1s)
      10      0.0000207654     -0.0001127600     -0.5354573553    (0.0m 17.9s)
      11      0.0000056650     -0.0000002818     -0.5354576371    (0.0m 17.8s)
      12      0.0000009432     -0.0000001935     -0.5354578305    (0.0m 17.9s)
      13      0.0000003020     -0.0000000069     -0.5354578374    (0.0m 17.8s)
      14      0.0000000701     -0.0000000021     -0.5354578395    (0.0m 17.7s)
      15      0.0000000189      0.0000000013     -0.5354578383    (0.0m 17.8s)
      16      0.0000000076     -0.0000000007     -0.5354578390    (0.0m 12.9s)
   CC calculation successfully converged! (4.00m  32.78s)

   CC Calculation Summary
  --------------------------------------------------
   Reference energy                   -198.52793446
   CC correlation energy                -0.53545784
   Total CC energy                    -199.06339230

   CC calculation ended at 2022-05-08 17:55:15

HBar CCSD construction finished in 0.00m 0.15s
   --------------------------------------------------
   Calculation type =  LEFT_CCSD
   Maximum iterations = 500
   Convergence tolerance = 1e-08
   Energy shift = 0.0
   DIIS size =  6
   RHF symmetry = False
   --------------------------------------------------

   CC calculation started at 2022-05-08 17:55:00 

   Energy of initial guess =         0.0000000000

      Iter.     Residuum              ω                δω           Wall time
    ----------------------------------------------------------------------------
       0      0.7014263466      0.0000000000      1.1427665397     (0.0m 0.1s)
       1      0.1847634152      0.0000000000     -0.8199867858     (0.0m 0.1s)
       2      0.0904170078      0.0000000000     -0.1559392980     (0.0m 0.1s)
       3      0.0704515761      0.0000000000     -0.0320192473     (0.0m 0.1s)
       4      0.0485429973      0.0000000000     -0.0395330108     (0.0m 0.1s)
       5      0.0342426060      0.0000000000     -0.0268829421     (0.0m 0.1s)
       6      0.0239407873      0.0000000000     -0.0199948411     (0.0m 0.1s)
       7      0.0005652002      0.0000000000     -0.0472350508     (0.0m 0.1s)
       8      0.0002076304      0.0000000000     -0.0007436252     (0.0m 0.1s)
       9      0.0001668212      0.0000000000     -0.0000848580     (0.0m 0.1s)
      10      0.0001368416      0.0000000000     -0.0000623486     (0.0m 0.1s)
      11      0.0000617173      0.0000000000     -0.0001561996     (0.0m 0.1s)
      12      0.0000156372      0.0000000000     -0.0000958169     (0.0m 0.1s)
      13      0.0000042159      0.0000000000     -0.0000237491     (0.0m 0.1s)
      14      0.0000015338      0.0000000000     -0.0000055770     (0.0m 0.1s)
      15      0.0000004148      0.0000000000     -0.0000023269     (0.0m 0.1s)
      16      0.0000001201      0.0000000000     -0.0000006129     (0.0m 0.1s)
      17      0.0000000438      0.0000000000     -0.0000001586     (0.0m 0.1s)
      18      0.0000000186      0.0000000000     -0.0000000524     (0.0m 0.1s)
      19      0.0000000076      0.0000000000     -0.0000000229     (0.0m 0.1s)
      20      0.0000000036      0.0000000000     -0.0000000084     (0.0m 0.1s)
   Left CC calculation successfully converged! (0.00m  2.22s)

   Left-CC Calculation Summary
  --------------------------------------------------
   Converged        ω = 0.00000001       LR = 0.00000000

   Left CC calculation ended at 2022-05-08 17:55:18

   CC(P;3) Calculation Summary
   -------------------------------------
   Completed in  (0.00m  0.76s)

   CC(P) = -199.0633922969
   CC(P;3)_A = -199.0656225267     ΔE_A = -0.5376880688     δ_A = -0.0022302299
   CC(P;3)_B = -199.0655060975     ΔE_B = -0.5375716396     δ_B = -0.0021138006
   CC(P;3)_C = -199.0659579533     ΔE_C = -0.5380234954     δ_C = -0.0025656564
   CC(P;3)_D = -199.0659399828     ΔE_D = -0.5380055248     δ_D = -0.0025476859

