   System Information:
   ----------------------------------------------------
     Number of correlated electrons = 14
     Number of correlated orbitals = 28
     Number of frozen orbitals = 2
     Number of alpha occupied orbitals = 7
     Number of alpha unoccupied orbitals = 21
     Number of beta occupied orbitals = 7
     Number of beta unoccupied orbitals = 21
     Charge = 0
     Point group = D2H
     Symmetry of reference = AG
     Spin multiplicity of reference = 1

      MO #        Energy (a.u.)      Symmetry    Occupation
-----------------------------------------------------------
         1           -26.454689            AG           2.0
         2           -26.454589           B1U           2.0
         3            -1.619899            AG           2.0
         4            -1.580999           B1U           2.0
         5            -0.741100           B2U           2.0
         6            -0.741100           B3U           2.0
         7            -0.719500           B3G           2.0
         8            -0.719500           B2G           2.0
         9            -0.559000            AG           2.0
        10            -0.170600           B1U           0.0
        11             1.278399            AG           0.0
        12             1.299799           B2U           0.0
        13             1.299799           B3U           0.0
        14             1.447299           B3G           0.0
        15             1.447299           B2G           0.0
        16             1.456499           B1U           0.0
        17             1.517399            AG           0.0
        18             2.005099           B1U           0.0
        19             3.886998            AG           0.0
        20             3.890498           B3U           0.0
        21             3.890498           B2U           0.0
        22             3.896698           B2G           0.0
        23             3.896698           B3G           0.0
        24             3.908198            AG           0.0
        25             3.908198           B1G           0.0
        26             3.908298            AU           0.0
        27             3.908298           B1U           0.0
        28             3.938398           B1U           0.0
        29             7.510897            AG           0.0
        30             7.742797           B1U           0.0

   Nuclear Repulsion Energy = 20.23866634684577
   Reference Energy = -198.52793445790797

   Using P space file:  /scratch/gururang/test_ccpq_2ba/f2-1.5Re/civecs-50000.dat
   Number of triples in P space =  15282
   Number of aaa =  533
   Number of aab =  7108
   Number of abb =  7108
   Number of bbb =  533
   --------------------------------------------------
   Calculation type =  CCSDT_P
   Maximum iterations = 500
   Convergence tolerance = 1e-08
   Energy shift = 0.0
   DIIS size =  6
   RHF symmetry = False
   --------------------------------------------------

   CC calculation started at 2022-05-08 18:00:00 

   Energy of initial guess =         0.0000000000

      Iter.     Residuum             δE                ΔE           Wall time
    ----------------------------------------------------------------------------
       0      0.5091065975     -0.4486706242     -0.4486706242    (0.0m 13.1s)
       1      0.1942861481     -0.0579995870     -0.5066702112    (0.0m 14.8s)
       2      0.0905771585     -0.0159913249     -0.5226615360    (0.0m 14.3s)
       3      0.0438289762     -0.0070886305     -0.5297501666    (0.0m 15.9s)
       4      0.0219271416     -0.0035356666     -0.5332858331    (0.0m 15.3s)
       5      0.0111572763     -0.0017879257     -0.5350737588    (0.0m 15.3s)
       6      0.0057855373     -0.0009129836     -0.5359867424    (0.0m 15.2s)
       7      0.0031054103     -0.0004664045     -0.5364531469    (0.0m 15.2s)
       8      0.0017958124     -0.0002393711     -0.5366925180    (0.0m 15.7s)
       9      0.0011801796     -0.0001232843     -0.5368158023    (0.0m 21.0s)
      10      0.0000564145     -0.0001389673     -0.5369547696    (0.0m 20.3s)
      11      0.0000284665     -0.0000011221     -0.5369558917    (0.0m 22.0s)
      12      0.0000222258     -0.0000003628     -0.5369562545    (0.0m 21.7s)
      13      0.0000176498     -0.0000000869     -0.5369563414    (0.0m 21.7s)
      14      0.0000082781      0.0000000032     -0.5369563382    (0.0m 21.9s)
      15      0.0000016809      0.0000000960     -0.5369562422    (0.0m 19.4s)
      16      0.0000007510      0.0000000025     -0.5369562397    (0.0m 17.9s)
      17      0.0000005457     -0.0000000237     -0.5369562634    (0.0m 18.0s)
      18      0.0000003706     -0.0000000177     -0.5369562811    (0.0m 17.9s)
      19      0.0000001859     -0.0000000087     -0.5369562898    (0.0m 17.9s)
      20      0.0000000758      0.0000000078     -0.5369562820    (0.0m 17.9s)
      21      0.0000000396      0.0000000056     -0.5369562764    (0.0m 17.7s)
      22      0.0000000313      0.0000000024     -0.5369562740    (0.0m 17.9s)
      23      0.0000000241      0.0000000004     -0.5369562736    (0.0m 17.9s)
      24      0.0000000115     -0.0000000001     -0.5369562737    (0.0m 17.8s)
      25      0.0000000038     -0.0000000000     -0.5369562738    (0.0m 13.0s)
   CC calculation successfully converged! (7.00m  36.94s)

   CC Calculation Summary
  --------------------------------------------------
   Reference energy                   -198.52793446
   CC correlation energy                -0.53695627
   Total CC energy                    -199.06489073

   CC calculation ended at 2022-05-08 18:08:08

HBar CCSD construction finished in 0.00m 0.15s
   --------------------------------------------------
   Calculation type =  LEFT_CCSD
   Maximum iterations = 500
   Convergence tolerance = 1e-08
   Energy shift = 0.0
   DIIS size =  6
   RHF symmetry = False
   --------------------------------------------------

   CC calculation started at 2022-05-08 18:08:00 

   Energy of initial guess =         0.0000000000

      Iter.     Residuum              ω                δω           Wall time
    ----------------------------------------------------------------------------
       0      0.7064831245      0.0000000000      1.1526868483     (0.0m 0.1s)
       1      0.1863286963      0.0000000000     -0.8267272122     (0.0m 0.1s)
       2      0.0904910918      0.0000000000     -0.1587501108     (0.0m 0.1s)
       3      0.0704584880      0.0000000000     -0.0321917076     (0.0m 0.1s)
       4      0.0484857103      0.0000000000     -0.0397154434     (0.0m 0.1s)
       5      0.0341793164      0.0000000000     -0.0269346130     (0.0m 0.1s)
       6      0.0238842366      0.0000000000     -0.0200098483     (0.0m 0.1s)
       7      0.0007854707      0.0000000000     -0.0467225058     (0.0m 0.1s)
       8      0.0004991691      0.0000000000     -0.0005961783     (0.0m 0.1s)
       9      0.0004237959      0.0000000000     -0.0001569047     (0.0m 0.1s)
      10      0.0002629575      0.0000000000     -0.0003348958     (0.0m 0.1s)
      11      0.0000574293      0.0000000000     -0.0004278571     (0.0m 0.1s)
      12      0.0000162427      0.0000000000     -0.0000857532     (0.0m 0.1s)
      13      0.0000045604      0.0000000000     -0.0000243231     (0.0m 0.1s)
      14      0.0000017384      0.0000000000     -0.0000058755     (0.0m 0.1s)
      15      0.0000005327      0.0000000000     -0.0000025104     (0.0m 0.1s)
      16      0.0000001969      0.0000000000     -0.0000006991     (0.0m 0.1s)
      17      0.0000001145      0.0000000000     -0.0000001717     (0.0m 0.1s)
      18      0.0000000920      0.0000000000     -0.0000000467     (0.0m 0.1s)
      19      0.0000000665      0.0000000000     -0.0000000530     (0.0m 0.1s)
      20      0.0000000365      0.0000000000     -0.0000000625     (0.0m 0.1s)
      21      0.0000000148      0.0000000000     -0.0000000452     (0.0m 0.1s)
      22      0.0000000077      0.0000000000     -0.0000000148     (0.0m 0.1s)
      23      0.0000000054      0.0000000000     -0.0000000049     (0.0m 0.1s)
   Left CC calculation successfully converged! (0.00m  2.55s)

   Left-CC Calculation Summary
  --------------------------------------------------
   Converged        ω = 0.00000001       LR = 0.00000000

   Left CC calculation ended at 2022-05-08 18:08:11

   CC(P;3) Calculation Summary
   -------------------------------------
   Completed in  (0.00m  0.77s)

   CC(P) = -199.0648907317
   CC(P;3)_A = -199.0658792225     ΔE_A = -0.5379447646     δ_A = -0.0009884908
   CC(P;3)_B = -199.0658442826     ΔE_B = -0.5379098247     δ_B = -0.0009535509
   CC(P;3)_C = -199.0660122120     ΔE_C = -0.5380777541     δ_C = -0.0011214803
   CC(P;3)_D = -199.0660113558     ΔE_D = -0.5380768979     δ_D = -0.0011206241

